Looking for git in: git
Using git 2.25.1 from git
> git rev-parse --show-toplevel
> git rev-parse --git-dir
Open repository: /home/matrix/Documents/aerodisk/engine2
> git status -z -u
> git symbolic-ref --short HEAD
> git rev-parse SW-747/implement-mapping-of-bond-interfaces
> git rev-parse --symbolic-full-name SW-747/implement-mapping-of-bond-interfaces@{u}
> git rev-list --left-right SW-747/implement-mapping-of-bond-interfaces...refs/remotes/origin/SW-747/implement-mapping-of-bond-interfaces
> git check-ignore -v -z --stdin
> git for-each-ref --format %(refname) %(objectname) --sort -committerdate
> git remote --verbose
> git config --get commit.template
> git show :fuel/app/views/leftmenu.php
> git ls-files --stage -- /home/matrix/Documents/aerodisk/engine2/fuel/app/views/leftmenu.php
> git cat-file -s 96ba6468988b4a2e80a575f644327bb2eb00af3b
> git status -z -u
> git symbolic-ref --short HEAD
> git rev-parse SW-747/implement-mapping-of-bond-interfaces
> git rev-parse --symbolic-full-name SW-747/implement-mapping-of-bond-interfaces@{u}
> git rev-list --left-right SW-747/implement-mapping-of-bond-interfaces...refs/remotes/origin/SW-747/implement-mapping-of-bond-interfaces
> git for-each-ref --format %(refname) %(objectname) --sort -committerdate
> git remote --verbose
> git config --get commit.template
> git show :bin/NETWORK/controllers/phys.py
> git ls-files --stage -- /home/matrix/Documents/aerodisk/engine2/bin/NETWORK/controllers/phys.py
> git check-ignore -v -z --stdin
> git cat-file -s b385461c51ffda484ec0252eac8a4940e85f1394
