[2020-06-10 08:15:12.362] [exthost] [info] extension host started
[2020-06-10 08:15:12.697] [exthost] [info] ExtensionService#_doActivateExtension vscode.python {"startup":false,"extensionId":{"value":"vscode.python","_lower":"vscode.python"},"activationEvent":"onLanguage:python"}
[2020-06-10 08:15:12.697] [exthost] [info] ExtensionService#loadCommonJSModule file:///snap/code/33/usr/share/code/resources/app/extensions/python/dist/pythonMain
[2020-06-10 08:15:12.704] [exthost] [info] ExtensionService#_doActivateExtension ms-python.python {"startup":false,"extensionId":{"value":"ms-python.python","_lower":"ms-python.python"},"activationEvent":"onLanguage:python"}
[2020-06-10 08:15:12.705] [exthost] [info] ExtensionService#loadCommonJSModule file:///home/matrix/.vscode/extensions/ms-python.python-2020.5.86398/out/client/extension
[2020-06-10 08:15:13.904] [exthost] [info] ExtensionService#_doActivateExtension hbenl.vscode-test-explorer {"startup":false,"extensionId":{"value":"littlefoxteam.vscode-python-test-adapter","_lower":"littlefoxteam.vscode-python-test-adapter"},"activationEvent":"onLanguage:python"}
[2020-06-10 08:15:13.904] [exthost] [info] ExtensionService#loadCommonJSModule file:///home/matrix/.vscode/extensions/hbenl.vscode-test-explorer-2.19.1/out/main.js
[2020-06-10 08:15:14.057] [exthost] [info] ExtensionService#_doActivateExtension vscode.debug-auto-launch {"startup":true,"extensionId":{"value":"vscode.debug-auto-launch","_lower":"vscode.debug-auto-launch"},"activationEvent":"*"}
[2020-06-10 08:15:14.058] [exthost] [info] ExtensionService#loadCommonJSModule file:///snap/code/33/usr/share/code/resources/app/extensions/debug-auto-launch/dist/extension
[2020-06-10 08:15:14.076] [exthost] [info] ExtensionService#_doActivateExtension vscode.emmet {"startup":true,"extensionId":{"value":"vscode.emmet","_lower":"vscode.emmet"},"activationEvent":"*"}
[2020-06-10 08:15:14.076] [exthost] [info] ExtensionService#loadCommonJSModule file:///snap/code/33/usr/share/code/resources/app/extensions/emmet/dist/extension
[2020-06-10 08:15:14.296] [exthost] [info] ExtensionService#_doActivateExtension vscode.git {"startup":true,"extensionId":{"value":"vscode.git","_lower":"vscode.git"},"activationEvent":"*"}
[2020-06-10 08:15:14.296] [exthost] [info] ExtensionService#loadCommonJSModule file:///snap/code/33/usr/share/code/resources/app/extensions/git/dist/main
[2020-06-10 08:15:14.605] [exthost] [info] ExtensionService#_doActivateExtension vscode.github-authentication {"startup":true,"extensionId":{"value":"vscode.github-authentication","_lower":"vscode.github-authentication"},"activationEvent":"*"}
[2020-06-10 08:15:14.605] [exthost] [info] ExtensionService#loadCommonJSModule file:///snap/code/33/usr/share/code/resources/app/extensions/github-authentication/dist/extension.js
[2020-06-10 08:15:14.683] [exthost] [info] ExtensionService#_doActivateExtension vscode.merge-conflict {"startup":true,"extensionId":{"value":"vscode.merge-conflict","_lower":"vscode.merge-conflict"},"activationEvent":"*"}
[2020-06-10 08:15:14.683] [exthost] [info] ExtensionService#loadCommonJSModule file:///snap/code/33/usr/share/code/resources/app/extensions/merge-conflict/dist/extension
[2020-06-10 08:15:14.713] [exthost] [info] ExtensionService#_doActivateExtension vscode.search-result {"startup":true,"extensionId":{"value":"vscode.search-result","_lower":"vscode.search-result"},"activationEvent":"*"}
[2020-06-10 08:15:14.713] [exthost] [info] ExtensionService#loadCommonJSModule file:///snap/code/33/usr/share/code/resources/app/extensions/search-result/dist/extension.js
[2020-06-10 08:15:14.733] [exthost] [info] ExtensionService#_doActivateExtension vscode.vscode-account {"startup":true,"extensionId":{"value":"vscode.vscode-account","_lower":"vscode.vscode-account"},"activationEvent":"*"}
[2020-06-10 08:15:14.734] [exthost] [info] ExtensionService#loadCommonJSModule file:///snap/code/33/usr/share/code/resources/app/extensions/vscode-account/dist/extension.js
[2020-06-10 08:15:14.772] [exthost] [info] ExtensionService#_doActivateExtension eamodio.gitlens {"startup":true,"extensionId":{"value":"eamodio.gitlens","_lower":"eamodio.gitlens"},"activationEvent":"*"}
[2020-06-10 08:15:14.772] [exthost] [info] ExtensionService#loadCommonJSModule file:///home/matrix/.vscode/extensions/eamodio.gitlens-10.2.1/dist/extension
[2020-06-10 08:15:15.040] [exthost] [info] ExtensionService#_doActivateExtension hiro-sun.vscode-emacs {"startup":true,"extensionId":{"value":"hiro-sun.vscode-emacs","_lower":"hiro-sun.vscode-emacs"},"activationEvent":"*"}
[2020-06-10 08:15:15.040] [exthost] [info] ExtensionService#loadCommonJSModule file:///home/matrix/.vscode/extensions/hiro-sun.vscode-emacs-0.1.1/out/src/extension
[2020-06-10 08:15:15.061] [exthost] [info] ExtensionService#_doActivateExtension intellsmi.comment-translate {"startup":true,"extensionId":{"value":"intellsmi.comment-translate","_lower":"intellsmi.comment-translate"},"activationEvent":"*"}
[2020-06-10 08:15:15.062] [exthost] [info] ExtensionService#loadCommonJSModule file:///home/matrix/.vscode/extensions/intellsmi.comment-translate-1.4.2/client/out/extension
[2020-06-10 08:15:15.274] [exthost] [info] ExtensionService#_doActivateExtension mkloubert.vscode-deploy-reloaded {"startup":true,"extensionId":{"value":"mkloubert.vscode-deploy-reloaded","_lower":"mkloubert.vscode-deploy-reloaded"},"activationEvent":"*"}
[2020-06-10 08:15:15.274] [exthost] [info] ExtensionService#loadCommonJSModule file:///home/matrix/.vscode/extensions/mkloubert.vscode-deploy-reloaded-0.89.0/out/extension
[2020-06-10 08:15:28.267] [exthost] [info] ExtensionService#_doActivateExtension littlefoxteam.vscode-python-test-adapter {"startup":false,"extensionId":{"value":"littlefoxteam.vscode-python-test-adapter","_lower":"littlefoxteam.vscode-python-test-adapter"},"activationEvent":"onLanguage:python"}
[2020-06-10 08:15:28.267] [exthost] [info] ExtensionService#loadCommonJSModule file:///home/matrix/.vscode/extensions/littlefoxteam.vscode-python-test-adapter-0.4.2/out/src/main.js
[2020-06-10 08:15:30.128] [exthost] [info] eager extensions activated
[2020-06-10 08:24:34.170] [exthost] [info] ExtensionService#_doActivateExtension vscode.extension-editing {"startup":false,"extensionId":{"value":"vscode.extension-editing","_lower":"vscode.extension-editing"},"activationEvent":"onLanguage:typescript"}
[2020-06-10 08:24:34.170] [exthost] [info] ExtensionService#loadCommonJSModule file:///snap/code/33/usr/share/code/resources/app/extensions/extension-editing/dist/extension
[2020-06-10 08:24:34.213] [exthost] [info] ExtensionService#_doActivateExtension vscode.typescript-language-features {"startup":false,"extensionId":{"value":"vscode.typescript-language-features","_lower":"vscode.typescript-language-features"},"activationEvent":"onLanguage:typescript"}
[2020-06-10 08:24:34.213] [exthost] [info] ExtensionService#loadCommonJSModule file:///snap/code/33/usr/share/code/resources/app/extensions/typescript-language-features/dist/extension
[2020-06-10 08:39:46.954] [exthost] [info] ExtensionService#_doActivateExtension vscode.html-language-features {"startup":false,"extensionId":{"value":"vscode.html-language-features","_lower":"vscode.html-language-features"},"activationEvent":"onLanguage:html"}
[2020-06-10 08:39:46.955] [exthost] [info] ExtensionService#loadCommonJSModule file:///snap/code/33/usr/share/code/resources/app/extensions/html-language-features/client/dist/htmlMain
[2020-06-10 09:26:23.072] [exthost] [error] [ms-python.python] provider FAILED
[2020-06-10 09:26:23.073] [exthost] [error] Error: DisposableStore is missing...
    at U._convertCompletionItem (/snap/code/33/usr/share/code/resources/app/out/vs/workbench/services/extensions/node/extensionHostProcess.js:677:574)
    at U.resolveCompletionItem (/snap/code/33/usr/share/code/resources/app/out/vs/workbench/services/extensions/node/extensionHostProcess.js:677:354)
    at runMicrotasks (<anonymous>:null:null)
    at processTicksAndRejections (internal/process/task_queues.js:85:5)

[2020-06-10 09:32:27.165] [exthost] [error] [ms-python.python] provider FAILED
[2020-06-10 09:32:27.165] [exthost] [error] Error: DisposableStore is missing...
    at U._convertCompletionItem (/snap/code/33/usr/share/code/resources/app/out/vs/workbench/services/extensions/node/extensionHostProcess.js:677:574)
    at U.resolveCompletionItem (/snap/code/33/usr/share/code/resources/app/out/vs/workbench/services/extensions/node/extensionHostProcess.js:677:354)
    at runMicrotasks (<anonymous>:null:null)
    at processTicksAndRejections (internal/process/task_queues.js:85:5)

[2020-06-10 09:32:46.955] [exthost] [error] [ms-python.python] provider FAILED
[2020-06-10 09:32:46.956] [exthost] [error] Error: DisposableStore is missing...
    at U._convertCompletionItem (/snap/code/33/usr/share/code/resources/app/out/vs/workbench/services/extensions/node/extensionHostProcess.js:677:574)
    at U.resolveCompletionItem (/snap/code/33/usr/share/code/resources/app/out/vs/workbench/services/extensions/node/extensionHostProcess.js:677:354)
    at runMicrotasks (<anonymous>:null:null)
    at processTicksAndRejections (internal/process/task_queues.js:85:5)

[2020-06-10 09:35:20.720] [exthost] [error] [ms-python.python] provider FAILED
[2020-06-10 09:35:20.721] [exthost] [error] Error: DisposableStore is missing...
    at U._convertCompletionItem (/snap/code/33/usr/share/code/resources/app/out/vs/workbench/services/extensions/node/extensionHostProcess.js:677:574)
    at U.resolveCompletionItem (/snap/code/33/usr/share/code/resources/app/out/vs/workbench/services/extensions/node/extensionHostProcess.js:677:354)
    at runMicrotasks (<anonymous>:null:null)
    at processTicksAndRejections (internal/process/task_queues.js:85:5)

[2020-06-10 11:17:29.912] [exthost] [error] [ms-python.python] provider FAILED
[2020-06-10 11:17:29.929] [exthost] [error] Error: DisposableStore is missing...
    at U._convertCompletionItem (/snap/code/33/usr/share/code/resources/app/out/vs/workbench/services/extensions/node/extensionHostProcess.js:677:574)
    at U.resolveCompletionItem (/snap/code/33/usr/share/code/resources/app/out/vs/workbench/services/extensions/node/extensionHostProcess.js:677:354)
    at processTicksAndRejections (internal/process/task_queues.js:85:5)

[2020-06-10 11:17:30.030] [exthost] [error] [ms-python.python] provider FAILED
[2020-06-10 11:17:30.030] [exthost] [error] Error: DisposableStore is missing...
    at U._convertCompletionItem (/snap/code/33/usr/share/code/resources/app/out/vs/workbench/services/extensions/node/extensionHostProcess.js:677:574)
    at U.resolveCompletionItem (/snap/code/33/usr/share/code/resources/app/out/vs/workbench/services/extensions/node/extensionHostProcess.js:677:354)
    at processTicksAndRejections (internal/process/task_queues.js:85:5)

[2020-06-10 11:17:30.153] [exthost] [error] [ms-python.python] provider FAILED
[2020-06-10 11:17:30.153] [exthost] [error] Error: DisposableStore is missing...
    at U._convertCompletionItem (/snap/code/33/usr/share/code/resources/app/out/vs/workbench/services/extensions/node/extensionHostProcess.js:677:574)
    at U.resolveCompletionItem (/snap/code/33/usr/share/code/resources/app/out/vs/workbench/services/extensions/node/extensionHostProcess.js:677:354)
    at processTicksAndRejections (internal/process/task_queues.js:85:5)

[2020-06-10 14:11:46.422] [exthost] [error] [ms-python.python] provider FAILED
[2020-06-10 14:11:46.424] [exthost] [error] Error: DisposableStore is missing...
    at U._convertCompletionItem (/snap/code/33/usr/share/code/resources/app/out/vs/workbench/services/extensions/node/extensionHostProcess.js:677:574)
    at U.resolveCompletionItem (/snap/code/33/usr/share/code/resources/app/out/vs/workbench/services/extensions/node/extensionHostProcess.js:677:354)
    at runMicrotasks (<anonymous>:null:null)
    at processTicksAndRejections (internal/process/task_queues.js:85:5)

[2020-06-10 14:11:49.450] [exthost] [error] [ms-python.python] provider FAILED
[2020-06-10 14:11:49.450] [exthost] [error] Error: DisposableStore is missing...
    at U._convertCompletionItem (/snap/code/33/usr/share/code/resources/app/out/vs/workbench/services/extensions/node/extensionHostProcess.js:677:574)
    at U.resolveCompletionItem (/snap/code/33/usr/share/code/resources/app/out/vs/workbench/services/extensions/node/extensionHostProcess.js:677:354)
    at runMicrotasks (<anonymous>:null:null)
    at processTicksAndRejections (internal/process/task_queues.js:85:5)

[2020-06-10 14:11:49.969] [exthost] [error] [ms-python.python] provider FAILED
[2020-06-10 14:11:49.969] [exthost] [error] Error: DisposableStore is missing...
    at U._convertCompletionItem (/snap/code/33/usr/share/code/resources/app/out/vs/workbench/services/extensions/node/extensionHostProcess.js:677:574)
    at U.resolveCompletionItem (/snap/code/33/usr/share/code/resources/app/out/vs/workbench/services/extensions/node/extensionHostProcess.js:677:354)
    at runMicrotasks (<anonymous>:null:null)
    at processTicksAndRejections (internal/process/task_queues.js:85:5)

[2020-06-10 14:11:50.246] [exthost] [error] [ms-python.python] provider FAILED
[2020-06-10 14:11:50.247] [exthost] [error] Error: DisposableStore is missing...
    at U._convertCompletionItem (/snap/code/33/usr/share/code/resources/app/out/vs/workbench/services/extensions/node/extensionHostProcess.js:677:574)
    at U.resolveCompletionItem (/snap/code/33/usr/share/code/resources/app/out/vs/workbench/services/extensions/node/extensionHostProcess.js:677:354)
    at runMicrotasks (<anonymous>:null:null)
    at processTicksAndRejections (internal/process/task_queues.js:85:5)

[2020-06-10 14:11:50.703] [exthost] [error] [ms-python.python] provider FAILED
[2020-06-10 14:11:50.703] [exthost] [error] Error: DisposableStore is missing...
    at U._convertCompletionItem (/snap/code/33/usr/share/code/resources/app/out/vs/workbench/services/extensions/node/extensionHostProcess.js:677:574)
    at U.resolveCompletionItem (/snap/code/33/usr/share/code/resources/app/out/vs/workbench/services/extensions/node/extensionHostProcess.js:677:354)
    at runMicrotasks (<anonymous>:null:null)
    at processTicksAndRejections (internal/process/task_queues.js:85:5)

[2020-06-10 15:50:02.273] [exthost] [error] [ms-python.python] provider FAILED
[2020-06-10 15:50:02.275] [exthost] [error] Error: DisposableStore is missing...
    at U._convertCompletionItem (/snap/code/33/usr/share/code/resources/app/out/vs/workbench/services/extensions/node/extensionHostProcess.js:677:574)
    at U.resolveCompletionItem (/snap/code/33/usr/share/code/resources/app/out/vs/workbench/services/extensions/node/extensionHostProcess.js:677:354)
    at runMicrotasks (<anonymous>:null:null)
    at processTicksAndRejections (internal/process/task_queues.js:85:5)

[2020-06-10 17:04:59.318] [exthost] [error] [ms-python.python] provider FAILED
[2020-06-10 17:04:59.320] [exthost] [error] Error: DisposableStore is missing...
    at U._convertCompletionItem (/snap/code/33/usr/share/code/resources/app/out/vs/workbench/services/extensions/node/extensionHostProcess.js:677:574)
    at U.resolveCompletionItem (/snap/code/33/usr/share/code/resources/app/out/vs/workbench/services/extensions/node/extensionHostProcess.js:677:354)
    at runMicrotasks (<anonymous>:null:null)
    at processTicksAndRejections (internal/process/task_queues.js:85:5)

[2020-06-10 18:01:20.400] [exthost] [error] [ms-python.python] provider FAILED
[2020-06-10 18:01:20.401] [exthost] [error] Error: DisposableStore is missing...
    at U._convertCompletionItem (/snap/code/33/usr/share/code/resources/app/out/vs/workbench/services/extensions/node/extensionHostProcess.js:677:574)
    at U.resolveCompletionItem (/snap/code/33/usr/share/code/resources/app/out/vs/workbench/services/extensions/node/extensionHostProcess.js:677:354)
    at runMicrotasks (<anonymous>:null:null)
    at processTicksAndRejections (internal/process/task_queues.js:85:5)

[2020-06-10 21:37:49.780] [exthost] [error] [ms-python.python] provider FAILED
[2020-06-10 21:37:49.811] [exthost] [error] Error: DisposableStore is missing...
    at U._convertCompletionItem (/snap/code/33/usr/share/code/resources/app/out/vs/workbench/services/extensions/node/extensionHostProcess.js:677:574)
    at U.resolveCompletionItem (/snap/code/33/usr/share/code/resources/app/out/vs/workbench/services/extensions/node/extensionHostProcess.js:677:354)
    at runMicrotasks (<anonymous>:null:null)
    at processTicksAndRejections (internal/process/task_queues.js:85:5)

[2020-06-10 21:37:49.835] [exthost] [error] [ms-python.python] provider FAILED
[2020-06-10 21:37:49.835] [exthost] [error] Error: DisposableStore is missing...
    at U._convertCompletionItem (/snap/code/33/usr/share/code/resources/app/out/vs/workbench/services/extensions/node/extensionHostProcess.js:677:574)
    at U.resolveCompletionItem (/snap/code/33/usr/share/code/resources/app/out/vs/workbench/services/extensions/node/extensionHostProcess.js:677:354)
    at runMicrotasks (<anonymous>:null:null)
    at processTicksAndRejections (internal/process/task_queues.js:85:5)

[2020-06-11 07:34:06.854] [exthost] [error] [ms-python.python] provider FAILED
[2020-06-11 07:34:06.859] [exthost] [error] Error: DisposableStore is missing...
    at U._convertCompletionItem (/snap/code/33/usr/share/code/resources/app/out/vs/workbench/services/extensions/node/extensionHostProcess.js:677:574)
    at U.resolveCompletionItem (/snap/code/33/usr/share/code/resources/app/out/vs/workbench/services/extensions/node/extensionHostProcess.js:677:354)
    at runMicrotasks (<anonymous>:null:null)
    at processTicksAndRejections (internal/process/task_queues.js:85:5)

[2020-06-11 07:36:08.768] [exthost] [error] [ms-python.python] provider FAILED
[2020-06-11 07:36:08.768] [exthost] [error] Error: DisposableStore is missing...
    at U._convertCompletionItem (/snap/code/33/usr/share/code/resources/app/out/vs/workbench/services/extensions/node/extensionHostProcess.js:677:574)
    at U.resolveCompletionItem (/snap/code/33/usr/share/code/resources/app/out/vs/workbench/services/extensions/node/extensionHostProcess.js:677:354)
    at runMicrotasks (<anonymous>:null:null)
    at processTicksAndRejections (internal/process/task_queues.js:85:5)

[2020-06-11 07:36:51.775] [exthost] [error] [ms-python.python] provider FAILED
[2020-06-11 07:36:51.775] [exthost] [error] Error: DisposableStore is missing...
    at U._convertCompletionItem (/snap/code/33/usr/share/code/resources/app/out/vs/workbench/services/extensions/node/extensionHostProcess.js:677:574)
    at U.resolveCompletionItem (/snap/code/33/usr/share/code/resources/app/out/vs/workbench/services/extensions/node/extensionHostProcess.js:677:354)
    at runMicrotasks (<anonymous>:null:null)
    at processTicksAndRejections (internal/process/task_queues.js:85:5)

[2020-06-11 07:36:51.793] [exthost] [error] [ms-python.python] provider FAILED
[2020-06-11 07:36:51.794] [exthost] [error] Error: DisposableStore is missing...
    at U._convertCompletionItem (/snap/code/33/usr/share/code/resources/app/out/vs/workbench/services/extensions/node/extensionHostProcess.js:677:574)
    at U.resolveCompletionItem (/snap/code/33/usr/share/code/resources/app/out/vs/workbench/services/extensions/node/extensionHostProcess.js:677:354)
    at runMicrotasks (<anonymous>:null:null)
    at processTicksAndRejections (internal/process/task_queues.js:85:5)

[2020-06-11 07:37:22.169] [exthost] [error] [ms-python.python] provider FAILED
[2020-06-11 07:37:22.170] [exthost] [error] Error: DisposableStore is missing...
    at U._convertCompletionItem (/snap/code/33/usr/share/code/resources/app/out/vs/workbench/services/extensions/node/extensionHostProcess.js:677:574)
    at U.resolveCompletionItem (/snap/code/33/usr/share/code/resources/app/out/vs/workbench/services/extensions/node/extensionHostProcess.js:677:354)
    at runMicrotasks (<anonymous>:null:null)
    at processTicksAndRejections (internal/process/task_queues.js:85:5)

[2020-06-11 07:37:22.205] [exthost] [error] [ms-python.python] provider FAILED
[2020-06-11 07:37:22.205] [exthost] [error] Error: DisposableStore is missing...
    at U._convertCompletionItem (/snap/code/33/usr/share/code/resources/app/out/vs/workbench/services/extensions/node/extensionHostProcess.js:677:574)
    at U.resolveCompletionItem (/snap/code/33/usr/share/code/resources/app/out/vs/workbench/services/extensions/node/extensionHostProcess.js:677:354)
    at runMicrotasks (<anonymous>:null:null)
    at processTicksAndRejections (internal/process/task_queues.js:85:5)

[2020-06-11 08:43:30.612] [exthost] [error] [ms-python.python] provider FAILED
[2020-06-11 08:43:30.681] [exthost] [error] Error: DisposableStore is missing...
    at U._convertCompletionItem (/snap/code/33/usr/share/code/resources/app/out/vs/workbench/services/extensions/node/extensionHostProcess.js:677:574)
    at U.resolveCompletionItem (/snap/code/33/usr/share/code/resources/app/out/vs/workbench/services/extensions/node/extensionHostProcess.js:677:354)
    at runMicrotasks (<anonymous>:null:null)
    at processTicksAndRejections (internal/process/task_queues.js:85:5)

[2020-06-11 08:43:30.683] [exthost] [error] [ms-python.python] provider FAILED
[2020-06-11 08:43:30.683] [exthost] [error] Error: DisposableStore is missing...
    at U._convertCompletionItem (/snap/code/33/usr/share/code/resources/app/out/vs/workbench/services/extensions/node/extensionHostProcess.js:677:574)
    at U.resolveCompletionItem (/snap/code/33/usr/share/code/resources/app/out/vs/workbench/services/extensions/node/extensionHostProcess.js:677:354)
    at runMicrotasks (<anonymous>:null:null)
    at processTicksAndRejections (internal/process/task_queues.js:85:5)

[2020-06-11 08:43:44.218] [exthost] [error] [ms-python.python] provider FAILED
[2020-06-11 08:43:44.219] [exthost] [error] Error: DisposableStore is missing...
    at U._convertCompletionItem (/snap/code/33/usr/share/code/resources/app/out/vs/workbench/services/extensions/node/extensionHostProcess.js:677:574)
    at U.resolveCompletionItem (/snap/code/33/usr/share/code/resources/app/out/vs/workbench/services/extensions/node/extensionHostProcess.js:677:354)
    at runMicrotasks (<anonymous>:null:null)
    at processTicksAndRejections (internal/process/task_queues.js:85:5)

[2020-06-11 08:44:08.459] [exthost] [error] [ms-python.python] provider FAILED
[2020-06-11 08:44:08.460] [exthost] [error] Error: DisposableStore is missing...
    at U._convertCompletionItem (/snap/code/33/usr/share/code/resources/app/out/vs/workbench/services/extensions/node/extensionHostProcess.js:677:574)
    at U.resolveCompletionItem (/snap/code/33/usr/share/code/resources/app/out/vs/workbench/services/extensions/node/extensionHostProcess.js:677:354)
    at runMicrotasks (<anonymous>:null:null)
    at processTicksAndRejections (internal/process/task_queues.js:85:5)

[2020-06-11 08:44:08.479] [exthost] [error] [ms-python.python] provider FAILED
[2020-06-11 08:44:08.480] [exthost] [error] Error: DisposableStore is missing...
    at U._convertCompletionItem (/snap/code/33/usr/share/code/resources/app/out/vs/workbench/services/extensions/node/extensionHostProcess.js:677:574)
    at U.resolveCompletionItem (/snap/code/33/usr/share/code/resources/app/out/vs/workbench/services/extensions/node/extensionHostProcess.js:677:354)
    at runMicrotasks (<anonymous>:null:null)
    at processTicksAndRejections (internal/process/task_queues.js:85:5)

[2020-06-11 08:44:18.749] [exthost] [error] [ms-python.python] provider FAILED
[2020-06-11 08:44:18.750] [exthost] [error] Error: DisposableStore is missing...
    at U._convertCompletionItem (/snap/code/33/usr/share/code/resources/app/out/vs/workbench/services/extensions/node/extensionHostProcess.js:677:574)
    at U.resolveCompletionItem (/snap/code/33/usr/share/code/resources/app/out/vs/workbench/services/extensions/node/extensionHostProcess.js:677:354)
    at runMicrotasks (<anonymous>:null:null)
    at processTicksAndRejections (internal/process/task_queues.js:85:5)

[2020-06-11 08:45:18.861] [exthost] [error] [ms-python.python] provider FAILED
[2020-06-11 08:45:18.861] [exthost] [error] Error: DisposableStore is missing...
    at U._convertCompletionItem (/snap/code/33/usr/share/code/resources/app/out/vs/workbench/services/extensions/node/extensionHostProcess.js:677:574)
    at U.resolveCompletionItem (/snap/code/33/usr/share/code/resources/app/out/vs/workbench/services/extensions/node/extensionHostProcess.js:677:354)
    at runMicrotasks (<anonymous>:null:null)
    at processTicksAndRejections (internal/process/task_queues.js:85:5)

[2020-06-11 08:45:51.063] [exthost] [error] [ms-python.python] provider FAILED
[2020-06-11 08:45:51.064] [exthost] [error] Error: DisposableStore is missing...
    at U._convertCompletionItem (/snap/code/33/usr/share/code/resources/app/out/vs/workbench/services/extensions/node/extensionHostProcess.js:677:574)
    at U.resolveCompletionItem (/snap/code/33/usr/share/code/resources/app/out/vs/workbench/services/extensions/node/extensionHostProcess.js:677:354)
    at runMicrotasks (<anonymous>:null:null)
    at processTicksAndRejections (internal/process/task_queues.js:85:5)

[2020-06-11 08:46:04.252] [exthost] [error] [ms-python.python] provider FAILED
[2020-06-11 08:46:04.252] [exthost] [error] Error: DisposableStore is missing...
    at U._convertCompletionItem (/snap/code/33/usr/share/code/resources/app/out/vs/workbench/services/extensions/node/extensionHostProcess.js:677:574)
    at U.resolveCompletionItem (/snap/code/33/usr/share/code/resources/app/out/vs/workbench/services/extensions/node/extensionHostProcess.js:677:354)
    at runMicrotasks (<anonymous>:null:null)
    at processTicksAndRejections (internal/process/task_queues.js:85:5)

[2020-06-11 08:46:12.384] [exthost] [error] [ms-python.python] provider FAILED
[2020-06-11 08:46:12.384] [exthost] [error] Error: DisposableStore is missing...
    at U._convertCompletionItem (/snap/code/33/usr/share/code/resources/app/out/vs/workbench/services/extensions/node/extensionHostProcess.js:677:574)
    at U.resolveCompletionItem (/snap/code/33/usr/share/code/resources/app/out/vs/workbench/services/extensions/node/extensionHostProcess.js:677:354)
    at runMicrotasks (<anonymous>:null:null)
    at processTicksAndRejections (internal/process/task_queues.js:85:5)

[2020-06-11 08:46:19.900] [exthost] [error] [ms-python.python] provider FAILED
[2020-06-11 08:46:19.901] [exthost] [error] Error: DisposableStore is missing...
    at U._convertCompletionItem (/snap/code/33/usr/share/code/resources/app/out/vs/workbench/services/extensions/node/extensionHostProcess.js:677:574)
    at U.resolveCompletionItem (/snap/code/33/usr/share/code/resources/app/out/vs/workbench/services/extensions/node/extensionHostProcess.js:677:354)
    at runMicrotasks (<anonymous>:null:null)
    at processTicksAndRejections (internal/process/task_queues.js:85:5)

[2020-06-11 08:46:31.242] [exthost] [error] [ms-python.python] provider FAILED
[2020-06-11 08:46:31.242] [exthost] [error] Error: DisposableStore is missing...
    at U._convertCompletionItem (/snap/code/33/usr/share/code/resources/app/out/vs/workbench/services/extensions/node/extensionHostProcess.js:677:574)
    at U.resolveCompletionItem (/snap/code/33/usr/share/code/resources/app/out/vs/workbench/services/extensions/node/extensionHostProcess.js:677:354)
    at runMicrotasks (<anonymous>:null:null)
    at processTicksAndRejections (internal/process/task_queues.js:85:5)

[2020-06-11 08:46:37.727] [exthost] [error] [ms-python.python] provider FAILED
[2020-06-11 08:46:37.728] [exthost] [error] Error: DisposableStore is missing...
    at U._convertCompletionItem (/snap/code/33/usr/share/code/resources/app/out/vs/workbench/services/extensions/node/extensionHostProcess.js:677:574)
    at U.resolveCompletionItem (/snap/code/33/usr/share/code/resources/app/out/vs/workbench/services/extensions/node/extensionHostProcess.js:677:354)
    at runMicrotasks (<anonymous>:null:null)
    at processTicksAndRejections (internal/process/task_queues.js:85:5)

[2020-06-11 08:46:46.014] [exthost] [error] [ms-python.python] provider FAILED
[2020-06-11 08:46:46.014] [exthost] [error] Error: DisposableStore is missing...
    at U._convertCompletionItem (/snap/code/33/usr/share/code/resources/app/out/vs/workbench/services/extensions/node/extensionHostProcess.js:677:574)
    at U.resolveCompletionItem (/snap/code/33/usr/share/code/resources/app/out/vs/workbench/services/extensions/node/extensionHostProcess.js:677:354)
    at runMicrotasks (<anonymous>:null:null)
    at processTicksAndRejections (internal/process/task_queues.js:85:5)

[2020-06-11 09:20:39.701] [exthost] [error] [ms-python.python] provider FAILED
[2020-06-11 09:20:39.727] [exthost] [error] Error: DisposableStore is missing...
    at U._convertCompletionItem (/snap/code/33/usr/share/code/resources/app/out/vs/workbench/services/extensions/node/extensionHostProcess.js:677:574)
    at U.resolveCompletionItem (/snap/code/33/usr/share/code/resources/app/out/vs/workbench/services/extensions/node/extensionHostProcess.js:677:354)
    at runMicrotasks (<anonymous>:null:null)
    at processTicksAndRejections (internal/process/task_queues.js:85:5)

