[2020-06-07 11:23:31.184] [exthost] [info] extension host started
[2020-06-07 11:23:31.549] [exthost] [info] ExtensionService#_doActivateExtension vscode.python {"startup":false,"extensionId":{"value":"vscode.python","_lower":"vscode.python"},"activationEvent":"onLanguage:python"}
[2020-06-07 11:23:31.550] [exthost] [info] ExtensionService#loadCommonJSModule file:///snap/code/33/usr/share/code/resources/app/extensions/python/dist/pythonMain
[2020-06-07 11:23:31.556] [exthost] [info] ExtensionService#_doActivateExtension ms-python.python {"startup":false,"extensionId":{"value":"ms-python.python","_lower":"ms-python.python"},"activationEvent":"onLanguage:python"}
[2020-06-07 11:23:31.556] [exthost] [info] ExtensionService#loadCommonJSModule file:///home/matrix/.vscode/extensions/ms-python.python-2020.5.80290/out/client/extension
[2020-06-07 11:23:32.430] [exthost] [info] ExtensionService#_doActivateExtension hbenl.vscode-test-explorer {"startup":false,"extensionId":{"value":"littlefoxteam.vscode-python-test-adapter","_lower":"littlefoxteam.vscode-python-test-adapter"},"activationEvent":"onLanguage:python"}
[2020-06-07 11:23:32.430] [exthost] [info] ExtensionService#loadCommonJSModule file:///home/matrix/.vscode/extensions/hbenl.vscode-test-explorer-2.19.1/out/main.js
[2020-06-07 11:23:32.488] [exthost] [info] ExtensionService#_doActivateExtension vscode.debug-auto-launch {"startup":true,"extensionId":{"value":"vscode.debug-auto-launch","_lower":"vscode.debug-auto-launch"},"activationEvent":"*"}
[2020-06-07 11:23:32.488] [exthost] [info] ExtensionService#loadCommonJSModule file:///snap/code/33/usr/share/code/resources/app/extensions/debug-auto-launch/dist/extension
[2020-06-07 11:23:32.496] [exthost] [info] ExtensionService#_doActivateExtension vscode.emmet {"startup":true,"extensionId":{"value":"vscode.emmet","_lower":"vscode.emmet"},"activationEvent":"*"}
[2020-06-07 11:23:32.496] [exthost] [info] ExtensionService#loadCommonJSModule file:///snap/code/33/usr/share/code/resources/app/extensions/emmet/dist/extension
[2020-06-07 11:23:32.572] [exthost] [info] ExtensionService#_doActivateExtension vscode.git {"startup":true,"extensionId":{"value":"vscode.git","_lower":"vscode.git"},"activationEvent":"*"}
[2020-06-07 11:23:32.573] [exthost] [info] ExtensionService#loadCommonJSModule file:///snap/code/33/usr/share/code/resources/app/extensions/git/dist/main
[2020-06-07 11:23:32.731] [exthost] [info] ExtensionService#_doActivateExtension vscode.github-authentication {"startup":true,"extensionId":{"value":"vscode.github-authentication","_lower":"vscode.github-authentication"},"activationEvent":"*"}
[2020-06-07 11:23:32.731] [exthost] [info] ExtensionService#loadCommonJSModule file:///snap/code/33/usr/share/code/resources/app/extensions/github-authentication/dist/extension.js
[2020-06-07 11:23:32.766] [exthost] [info] ExtensionService#_doActivateExtension vscode.merge-conflict {"startup":true,"extensionId":{"value":"vscode.merge-conflict","_lower":"vscode.merge-conflict"},"activationEvent":"*"}
[2020-06-07 11:23:32.766] [exthost] [info] ExtensionService#loadCommonJSModule file:///snap/code/33/usr/share/code/resources/app/extensions/merge-conflict/dist/extension
[2020-06-07 11:23:32.777] [exthost] [info] ExtensionService#_doActivateExtension vscode.search-result {"startup":true,"extensionId":{"value":"vscode.search-result","_lower":"vscode.search-result"},"activationEvent":"*"}
[2020-06-07 11:23:32.778] [exthost] [info] ExtensionService#loadCommonJSModule file:///snap/code/33/usr/share/code/resources/app/extensions/search-result/dist/extension.js
[2020-06-07 11:23:32.782] [exthost] [info] ExtensionService#_doActivateExtension vscode.vscode-account {"startup":true,"extensionId":{"value":"vscode.vscode-account","_lower":"vscode.vscode-account"},"activationEvent":"*"}
[2020-06-07 11:23:32.782] [exthost] [info] ExtensionService#loadCommonJSModule file:///snap/code/33/usr/share/code/resources/app/extensions/vscode-account/dist/extension.js
[2020-06-07 11:23:32.801] [exthost] [info] ExtensionService#_doActivateExtension eamodio.gitlens {"startup":true,"extensionId":{"value":"eamodio.gitlens","_lower":"eamodio.gitlens"},"activationEvent":"*"}
[2020-06-07 11:23:32.801] [exthost] [info] ExtensionService#loadCommonJSModule file:///home/matrix/.vscode/extensions/eamodio.gitlens-10.2.1/dist/extension
[2020-06-07 11:23:32.946] [exthost] [info] ExtensionService#_doActivateExtension hiro-sun.vscode-emacs {"startup":true,"extensionId":{"value":"hiro-sun.vscode-emacs","_lower":"hiro-sun.vscode-emacs"},"activationEvent":"*"}
[2020-06-07 11:23:32.946] [exthost] [info] ExtensionService#loadCommonJSModule file:///home/matrix/.vscode/extensions/hiro-sun.vscode-emacs-0.1.1/out/src/extension
[2020-06-07 11:23:32.955] [exthost] [info] ExtensionService#_doActivateExtension intellsmi.comment-translate {"startup":true,"extensionId":{"value":"intellsmi.comment-translate","_lower":"intellsmi.comment-translate"},"activationEvent":"*"}
[2020-06-07 11:23:32.956] [exthost] [info] ExtensionService#loadCommonJSModule file:///home/matrix/.vscode/extensions/intellsmi.comment-translate-1.4.2/client/out/extension
[2020-06-07 11:23:33.075] [exthost] [info] ExtensionService#_doActivateExtension mkloubert.vscode-deploy-reloaded {"startup":true,"extensionId":{"value":"mkloubert.vscode-deploy-reloaded","_lower":"mkloubert.vscode-deploy-reloaded"},"activationEvent":"*"}
[2020-06-07 11:23:33.076] [exthost] [info] ExtensionService#loadCommonJSModule file:///home/matrix/.vscode/extensions/mkloubert.vscode-deploy-reloaded-0.89.0/out/extension
[2020-06-07 11:23:47.643] [exthost] [info] ExtensionService#_doActivateExtension littlefoxteam.vscode-python-test-adapter {"startup":false,"extensionId":{"value":"littlefoxteam.vscode-python-test-adapter","_lower":"littlefoxteam.vscode-python-test-adapter"},"activationEvent":"onLanguage:python"}
[2020-06-07 11:23:47.644] [exthost] [info] ExtensionService#loadCommonJSModule file:///home/matrix/.vscode/extensions/littlefoxteam.vscode-python-test-adapter-0.4.2/out/src/main.js
[2020-06-07 11:23:48.256] [exthost] [info] eager extensions activated
[2020-06-07 11:36:01.977] [exthost] [info] ExtensionService#_doActivateExtension vscode.extension-editing {"startup":false,"extensionId":{"value":"vscode.extension-editing","_lower":"vscode.extension-editing"},"activationEvent":"onLanguage:typescript"}
[2020-06-07 11:36:01.977] [exthost] [info] ExtensionService#loadCommonJSModule file:///snap/code/33/usr/share/code/resources/app/extensions/extension-editing/dist/extension
[2020-06-07 11:36:02.010] [exthost] [info] ExtensionService#_doActivateExtension vscode.typescript-language-features {"startup":false,"extensionId":{"value":"vscode.typescript-language-features","_lower":"vscode.typescript-language-features"},"activationEvent":"onLanguage:typescript"}
[2020-06-07 11:36:02.010] [exthost] [info] ExtensionService#loadCommonJSModule file:///snap/code/33/usr/share/code/resources/app/extensions/typescript-language-features/dist/extension
[2020-06-07 11:56:22.392] [exthost] [error] [ms-python.python] provider FAILED
[2020-06-07 11:56:22.394] [exthost] [error] Error: DisposableStore is missing...
    at U._convertCompletionItem (/snap/code/33/usr/share/code/resources/app/out/vs/workbench/services/extensions/node/extensionHostProcess.js:677:574)
    at U.resolveCompletionItem (/snap/code/33/usr/share/code/resources/app/out/vs/workbench/services/extensions/node/extensionHostProcess.js:677:354)
    at runMicrotasks (<anonymous>:null:null)
    at processTicksAndRejections (internal/process/task_queues.js:85:5)

[2020-06-07 11:57:59.338] [exthost] [error] [ms-python.python] provider FAILED
[2020-06-07 11:57:59.339] [exthost] [error] Error: DisposableStore is missing...
    at U._convertCompletionItem (/snap/code/33/usr/share/code/resources/app/out/vs/workbench/services/extensions/node/extensionHostProcess.js:677:574)
    at U.resolveCompletionItem (/snap/code/33/usr/share/code/resources/app/out/vs/workbench/services/extensions/node/extensionHostProcess.js:677:354)
    at runMicrotasks (<anonymous>:null:null)
    at processTicksAndRejections (internal/process/task_queues.js:85:5)

[2020-06-07 11:57:59.391] [exthost] [error] [ms-python.python] provider FAILED
[2020-06-07 11:57:59.392] [exthost] [error] Error: DisposableStore is missing...
    at U._convertCompletionItem (/snap/code/33/usr/share/code/resources/app/out/vs/workbench/services/extensions/node/extensionHostProcess.js:677:574)
    at U.resolveCompletionItem (/snap/code/33/usr/share/code/resources/app/out/vs/workbench/services/extensions/node/extensionHostProcess.js:677:354)
    at runMicrotasks (<anonymous>:null:null)
    at processTicksAndRejections (internal/process/task_queues.js:85:5)

[2020-06-07 18:26:32.060] [exthost] [error] [ms-python.python] provider FAILED
[2020-06-07 18:26:32.061] [exthost] [error] Error: DisposableStore is missing...
    at U._convertCompletionItem (/snap/code/33/usr/share/code/resources/app/out/vs/workbench/services/extensions/node/extensionHostProcess.js:677:574)
    at U.resolveCompletionItem (/snap/code/33/usr/share/code/resources/app/out/vs/workbench/services/extensions/node/extensionHostProcess.js:677:354)
    at processTicksAndRejections (internal/process/task_queues.js:85:5)

[2020-06-07 21:14:17.586] [exthost] [error] [ms-python.python] provider FAILED
[2020-06-07 21:14:17.587] [exthost] [error] Error: DisposableStore is missing...
    at U._convertCompletionItem (/snap/code/33/usr/share/code/resources/app/out/vs/workbench/services/extensions/node/extensionHostProcess.js:677:574)
    at U.resolveCompletionItem (/snap/code/33/usr/share/code/resources/app/out/vs/workbench/services/extensions/node/extensionHostProcess.js:677:354)
    at processTicksAndRejections (internal/process/task_queues.js:85:5)

[2020-06-07 21:23:41.700] [exthost] [error] [ms-python.python] provider FAILED
[2020-06-07 21:23:41.702] [exthost] [error] Error: DisposableStore is missing...
    at U._convertCompletionItem (/snap/code/33/usr/share/code/resources/app/out/vs/workbench/services/extensions/node/extensionHostProcess.js:677:574)
    at U.resolveCompletionItem (/snap/code/33/usr/share/code/resources/app/out/vs/workbench/services/extensions/node/extensionHostProcess.js:677:354)
    at processTicksAndRejections (internal/process/task_queues.js:85:5)

