/snap/code/34/usr/share/code/resources/app
[Google Translate]:

ip a show 
[<============================>]:
ip a show

[Google Translate]:
dumps(data)), info=True)
    ip = data['pip']
    mask = data['mask']
[<============================>]:
dumps(data)), info=True)
    ip = data['pip']
    mask = data['mask']

[Google Translate]:

/net/action
[<============================>]:
/net/action

[Google Translate]:

Создать груповой интерфейс
[<============================>]:
Create a group interface

[Google Translate]:
To upper case
[<============================>]:
To upper case

[Google Translate]:
Name
[<============================>]:
Name

[Google Translate]:

Удалить
[<============================>]:
Delete

[Google Translate]:

    :return: AeroResponse.data = list:
[<============================>]:
:return: AeroResponse.data = list:

