/snap/code/33/usr/share/code/resources/app
[Error - 3:23:58 PM] Request textDocument/hover failed.
  Message: Request textDocument/hover failed with message: 105,110,118,97,108,105,100,32,99,111,100,101,32,112,111,105,110,116,32,118,97,108,117,101
  Code: -32603 
[Google Translate]:
Url
[<============================>]:
Url

[Google Translate]:
Set confirm
[<============================>]:
Set confirm

[Google Translate]:
Max speed
[<============================>]:
Max speed

[Google Translate]:

option-choices
[<============================>]:
option-choices

[Google Translate]:
Id change
[<============================>]:
Id change

[Error - 3:27:35 PM] Request textDocument/hover failed.
  Message: Request textDocument/hover failed with message: 105,110,118,97,108,105,100,32,99,111,100,101,32,112,111,105,110,116,32,118,97,108,117,101
  Code: -32603 
[Error - 3:27:36 PM] Request textDocument/hover failed.
  Message: Request textDocument/hover failed with message: 105,110,118,97,108,105,100,32,99,111,100,101,32,112,111,105,110,116,32,118,97,108,117,101
  Code: -32603 
[Google Translate]:

sidebar-menu
[<============================>]:
sidebar-menu

