[2020-06-11 13:38:11.705] [exthost] [info] extension host started
[2020-06-11 13:38:25.469] [exthost] [info] extension host started
[2020-06-11 13:38:26.574] [exthost] [info] ExtensionService#_doActivateExtension vscode.python {"startup":false,"extensionId":{"value":"vscode.python","_lower":"vscode.python"},"activationEvent":"onLanguage:python"}
[2020-06-11 13:38:26.577] [exthost] [info] ExtensionService#loadCommonJSModule file:///snap/code/34/usr/share/code/resources/app/extensions/python/dist/pythonMain
[2020-06-11 13:38:26.647] [exthost] [info] ExtensionService#_doActivateExtension ms-python.python {"startup":false,"extensionId":{"value":"ms-python.python","_lower":"ms-python.python"},"activationEvent":"onLanguage:python"}
[2020-06-11 13:38:26.647] [exthost] [info] ExtensionService#loadCommonJSModule file:///home/matrix/.vscode/extensions/ms-python.python-2020.5.86806/out/client/extension
[2020-06-11 13:38:29.374] [exthost] [info] ExtensionService#_doActivateExtension hbenl.vscode-test-explorer {"startup":false,"extensionId":{"value":"littlefoxteam.vscode-python-test-adapter","_lower":"littlefoxteam.vscode-python-test-adapter"},"activationEvent":"onLanguage:python"}
[2020-06-11 13:38:29.375] [exthost] [info] ExtensionService#loadCommonJSModule file:///home/matrix/.vscode/extensions/hbenl.vscode-test-explorer-2.19.1/out/main.js
[2020-06-11 13:38:29.575] [exthost] [info] ExtensionService#_doActivateExtension vscode.debug-auto-launch {"startup":true,"extensionId":{"value":"vscode.debug-auto-launch","_lower":"vscode.debug-auto-launch"},"activationEvent":"*"}
[2020-06-11 13:38:29.576] [exthost] [info] ExtensionService#loadCommonJSModule file:///snap/code/34/usr/share/code/resources/app/extensions/debug-auto-launch/dist/extension
[2020-06-11 13:38:29.596] [exthost] [info] ExtensionService#_doActivateExtension vscode.emmet {"startup":true,"extensionId":{"value":"vscode.emmet","_lower":"vscode.emmet"},"activationEvent":"*"}
[2020-06-11 13:38:29.596] [exthost] [info] ExtensionService#loadCommonJSModule file:///snap/code/34/usr/share/code/resources/app/extensions/emmet/dist/extension
[2020-06-11 13:38:29.759] [exthost] [info] ExtensionService#_doActivateExtension vscode.git {"startup":true,"extensionId":{"value":"vscode.github","_lower":"vscode.github"},"activationEvent":"*"}
[2020-06-11 13:38:29.760] [exthost] [info] ExtensionService#loadCommonJSModule file:///snap/code/34/usr/share/code/resources/app/extensions/git/dist/main
[2020-06-11 13:38:29.976] [exthost] [info] ExtensionService#_doActivateExtension vscode.github-authentication {"startup":true,"extensionId":{"value":"vscode.github-authentication","_lower":"vscode.github-authentication"},"activationEvent":"*"}
[2020-06-11 13:38:29.976] [exthost] [info] ExtensionService#loadCommonJSModule file:///snap/code/34/usr/share/code/resources/app/extensions/github-authentication/dist/extension.js
[2020-06-11 13:38:30.018] [exthost] [info] ExtensionService#_doActivateExtension vscode.merge-conflict {"startup":true,"extensionId":{"value":"vscode.merge-conflict","_lower":"vscode.merge-conflict"},"activationEvent":"*"}
[2020-06-11 13:38:30.018] [exthost] [info] ExtensionService#loadCommonJSModule file:///snap/code/34/usr/share/code/resources/app/extensions/merge-conflict/dist/extension
[2020-06-11 13:38:30.032] [exthost] [info] ExtensionService#_doActivateExtension vscode.microsoft-authentication {"startup":true,"extensionId":{"value":"vscode.microsoft-authentication","_lower":"vscode.microsoft-authentication"},"activationEvent":"*"}
[2020-06-11 13:38:30.033] [exthost] [info] ExtensionService#loadCommonJSModule file:///snap/code/34/usr/share/code/resources/app/extensions/microsoft-authentication/dist/extension.js
[2020-06-11 13:38:30.090] [exthost] [info] ExtensionService#_doActivateExtension vscode.search-result {"startup":true,"extensionId":{"value":"vscode.search-result","_lower":"vscode.search-result"},"activationEvent":"*"}
[2020-06-11 13:38:30.091] [exthost] [info] ExtensionService#loadCommonJSModule file:///snap/code/34/usr/share/code/resources/app/extensions/search-result/dist/extension.js
[2020-06-11 13:38:30.096] [exthost] [info] ExtensionService#_doActivateExtension eamodio.gitlens {"startup":true,"extensionId":{"value":"eamodio.gitlens","_lower":"eamodio.gitlens"},"activationEvent":"*"}
[2020-06-11 13:38:30.097] [exthost] [info] ExtensionService#loadCommonJSModule file:///home/matrix/.vscode/extensions/eamodio.gitlens-10.2.2/dist/extension
[2020-06-11 13:38:30.343] [exthost] [info] ExtensionService#_doActivateExtension hiro-sun.vscode-emacs {"startup":true,"extensionId":{"value":"hiro-sun.vscode-emacs","_lower":"hiro-sun.vscode-emacs"},"activationEvent":"*"}
[2020-06-11 13:38:30.343] [exthost] [info] ExtensionService#loadCommonJSModule file:///home/matrix/.vscode/extensions/hiro-sun.vscode-emacs-0.1.1/out/src/extension
[2020-06-11 13:38:30.359] [exthost] [info] ExtensionService#_doActivateExtension intellsmi.comment-translate {"startup":true,"extensionId":{"value":"intellsmi.comment-translate","_lower":"intellsmi.comment-translate"},"activationEvent":"*"}
[2020-06-11 13:38:30.359] [exthost] [info] ExtensionService#loadCommonJSModule file:///home/matrix/.vscode/extensions/intellsmi.comment-translate-1.4.2/client/out/extension
[2020-06-11 13:38:30.608] [exthost] [info] ExtensionService#_doActivateExtension mkloubert.vscode-deploy-reloaded {"startup":true,"extensionId":{"value":"mkloubert.vscode-deploy-reloaded","_lower":"mkloubert.vscode-deploy-reloaded"},"activationEvent":"*"}
[2020-06-11 13:38:30.608] [exthost] [info] ExtensionService#loadCommonJSModule file:///home/matrix/.vscode/extensions/mkloubert.vscode-deploy-reloaded-0.89.0/out/extension
[2020-06-11 13:38:40.237] [exthost] [info] ExtensionService#_doActivateExtension littlefoxteam.vscode-python-test-adapter {"startup":false,"extensionId":{"value":"littlefoxteam.vscode-python-test-adapter","_lower":"littlefoxteam.vscode-python-test-adapter"},"activationEvent":"onLanguage:python"}
[2020-06-11 13:38:40.238] [exthost] [info] ExtensionService#loadCommonJSModule file:///home/matrix/.vscode/extensions/littlefoxteam.vscode-python-test-adapter-0.4.2/out/src/main.js
[2020-06-11 13:38:41.014] [exthost] [info] ExtensionService#_doActivateExtension vscode.php-language-features {"startup":false,"extensionId":{"value":"vscode.php-language-features","_lower":"vscode.php-language-features"},"activationEvent":"onLanguage:php"}
[2020-06-11 13:38:41.014] [exthost] [info] ExtensionService#loadCommonJSModule file:///snap/code/34/usr/share/code/resources/app/extensions/php-language-features/dist/phpMain
[2020-06-11 13:39:10.625] [exthost] [info] ExtensionService#_doActivateExtension vscode.github {"startup":true,"extensionId":{"value":"vscode.github","_lower":"vscode.github"},"activationEvent":"*"}
[2020-06-11 13:39:10.625] [exthost] [info] ExtensionService#loadCommonJSModule file:///snap/code/34/usr/share/code/resources/app/extensions/github/dist/extension.js
[2020-06-11 13:39:11.067] [exthost] [info] eager extensions activated
