/snap/code/34/usr/share/code/resources/app
[Google Translate]:

/
[<============================>]:
/

[Google Translate]:

/etc/net/ifaces/
[<============================>]:
/etc/net/ifaces/

[Google Translate]:

Error
[<============================>]:
Error

[Google Translate]:

/etc/network/interfaces.d/
[<============================>]:
/etc/network/interfaces.d/

[Google Translate]:

\niface 
[<============================>]:
\niface

[Google Translate]:

 down
[<============================>]:
down

[Google Translate]:

 brd dev 
[<============================>]:
brd dev

[Google Translate]:

sudo ip link set 
[<============================>]:
sudo ip link set

[Google Translate]:
Data
[<============================>]:
Data

[Google Translate]:

sudo ip a flush dev 
[<============================>]:
sudo ip a flush dev

[Google Translate]:

./style.scss
[<============================>]:
./style.scss

[Google Translate]:
Static route
[<============================>]:
Static route

[Google Translate]:
Group params
[<============================>]:
Group params

[Google Translate]:
Div
[<============================>]:
Div

[Google Translate]:

./static
[<============================>]:
./static

