Deploy (Reloaded) (vscode-deploy-reloaded) - v0.89.0
Copyright (c) 2017-2020  Marcel Joachim Kloubert <marcel.kloubert@gmx.net>

GitHub : https://github.com/mkloubert/vscode-deploy-reloaded
Twitter: https://twitter.com/mjkloubert
Donate : https://paypal.me/MarcelKloubert


Extension is initializing ...


Initializing workspace '/home/matrix/Documents/aerodisk/engine2' ... [OK]

Your hostname: 'matrix-HP-Notebook'
Your network interfaces:
    - 'tun0':
      [IPv4] '192.168.246.111' / '255.255.255.255' ('00:00:00:00:00:00')
      [IPv6] 'fe80::4ed0:4f0e:e2d1:878' / 'ffff:ffff:ffff:ffff::' ('00:00:00:00:00:00')

    - 'wlo1':
      [IPv4] '192.168.43.97' / '255.255.255.0' ('74:df:bf:99:4a:a5')
      [IPv6] 'fe80::bca2:7977:7d36:4861' / 'ffff:ffff:ffff:ffff::' ('74:df:bf:99:4a:a5')


Extension has been initialized.



[10:15:11] 🚀 Deploying file '/html/assets/js/react.js' to '/html/assets/js (2.10)' ... ✅ [2997 ms]


[10:19:03] 🚀 Deploying file '/html/assets/js/react.js' to '/html/assets/js (2.10)' ... ✅ [2895 ms]


[10:53:29] 🚀 Deploying file '/bin/NETWORK/controllers/phys.py' to '/bin/NETWORK/controllers (2.10)' ... ✅ [650 ms]


[10:53:40] 🚀 Deploying file '/bin/NETWORK/controllers/phys.py' to '/bin/NETWORK/controllers (2.11)' ... ✅ [638 ms]


[10:57:35] 🚀 Deploying file '/bin/NETWORK/controllers/phys.py' to '/bin/NETWORK/controllers (2.11)' ... ✅ [588 ms]


[10:57:46] 🚀 Deploying file '/bin/NETWORK/controllers/phys.py' to '/bin/NETWORK/controllers (2.10)' ... ✅ [636 ms]


[10:57:57] 🚀 Deploying file '/bin/NETWORK/controllers/phys.py' to '/bin/NETWORK/controllers (2.10)' ... ✅ [557 ms]


[11:31:06] 🚀 Deploying file '/html/assets/js/react.js' to '/html/assets/js (2.10)' ... ✅ [4862 ms]


[11:32:55] 🚀 Deploying file '/bin/NETWORK/controllers/phys.py' to '/bin/NETWORK/controllers (2.10)' ... ✅ [619 ms]


[11:33:49] 🚀 Deploying file '/html/assets/js/react.js' to '/html/assets/js (2.10)' ... ✅ [4675 ms]


[11:37:48] 🚀 Deploying file '/bin/NETWORK/controllers/phys.py' to '/bin/NETWORK/controllers (2.10)' ... ✅ [703 ms]


[11:42:20] 🚀 Deploying file '/bin/NETWORK/controllers/phys.py' to '/bin/NETWORK/controllers (2.10)' ... ✅ [859 ms]


[11:44:45] 🚀 Deploying file '/bin/NETWORK/controllers/phys.py' to '/bin/NETWORK/controllers (2.10)' ... ✅ [657 ms]


[11:46:02] 🚀 Deploying file '/bin/NETWORK/controllers/phys.py' to '/bin/NETWORK/controllers (2.10)' ... ✅ [642 ms]


[11:48:03] 🚀 Deploying file '/html/assets/js/react.js' to '/html/assets/js (2.10)' ... ✅ [3970 ms]
