User belongs to experiment group 'ShowPlayIcon - start'
User belongs to experiment group 'DebugAdapterFactory - experiment'
User belongs to experiment group 'PtvsdWheels37 - experiment'
User belongs to experiment group 'UseTerminalToGetActivatedEnvVars - control'
User belongs to experiment group 'WebHostNotebook - control'
User belongs to experiment group 'LocalZMQKernel - control'
User belongs to experiment group 'NativeNotebook - control'
User belongs to experiment group 'CollectLSRequestTiming - control'
User belongs to experiment group 'CollectNodeLSRequestTiming - experiment'
User belongs to experiment group 'EnableIPyWidgets - experiment'
User belongs to experiment group 'RunByLine - control'
User belongs to experiment group 'CustomEditorSupport - control'
> conda --version
> pyenv root
> python3.7 ~/.vscode/extensions/ms-python.python-2020.5.86398/pythonFiles/pyvsc-run-isolated.py -c "import sys;print(sys.executable)"
> python3.6 ~/.vscode/extensions/ms-python.python-2020.5.86398/pythonFiles/pyvsc-run-isolated.py -c "import sys;print(sys.executable)"
> python3 ~/.vscode/extensions/ms-python.python-2020.5.86398/pythonFiles/pyvsc-run-isolated.py -c "import sys;print(sys.executable)"
> python2 ~/.vscode/extensions/ms-python.python-2020.5.86398/pythonFiles/pyvsc-run-isolated.py -c "import sys;print(sys.executable)"
> python ~/.vscode/extensions/ms-python.python-2020.5.86398/pythonFiles/pyvsc-run-isolated.py -c "import sys;print(sys.executable)"
> /usr/bin/python3 ~/.vscode/extensions/ms-python.python-2020.5.86398/pythonFiles/pyvsc-run-isolated.py -c "import sys;print(sys.executable)"
> conda info --json
> /usr/bin/python3 ~/.vscode/extensions/ms-python.python-2020.5.86398/pythonFiles/pyvsc-run-isolated.py -c "import jupyter"
> /usr/bin/python3 ~/.vscode/extensions/ms-python.python-2020.5.86398/pythonFiles/pyvsc-run-isolated.py -c "import jupyter"
> /usr/bin/python3 ~/.vscode/extensions/ms-python.python-2020.5.86398/pythonFiles/pyvsc-run-isolated.py -c "import notebook"
> /usr/bin/python3 ~/.vscode/extensions/ms-python.python-2020.5.86398/pythonFiles/pyvsc-run-isolated.py -c "import notebook"
Starting Jedi Python language engine.
Python interpreter path: /usr/bin/python3
> conda --version
> /usr/bin/python3 ~/.vscode/extensions/ms-python.python-2020.5.86398/pythonFiles/pyvsc-run-isolated.py flake8 --format=%(row)d,%(col)d,%(code).1s,%(code)s:%(text)s ~/Documents/aerodisk/engine2/bin/NETWORK/tests/test_net.py
cwd: ~/Documents/aerodisk/engine2
> /usr/bin/python3 ~/.vscode/extensions/ms-python.python-2020.5.86398/pythonFiles/pyvsc-run-isolated.py flake8 --format=%(row)d,%(col)d,%(code).1s,%(code)s:%(text)s ~/Documents/aerodisk/engine2/bin/NETWORK/tests/test_net.py
cwd: ~/Documents/aerodisk/engine2
> /usr/bin/python3 ~/.vscode/extensions/ms-python.python-2020.5.86398/pythonFiles/pyvsc-run-isolated.py -c "import sys;print(sys.prefix)"
cwd: ~/Documents/aerodisk/engine2
> /usr/bin/python3 ~/.vscode/extensions/ms-python.python-2020.5.86398/pythonFiles/pyvsc-run-isolated.py -c "import sys;print(sys.prefix)"
cwd: ~/Documents/aerodisk/engine2
> /usr/bin/python3 ~/.vscode/extensions/ms-python.python-2020.5.86398/pythonFiles/pyvsc-run-isolated.py -c "import sys;print(sys.executable)"
cwd: ~/Documents/aerodisk/engine2
> /usr/bin/python3 ~/.vscode/extensions/ms-python.python-2020.5.86398/pythonFiles/pyvsc-run-isolated.py -c "import sys;print(sys.executable)"
cwd: ~/Documents/aerodisk/engine2
> /usr/bin/python3 ~/.vscode/extensions/ms-python.python-2020.5.86398/pythonFiles/pyvsc-run-isolated.py -c "from distutils.sysconfig import get_python_lib; print(get_python_lib())"
cwd: ~/Documents/aerodisk/engine2
> /usr/bin/python3 ~/.vscode/extensions/ms-python.python-2020.5.86398/pythonFiles/pyvsc-run-isolated.py -c "from distutils.sysconfig import get_python_lib; print(get_python_lib())"
cwd: ~/Documents/aerodisk/engine2
> /usr/bin/python3 ~/.vscode/extensions/ms-python.python-2020.5.86398/pythonFiles/pyvsc-run-isolated.py site --user-site
cwd: ~/Documents/aerodisk/engine2
> /usr/bin/python3 ~/.vscode/extensions/ms-python.python-2020.5.86398/pythonFiles/pyvsc-run-isolated.py site --user-site
cwd: ~/Documents/aerodisk/engine2
> /usr/bin/python3 ~/.vscode/extensions/ms-python.python-2020.5.86398/pythonFiles/pyvsc-run-isolated.py ~/.vscode/extensions/ms-python.python-2020.5.86398/pythonFiles/completion.py
> /usr/bin/python3 ~/.vscode/extensions/ms-python.python-2020.5.86398/pythonFiles/pyvsc-run-isolated.py ~/.vscode/extensions/ms-python.python-2020.5.86398/pythonFiles/completion.py
##########Linting Output - flake8##########
8,80,E,E501:line too long (83 > 79 characters)
9,80,E,E501:line too long (94 > 79 characters)
10,80,E,E501:line too long (97 > 79 characters)
11,80,E,E501:line too long (93 > 79 characters)
12,80,E,E501:line too long (94 > 79 characters)
16,80,E,E501:line too long (161 > 79 characters)
19,1,F,F811:redefinition of unused 'NETWORK_INTERFACE_NAME' from line 4
19,1,F,F811:redefinition of unused 'NETWORK_INTERFACE_PATH' from line 4
19,80,E,E501:line too long (93 > 79 characters)
20,80,E,E501:line too long (92 > 79 characters)
26,80,E,E501:line too long (100 > 79 characters)
39,80,E,E501:line too long (161 > 79 characters)
49,80,E,E501:line too long (100 > 79 characters)
53,80,E,E501:line too long (80 > 79 characters)
55,80,E,E501:line too long (104 > 79 characters)
57,80,E,E501:line too long (95 > 79 characters)
58,80,E,E501:line too long (140 > 79 characters)
62,80,E,E501:line too long (104 > 79 characters)
74,80,E,E501:line too long (90 > 79 characters)
77,80,E,E501:line too long (88 > 79 characters)
87,80,E,E501:line too long (80 > 79 characters)
109,80,E,E501:line too long (88 > 79 characters)
119,80,E,E501:line too long (95 > 79 characters)
126,80,E,E501:line too long (89 > 79 characters)
152,80,E,E501:line too long (118 > 79 characters)
165,80,E,E501:line too long (111 > 79 characters)
167,80,E,E501:line too long (109 > 79 characters)
178,80,E,E501:line too long (156 > 79 characters)
199,80,E,E501:line too long (112 > 79 characters)
214,80,E,E501:line too long (219 > 79 characters)
215,80,E,E501:line too long (233 > 79 characters)
216,5,E,E124:closing bracket does not match visual indentation
226,80,E,E501:line too long (117 > 79 characters)
229,80,E,E501:line too long (83 > 79 characters)
230,80,E,E501:line too long (86 > 79 characters)
233,5,E,E124:closing bracket does not match visual indentation
242,80,E,E501:line too long (82 > 79 characters)
257,80,E,E501:line too long (98 > 79 characters)
257,99,W,W291:trailing whitespace
258,49,E,E128:continuation line under-indented for visual indent
258,80,E,E501:line too long (191 > 79 characters)
273,1,E,E303:too many blank lines (3)
280,80,E,E501:line too long (81 > 79 characters)
282,80,E,E501:line too long (87 > 79 characters)
293,80,E,E501:line too long (81 > 79 characters)
295,80,E,E501:line too long (87 > 79 characters)
300,80,E,E501:line too long (94 > 79 characters)
308,80,E,E501:line too long (96 > 79 characters)
316,80,E,E501:line too long (85 > 79 characters)
317,80,E,E501:line too long (83 > 79 characters)
318,80,E,E501:line too long (87 > 79 characters)
319,80,E,E501:line too long (92 > 79 characters)
320,80,E,E501:line too long (88 > 79 characters)
321,80,E,E501:line too long (113 > 79 characters)
327,80,E,E501:line too long (84 > 79 characters)
331,80,E,E501:line too long (97 > 79 characters)
342,80,E,E501:line too long (94 > 79 characters)
350,80,E,E501:line too long (93 > 79 characters)
356,80,E,E501:line too long (104 > 79 characters)
