NOTICE clients.sftp.uploadfile(3) - [28/May/2020:05:37:49 +0000] "'/var/www/engine/bin/NETWORK/tests/test_test.py' matches with mode pattern '/**/*.py'"
INFO clients.sftp.uploadfile(1) - [28/May/2020:05:37:49 +0000] "Setting mode for '/var/www/engine/bin/NETWORK/tests/test_test.py' to 777 ..."
NOTICE clients.sftp.uploadfile(3) - [28/May/2020:06:13:32 +0000] "'/var/www/engine/bin/NETWORK/tests/test_test.py' matches with mode pattern '/**/*.py'"
INFO clients.sftp.uploadfile(1) - [28/May/2020:06:13:32 +0000] "Setting mode for '/var/www/engine/bin/NETWORK/tests/test_test.py' to 777 ..."
NOTICE clients.sftp.uploadfile(3) - [28/May/2020:06:16:03 +0000] "'/var/www/engine/bin/NETWORK/tests/test_test.py' matches with mode pattern '/**/*.py'"
INFO clients.sftp.uploadfile(1) - [28/May/2020:06:16:03 +0000] "Setting mode for '/var/www/engine/bin/NETWORK/tests/test_test.py' to 777 ..."
NOTICE clients.sftp.uploadfile(3) - [28/May/2020:06:18:41 +0000] "'/var/www/engine/bin/NETWORK/controllers/phys.py' matches with mode pattern '/**/*.py'"
INFO clients.sftp.uploadfile(1) - [28/May/2020:06:18:41 +0000] "Setting mode for '/var/www/engine/bin/NETWORK/controllers/phys.py' to 777 ..."
NOTICE clients.sftp.uploadfile(3) - [28/May/2020:06:19:44 +0000] "'/var/www/engine/bin/NETWORK/controllers/phys.py' matches with mode pattern '/**/*.py'"
INFO clients.sftp.uploadfile(1) - [28/May/2020:06:19:44 +0000] "Setting mode for '/var/www/engine/bin/NETWORK/controllers/phys.py' to 777 ..."
NOTICE clients.sftp.uploadfile(3) - [28/May/2020:06:22:17 +0000] "'/var/www/engine/bin/NETWORK/controllers/phys.py' matches with mode pattern '/**/*.py'"
INFO clients.sftp.uploadfile(1) - [28/May/2020:06:22:17 +0000] "Setting mode for '/var/www/engine/bin/NETWORK/controllers/phys.py' to 777 ..."
NOTICE clients.sftp.uploadfile(3) - [28/May/2020:06:25:46 +0000] "'/var/www/engine/bin/NETWORK/controllers/phys.py' matches with mode pattern '/**/*.py'"
INFO clients.sftp.uploadfile(1) - [28/May/2020:06:25:46 +0000] "Setting mode for '/var/www/engine/bin/NETWORK/controllers/phys.py' to 777 ..."
NOTICE clients.sftp.uploadfile(3) - [28/May/2020:06:26:10 +0000] "'/var/www/engine/bin/NETWORK/controllers/phys.py' matches with mode pattern '/**/*.py'"
INFO clients.sftp.uploadfile(1) - [28/May/2020:06:26:10 +0000] "Setting mode for '/var/www/engine/bin/NETWORK/controllers/phys.py' to 777 ..."
NOTICE clients.sftp.uploadfile(3) - [28/May/2020:06:26:34 +0000] "'/var/www/engine/bin/NETWORK/controllers/phys.py' matches with mode pattern '/**/*.py'"
INFO clients.sftp.uploadfile(1) - [28/May/2020:06:26:34 +0000] "Setting mode for '/var/www/engine/bin/NETWORK/controllers/phys.py' to 777 ..."
NOTICE clients.sftp.uploadfile(3) - [28/May/2020:06:28:08 +0000] "'/var/www/engine/bin/NETWORK/tests/test_net_test.py' matches with mode pattern '/**/*.py'"
INFO clients.sftp.uploadfile(1) - [28/May/2020:06:28:08 +0000] "Setting mode for '/var/www/engine/bin/NETWORK/tests/test_net_test.py' to 777 ..."
NOTICE clients.sftp.uploadfile(3) - [28/May/2020:06:29:40 +0000] "'/var/www/engine/bin/NETWORK/tests/test_test.py' matches with mode pattern '/**/*.py'"
INFO clients.sftp.uploadfile(1) - [28/May/2020:06:29:40 +0000] "Setting mode for '/var/www/engine/bin/NETWORK/tests/test_test.py' to 777 ..."
NOTICE clients.sftp.uploadfile(3) - [28/May/2020:06:31:32 +0000] "'/var/www/engine/bin/NETWORK/controllers/phys.py' matches with mode pattern '/**/*.py'"
INFO clients.sftp.uploadfile(1) - [28/May/2020:06:31:32 +0000] "Setting mode for '/var/www/engine/bin/NETWORK/controllers/phys.py' to 777 ..."
NOTICE clients.sftp.uploadfile(3) - [28/May/2020:06:31:58 +0000] "'/var/www/engine/bin/NETWORK/controllers/phys.py' matches with mode pattern '/**/*.py'"
INFO clients.sftp.uploadfile(1) - [28/May/2020:06:31:58 +0000] "Setting mode for '/var/www/engine/bin/NETWORK/controllers/phys.py' to 777 ..."
NOTICE clients.sftp.uploadfile(3) - [28/May/2020:06:32:24 +0000] "'/var/www/engine/bin/NETWORK/tests/test_test.py' matches with mode pattern '/**/*.py'"
INFO clients.sftp.uploadfile(1) - [28/May/2020:06:32:24 +0000] "Setting mode for '/var/www/engine/bin/NETWORK/tests/test_test.py' to 777 ..."
NOTICE clients.sftp.uploadfile(3) - [28/May/2020:06:32:45 +0000] "'/var/www/engine/bin/NETWORK/controllers/phys.py' matches with mode pattern '/**/*.py'"
INFO clients.sftp.uploadfile(1) - [28/May/2020:06:32:46 +0000] "Setting mode for '/var/www/engine/bin/NETWORK/controllers/phys.py' to 777 ..."
NOTICE clients.sftp.uploadfile(3) - [28/May/2020:06:33:10 +0000] "'/var/www/engine/bin/NETWORK/tests/test_test.py' matches with mode pattern '/**/*.py'"
INFO clients.sftp.uploadfile(1) - [28/May/2020:06:33:10 +0000] "Setting mode for '/var/www/engine/bin/NETWORK/tests/test_test.py' to 777 ..."
NOTICE clients.sftp.uploadfile(3) - [28/May/2020:06:33:38 +0000] "'/var/www/engine/bin/NETWORK/controllers/phys.py' matches with mode pattern '/**/*.py'"
INFO clients.sftp.uploadfile(1) - [28/May/2020:06:33:38 +0000] "Setting mode for '/var/www/engine/bin/NETWORK/controllers/phys.py' to 777 ..."
NOTICE clients.sftp.uploadfile(3) - [28/May/2020:06:34:03 +0000] "'/var/www/engine/bin/NETWORK/controllers/phys.py' matches with mode pattern '/**/*.py'"
INFO clients.sftp.uploadfile(1) - [28/May/2020:06:34:03 +0000] "Setting mode for '/var/www/engine/bin/NETWORK/controllers/phys.py' to 777 ..."
NOTICE clients.sftp.uploadfile(3) - [28/May/2020:06:34:21 +0000] "'/var/www/engine/bin/NETWORK/tests/test_test.py' matches with mode pattern '/**/*.py'"
INFO clients.sftp.uploadfile(1) - [28/May/2020:06:34:21 +0000] "Setting mode for '/var/www/engine/bin/NETWORK/tests/test_test.py' to 777 ..."
NOTICE clients.sftp.uploadfile(3) - [28/May/2020:06:34:37 +0000] "'/var/www/engine/bin/NETWORK/tests/test_test.py' matches with mode pattern '/**/*.py'"
INFO clients.sftp.uploadfile(1) - [28/May/2020:06:34:37 +0000] "Setting mode for '/var/www/engine/bin/NETWORK/tests/test_test.py' to 777 ..."
NOTICE clients.sftp.uploadfile(3) - [28/May/2020:06:34:58 +0000] "'/var/www/engine/bin/NETWORK/tests/test_test.py' matches with mode pattern '/**/*.py'"
INFO clients.sftp.uploadfile(1) - [28/May/2020:06:34:58 +0000] "Setting mode for '/var/www/engine/bin/NETWORK/tests/test_test.py' to 777 ..."
NOTICE clients.sftp.uploadfile(3) - [28/May/2020:06:36:21 +0000] "'/var/www/engine/bin/NETWORK/controllers/phys.py' matches with mode pattern '/**/*.py'"
INFO clients.sftp.uploadfile(1) - [28/May/2020:06:36:21 +0000] "Setting mode for '/var/www/engine/bin/NETWORK/controllers/phys.py' to 777 ..."
NOTICE clients.sftp.uploadfile(3) - [28/May/2020:06:36:32 +0000] "'/var/www/engine/bin/NETWORK/tests/test_net.py' matches with mode pattern '/**/*.py'"
INFO clients.sftp.uploadfile(1) - [28/May/2020:06:36:32 +0000] "Setting mode for '/var/www/engine/bin/NETWORK/tests/test_net.py' to 777 ..."
NOTICE clients.sftp.uploadfile(3) - [28/May/2020:07:01:29 +0000] "'/var/www/engine/bin/NETWORK/tests/test_net.py' matches with mode pattern '/**/*.py'"
INFO clients.sftp.uploadfile(1) - [28/May/2020:07:01:29 +0000] "Setting mode for '/var/www/engine/bin/NETWORK/tests/test_net.py' to 777 ..."
NOTICE clients.sftp.uploadfile(3) - [28/May/2020:07:20:44 +0000] "'/var/www/engine/bin/NETWORK/tests/test_net_test.py' matches with mode pattern '/**/*.py'"
INFO clients.sftp.uploadfile(1) - [28/May/2020:07:20:44 +0000] "Setting mode for '/var/www/engine/bin/NETWORK/tests/test_net_test.py' to 777 ..."
NOTICE clients.sftp.uploadfile(3) - [28/May/2020:07:23:12 +0000] "'/var/www/engine/bin/NETWORK/controllers/phys.py' matches with mode pattern '/**/*.py'"
INFO clients.sftp.uploadfile(1) - [28/May/2020:07:23:12 +0000] "Setting mode for '/var/www/engine/bin/NETWORK/controllers/phys.py' to 777 ..."
NOTICE clients.sftp.uploadfile(3) - [28/May/2020:07:24:11 +0000] "'/var/www/engine/bin/NETWORK/controllers/phys.py' matches with mode pattern '/**/*.py'"
INFO clients.sftp.uploadfile(1) - [28/May/2020:07:24:12 +0000] "Setting mode for '/var/www/engine/bin/NETWORK/controllers/phys.py' to 777 ..."
NOTICE clients.sftp.uploadfile(3) - [28/May/2020:07:26:38 +0000] "'/var/www/engine/bin/NETWORK/tests/test_net_test.py' matches with mode pattern '/**/*.py'"
INFO clients.sftp.uploadfile(1) - [28/May/2020:07:26:38 +0000] "Setting mode for '/var/www/engine/bin/NETWORK/tests/test_net_test.py' to 777 ..."
NOTICE clients.sftp.uploadfile(3) - [28/May/2020:07:27:51 +0000] "'/var/www/engine/bin/NETWORK/controllers/phys.py' matches with mode pattern '/**/*.py'"
INFO clients.sftp.uploadfile(1) - [28/May/2020:07:27:51 +0000] "Setting mode for '/var/www/engine/bin/NETWORK/controllers/phys.py' to 777 ..."
NOTICE clients.sftp.uploadfile(3) - [28/May/2020:07:32:30 +0000] "'/var/www/engine/bin/NETWORK/controllers/phys.py' matches with mode pattern '/**/*.py'"
INFO clients.sftp.uploadfile(1) - [28/May/2020:07:32:30 +0000] "Setting mode for '/var/www/engine/bin/NETWORK/controllers/phys.py' to 777 ..."
NOTICE clients.sftp.uploadfile(3) - [28/May/2020:07:33:13 +0000] "'/var/www/engine/bin/NETWORK/controllers/phys.py' matches with mode pattern '/**/*.py'"
INFO clients.sftp.uploadfile(1) - [28/May/2020:07:33:13 +0000] "Setting mode for '/var/www/engine/bin/NETWORK/controllers/phys.py' to 777 ..."
NOTICE clients.sftp.uploadfile(3) - [28/May/2020:07:33:28 +0000] "'/var/www/engine/bin/NETWORK/tests/test_net_test.py' matches with mode pattern '/**/*.py'"
INFO clients.sftp.uploadfile(1) - [28/May/2020:07:33:28 +0000] "Setting mode for '/var/www/engine/bin/NETWORK/tests/test_net_test.py' to 777 ..."
NOTICE clients.sftp.uploadfile(3) - [28/May/2020:07:37:02 +0000] "'/var/www/engine/bin/NETWORK/tests/test_net_test.py' matches with mode pattern '/**/*.py'"
INFO clients.sftp.uploadfile(1) - [28/May/2020:07:37:02 +0000] "Setting mode for '/var/www/engine/bin/NETWORK/tests/test_net_test.py' to 777 ..."
NOTICE clients.sftp.uploadfile(3) - [28/May/2020:07:38:04 +0000] "'/var/www/engine/bin/NETWORK/tests/test_net_test.py' matches with mode pattern '/**/*.py'"
INFO clients.sftp.uploadfile(1) - [28/May/2020:07:38:04 +0000] "Setting mode for '/var/www/engine/bin/NETWORK/tests/test_net_test.py' to 777 ..."
NOTICE clients.sftp.uploadfile(3) - [28/May/2020:07:43:56 +0000] "'/var/www/engine/bin/NETWORK/tests/test_net_test.py' matches with mode pattern '/**/*.py'"
INFO clients.sftp.uploadfile(1) - [28/May/2020:07:43:56 +0000] "Setting mode for '/var/www/engine/bin/NETWORK/tests/test_net_test.py' to 777 ..."
NOTICE clients.sftp.uploadfile(3) - [28/May/2020:07:44:25 +0000] "'/var/www/engine/bin/NETWORK/tests/test_net_test.py' matches with mode pattern '/**/*.py'"
INFO clients.sftp.uploadfile(1) - [28/May/2020:07:44:25 +0000] "Setting mode for '/var/www/engine/bin/NETWORK/tests/test_net_test.py' to 777 ..."
NOTICE clients.sftp.uploadfile(3) - [28/May/2020:07:45:44 +0000] "'/var/www/engine/bin/NETWORK/tests/test_net_test.py' matches with mode pattern '/**/*.py'"
INFO clients.sftp.uploadfile(1) - [28/May/2020:07:45:44 +0000] "Setting mode for '/var/www/engine/bin/NETWORK/tests/test_net_test.py' to 777 ..."
NOTICE clients.sftp.uploadfile(3) - [28/May/2020:07:48:37 +0000] "'/var/www/engine/bin/NETWORK/tests/test_net_test.py' matches with mode pattern '/**/*.py'"
INFO clients.sftp.uploadfile(1) - [28/May/2020:07:48:37 +0000] "Setting mode for '/var/www/engine/bin/NETWORK/tests/test_net_test.py' to 777 ..."
NOTICE clients.sftp.uploadfile(3) - [28/May/2020:07:49:44 +0000] "'/var/www/engine/bin/NETWORK/tests/test_net_test.py' matches with mode pattern '/**/*.py'"
INFO clients.sftp.uploadfile(1) - [28/May/2020:07:49:44 +0000] "Setting mode for '/var/www/engine/bin/NETWORK/tests/test_net_test.py' to 777 ..."
NOTICE clients.sftp.uploadfile(3) - [28/May/2020:08:01:07 +0000] "'/var/www/engine/bin/NETWORK/tests/test_net_test.py' matches with mode pattern '/**/*.py'"
INFO clients.sftp.uploadfile(1) - [28/May/2020:08:01:08 +0000] "Setting mode for '/var/www/engine/bin/NETWORK/tests/test_net_test.py' to 777 ..."
NOTICE clients.sftp.uploadfile(3) - [28/May/2020:08:01:59 +0000] "'/var/www/engine/bin/NETWORK/tests/test_net_test.py' matches with mode pattern '/**/*.py'"
INFO clients.sftp.uploadfile(1) - [28/May/2020:08:01:59 +0000] "Setting mode for '/var/www/engine/bin/NETWORK/tests/test_net_test.py' to 777 ..."
NOTICE clients.sftp.uploadfile(3) - [28/May/2020:08:03:15 +0000] "'/var/www/engine/bin/NETWORK/tests/test_net_test.py' matches with mode pattern '/**/*.py'"
INFO clients.sftp.uploadfile(1) - [28/May/2020:08:03:15 +0000] "Setting mode for '/var/www/engine/bin/NETWORK/tests/test_net_test.py' to 777 ..."
NOTICE clients.sftp.uploadfile(3) - [28/May/2020:08:09:45 +0000] "'/var/www/engine/bin/NETWORK/tests/test_params.py' matches with mode pattern '/**/*.py'"
INFO clients.sftp.uploadfile(1) - [28/May/2020:08:09:46 +0000] "Setting mode for '/var/www/engine/bin/NETWORK/tests/test_params.py' to 777 ..."
NOTICE clients.sftp.uploadfile(3) - [28/May/2020:08:10:44 +0000] "'/var/www/engine/bin/NETWORK/tests/test_net_test.py' matches with mode pattern '/**/*.py'"
INFO clients.sftp.uploadfile(1) - [28/May/2020:08:10:44 +0000] "Setting mode for '/var/www/engine/bin/NETWORK/tests/test_net_test.py' to 777 ..."
NOTICE clients.sftp.uploadfile(3) - [28/May/2020:08:12:04 +0000] "'/var/www/engine/bin/NETWORK/tests/test_params.py' matches with mode pattern '/**/*.py'"
INFO clients.sftp.uploadfile(1) - [28/May/2020:08:12:04 +0000] "Setting mode for '/var/www/engine/bin/NETWORK/tests/test_params.py' to 777 ..."
NOTICE clients.sftp.uploadfile(3) - [28/May/2020:08:12:38 +0000] "'/var/www/engine/bin/NETWORK/tests/test_params.py' matches with mode pattern '/**/*.py'"
INFO clients.sftp.uploadfile(1) - [28/May/2020:08:12:38 +0000] "Setting mode for '/var/www/engine/bin/NETWORK/tests/test_params.py' to 777 ..."
NOTICE clients.sftp.uploadfile(3) - [28/May/2020:08:14:57 +0000] "'/var/www/engine/bin/NETWORK/tests/test_net_test.py' matches with mode pattern '/**/*.py'"
INFO clients.sftp.uploadfile(1) - [28/May/2020:08:14:57 +0000] "Setting mode for '/var/www/engine/bin/NETWORK/tests/test_net_test.py' to 777 ..."
NOTICE clients.sftp.uploadfile(3) - [28/May/2020:08:15:37 +0000] "'/var/www/engine/bin/NETWORK/tests/test_net_test.py' matches with mode pattern '/**/*.py'"
INFO clients.sftp.uploadfile(1) - [28/May/2020:08:15:37 +0000] "Setting mode for '/var/www/engine/bin/NETWORK/tests/test_net_test.py' to 777 ..."
NOTICE clients.sftp.uploadfile(3) - [28/May/2020:08:20:29 +0000] "'/var/www/engine/bin/NETWORK/tests/test_net_test.py' matches with mode pattern '/**/*.py'"
INFO clients.sftp.uploadfile(1) - [28/May/2020:08:20:29 +0000] "Setting mode for '/var/www/engine/bin/NETWORK/tests/test_net_test.py' to 777 ..."
NOTICE clients.sftp.uploadfile(3) - [28/May/2020:08:20:53 +0000] "'/var/www/engine/bin/NETWORK/tests/test_net_test.py' matches with mode pattern '/**/*.py'"
INFO clients.sftp.uploadfile(1) - [28/May/2020:08:20:53 +0000] "Setting mode for '/var/www/engine/bin/NETWORK/tests/test_net_test.py' to 777 ..."
NOTICE clients.sftp.uploadfile(3) - [28/May/2020:08:21:51 +0000] "'/var/www/engine/bin/NETWORK/tests/test_net_test.py' matches with mode pattern '/**/*.py'"
INFO clients.sftp.uploadfile(1) - [28/May/2020:08:21:51 +0000] "Setting mode for '/var/www/engine/bin/NETWORK/tests/test_net_test.py' to 777 ..."
NOTICE clients.sftp.uploadfile(3) - [28/May/2020:08:28:47 +0000] "'/var/www/engine/bin/NETWORK/tests/test_net_test.py' matches with mode pattern '/**/*.py'"
INFO clients.sftp.uploadfile(1) - [28/May/2020:08:28:47 +0000] "Setting mode for '/var/www/engine/bin/NETWORK/tests/test_net_test.py' to 777 ..."
NOTICE clients.sftp.uploadfile(3) - [28/May/2020:08:29:14 +0000] "'/var/www/engine/bin/NETWORK/tests/test_net_test.py' matches with mode pattern '/**/*.py'"
INFO clients.sftp.uploadfile(1) - [28/May/2020:08:29:14 +0000] "Setting mode for '/var/www/engine/bin/NETWORK/tests/test_net_test.py' to 777 ..."
NOTICE clients.sftp.uploadfile(3) - [28/May/2020:08:31:13 +0000] "'/var/www/engine/bin/NETWORK/tests/test_net_test.py' matches with mode pattern '/**/*.py'"
INFO clients.sftp.uploadfile(1) - [28/May/2020:08:31:13 +0000] "Setting mode for '/var/www/engine/bin/NETWORK/tests/test_net_test.py' to 777 ..."
NOTICE clients.sftp.uploadfile(3) - [28/May/2020:08:33:20 +0000] "'/var/www/engine/bin/NETWORK/tests/test_net_test.py' matches with mode pattern '/**/*.py'"
INFO clients.sftp.uploadfile(1) - [28/May/2020:08:33:20 +0000] "Setting mode for '/var/www/engine/bin/NETWORK/tests/test_net_test.py' to 777 ..."
NOTICE clients.sftp.uploadfile(3) - [28/May/2020:08:33:39 +0000] "'/var/www/engine/bin/NETWORK/tests/test_net_test.py' matches with mode pattern '/**/*.py'"
INFO clients.sftp.uploadfile(1) - [28/May/2020:08:33:39 +0000] "Setting mode for '/var/www/engine/bin/NETWORK/tests/test_net_test.py' to 777 ..."
NOTICE clients.sftp.uploadfile(3) - [28/May/2020:08:34:03 +0000] "'/var/www/engine/bin/NETWORK/tests/test_net_test.py' matches with mode pattern '/**/*.py'"
INFO clients.sftp.uploadfile(1) - [28/May/2020:08:34:03 +0000] "Setting mode for '/var/www/engine/bin/NETWORK/tests/test_net_test.py' to 777 ..."
NOTICE clients.sftp.uploadfile(3) - [28/May/2020:08:34:30 +0000] "'/var/www/engine/bin/NETWORK/tests/test_net_test.py' matches with mode pattern '/**/*.py'"
INFO clients.sftp.uploadfile(1) - [28/May/2020:08:34:30 +0000] "Setting mode for '/var/www/engine/bin/NETWORK/tests/test_net_test.py' to 777 ..."
NOTICE clients.sftp.uploadfile(3) - [28/May/2020:08:36:11 +0000] "'/var/www/engine/bin/NETWORK/tests/test_net.py' matches with mode pattern '/**/*.py'"
INFO clients.sftp.uploadfile(1) - [28/May/2020:08:36:11 +0000] "Setting mode for '/var/www/engine/bin/NETWORK/tests/test_net.py' to 777 ..."
NOTICE clients.sftp.uploadfile(3) - [28/May/2020:08:39:57 +0000] "'/var/www/engine/bin/NETWORK/tests/test_net.py' matches with mode pattern '/**/*.py'"
INFO clients.sftp.uploadfile(1) - [28/May/2020:08:39:58 +0000] "Setting mode for '/var/www/engine/bin/NETWORK/tests/test_net.py' to 777 ..."
NOTICE clients.sftp.uploadfile(3) - [28/May/2020:08:40:22 +0000] "'/var/www/engine/bin/NETWORK/tests/test_net.py' matches with mode pattern '/**/*.py'"
INFO clients.sftp.uploadfile(1) - [28/May/2020:08:40:22 +0000] "Setting mode for '/var/www/engine/bin/NETWORK/tests/test_net.py' to 777 ..."
NOTICE clients.sftp.uploadfile(3) - [28/May/2020:08:41:25 +0000] "'/var/www/engine/bin/NETWORK/tests/test_params.py' matches with mode pattern '/**/*.py'"
INFO clients.sftp.uploadfile(1) - [28/May/2020:08:41:25 +0000] "Setting mode for '/var/www/engine/bin/NETWORK/tests/test_params.py' to 777 ..."
NOTICE clients.sftp.uploadfile(3) - [28/May/2020:08:42:40 +0000] "'/var/www/engine/bin/NETWORK/controllers/phys.py' matches with mode pattern '/**/*.py'"
INFO clients.sftp.uploadfile(1) - [28/May/2020:08:42:40 +0000] "Setting mode for '/var/www/engine/bin/NETWORK/controllers/phys.py' to 777 ..."
NOTICE clients.sftp.uploadfile(3) - [28/May/2020:09:09:05 +0000] "'/var/www/engine/bin/NETWORK/tests/test_net_test.py' matches with mode pattern '/**/*.py'"
INFO clients.sftp.uploadfile(1) - [28/May/2020:09:09:05 +0000] "Setting mode for '/var/www/engine/bin/NETWORK/tests/test_net_test.py' to 777 ..."
NOTICE clients.sftp.uploadfile(3) - [28/May/2020:09:09:43 +0000] "'/var/www/engine/bin/NETWORK/controllers/phys.py' matches with mode pattern '/**/*.py'"
INFO clients.sftp.uploadfile(1) - [28/May/2020:09:09:43 +0000] "Setting mode for '/var/www/engine/bin/NETWORK/controllers/phys.py' to 777 ..."
NOTICE clients.sftp.uploadfile(3) - [28/May/2020:09:10:26 +0000] "'/var/www/engine/bin/NETWORK/tests/test_net_test.py' matches with mode pattern '/**/*.py'"
INFO clients.sftp.uploadfile(1) - [28/May/2020:09:10:26 +0000] "Setting mode for '/var/www/engine/bin/NETWORK/tests/test_net_test.py' to 777 ..."
NOTICE clients.sftp.uploadfile(3) - [28/May/2020:09:10:51 +0000] "'/var/www/engine/bin/NETWORK/controllers/phys.py' matches with mode pattern '/**/*.py'"
INFO clients.sftp.uploadfile(1) - [28/May/2020:09:10:52 +0000] "Setting mode for '/var/www/engine/bin/NETWORK/controllers/phys.py' to 777 ..."
NOTICE clients.sftp.uploadfile(3) - [28/May/2020:09:11:44 +0000] "'/var/www/engine/bin/NETWORK/controllers/phys.py' matches with mode pattern '/**/*.py'"
INFO clients.sftp.uploadfile(1) - [28/May/2020:09:11:44 +0000] "Setting mode for '/var/www/engine/bin/NETWORK/controllers/phys.py' to 777 ..."
NOTICE clients.sftp.uploadfile(3) - [28/May/2020:09:12:11 +0000] "'/var/www/engine/bin/NETWORK/controllers/phys.py' matches with mode pattern '/**/*.py'"
INFO clients.sftp.uploadfile(1) - [28/May/2020:09:12:12 +0000] "Setting mode for '/var/www/engine/bin/NETWORK/controllers/phys.py' to 777 ..."
NOTICE clients.sftp.uploadfile(3) - [28/May/2020:09:12:56 +0000] "'/var/www/engine/bin/NETWORK/controllers/phys.py' matches with mode pattern '/**/*.py'"
INFO clients.sftp.uploadfile(1) - [28/May/2020:09:12:56 +0000] "Setting mode for '/var/www/engine/bin/NETWORK/controllers/phys.py' to 777 ..."
NOTICE clients.sftp.uploadfile(3) - [28/May/2020:09:13:40 +0000] "'/var/www/engine/bin/NETWORK/controllers/phys.py' matches with mode pattern '/**/*.py'"
INFO clients.sftp.uploadfile(1) - [28/May/2020:09:13:41 +0000] "Setting mode for '/var/www/engine/bin/NETWORK/controllers/phys.py' to 777 ..."
NOTICE clients.sftp.uploadfile(3) - [28/May/2020:09:27:56 +0000] "'/var/www/engine/bin/NETWORK/tests/test_net_test.py' matches with mode pattern '/**/*.py'"
INFO clients.sftp.uploadfile(1) - [28/May/2020:09:27:57 +0000] "Setting mode for '/var/www/engine/bin/NETWORK/tests/test_net_test.py' to 777 ..."
NOTICE clients.sftp.uploadfile(3) - [28/May/2020:09:29:02 +0000] "'/var/www/engine/bin/NETWORK/tests/test_net_test.py' matches with mode pattern '/**/*.py'"
INFO clients.sftp.uploadfile(1) - [28/May/2020:09:29:03 +0000] "Setting mode for '/var/www/engine/bin/NETWORK/tests/test_net_test.py' to 777 ..."
NOTICE clients.sftp.uploadfile(3) - [28/May/2020:09:30:02 +0000] "'/var/www/engine/bin/NETWORK/tests/test_net_test.py' matches with mode pattern '/**/*.py'"
INFO clients.sftp.uploadfile(1) - [28/May/2020:09:30:02 +0000] "Setting mode for '/var/www/engine/bin/NETWORK/tests/test_net_test.py' to 777 ..."
NOTICE clients.sftp.uploadfile(3) - [28/May/2020:09:30:38 +0000] "'/var/www/engine/bin/NETWORK/tests/test_net_test.py' matches with mode pattern '/**/*.py'"
INFO clients.sftp.uploadfile(1) - [28/May/2020:09:30:39 +0000] "Setting mode for '/var/www/engine/bin/NETWORK/tests/test_net_test.py' to 777 ..."
NOTICE clients.sftp.uploadfile(3) - [28/May/2020:09:31:41 +0000] "'/var/www/engine/bin/NETWORK/tests/test_net_test.py' matches with mode pattern '/**/*.py'"
INFO clients.sftp.uploadfile(1) - [28/May/2020:09:31:41 +0000] "Setting mode for '/var/www/engine/bin/NETWORK/tests/test_net_test.py' to 777 ..."
NOTICE clients.sftp.uploadfile(3) - [28/May/2020:09:38:02 +0000] "'/var/www/engine/bin/NETWORK/tests/test_net_test.py' matches with mode pattern '/**/*.py'"
INFO clients.sftp.uploadfile(1) - [28/May/2020:09:38:02 +0000] "Setting mode for '/var/www/engine/bin/NETWORK/tests/test_net_test.py' to 777 ..."
NOTICE clients.sftp.uploadfile(3) - [28/May/2020:09:39:29 +0000] "'/var/www/engine/bin/NETWORK/tests/test_net_test.py' matches with mode pattern '/**/*.py'"
INFO clients.sftp.uploadfile(1) - [28/May/2020:09:39:29 +0000] "Setting mode for '/var/www/engine/bin/NETWORK/tests/test_net_test.py' to 777 ..."
NOTICE clients.sftp.uploadfile(3) - [28/May/2020:09:56:37 +0000] "'/var/www/engine/bin/NETWORK/tests/test_net_test.py' matches with mode pattern '/**/*.py'"
INFO clients.sftp.uploadfile(1) - [28/May/2020:09:56:37 +0000] "Setting mode for '/var/www/engine/bin/NETWORK/tests/test_net_test.py' to 777 ..."
NOTICE clients.sftp.uploadfile(3) - [28/May/2020:09:59:28 +0000] "'/var/www/engine/bin/NETWORK/controllers/phys.py' matches with mode pattern '/**/*.py'"
INFO clients.sftp.uploadfile(1) - [28/May/2020:09:59:28 +0000] "Setting mode for '/var/www/engine/bin/NETWORK/controllers/phys.py' to 777 ..."
NOTICE clients.sftp.uploadfile(3) - [28/May/2020:09:59:49 +0000] "'/var/www/engine/bin/NETWORK/controllers/phys.py' matches with mode pattern '/**/*.py'"
INFO clients.sftp.uploadfile(1) - [28/May/2020:09:59:50 +0000] "Setting mode for '/var/www/engine/bin/NETWORK/controllers/phys.py' to 777 ..."
NOTICE clients.sftp.uploadfile(3) - [28/May/2020:10:00:34 +0000] "'/var/www/engine/bin/NETWORK/tests/test_net_test.py' matches with mode pattern '/**/*.py'"
INFO clients.sftp.uploadfile(1) - [28/May/2020:10:00:35 +0000] "Setting mode for '/var/www/engine/bin/NETWORK/tests/test_net_test.py' to 777 ..."
NOTICE clients.sftp.uploadfile(3) - [28/May/2020:10:00:53 +0000] "'/var/www/engine/bin/NETWORK/tests/test_net_test.py' matches with mode pattern '/**/*.py'"
INFO clients.sftp.uploadfile(1) - [28/May/2020:10:00:53 +0000] "Setting mode for '/var/www/engine/bin/NETWORK/tests/test_net_test.py' to 777 ..."
NOTICE clients.sftp.uploadfile(3) - [28/May/2020:10:01:40 +0000] "'/var/www/engine/bin/NETWORK/controllers/phys.py' matches with mode pattern '/**/*.py'"
INFO clients.sftp.uploadfile(1) - [28/May/2020:10:01:45 +0000] "Setting mode for '/var/www/engine/bin/NETWORK/controllers/phys.py' to 777 ..."
NOTICE clients.sftp.uploadfile(3) - [28/May/2020:10:02:13 +0000] "'/var/www/engine/bin/NETWORK/tests/test_net_test.py' matches with mode pattern '/**/*.py'"
INFO clients.sftp.uploadfile(1) - [28/May/2020:10:02:15 +0000] "Setting mode for '/var/www/engine/bin/NETWORK/tests/test_net_test.py' to 777 ..."
NOTICE clients.sftp.uploadfile(3) - [28/May/2020:10:05:53 +0000] "'/var/www/engine/bin/NETWORK/tests/test_net_test.py' matches with mode pattern '/**/*.py'"
INFO clients.sftp.uploadfile(1) - [28/May/2020:10:05:53 +0000] "Setting mode for '/var/www/engine/bin/NETWORK/tests/test_net_test.py' to 777 ..."
NOTICE clients.sftp.uploadfile(3) - [28/May/2020:10:06:08 +0000] "'/var/www/engine/bin/NETWORK/tests/test_net_test.py' matches with mode pattern '/**/*.py'"
INFO clients.sftp.uploadfile(1) - [28/May/2020:10:06:08 +0000] "Setting mode for '/var/www/engine/bin/NETWORK/tests/test_net_test.py' to 777 ..."
NOTICE clients.sftp.uploadfile(3) - [28/May/2020:10:06:29 +0000] "'/var/www/engine/bin/NETWORK/tests/test_net_test.py' matches with mode pattern '/**/*.py'"
INFO clients.sftp.uploadfile(1) - [28/May/2020:10:06:29 +0000] "Setting mode for '/var/www/engine/bin/NETWORK/tests/test_net_test.py' to 777 ..."
NOTICE clients.sftp.uploadfile(3) - [28/May/2020:10:06:41 +0000] "'/var/www/engine/bin/NETWORK/tests/test_net_test.py' matches with mode pattern '/**/*.py'"
INFO clients.sftp.uploadfile(1) - [28/May/2020:10:06:41 +0000] "Setting mode for '/var/www/engine/bin/NETWORK/tests/test_net_test.py' to 777 ..."
NOTICE clients.sftp.uploadfile(3) - [28/May/2020:10:07:23 +0000] "'/var/www/engine/bin/NETWORK/controllers/phys.py' matches with mode pattern '/**/*.py'"
INFO clients.sftp.uploadfile(1) - [28/May/2020:10:07:23 +0000] "Setting mode for '/var/www/engine/bin/NETWORK/controllers/phys.py' to 777 ..."
NOTICE clients.sftp.uploadfile(3) - [28/May/2020:10:07:40 +0000] "'/var/www/engine/bin/NETWORK/tests/test_net_test.py' matches with mode pattern '/**/*.py'"
INFO clients.sftp.uploadfile(1) - [28/May/2020:10:07:40 +0000] "Setting mode for '/var/www/engine/bin/NETWORK/tests/test_net_test.py' to 777 ..."
NOTICE clients.sftp.uploadfile(3) - [28/May/2020:10:07:54 +0000] "'/var/www/engine/bin/NETWORK/tests/test_net_test.py' matches with mode pattern '/**/*.py'"
INFO clients.sftp.uploadfile(1) - [28/May/2020:10:07:54 +0000] "Setting mode for '/var/www/engine/bin/NETWORK/tests/test_net_test.py' to 777 ..."
NOTICE clients.sftp.uploadfile(3) - [28/May/2020:10:09:21 +0000] "'/var/www/engine/bin/NETWORK/tests/test_net.py' matches with mode pattern '/**/*.py'"
INFO clients.sftp.uploadfile(1) - [28/May/2020:10:09:22 +0000] "Setting mode for '/var/www/engine/bin/NETWORK/tests/test_net.py' to 777 ..."
NOTICE clients.sftp.uploadfile(3) - [28/May/2020:10:24:54 +0000] "'/var/www/engine/bin/NETWORK/tests/test_net_test.py' matches with mode pattern '/**/*.py'"
INFO clients.sftp.uploadfile(1) - [28/May/2020:10:24:55 +0000] "Setting mode for '/var/www/engine/bin/NETWORK/tests/test_net_test.py' to 777 ..."
NOTICE clients.sftp.uploadfile(3) - [28/May/2020:10:25:20 +0000] "'/var/www/engine/bin/NETWORK/tests/test_params.py' matches with mode pattern '/**/*.py'"
INFO clients.sftp.uploadfile(1) - [28/May/2020:10:25:20 +0000] "Setting mode for '/var/www/engine/bin/NETWORK/tests/test_params.py' to 777 ..."
NOTICE clients.sftp.uploadfile(3) - [28/May/2020:10:26:23 +0000] "'/var/www/engine/bin/NETWORK/tests/test_net_test.py' matches with mode pattern '/**/*.py'"
INFO clients.sftp.uploadfile(1) - [28/May/2020:10:26:23 +0000] "Setting mode for '/var/www/engine/bin/NETWORK/tests/test_net_test.py' to 777 ..."
NOTICE clients.sftp.uploadfile(3) - [28/May/2020:10:27:58 +0000] "'/var/www/engine/bin/NETWORK/tests/test_net_test.py' matches with mode pattern '/**/*.py'"
INFO clients.sftp.uploadfile(1) - [28/May/2020:10:27:58 +0000] "Setting mode for '/var/www/engine/bin/NETWORK/tests/test_net_test.py' to 777 ..."
NOTICE clients.sftp.uploadfile(3) - [28/May/2020:10:29:01 +0000] "'/var/www/engine/bin/NETWORK/tests/test_params.py' matches with mode pattern '/**/*.py'"
INFO clients.sftp.uploadfile(1) - [28/May/2020:10:29:02 +0000] "Setting mode for '/var/www/engine/bin/NETWORK/tests/test_params.py' to 777 ..."
NOTICE clients.sftp.uploadfile(3) - [28/May/2020:10:29:28 +0000] "'/var/www/engine/bin/NETWORK/tests/test_net_test.py' matches with mode pattern '/**/*.py'"
INFO clients.sftp.uploadfile(1) - [28/May/2020:10:29:28 +0000] "Setting mode for '/var/www/engine/bin/NETWORK/tests/test_net_test.py' to 777 ..."
NOTICE clients.sftp.uploadfile(3) - [28/May/2020:10:30:32 +0000] "'/var/www/engine/bin/NETWORK/tests/test_net_test.py' matches with mode pattern '/**/*.py'"
INFO clients.sftp.uploadfile(1) - [28/May/2020:10:30:32 +0000] "Setting mode for '/var/www/engine/bin/NETWORK/tests/test_net_test.py' to 777 ..."
NOTICE clients.sftp.uploadfile(3) - [28/May/2020:10:31:02 +0000] "'/var/www/engine/bin/NETWORK/tests/test_net_test.py' matches with mode pattern '/**/*.py'"
INFO clients.sftp.uploadfile(1) - [28/May/2020:10:31:02 +0000] "Setting mode for '/var/www/engine/bin/NETWORK/tests/test_net_test.py' to 777 ..."
NOTICE clients.sftp.uploadfile(3) - [28/May/2020:10:31:45 +0000] "'/var/www/engine/bin/NETWORK/tests/test_net_test.py' matches with mode pattern '/**/*.py'"
INFO clients.sftp.uploadfile(1) - [28/May/2020:10:31:45 +0000] "Setting mode for '/var/www/engine/bin/NETWORK/tests/test_net_test.py' to 777 ..."
NOTICE clients.sftp.uploadfile(3) - [28/May/2020:10:33:58 +0000] "'/var/www/engine/bin/NETWORK/tests/test_net_test.py' matches with mode pattern '/**/*.py'"
INFO clients.sftp.uploadfile(1) - [28/May/2020:10:33:58 +0000] "Setting mode for '/var/www/engine/bin/NETWORK/tests/test_net_test.py' to 777 ..."
NOTICE clients.sftp.uploadfile(3) - [28/May/2020:10:34:47 +0000] "'/var/www/engine/bin/NETWORK/tests/test_net.py' matches with mode pattern '/**/*.py'"
INFO clients.sftp.uploadfile(1) - [28/May/2020:10:34:47 +0000] "Setting mode for '/var/www/engine/bin/NETWORK/tests/test_net.py' to 777 ..."
NOTICE clients.sftp.uploadfile(3) - [28/May/2020:11:05:10 +0000] "'/var/www/engine/bin/NETWORK/tests/test_net.py' matches with mode pattern '/**/*.py'"
INFO clients.sftp.uploadfile(1) - [28/May/2020:11:05:10 +0000] "Setting mode for '/var/www/engine/bin/NETWORK/tests/test_net.py' to 777 ..."
NOTICE clients.sftp.uploadfile(3) - [28/May/2020:11:05:45 +0000] "'/var/www/engine/bin/NETWORK/tests/test_net.py' matches with mode pattern '/**/*.py'"
INFO clients.sftp.uploadfile(1) - [28/May/2020:11:05:46 +0000] "Setting mode for '/var/www/engine/bin/NETWORK/tests/test_net.py' to 777 ..."
NOTICE clients.sftp.uploadfile(3) - [28/May/2020:11:06:08 +0000] "'/var/www/engine/bin/NETWORK/tests/test_net.py' matches with mode pattern '/**/*.py'"
INFO clients.sftp.uploadfile(1) - [28/May/2020:11:06:08 +0000] "Setting mode for '/var/www/engine/bin/NETWORK/tests/test_net.py' to 777 ..."
NOTICE clients.sftp.uploadfile(3) - [28/May/2020:11:08:02 +0000] "'/var/www/engine/bin/NETWORK/controllers/virt.py' matches with mode pattern '/**/*.py'"
INFO clients.sftp.uploadfile(1) - [28/May/2020:11:08:03 +0000] "Setting mode for '/var/www/engine/bin/NETWORK/controllers/virt.py' to 777 ..."
NOTICE clients.sftp.uploadfile(3) - [28/May/2020:11:14:19 +0000] "'/var/www/engine/bin/NETWORK/tests/test_net_test.py' matches with mode pattern '/**/*.py'"
INFO clients.sftp.uploadfile(1) - [28/May/2020:11:14:19 +0000] "Setting mode for '/var/www/engine/bin/NETWORK/tests/test_net_test.py' to 777 ..."
NOTICE clients.sftp.uploadfile(3) - [28/May/2020:11:14:58 +0000] "'/var/www/engine/bin/NETWORK/tests/test_net_test.py' matches with mode pattern '/**/*.py'"
INFO clients.sftp.uploadfile(1) - [28/May/2020:11:14:58 +0000] "Setting mode for '/var/www/engine/bin/NETWORK/tests/test_net_test.py' to 777 ..."
NOTICE clients.sftp.uploadfile(3) - [28/May/2020:11:15:55 +0000] "'/var/www/engine/bin/NETWORK/tests/test_net_test.py' matches with mode pattern '/**/*.py'"
INFO clients.sftp.uploadfile(1) - [28/May/2020:11:15:56 +0000] "Setting mode for '/var/www/engine/bin/NETWORK/tests/test_net_test.py' to 777 ..."
NOTICE clients.sftp.uploadfile(3) - [28/May/2020:11:19:39 +0000] "'/var/www/engine/bin/NETWORK/tests/test_net_test.py' matches with mode pattern '/**/*.py'"
INFO clients.sftp.uploadfile(1) - [28/May/2020:11:19:39 +0000] "Setting mode for '/var/www/engine/bin/NETWORK/tests/test_net_test.py' to 777 ..."
NOTICE clients.sftp.uploadfile(3) - [28/May/2020:11:20:33 +0000] "'/var/www/engine/bin/NETWORK/tests/test_net_test.py' matches with mode pattern '/**/*.py'"
INFO clients.sftp.uploadfile(1) - [28/May/2020:11:20:33 +0000] "Setting mode for '/var/www/engine/bin/NETWORK/tests/test_net_test.py' to 777 ..."
NOTICE clients.sftp.uploadfile(3) - [28/May/2020:11:21:35 +0000] "'/var/www/engine/bin/NETWORK/tests/test_net_test.py' matches with mode pattern '/**/*.py'"
INFO clients.sftp.uploadfile(1) - [28/May/2020:11:21:36 +0000] "Setting mode for '/var/www/engine/bin/NETWORK/tests/test_net_test.py' to 777 ..."
NOTICE clients.sftp.uploadfile(3) - [28/May/2020:11:23:20 +0000] "'/var/www/engine/bin/NETWORK/controllers/virt.py' matches with mode pattern '/**/*.py'"
INFO clients.sftp.uploadfile(1) - [28/May/2020:11:23:20 +0000] "Setting mode for '/var/www/engine/bin/NETWORK/controllers/virt.py' to 777 ..."
NOTICE clients.sftp.uploadfile(3) - [28/May/2020:11:23:33 +0000] "'/var/www/engine/bin/NETWORK/tests/test_net_test.py' matches with mode pattern '/**/*.py'"
INFO clients.sftp.uploadfile(1) - [28/May/2020:11:23:34 +0000] "Setting mode for '/var/www/engine/bin/NETWORK/tests/test_net_test.py' to 777 ..."
NOTICE clients.sftp.uploadfile(3) - [28/May/2020:11:24:07 +0000] "'/var/www/engine/bin/NETWORK/controllers/virt.py' matches with mode pattern '/**/*.py'"
INFO clients.sftp.uploadfile(1) - [28/May/2020:11:24:07 +0000] "Setting mode for '/var/www/engine/bin/NETWORK/controllers/virt.py' to 777 ..."
NOTICE clients.sftp.uploadfile(3) - [28/May/2020:11:24:47 +0000] "'/var/www/engine/bin/NETWORK/controllers/virt.py' matches with mode pattern '/**/*.py'"
INFO clients.sftp.uploadfile(1) - [28/May/2020:11:24:47 +0000] "Setting mode for '/var/www/engine/bin/NETWORK/controllers/virt.py' to 777 ..."
NOTICE clients.sftp.uploadfile(3) - [28/May/2020:11:25:44 +0000] "'/var/www/engine/bin/NETWORK/controllers/virt.py' matches with mode pattern '/**/*.py'"
INFO clients.sftp.uploadfile(1) - [28/May/2020:11:25:44 +0000] "Setting mode for '/var/www/engine/bin/NETWORK/controllers/virt.py' to 777 ..."
NOTICE clients.sftp.uploadfile(3) - [28/May/2020:11:27:43 +0000] "'/var/www/engine/bin/NETWORK/tests/test_net_test.py' matches with mode pattern '/**/*.py'"
INFO clients.sftp.uploadfile(1) - [28/May/2020:11:27:44 +0000] "Setting mode for '/var/www/engine/bin/NETWORK/tests/test_net_test.py' to 777 ..."
NOTICE clients.sftp.uploadfile(3) - [28/May/2020:11:28:10 +0000] "'/var/www/engine/bin/NETWORK/tests/test_net_test.py' matches with mode pattern '/**/*.py'"
INFO clients.sftp.uploadfile(1) - [28/May/2020:11:28:11 +0000] "Setting mode for '/var/www/engine/bin/NETWORK/tests/test_net_test.py' to 777 ..."
NOTICE clients.sftp.uploadfile(3) - [28/May/2020:11:28:20 +0000] "'/var/www/engine/bin/NETWORK/tests/test_net_test.py' matches with mode pattern '/**/*.py'"
INFO clients.sftp.uploadfile(1) - [28/May/2020:11:28:20 +0000] "Setting mode for '/var/www/engine/bin/NETWORK/tests/test_net_test.py' to 777 ..."
NOTICE clients.sftp.uploadfile(3) - [28/May/2020:11:31:02 +0000] "'/var/www/engine/bin/NETWORK/tests/test_params.py' matches with mode pattern '/**/*.py'"
INFO clients.sftp.uploadfile(1) - [28/May/2020:11:31:03 +0000] "Setting mode for '/var/www/engine/bin/NETWORK/tests/test_params.py' to 777 ..."
NOTICE clients.sftp.uploadfile(3) - [28/May/2020:11:31:16 +0000] "'/var/www/engine/bin/NETWORK/tests/test_net.py' matches with mode pattern '/**/*.py'"
INFO clients.sftp.uploadfile(1) - [28/May/2020:11:31:16 +0000] "Setting mode for '/var/www/engine/bin/NETWORK/tests/test_net.py' to 777 ..."
NOTICE clients.sftp.uploadfile(3) - [28/May/2020:11:31:59 +0000] "'/var/www/engine/bin/NETWORK/tests/test_params.py' matches with mode pattern '/**/*.py'"
INFO clients.sftp.uploadfile(1) - [28/May/2020:11:31:59 +0000] "Setting mode for '/var/www/engine/bin/NETWORK/tests/test_params.py' to 777 ..."
NOTICE clients.sftp.uploadfile(3) - [28/May/2020:11:39:13 +0000] "'/var/www/engine/bin/NETWORK/tests/test_params.py' matches with mode pattern '/**/*.py'"
INFO clients.sftp.uploadfile(1) - [28/May/2020:11:39:14 +0000] "Setting mode for '/var/www/engine/bin/NETWORK/tests/test_params.py' to 777 ..."
NOTICE clients.sftp.uploadfile(3) - [28/May/2020:11:46:11 +0000] "'/var/www/engine/bin/NETWORK/tests/test_net.py' matches with mode pattern '/**/*.py'"
INFO clients.sftp.uploadfile(1) - [28/May/2020:11:46:12 +0000] "Setting mode for '/var/www/engine/bin/NETWORK/tests/test_net.py' to 777 ..."
NOTICE clients.sftp.uploadfile(3) - [28/May/2020:11:47:45 +0000] "'/var/www/engine/bin/NETWORK/tests/test_net.py' matches with mode pattern '/**/*.py'"
INFO clients.sftp.uploadfile(1) - [28/May/2020:11:47:46 +0000] "Setting mode for '/var/www/engine/bin/NETWORK/tests/test_net.py' to 777 ..."
NOTICE clients.sftp.uploadfile(3) - [28/May/2020:11:49:14 +0000] "'/var/www/engine/bin/NETWORK/tests/test_net.py' matches with mode pattern '/**/*.py'"
INFO clients.sftp.uploadfile(1) - [28/May/2020:11:49:14 +0000] "Setting mode for '/var/www/engine/bin/NETWORK/tests/test_net.py' to 777 ..."
NOTICE clients.sftp.uploadfile(3) - [28/May/2020:11:52:08 +0000] "'/var/www/engine/bin/NETWORK/tests/test_net.py' matches with mode pattern '/**/*.py'"
INFO clients.sftp.uploadfile(1) - [28/May/2020:11:52:08 +0000] "Setting mode for '/var/www/engine/bin/NETWORK/tests/test_net.py' to 777 ..."
NOTICE clients.sftp.uploadfile(3) - [28/May/2020:11:52:42 +0000] "'/var/www/engine/bin/NETWORK/tests/test_net.py' matches with mode pattern '/**/*.py'"
INFO clients.sftp.uploadfile(1) - [28/May/2020:11:52:42 +0000] "Setting mode for '/var/www/engine/bin/NETWORK/tests/test_net.py' to 777 ..."
NOTICE clients.sftp.uploadfile(3) - [28/May/2020:11:52:56 +0000] "'/var/www/engine/bin/NETWORK/tests/test_net.py' matches with mode pattern '/**/*.py'"
INFO clients.sftp.uploadfile(1) - [28/May/2020:11:52:56 +0000] "Setting mode for '/var/www/engine/bin/NETWORK/tests/test_net.py' to 777 ..."
NOTICE clients.sftp.uploadfile(3) - [28/May/2020:11:57:20 +0000] "'/var/www/engine/bin/NETWORK/tests/test_net.py' matches with mode pattern '/**/*.py'"
INFO clients.sftp.uploadfile(1) - [28/May/2020:11:57:20 +0000] "Setting mode for '/var/www/engine/bin/NETWORK/tests/test_net.py' to 777 ..."
NOTICE clients.sftp.uploadfile(3) - [28/May/2020:11:58:06 +0000] "'/var/www/engine/bin/NETWORK/tests/test_net.py' matches with mode pattern '/**/*.py'"
INFO clients.sftp.uploadfile(1) - [28/May/2020:11:58:06 +0000] "Setting mode for '/var/www/engine/bin/NETWORK/tests/test_net.py' to 777 ..."
NOTICE clients.sftp.uploadfile(3) - [28/May/2020:11:58:25 +0000] "'/var/www/engine/bin/NETWORK/tests/test_net.py' matches with mode pattern '/**/*.py'"
INFO clients.sftp.uploadfile(1) - [28/May/2020:11:58:25 +0000] "Setting mode for '/var/www/engine/bin/NETWORK/tests/test_net.py' to 777 ..."
NOTICE clients.sftp.uploadfile(3) - [28/May/2020:11:58:52 +0000] "'/var/www/engine/bin/NETWORK/tests/test_net.py' matches with mode pattern '/**/*.py'"
INFO clients.sftp.uploadfile(1) - [28/May/2020:11:58:52 +0000] "Setting mode for '/var/www/engine/bin/NETWORK/tests/test_net.py' to 777 ..."
NOTICE clients.sftp.uploadfile(3) - [28/May/2020:11:59:16 +0000] "'/var/www/engine/bin/NETWORK/tests/test_net.py' matches with mode pattern '/**/*.py'"
INFO clients.sftp.uploadfile(1) - [28/May/2020:11:59:16 +0000] "Setting mode for '/var/www/engine/bin/NETWORK/tests/test_net.py' to 777 ..."
NOTICE clients.sftp.uploadfile(3) - [28/May/2020:12:00:35 +0000] "'/var/www/engine/bin/NETWORK/tests/test_net.py' matches with mode pattern '/**/*.py'"
INFO clients.sftp.uploadfile(1) - [28/May/2020:12:00:35 +0000] "Setting mode for '/var/www/engine/bin/NETWORK/tests/test_net.py' to 777 ..."
NOTICE clients.sftp.uploadfile(3) - [28/May/2020:12:01:38 +0000] "'/var/www/engine/bin/NETWORK/tests/test_net.py' matches with mode pattern '/**/*.py'"
INFO clients.sftp.uploadfile(1) - [28/May/2020:12:01:38 +0000] "Setting mode for '/var/www/engine/bin/NETWORK/tests/test_net.py' to 777 ..."
NOTICE clients.sftp.uploadfile(3) - [28/May/2020:12:02:38 +0000] "'/var/www/engine/bin/NETWORK/tests/test_net.py' matches with mode pattern '/**/*.py'"
INFO clients.sftp.uploadfile(1) - [28/May/2020:12:02:38 +0000] "Setting mode for '/var/www/engine/bin/NETWORK/tests/test_net.py' to 777 ..."
NOTICE clients.sftp.uploadfile(3) - [28/May/2020:12:03:12 +0000] "'/var/www/engine/bin/NETWORK/tests/test_net.py' matches with mode pattern '/**/*.py'"
INFO clients.sftp.uploadfile(1) - [28/May/2020:12:03:12 +0000] "Setting mode for '/var/www/engine/bin/NETWORK/tests/test_net.py' to 777 ..."
NOTICE clients.sftp.uploadfile(3) - [28/May/2020:12:05:43 +0000] "'/var/www/engine/bin/NETWORK/tests/test_params.py' matches with mode pattern '/**/*.py'"
INFO clients.sftp.uploadfile(1) - [28/May/2020:12:05:43 +0000] "Setting mode for '/var/www/engine/bin/NETWORK/tests/test_params.py' to 777 ..."
NOTICE clients.sftp.uploadfile(3) - [28/May/2020:12:06:38 +0000] "'/var/www/engine/bin/NETWORK/tests/test_net.py' matches with mode pattern '/**/*.py'"
INFO clients.sftp.uploadfile(1) - [28/May/2020:12:06:38 +0000] "Setting mode for '/var/www/engine/bin/NETWORK/tests/test_net.py' to 777 ..."
NOTICE clients.sftp.uploadfile(3) - [28/May/2020:12:07:39 +0000] "'/var/www/engine/bin/NETWORK/tests/test_net.py' matches with mode pattern '/**/*.py'"
INFO clients.sftp.uploadfile(1) - [28/May/2020:12:07:39 +0000] "Setting mode for '/var/www/engine/bin/NETWORK/tests/test_net.py' to 777 ..."
NOTICE clients.sftp.uploadfile(3) - [28/May/2020:12:07:56 +0000] "'/var/www/engine/bin/NETWORK/tests/test_net.py' matches with mode pattern '/**/*.py'"
INFO clients.sftp.uploadfile(1) - [28/May/2020:12:07:56 +0000] "Setting mode for '/var/www/engine/bin/NETWORK/tests/test_net.py' to 777 ..."
NOTICE clients.sftp.uploadfile(3) - [28/May/2020:12:08:29 +0000] "'/var/www/engine/bin/NETWORK/tests/test_net.py' matches with mode pattern '/**/*.py'"
INFO clients.sftp.uploadfile(1) - [28/May/2020:12:08:29 +0000] "Setting mode for '/var/www/engine/bin/NETWORK/tests/test_net.py' to 777 ..."
NOTICE clients.sftp.uploadfile(3) - [28/May/2020:12:09:59 +0000] "'/var/www/engine/bin/NETWORK/tests/test_net.py' matches with mode pattern '/**/*.py'"
INFO clients.sftp.uploadfile(1) - [28/May/2020:12:10:00 +0000] "Setting mode for '/var/www/engine/bin/NETWORK/tests/test_net.py' to 777 ..."
NOTICE clients.sftp.uploadfile(3) - [28/May/2020:12:10:50 +0000] "'/var/www/engine/bin/NETWORK/tests/test_net.py' matches with mode pattern '/**/*.py'"
INFO clients.sftp.uploadfile(1) - [28/May/2020:12:10:50 +0000] "Setting mode for '/var/www/engine/bin/NETWORK/tests/test_net.py' to 777 ..."
NOTICE clients.sftp.uploadfile(3) - [28/May/2020:12:11:14 +0000] "'/var/www/engine/bin/NETWORK/tests/test_net.py' matches with mode pattern '/**/*.py'"
INFO clients.sftp.uploadfile(1) - [28/May/2020:12:11:14 +0000] "Setting mode for '/var/www/engine/bin/NETWORK/tests/test_net.py' to 777 ..."
NOTICE clients.sftp.uploadfile(3) - [28/May/2020:12:11:49 +0000] "'/var/www/engine/bin/NETWORK/tests/test_net.py' matches with mode pattern '/**/*.py'"
INFO clients.sftp.uploadfile(1) - [28/May/2020:12:11:49 +0000] "Setting mode for '/var/www/engine/bin/NETWORK/tests/test_net.py' to 777 ..."
NOTICE clients.sftp.uploadfile(3) - [28/May/2020:12:12:26 +0000] "'/var/www/engine/bin/NETWORK/tests/test_net.py' matches with mode pattern '/**/*.py'"
INFO clients.sftp.uploadfile(1) - [28/May/2020:12:12:26 +0000] "Setting mode for '/var/www/engine/bin/NETWORK/tests/test_net.py' to 777 ..."
NOTICE clients.sftp.uploadfile(3) - [28/May/2020:12:12:37 +0000] "'/var/www/engine/bin/NETWORK/tests/test_net.py' matches with mode pattern '/**/*.py'"
INFO clients.sftp.uploadfile(1) - [28/May/2020:12:12:37 +0000] "Setting mode for '/var/www/engine/bin/NETWORK/tests/test_net.py' to 777 ..."
NOTICE clients.sftp.uploadfile(3) - [28/May/2020:12:13:28 +0000] "'/var/www/engine/bin/NETWORK/tests/test_net.py' matches with mode pattern '/**/*.py'"
INFO clients.sftp.uploadfile(1) - [28/May/2020:12:13:28 +0000] "Setting mode for '/var/www/engine/bin/NETWORK/tests/test_net.py' to 777 ..."
NOTICE clients.sftp.uploadfile(3) - [28/May/2020:12:15:21 +0000] "'/var/www/engine/bin/NETWORK/tests/test_net.py' matches with mode pattern '/**/*.py'"
INFO clients.sftp.uploadfile(1) - [28/May/2020:12:15:21 +0000] "Setting mode for '/var/www/engine/bin/NETWORK/tests/test_net.py' to 777 ..."
NOTICE clients.sftp.uploadfile(3) - [28/May/2020:12:15:34 +0000] "'/var/www/engine/bin/NETWORK/tests/test_net.py' matches with mode pattern '/**/*.py'"
INFO clients.sftp.uploadfile(1) - [28/May/2020:12:15:34 +0000] "Setting mode for '/var/www/engine/bin/NETWORK/tests/test_net.py' to 777 ..."
NOTICE clients.sftp.uploadfile(3) - [28/May/2020:12:23:14 +0000] "'/var/www/engine/bin/NETWORK/tests/test_params.py' matches with mode pattern '/**/*.py'"
INFO clients.sftp.uploadfile(1) - [28/May/2020:12:23:14 +0000] "Setting mode for '/var/www/engine/bin/NETWORK/tests/test_params.py' to 777 ..."
NOTICE clients.sftp.uploadfile(3) - [28/May/2020:12:23:22 +0000] "'/var/www/engine/bin/NETWORK/tests/test_params.py' matches with mode pattern '/**/*.py'"
INFO clients.sftp.uploadfile(1) - [28/May/2020:12:23:22 +0000] "Setting mode for '/var/www/engine/bin/NETWORK/tests/test_params.py' to 777 ..."
NOTICE clients.sftp.uploadfile(3) - [28/May/2020:12:25:29 +0000] "'/var/www/engine/bin/NETWORK/tests/test_net.py' matches with mode pattern '/**/*.py'"
INFO clients.sftp.uploadfile(1) - [28/May/2020:12:25:29 +0000] "Setting mode for '/var/www/engine/bin/NETWORK/tests/test_net.py' to 777 ..."
NOTICE clients.sftp.uploadfile(3) - [28/May/2020:12:25:58 +0000] "'/var/www/engine/bin/NETWORK/tests/test_net.py' matches with mode pattern '/**/*.py'"
INFO clients.sftp.uploadfile(1) - [28/May/2020:12:25:58 +0000] "Setting mode for '/var/www/engine/bin/NETWORK/tests/test_net.py' to 777 ..."
NOTICE clients.sftp.uploadfile(3) - [28/May/2020:12:27:09 +0000] "'/var/www/engine/bin/NETWORK/tests/test_net.py' matches with mode pattern '/**/*.py'"
INFO clients.sftp.uploadfile(1) - [28/May/2020:12:27:09 +0000] "Setting mode for '/var/www/engine/bin/NETWORK/tests/test_net.py' to 777 ..."
NOTICE clients.sftp.uploadfile(3) - [28/May/2020:12:27:57 +0000] "'/var/www/engine/bin/NETWORK/tests/test_params.py' matches with mode pattern '/**/*.py'"
INFO clients.sftp.uploadfile(1) - [28/May/2020:12:27:57 +0000] "Setting mode for '/var/www/engine/bin/NETWORK/tests/test_params.py' to 777 ..."
NOTICE clients.sftp.uploadfile(3) - [28/May/2020:12:30:31 +0000] "'/var/www/engine/bin/NETWORK/tests/test_net.py' matches with mode pattern '/**/*.py'"
INFO clients.sftp.uploadfile(1) - [28/May/2020:12:30:31 +0000] "Setting mode for '/var/www/engine/bin/NETWORK/tests/test_net.py' to 777 ..."
NOTICE clients.sftp.uploadfile(3) - [28/May/2020:12:31:21 +0000] "'/var/www/engine/bin/NETWORK/tests/test_net.py' matches with mode pattern '/**/*.py'"
INFO clients.sftp.uploadfile(1) - [28/May/2020:12:31:22 +0000] "Setting mode for '/var/www/engine/bin/NETWORK/tests/test_net.py' to 777 ..."
NOTICE clients.sftp.uploadfile(3) - [28/May/2020:12:31:53 +0000] "'/var/www/engine/bin/NETWORK/tests/test_net.py' matches with mode pattern '/**/*.py'"
INFO clients.sftp.uploadfile(1) - [28/May/2020:12:31:53 +0000] "Setting mode for '/var/www/engine/bin/NETWORK/tests/test_net.py' to 777 ..."
TRACE workspaces.workspace.ondidchangeactivetexteditor(1) - [28/May/2020:12:43:04 +0000] "ENOENT: no such file or directory, lstat '/home/matrix/Documents/aerodisk/engine2/bin/NETWORK/tests/test_net_test.py'

Stack:
    at /home/matrix/.vscode/extensions/mkloubert.vscode-deploy-reloaded-0.89.0/out/log.js:88:52
    at ActionLogger.onLog (/home/matrix/.vscode/extensions/mkloubert.vscode-deploy-reloaded-0.89.0/node_modules/vscode-helpers/lib/logging/index.js:233:21)
    at ActionLogger.log (/home/matrix/.vscode/extensions/mkloubert.vscode-deploy-reloaded-0.89.0/node_modules/vscode-helpers/lib/logging/index.js:100:91)
    at /home/matrix/.vscode/extensions/mkloubert.vscode-deploy-reloaded-0.89.0/out/workspaces.js:3198:18
    at ActionLogger.onLog (/home/matrix/.vscode/extensions/mkloubert.vscode-deploy-reloaded-0.89.0/node_modules/vscode-helpers/lib/logging/index.js:233:21)
    at ActionLogger.log (/home/matrix/.vscode/extensions/mkloubert.vscode-deploy-reloaded-0.89.0/node_modules/vscode-helpers/lib/logging/index.js:100:91)
    at ActionLogger.logSync (/home/matrix/.vscode/extensions/mkloubert.vscode-deploy-reloaded-0.89.0/node_modules/vscode-helpers/lib/logging/index.js:113:14)
    at ActionLogger.trace (/home/matrix/.vscode/extensions/mkloubert.vscode-deploy-reloaded-0.89.0/node_modules/vscode-helpers/lib/logging/index.js:136:21)
    at Workspace.onDidChangeActiveTextEditor (/home/matrix/.vscode/extensions/mkloubert.vscode-deploy-reloaded-0.89.0/out/workspaces.js:2008:30)"
NOTICE clients.sftp.uploadfile(3) - [28/May/2020:13:12:08 +0000] "'/var/www/engine/bin/NETWORK/controllers/static.py' matches with mode pattern '/**/*.py'"
INFO clients.sftp.uploadfile(1) - [28/May/2020:13:12:09 +0000] "Setting mode for '/var/www/engine/bin/NETWORK/controllers/static.py' to 777 ..."
NOTICE clients.sftp.uploadfile(3) - [28/May/2020:13:34:27 +0000] "'/var/www/engine/bin/NETWORK/tests/test_net_test.py' matches with mode pattern '/**/*.py'"
INFO clients.sftp.uploadfile(1) - [28/May/2020:13:34:27 +0000] "Setting mode for '/var/www/engine/bin/NETWORK/tests/test_net_test.py' to 777 ..."
NOTICE clients.sftp.uploadfile(3) - [28/May/2020:13:38:17 +0000] "'/var/www/engine/bin/NETWORK/tests/test_net_test.py' matches with mode pattern '/**/*.py'"
INFO clients.sftp.uploadfile(1) - [28/May/2020:13:38:17 +0000] "Setting mode for '/var/www/engine/bin/NETWORK/tests/test_net_test.py' to 777 ..."
INFO extension.deploy.reloaded.loadplugins - [28/May/2020:13:59:40 +0000] "Loaded 19 plugins:
- app
- azureblob
- batch
- compiler
- dropbox
- each
- ftp
- list
- local
- mail
- map
- prompt
- s3bucket
- script
- sftp
- slack
- switch
- test
- zip
"
NOTICE clients.sftp.uploadfile(3) - [28/May/2020:14:01:58 +0000] "'/var/www/engine/bin/NETWORK/tests/test_params.py' matches with mode pattern '/**/*.py'"
INFO clients.sftp.uploadfile(1) - [28/May/2020:14:01:58 +0000] "Setting mode for '/var/www/engine/bin/NETWORK/tests/test_params.py' to 777 ..."
NOTICE clients.sftp.uploadfile(3) - [28/May/2020:14:02:54 +0000] "'/var/www/engine/bin/NETWORK/tests/test_net_test.py' matches with mode pattern '/**/*.py'"
INFO clients.sftp.uploadfile(1) - [28/May/2020:14:02:55 +0000] "Setting mode for '/var/www/engine/bin/NETWORK/tests/test_net_test.py' to 777 ..."
NOTICE clients.sftp.uploadfile(3) - [28/May/2020:14:03:21 +0000] "'/var/www/engine/bin/NETWORK/tests/test_params.py' matches with mode pattern '/**/*.py'"
INFO clients.sftp.uploadfile(1) - [28/May/2020:14:03:21 +0000] "Setting mode for '/var/www/engine/bin/NETWORK/tests/test_params.py' to 777 ..."
NOTICE clients.sftp.uploadfile(3) - [28/May/2020:14:04:40 +0000] "'/var/www/engine/bin/NETWORK/tests/test_params.py' matches with mode pattern '/**/*.py'"
INFO clients.sftp.uploadfile(1) - [28/May/2020:14:04:41 +0000] "Setting mode for '/var/www/engine/bin/NETWORK/tests/test_params.py' to 777 ..."
NOTICE clients.sftp.uploadfile(3) - [28/May/2020:14:06:07 +0000] "'/var/www/engine/bin/NETWORK/tests/test_params.py' matches with mode pattern '/**/*.py'"
INFO clients.sftp.uploadfile(1) - [28/May/2020:14:06:07 +0000] "Setting mode for '/var/www/engine/bin/NETWORK/tests/test_params.py' to 777 ..."
NOTICE clients.sftp.uploadfile(3) - [28/May/2020:14:07:07 +0000] "'/var/www/engine/bin/NETWORK/tests/test_params.py' matches with mode pattern '/**/*.py'"
INFO clients.sftp.uploadfile(1) - [28/May/2020:14:07:07 +0000] "Setting mode for '/var/www/engine/bin/NETWORK/tests/test_params.py' to 777 ..."
NOTICE clients.sftp.uploadfile(3) - [28/May/2020:14:13:22 +0000] "'/var/www/engine/bin/NETWORK/tests/test_net_test.py' matches with mode pattern '/**/*.py'"
INFO clients.sftp.uploadfile(1) - [28/May/2020:14:13:23 +0000] "Setting mode for '/var/www/engine/bin/NETWORK/tests/test_net_test.py' to 777 ..."
NOTICE clients.sftp.uploadfile(3) - [28/May/2020:14:13:27 +0000] "'/var/www/engine/bin/NETWORK/tests/test_params.py' matches with mode pattern '/**/*.py'"
INFO clients.sftp.uploadfile(1) - [28/May/2020:14:13:27 +0000] "Setting mode for '/var/www/engine/bin/NETWORK/tests/test_params.py' to 777 ..."
NOTICE clients.sftp.uploadfile(3) - [28/May/2020:14:16:46 +0000] "'/var/www/engine/bin/NETWORK/tests/test_params.py' matches with mode pattern '/**/*.py'"
INFO clients.sftp.uploadfile(1) - [28/May/2020:14:16:46 +0000] "Setting mode for '/var/www/engine/bin/NETWORK/tests/test_params.py' to 777 ..."
NOTICE clients.sftp.uploadfile(3) - [28/May/2020:14:23:24 +0000] "'/var/www/engine/bin/NETWORK/tests/test_net_test.py' matches with mode pattern '/**/*.py'"
INFO clients.sftp.uploadfile(1) - [28/May/2020:14:23:24 +0000] "Setting mode for '/var/www/engine/bin/NETWORK/tests/test_net_test.py' to 777 ..."
NOTICE clients.sftp.uploadfile(3) - [28/May/2020:14:23:50 +0000] "'/var/www/engine/bin/NETWORK/tests/test_params.py' matches with mode pattern '/**/*.py'"
INFO clients.sftp.uploadfile(1) - [28/May/2020:14:23:51 +0000] "Setting mode for '/var/www/engine/bin/NETWORK/tests/test_params.py' to 777 ..."
NOTICE clients.sftp.uploadfile(3) - [28/May/2020:14:26:30 +0000] "'/var/www/engine/bin/NETWORK/tests/test_net_test.py' matches with mode pattern '/**/*.py'"
INFO clients.sftp.uploadfile(1) - [28/May/2020:14:26:30 +0000] "Setting mode for '/var/www/engine/bin/NETWORK/tests/test_net_test.py' to 777 ..."
NOTICE clients.sftp.uploadfile(3) - [28/May/2020:14:27:49 +0000] "'/var/www/engine/bin/NETWORK/tests/test_net_test.py' matches with mode pattern '/**/*.py'"
INFO clients.sftp.uploadfile(1) - [28/May/2020:14:27:49 +0000] "Setting mode for '/var/www/engine/bin/NETWORK/tests/test_net_test.py' to 777 ..."
NOTICE clients.sftp.uploadfile(3) - [28/May/2020:14:28:25 +0000] "'/var/www/engine/bin/NETWORK/tests/test_net_test.py' matches with mode pattern '/**/*.py'"
INFO clients.sftp.uploadfile(1) - [28/May/2020:14:28:25 +0000] "Setting mode for '/var/www/engine/bin/NETWORK/tests/test_net_test.py' to 777 ..."
NOTICE clients.sftp.uploadfile(3) - [28/May/2020:14:29:07 +0000] "'/var/www/engine/bin/NETWORK/tests/test_net_test.py' matches with mode pattern '/**/*.py'"
INFO clients.sftp.uploadfile(1) - [28/May/2020:14:29:08 +0000] "Setting mode for '/var/www/engine/bin/NETWORK/tests/test_net_test.py' to 777 ..."
NOTICE clients.sftp.uploadfile(3) - [28/May/2020:14:30:58 +0000] "'/var/www/engine/bin/NETWORK/tests/test_net_test.py' matches with mode pattern '/**/*.py'"
INFO clients.sftp.uploadfile(1) - [28/May/2020:14:30:58 +0000] "Setting mode for '/var/www/engine/bin/NETWORK/tests/test_net_test.py' to 777 ..."
NOTICE clients.sftp.uploadfile(3) - [28/May/2020:14:40:42 +0000] "'/var/www/engine/bin/NETWORK/tests/test_net_test.py' matches with mode pattern '/**/*.py'"
INFO clients.sftp.uploadfile(1) - [28/May/2020:14:40:42 +0000] "Setting mode for '/var/www/engine/bin/NETWORK/tests/test_net_test.py' to 777 ..."
NOTICE clients.sftp.uploadfile(3) - [28/May/2020:14:42:31 +0000] "'/var/www/engine/bin/NETWORK/tests/test_net_test.py' matches with mode pattern '/**/*.py'"
INFO clients.sftp.uploadfile(1) - [28/May/2020:14:42:31 +0000] "Setting mode for '/var/www/engine/bin/NETWORK/tests/test_net_test.py' to 777 ..."
NOTICE clients.sftp.uploadfile(3) - [28/May/2020:14:43:24 +0000] "'/var/www/engine/bin/NETWORK/tests/test_net_test.py' matches with mode pattern '/**/*.py'"
INFO clients.sftp.uploadfile(1) - [28/May/2020:14:43:24 +0000] "Setting mode for '/var/www/engine/bin/NETWORK/tests/test_net_test.py' to 777 ..."
NOTICE clients.sftp.uploadfile(3) - [28/May/2020:14:44:25 +0000] "'/var/www/engine/bin/NETWORK/tests/test_net_test.py' matches with mode pattern '/**/*.py'"
INFO clients.sftp.uploadfile(1) - [28/May/2020:14:44:25 +0000] "Setting mode for '/var/www/engine/bin/NETWORK/tests/test_net_test.py' to 777 ..."
NOTICE clients.sftp.uploadfile(3) - [28/May/2020:14:51:04 +0000] "'/var/www/engine/bin/NETWORK/tests/test_net.py' matches with mode pattern '/**/*.py'"
INFO clients.sftp.uploadfile(1) - [28/May/2020:14:51:07 +0000] "Setting mode for '/var/www/engine/bin/NETWORK/tests/test_net.py' to 777 ..."
NOTICE clients.sftp.uploadfile(3) - [28/May/2020:14:52:16 +0000] "'/var/www/engine/bin/NETWORK/tests/test_net.py' matches with mode pattern '/**/*.py'"
INFO clients.sftp.uploadfile(1) - [28/May/2020:14:52:16 +0000] "Setting mode for '/var/www/engine/bin/NETWORK/tests/test_net.py' to 777 ..."
NOTICE clients.sftp.uploadfile(3) - [28/May/2020:14:52:54 +0000] "'/var/www/engine/bin/NETWORK/tests/test_net.py' matches with mode pattern '/**/*.py'"
INFO clients.sftp.uploadfile(1) - [28/May/2020:14:52:54 +0000] "Setting mode for '/var/www/engine/bin/NETWORK/tests/test_net.py' to 777 ..."
NOTICE clients.sftp.uploadfile(3) - [28/May/2020:15:26:46 +0000] "'/var/www/engine/bin/NETWORK/controllers/static.py' matches with mode pattern '/**/*.py'"
INFO clients.sftp.uploadfile(1) - [28/May/2020:15:26:47 +0000] "Setting mode for '/var/www/engine/bin/NETWORK/controllers/static.py' to 777 ..."
NOTICE clients.sftp.uploadfile(3) - [28/May/2020:15:34:56 +0000] "'/var/www/engine/bin/NETWORK/tests/test_net_test.py' matches with mode pattern '/**/*.py'"
INFO clients.sftp.uploadfile(1) - [28/May/2020:15:34:57 +0000] "Setting mode for '/var/www/engine/bin/NETWORK/tests/test_net_test.py' to 777 ..."
NOTICE clients.sftp.uploadfile(3) - [28/May/2020:15:35:36 +0000] "'/var/www/engine/bin/NETWORK/tests/test_net_test.py' matches with mode pattern '/**/*.py'"
INFO clients.sftp.uploadfile(1) - [28/May/2020:15:35:36 +0000] "Setting mode for '/var/www/engine/bin/NETWORK/tests/test_net_test.py' to 777 ..."
NOTICE clients.sftp.uploadfile(3) - [28/May/2020:15:38:22 +0000] "'/var/www/engine/bin/NETWORK/controllers/static.py' matches with mode pattern '/**/*.py'"
INFO clients.sftp.uploadfile(1) - [28/May/2020:15:38:23 +0000] "Setting mode for '/var/www/engine/bin/NETWORK/controllers/static.py' to 777 ..."
NOTICE clients.sftp.uploadfile(3) - [28/May/2020:15:38:42 +0000] "'/var/www/engine/bin/NETWORK/tests/test_net_test.py' matches with mode pattern '/**/*.py'"
INFO clients.sftp.uploadfile(1) - [28/May/2020:15:38:42 +0000] "Setting mode for '/var/www/engine/bin/NETWORK/tests/test_net_test.py' to 777 ..."
NOTICE clients.sftp.uploadfile(3) - [28/May/2020:15:41:07 +0000] "'/var/www/engine/bin/NETWORK/tests/test_net_test.py' matches with mode pattern '/**/*.py'"
INFO clients.sftp.uploadfile(1) - [28/May/2020:15:41:07 +0000] "Setting mode for '/var/www/engine/bin/NETWORK/tests/test_net_test.py' to 777 ..."
NOTICE clients.sftp.uploadfile(3) - [28/May/2020:15:42:08 +0000] "'/var/www/engine/bin/NETWORK/controllers/static.py' matches with mode pattern '/**/*.py'"
INFO clients.sftp.uploadfile(1) - [28/May/2020:15:42:08 +0000] "Setting mode for '/var/www/engine/bin/NETWORK/controllers/static.py' to 777 ..."
NOTICE clients.sftp.uploadfile(3) - [28/May/2020:15:42:44 +0000] "'/var/www/engine/bin/NETWORK/tests/test_net_test.py' matches with mode pattern '/**/*.py'"
INFO clients.sftp.uploadfile(1) - [28/May/2020:15:42:45 +0000] "Setting mode for '/var/www/engine/bin/NETWORK/tests/test_net_test.py' to 777 ..."
NOTICE clients.sftp.uploadfile(3) - [28/May/2020:15:43:43 +0000] "'/var/www/engine/bin/NETWORK/controllers/static.py' matches with mode pattern '/**/*.py'"
INFO clients.sftp.uploadfile(1) - [28/May/2020:15:43:43 +0000] "Setting mode for '/var/www/engine/bin/NETWORK/controllers/static.py' to 777 ..."
NOTICE clients.sftp.uploadfile(3) - [28/May/2020:15:44:02 +0000] "'/var/www/engine/bin/NETWORK/controllers/static.py' matches with mode pattern '/**/*.py'"
INFO clients.sftp.uploadfile(1) - [28/May/2020:15:44:03 +0000] "Setting mode for '/var/www/engine/bin/NETWORK/controllers/static.py' to 777 ..."
NOTICE clients.sftp.uploadfile(3) - [28/May/2020:15:52:08 +0000] "'/var/www/engine/bin/NETWORK/tests/test_net_test.py' matches with mode pattern '/**/*.py'"
INFO clients.sftp.uploadfile(1) - [28/May/2020:15:52:08 +0000] "Setting mode for '/var/www/engine/bin/NETWORK/tests/test_net_test.py' to 777 ..."
NOTICE clients.sftp.uploadfile(3) - [28/May/2020:15:52:14 +0000] "'/var/www/engine/bin/NETWORK/controllers/static.py' matches with mode pattern '/**/*.py'"
INFO clients.sftp.uploadfile(1) - [28/May/2020:15:52:15 +0000] "Setting mode for '/var/www/engine/bin/NETWORK/controllers/static.py' to 777 ..."
NOTICE clients.sftp.uploadfile(3) - [28/May/2020:15:52:58 +0000] "'/var/www/engine/bin/NETWORK/tests/test_net_test.py' matches with mode pattern '/**/*.py'"
INFO clients.sftp.uploadfile(1) - [28/May/2020:15:52:58 +0000] "Setting mode for '/var/www/engine/bin/NETWORK/tests/test_net_test.py' to 777 ..."
NOTICE clients.sftp.uploadfile(3) - [28/May/2020:15:53:31 +0000] "'/var/www/engine/bin/NETWORK/tests/test_net_test.py' matches with mode pattern '/**/*.py'"
INFO clients.sftp.uploadfile(1) - [28/May/2020:15:53:32 +0000] "Setting mode for '/var/www/engine/bin/NETWORK/tests/test_net_test.py' to 777 ..."
NOTICE clients.sftp.uploadfile(3) - [28/May/2020:15:53:56 +0000] "'/var/www/engine/bin/NETWORK/controllers/static.py' matches with mode pattern '/**/*.py'"
INFO clients.sftp.uploadfile(1) - [28/May/2020:15:53:56 +0000] "Setting mode for '/var/www/engine/bin/NETWORK/controllers/static.py' to 777 ..."
NOTICE clients.sftp.uploadfile(3) - [28/May/2020:15:54:22 +0000] "'/var/www/engine/bin/NETWORK/controllers/static.py' matches with mode pattern '/**/*.py'"
INFO clients.sftp.uploadfile(1) - [28/May/2020:15:54:22 +0000] "Setting mode for '/var/www/engine/bin/NETWORK/controllers/static.py' to 777 ..."
NOTICE clients.sftp.uploadfile(3) - [28/May/2020:15:56:40 +0000] "'/var/www/engine/bin/NETWORK/controllers/phys.py' matches with mode pattern '/**/*.py'"
INFO clients.sftp.uploadfile(1) - [28/May/2020:15:56:41 +0000] "Setting mode for '/var/www/engine/bin/NETWORK/controllers/phys.py' to 777 ..."
NOTICE clients.sftp.uploadfile(3) - [28/May/2020:15:57:51 +0000] "'/var/www/engine/bin/NETWORK/controllers/phys.py' matches with mode pattern '/**/*.py'"
INFO clients.sftp.uploadfile(1) - [28/May/2020:15:57:51 +0000] "Setting mode for '/var/www/engine/bin/NETWORK/controllers/phys.py' to 777 ..."
