INFO extension.deploy.reloaded.loadplugins - [10/Jun/2020:05:15:40 +0000] "Loaded 19 plugins:
- app
- azureblob
- batch
- compiler
- dropbox
- each
- ftp
- list
- local
- mail
- map
- prompt
- s3bucket
- script
- sftp
- slack
- switch
- test
- zip
"
INFO extension.deploy.reloaded.loadplugins - [10/Jun/2020:12:23:56 +0000] "Loaded 19 plugins:
- app
- azureblob
- batch
- compiler
- dropbox
- each
- ftp
- list
- local
- mail
- map
- prompt
- s3bucket
- script
- sftp
- slack
- switch
- test
- zip
"
NOTICE clients.sftp.uploadfile(3) - [10/Jun/2020:12:26:02 +0000] "'/var/www/engine/html/assets/js/react.js' does NOT match with a mode pattern"
