NOTICE clients.sftp.uploadfile(3) - [18/May/2020:04:06:30 +0000] "'/var/www/engine/html/assets/js/react.js' does NOT match with a mode pattern"
NOTICE clients.sftp.uploadfile(3) - [18/May/2020:04:08:53 +0000] "'/var/www/engine/html/assets/js/react.js' does NOT match with a mode pattern"
NOTICE clients.sftp.uploadfile(3) - [18/May/2020:04:11:34 +0000] "'/var/www/engine/html/assets/js/react.js' does NOT match with a mode pattern"
NOTICE clients.sftp.uploadfile(3) - [18/May/2020:04:12:55 +0000] "'/var/www/engine/html/assets/js/react.js' does NOT match with a mode pattern"
NOTICE clients.sftp.uploadfile(3) - [18/May/2020:04:13:46 +0000] "'/var/www/engine/html/assets/js/react.js' does NOT match with a mode pattern"
NOTICE clients.sftp.uploadfile(3) - [18/May/2020:04:15:16 +0000] "'/var/www/engine/html/assets/js/react.js' does NOT match with a mode pattern"
NOTICE clients.sftp.uploadfile(3) - [18/May/2020:04:20:18 +0000] "'/var/www/engine/html/assets/js/react.js' does NOT match with a mode pattern"
INFO extension.deploy.reloaded.loadplugins - [18/May/2020:04:36:25 +0000] "Loaded 19 plugins:
- app
- azureblob
- batch
- compiler
- dropbox
- each
- ftp
- list
- local
- mail
- map
- prompt
- s3bucket
- script
- sftp
- slack
- switch
- test
- zip
"
INFO extension.deploy.reloaded.loadplugins - [18/May/2020:04:55:56 +0000] "Loaded 19 plugins:
- app
- azureblob
- batch
- compiler
- dropbox
- each
- ftp
- list
- local
- mail
- map
- prompt
- s3bucket
- script
- sftp
- slack
- switch
- test
- zip
"
INFO extension.deploy.reloaded.loadplugins - [18/May/2020:04:58:30 +0000] "Loaded 19 plugins:
- app
- azureblob
- batch
- compiler
- dropbox
- each
- ftp
- list
- local
- mail
- map
- prompt
- s3bucket
- script
- sftp
- slack
- switch
- test
- zip
"
INFO extension.deploy.reloaded.loadplugins - [18/May/2020:05:00:27 +0000] "Loaded 19 plugins:
- app
- azureblob
- batch
- compiler
- dropbox
- each
- ftp
- list
- local
- mail
- map
- prompt
- s3bucket
- script
- sftp
- slack
- switch
- test
- zip
"
INFO extension.deploy.reloaded.loadplugins - [18/May/2020:05:09:14 +0000] "Loaded 19 plugins:
- app
- azureblob
- batch
- compiler
- dropbox
- each
- ftp
- list
- local
- mail
- map
- prompt
- s3bucket
- script
- sftp
- slack
- switch
- test
- zip
"
INFO extension.deploy.reloaded.loadplugins - [18/May/2020:05:15:19 +0000] "Loaded 19 plugins:
- app
- azureblob
- batch
- compiler
- dropbox
- each
- ftp
- list
- local
- mail
- map
- prompt
- s3bucket
- script
- sftp
- slack
- switch
- test
- zip
"
INFO extension.deploy.reloaded.loadplugins - [18/May/2020:05:19:14 +0000] "Loaded 19 plugins:
- app
- azureblob
- batch
- compiler
- dropbox
- each
- ftp
- list
- local
- mail
- map
- prompt
- s3bucket
- script
- sftp
- slack
- switch
- test
- zip
"
INFO extension.deploy.reloaded.loadplugins - [18/May/2020:05:32:44 +0000] "Loaded 19 plugins:
- app
- azureblob
- batch
- compiler
- dropbox
- each
- ftp
- list
- local
- mail
- map
- prompt
- s3bucket
- script
- sftp
- slack
- switch
- test
- zip
"
INFO extension.deploy.reloaded.loadplugins - [18/May/2020:05:33:45 +0000] "Loaded 19 plugins:
- app
- azureblob
- batch
- compiler
- dropbox
- each
- ftp
- list
- local
- mail
- map
- prompt
- s3bucket
- script
- sftp
- slack
- switch
- test
- zip
"
INFO extension.deploy.reloaded.loadplugins - [18/May/2020:05:35:00 +0000] "Loaded 19 plugins:
- app
- azureblob
- batch
- compiler
- dropbox
- each
- ftp
- list
- local
- mail
- map
- prompt
- s3bucket
- script
- sftp
- slack
- switch
- test
- zip
"
INFO extension.deploy.reloaded.loadplugins - [18/May/2020:05:50:13 +0000] "Loaded 19 plugins:
- app
- azureblob
- batch
- compiler
- dropbox
- each
- ftp
- list
- local
- mail
- map
- prompt
- s3bucket
- script
- sftp
- slack
- switch
- test
- zip
"
INFO extension.deploy.reloaded.loadplugins - [18/May/2020:05:53:39 +0000] "Loaded 19 plugins:
- app
- azureblob
- batch
- compiler
- dropbox
- each
- ftp
- list
- local
- mail
- map
- prompt
- s3bucket
- script
- sftp
- slack
- switch
- test
- zip
"
NOTICE clients.sftp.uploadfile(3) - [18/May/2020:06:57:12 +0000] "'/var/www/engine/bin/NETWORK/controller.py' matches with mode pattern '/**/*.py'"
INFO clients.sftp.uploadfile(1) - [18/May/2020:06:57:12 +0000] "Setting mode for '/var/www/engine/bin/NETWORK/controller.py' to 777 ..."
INFO extension.deploy.reloaded.loadplugins - [18/May/2020:07:16:07 +0000] "Loaded 19 plugins:
- app
- azureblob
- batch
- compiler
- dropbox
- each
- ftp
- list
- local
- mail
- map
- prompt
- s3bucket
- script
- sftp
- slack
- switch
- test
- zip
"
NOTICE clients.sftp.uploadfile(3) - [18/May/2020:07:17:29 +0000] "'/var/www/engine/bin/NETWORK/controllers/bond.py' matches with mode pattern '/**/*.py'"
INFO clients.sftp.uploadfile(1) - [18/May/2020:07:17:30 +0000] "Setting mode for '/var/www/engine/bin/NETWORK/controllers/bond.py' to 777 ..."
NOTICE clients.sftp.uploadfile(3) - [18/May/2020:07:18:29 +0000] "'/var/www/engine/bin/NETWORK/controllers/bond.py' matches with mode pattern '/**/*.py'"
INFO clients.sftp.uploadfile(1) - [18/May/2020:07:18:30 +0000] "Setting mode for '/var/www/engine/bin/NETWORK/controllers/bond.py' to 777 ..."
NOTICE clients.sftp.uploadfile(3) - [18/May/2020:07:21:10 +0000] "'/var/www/engine/bin/NETWORK/controllers/bond.py' matches with mode pattern '/**/*.py'"
INFO clients.sftp.uploadfile(1) - [18/May/2020:07:21:10 +0000] "Setting mode for '/var/www/engine/bin/NETWORK/controllers/bond.py' to 777 ..."
NOTICE clients.sftp.uploadfile(3) - [18/May/2020:07:21:56 +0000] "'/var/www/engine/bin/NETWORK/controller.py' matches with mode pattern '/**/*.py'"
INFO clients.sftp.uploadfile(1) - [18/May/2020:07:21:56 +0000] "Setting mode for '/var/www/engine/bin/NETWORK/controller.py' to 777 ..."
NOTICE clients.sftp.uploadfile(3) - [18/May/2020:07:24:59 +0000] "'/var/www/engine/html/assets/js/react.js' does NOT match with a mode pattern"
NOTICE clients.sftp.uploadfile(3) - [18/May/2020:07:27:42 +0000] "'/var/www/engine/bin/NETWORK/controllers/bond.py' matches with mode pattern '/**/*.py'"
INFO clients.sftp.uploadfile(1) - [18/May/2020:07:27:42 +0000] "Setting mode for '/var/www/engine/bin/NETWORK/controllers/bond.py' to 777 ..."
NOTICE clients.sftp.uploadfile(3) - [18/May/2020:07:31:25 +0000] "'/var/www/engine/bin/NETWORK/controllers/bond.py' matches with mode pattern '/**/*.py'"
INFO clients.sftp.uploadfile(1) - [18/May/2020:07:31:26 +0000] "Setting mode for '/var/www/engine/bin/NETWORK/controllers/bond.py' to 777 ..."
NOTICE clients.sftp.uploadfile(3) - [18/May/2020:07:32:29 +0000] "'/var/www/engine/bin/NETWORK/controllers/bond.py' matches with mode pattern '/**/*.py'"
INFO clients.sftp.uploadfile(1) - [18/May/2020:07:32:29 +0000] "Setting mode for '/var/www/engine/bin/NETWORK/controllers/bond.py' to 777 ..."
NOTICE clients.sftp.uploadfile(3) - [18/May/2020:07:43:22 +0000] "'/var/www/engine/bin/NETWORK/controllers/bond.py' matches with mode pattern '/**/*.py'"
INFO clients.sftp.uploadfile(1) - [18/May/2020:07:43:22 +0000] "Setting mode for '/var/www/engine/bin/NETWORK/controllers/bond.py' to 777 ..."
NOTICE clients.sftp.uploadfile(3) - [18/May/2020:07:48:11 +0000] "'/var/www/engine/bin/NETWORK/controllers/phys.py' matches with mode pattern '/**/*.py'"
INFO clients.sftp.uploadfile(1) - [18/May/2020:07:48:11 +0000] "Setting mode for '/var/www/engine/bin/NETWORK/controllers/phys.py' to 777 ..."
NOTICE clients.sftp.uploadfile(3) - [18/May/2020:07:54:11 +0000] "'/var/www/engine/bin/NETWORK/controllers/bond.py' matches with mode pattern '/**/*.py'"
INFO clients.sftp.uploadfile(1) - [18/May/2020:07:54:11 +0000] "Setting mode for '/var/www/engine/bin/NETWORK/controllers/bond.py' to 777 ..."
NOTICE clients.sftp.uploadfile(3) - [18/May/2020:08:08:20 +0000] "'/var/www/engine/bin/NETWORK/controllers/bond.py' matches with mode pattern '/**/*.py'"
INFO clients.sftp.uploadfile(1) - [18/May/2020:08:08:21 +0000] "Setting mode for '/var/www/engine/bin/NETWORK/controllers/bond.py' to 777 ..."
NOTICE clients.sftp.uploadfile(3) - [18/May/2020:08:09:34 +0000] "'/var/www/engine/bin/NETWORK/controllers/bond.py' matches with mode pattern '/**/*.py'"
INFO clients.sftp.uploadfile(1) - [18/May/2020:08:09:34 +0000] "Setting mode for '/var/www/engine/bin/NETWORK/controllers/bond.py' to 777 ..."
NOTICE clients.sftp.uploadfile(3) - [18/May/2020:08:26:22 +0000] "'/var/www/engine/bin/NETWORK/controllers/bond.py' matches with mode pattern '/**/*.py'"
INFO clients.sftp.uploadfile(1) - [18/May/2020:08:26:22 +0000] "Setting mode for '/var/www/engine/bin/NETWORK/controllers/bond.py' to 777 ..."
NOTICE clients.sftp.uploadfile(3) - [18/May/2020:08:31:19 +0000] "'/var/www/engine/bin/NETWORK/controllers/bond.py' matches with mode pattern '/**/*.py'"
INFO clients.sftp.uploadfile(1) - [18/May/2020:08:31:19 +0000] "Setting mode for '/var/www/engine/bin/NETWORK/controllers/bond.py' to 777 ..."
NOTICE clients.sftp.uploadfile(3) - [18/May/2020:08:33:06 +0000] "'/var/www/engine/bin/NETWORK/controllers/bond.py' matches with mode pattern '/**/*.py'"
INFO clients.sftp.uploadfile(1) - [18/May/2020:08:33:06 +0000] "Setting mode for '/var/www/engine/bin/NETWORK/controllers/bond.py' to 777 ..."
NOTICE clients.sftp.uploadfile(3) - [18/May/2020:10:14:33 +0000] "'/var/www/engine/bin/NETWORK/bonding-adapters.py' matches with mode pattern '/**/*.py'"
INFO clients.sftp.uploadfile(1) - [18/May/2020:10:14:34 +0000] "Setting mode for '/var/www/engine/bin/NETWORK/bonding-adapters.py' to 777 ..."
NOTICE clients.sftp.uploadfile(3) - [18/May/2020:10:20:21 +0000] "'/var/www/engine/bin/NETWORK/bonding-adapters.py' matches with mode pattern '/**/*.py'"
INFO clients.sftp.uploadfile(1) - [18/May/2020:10:20:22 +0000] "Setting mode for '/var/www/engine/bin/NETWORK/bonding-adapters.py' to 777 ..."
NOTICE clients.sftp.uploadfile(3) - [18/May/2020:10:47:19 +0000] "'/var/www/engine/bin/NETWORK/bonding-adapters.py' matches with mode pattern '/**/*.py'"
INFO clients.sftp.uploadfile(1) - [18/May/2020:10:47:19 +0000] "Setting mode for '/var/www/engine/bin/NETWORK/bonding-adapters.py' to 777 ..."
NOTICE clients.sftp.uploadfile(3) - [18/May/2020:10:55:42 +0000] "'/var/www/engine/bin/NETWORK/controller.py' matches with mode pattern '/**/*.py'"
INFO clients.sftp.uploadfile(1) - [18/May/2020:10:55:42 +0000] "Setting mode for '/var/www/engine/bin/NETWORK/controller.py' to 777 ..."
NOTICE clients.sftp.uploadfile(3) - [18/May/2020:10:55:51 +0000] "'/var/www/engine/bin/NETWORK/controllers/bond.py' matches with mode pattern '/**/*.py'"
INFO clients.sftp.uploadfile(1) - [18/May/2020:10:55:52 +0000] "Setting mode for '/var/www/engine/bin/NETWORK/controllers/bond.py' to 777 ..."
NOTICE clients.sftp.uploadfile(3) - [18/May/2020:10:59:23 +0000] "'/var/www/engine/bin/NETWORK/controllers/bond.py' matches with mode pattern '/**/*.py'"
INFO clients.sftp.uploadfile(1) - [18/May/2020:10:59:23 +0000] "Setting mode for '/var/www/engine/bin/NETWORK/controllers/bond.py' to 777 ..."
NOTICE clients.sftp.uploadfile(3) - [18/May/2020:10:59:40 +0000] "'/var/www/engine/bin/NETWORK/controllers/bond.py' matches with mode pattern '/**/*.py'"
INFO clients.sftp.uploadfile(1) - [18/May/2020:10:59:40 +0000] "Setting mode for '/var/www/engine/bin/NETWORK/controllers/bond.py' to 777 ..."
NOTICE clients.sftp.uploadfile(3) - [18/May/2020:11:39:21 +0000] "'/var/www/engine/bin/NETWORK/controllers/test.py' matches with mode pattern '/**/*.py'"
INFO clients.sftp.uploadfile(1) - [18/May/2020:11:39:21 +0000] "Setting mode for '/var/www/engine/bin/NETWORK/controllers/test.py' to 777 ..."
NOTICE clients.sftp.uploadfile(3) - [18/May/2020:11:40:36 +0000] "'/var/www/engine/bin/NETWORK/controllers/test.py' matches with mode pattern '/**/*.py'"
INFO clients.sftp.uploadfile(1) - [18/May/2020:11:40:37 +0000] "Setting mode for '/var/www/engine/bin/NETWORK/controllers/test.py' to 777 ..."
NOTICE clients.sftp.uploadfile(3) - [18/May/2020:11:41:36 +0000] "'/var/www/engine/bin/NETWORK/controllers/test.py' matches with mode pattern '/**/*.py'"
INFO clients.sftp.uploadfile(1) - [18/May/2020:11:41:36 +0000] "Setting mode for '/var/www/engine/bin/NETWORK/controllers/test.py' to 777 ..."
NOTICE clients.sftp.uploadfile(3) - [18/May/2020:11:58:23 +0000] "'/var/www/engine/bin/NETWORK/controllers/bond.py' matches with mode pattern '/**/*.py'"
INFO clients.sftp.uploadfile(1) - [18/May/2020:11:58:24 +0000] "Setting mode for '/var/www/engine/bin/NETWORK/controllers/bond.py' to 777 ..."
NOTICE clients.sftp.uploadfile(3) - [18/May/2020:12:16:15 +0000] "'/var/www/engine/bin/NETWORK/controllers/bond.py' matches with mode pattern '/**/*.py'"
INFO clients.sftp.uploadfile(1) - [18/May/2020:12:16:21 +0000] "Setting mode for '/var/www/engine/bin/NETWORK/controllers/bond.py' to 777 ..."
NOTICE clients.sftp.uploadfile(3) - [18/May/2020:13:11:58 +0000] "'/var/www/engine/html/assets/js/react.js' does NOT match with a mode pattern"
NOTICE clients.sftp.uploadfile(3) - [18/May/2020:13:48:32 +0000] "'/var/www/engine/html/assets/js/react.js' does NOT match with a mode pattern"
NOTICE clients.sftp.uploadfile(3) - [18/May/2020:13:51:10 +0000] "'/var/www/engine/html/assets/js/react.js' does NOT match with a mode pattern"
NOTICE clients.sftp.uploadfile(3) - [18/May/2020:13:55:07 +0000] "'/var/www/engine/html/assets/js/react.js' does NOT match with a mode pattern"
NOTICE clients.sftp.uploadfile(3) - [18/May/2020:13:56:46 +0000] "'/var/www/engine/html/assets/js/react.js' does NOT match with a mode pattern"
NOTICE clients.sftp.uploadfile(3) - [18/May/2020:13:59:16 +0000] "'/var/www/engine/html/assets/js/react.js' does NOT match with a mode pattern"
NOTICE clients.sftp.uploadfile(3) - [18/May/2020:14:01:00 +0000] "'/var/www/engine/html/assets/js/react.js' does NOT match with a mode pattern"
NOTICE clients.sftp.uploadfile(3) - [18/May/2020:14:02:37 +0000] "'/var/www/engine/html/assets/js/react.js' does NOT match with a mode pattern"
NOTICE clients.sftp.uploadfile(3) - [18/May/2020:14:05:33 +0000] "'/var/www/engine/html/assets/js/react.js' does NOT match with a mode pattern"
TRACE workspaces.workspace.ondidchangeactivetexteditor(1) - [18/May/2020:14:21:33 +0000] "ENOENT: no such file or directory, lstat '/home/matrix/Documents/aerodisk/engine2/bin/NETWORK/controllers/test.py'

Stack:
    at /home/matrix/.vscode/extensions/mkloubert.vscode-deploy-reloaded-0.89.0/out/log.js:88:52
    at ActionLogger.onLog (/home/matrix/.vscode/extensions/mkloubert.vscode-deploy-reloaded-0.89.0/node_modules/vscode-helpers/lib/logging/index.js:233:21)
    at ActionLogger.log (/home/matrix/.vscode/extensions/mkloubert.vscode-deploy-reloaded-0.89.0/node_modules/vscode-helpers/lib/logging/index.js:100:91)
    at /home/matrix/.vscode/extensions/mkloubert.vscode-deploy-reloaded-0.89.0/out/workspaces.js:3198:18
    at ActionLogger.onLog (/home/matrix/.vscode/extensions/mkloubert.vscode-deploy-reloaded-0.89.0/node_modules/vscode-helpers/lib/logging/index.js:233:21)
    at ActionLogger.log (/home/matrix/.vscode/extensions/mkloubert.vscode-deploy-reloaded-0.89.0/node_modules/vscode-helpers/lib/logging/index.js:100:91)
    at ActionLogger.logSync (/home/matrix/.vscode/extensions/mkloubert.vscode-deploy-reloaded-0.89.0/node_modules/vscode-helpers/lib/logging/index.js:113:14)
    at ActionLogger.trace (/home/matrix/.vscode/extensions/mkloubert.vscode-deploy-reloaded-0.89.0/node_modules/vscode-helpers/lib/logging/index.js:136:21)
    at Workspace.onDidChangeActiveTextEditor (/home/matrix/.vscode/extensions/mkloubert.vscode-deploy-reloaded-0.89.0/out/workspaces.js:2008:30)"
NOTICE clients.sftp.uploadfile(3) - [18/May/2020:14:22:38 +0000] "'/var/www/engine/bin/NETWORK/controllers/bond.py' matches with mode pattern '/**/*.py'"
INFO clients.sftp.uploadfile(1) - [18/May/2020:14:22:39 +0000] "Setting mode for '/var/www/engine/bin/NETWORK/controllers/bond.py' to 777 ..."
NOTICE clients.sftp.uploadfile(3) - [18/May/2020:14:39:55 +0000] "'/var/www/engine/bin/NETWORK/bonding-adapters.py' matches with mode pattern '/**/*.py'"
INFO clients.sftp.uploadfile(1) - [18/May/2020:14:39:55 +0000] "Setting mode for '/var/www/engine/bin/NETWORK/bonding-adapters.py' to 777 ..."
NOTICE clients.sftp.uploadfile(3) - [18/May/2020:14:41:07 +0000] "'/var/www/engine/bin/NETWORK/bonding-adapters.py' matches with mode pattern '/**/*.py'"
INFO clients.sftp.uploadfile(1) - [18/May/2020:14:41:08 +0000] "Setting mode for '/var/www/engine/bin/NETWORK/bonding-adapters.py' to 777 ..."
NOTICE clients.sftp.uploadfile(3) - [18/May/2020:14:42:45 +0000] "'/var/www/engine/bin/NETWORK/controllers/bond.py' matches with mode pattern '/**/*.py'"
INFO clients.sftp.uploadfile(1) - [18/May/2020:14:42:45 +0000] "Setting mode for '/var/www/engine/bin/NETWORK/controllers/bond.py' to 777 ..."
NOTICE clients.sftp.uploadfile(3) - [18/May/2020:15:10:38 +0000] "'/var/www/engine/bin/NETWORK/constants.py' matches with mode pattern '/**/*.py'"
INFO clients.sftp.uploadfile(1) - [18/May/2020:15:10:38 +0000] "Setting mode for '/var/www/engine/bin/NETWORK/constants.py' to 777 ..."
NOTICE clients.sftp.uploadfile(3) - [18/May/2020:15:13:19 +0000] "'/var/www/engine/bin/NETWORK/constants.py' matches with mode pattern '/**/*.py'"
INFO clients.sftp.uploadfile(1) - [18/May/2020:15:13:19 +0000] "Setting mode for '/var/www/engine/bin/NETWORK/constants.py' to 777 ..."
NOTICE clients.sftp.uploadfile(3) - [18/May/2020:17:49:33 +0000] "'/var/www/engine/bin/NETWORK/controllers/bond.py' matches with mode pattern '/**/*.py'"
INFO clients.sftp.uploadfile(1) - [18/May/2020:17:49:33 +0000] "Setting mode for '/var/www/engine/bin/NETWORK/controllers/bond.py' to 777 ..."
NOTICE clients.sftp.uploadfile(3) - [18/May/2020:17:53:44 +0000] "'/var/www/engine/bin/NETWORK/controllers/bond.py' matches with mode pattern '/**/*.py'"
INFO clients.sftp.uploadfile(1) - [18/May/2020:17:53:44 +0000] "Setting mode for '/var/www/engine/bin/NETWORK/controllers/bond.py' to 777 ..."
NOTICE clients.sftp.uploadfile(3) - [18/May/2020:17:53:49 +0000] "'/var/www/engine/bin/NETWORK/constants.py' matches with mode pattern '/**/*.py'"
INFO clients.sftp.uploadfile(1) - [18/May/2020:17:53:49 +0000] "Setting mode for '/var/www/engine/bin/NETWORK/constants.py' to 777 ..."
NOTICE clients.sftp.uploadfile(3) - [18/May/2020:17:56:10 +0000] "'/var/www/engine/bin/NETWORK/controllers/bond.py' matches with mode pattern '/**/*.py'"
INFO clients.sftp.uploadfile(1) - [18/May/2020:17:56:11 +0000] "Setting mode for '/var/www/engine/bin/NETWORK/controllers/bond.py' to 777 ..."
NOTICE clients.sftp.uploadfile(3) - [18/May/2020:18:10:06 +0000] "'/var/www/engine/bin/NETWORK/controllers/bond.py' matches with mode pattern '/**/*.py'"
INFO clients.sftp.uploadfile(1) - [18/May/2020:18:10:06 +0000] "Setting mode for '/var/www/engine/bin/NETWORK/controllers/bond.py' to 777 ..."
NOTICE clients.sftp.uploadfile(3) - [18/May/2020:18:10:09 +0000] "'/var/www/engine/bin/NETWORK/controller.py' matches with mode pattern '/**/*.py'"
INFO clients.sftp.uploadfile(1) - [18/May/2020:18:10:09 +0000] "Setting mode for '/var/www/engine/bin/NETWORK/controller.py' to 777 ..."
NOTICE clients.sftp.uploadfile(3) - [18/May/2020:18:10:12 +0000] "'/var/www/engine/bin/NETWORK/constants.py' matches with mode pattern '/**/*.py'"
INFO clients.sftp.uploadfile(1) - [18/May/2020:18:10:12 +0000] "Setting mode for '/var/www/engine/bin/NETWORK/constants.py' to 777 ..."
NOTICE clients.sftp.uploadfile(3) - [18/May/2020:18:15:37 +0000] "'/var/www/engine/html/assets/js/react.js' does NOT match with a mode pattern"
NOTICE clients.sftp.uploadfile(3) - [18/May/2020:18:16:12 +0000] "'/var/www/engine/bin/NETWORK/controller.py' matches with mode pattern '/**/*.py'"
INFO clients.sftp.uploadfile(1) - [18/May/2020:18:16:12 +0000] "Setting mode for '/var/www/engine/bin/NETWORK/controller.py' to 777 ..."
NOTICE clients.sftp.uploadfile(3) - [18/May/2020:18:30:51 +0000] "'/var/www/engine/html/assets/js/react.js' does NOT match with a mode pattern"
