NOTICE clients.sftp.uploadfile(3) - [24/May/2020:08:56:51 +0000] "'/var/www/engine/bin/NETWORK/tests/test_net.py' matches with mode pattern '/**/*.py'"
INFO clients.sftp.uploadfile(1) - [24/May/2020:08:56:51 +0000] "Setting mode for '/var/www/engine/bin/NETWORK/tests/test_net.py' to 777 ..."
NOTICE clients.sftp.uploadfile(3) - [24/May/2020:08:57:01 +0000] "'/var/www/engine/bin/NETWORK/tests/test_net.py' matches with mode pattern '/**/*.py'"
INFO clients.sftp.uploadfile(1) - [24/May/2020:08:57:01 +0000] "Setting mode for '/var/www/engine/bin/NETWORK/tests/test_net.py' to 777 ..."
NOTICE clients.sftp.uploadfile(3) - [24/May/2020:08:57:30 +0000] "'/var/www/engine/bin/NETWORK/tests/test_net.py' matches with mode pattern '/**/*.py'"
INFO clients.sftp.uploadfile(1) - [24/May/2020:08:57:30 +0000] "Setting mode for '/var/www/engine/bin/NETWORK/tests/test_net.py' to 777 ..."
NOTICE clients.sftp.uploadfile(3) - [24/May/2020:08:57:39 +0000] "'/var/www/engine/bin/NETWORK/tests/test_net.py' matches with mode pattern '/**/*.py'"
INFO clients.sftp.uploadfile(1) - [24/May/2020:08:57:39 +0000] "Setting mode for '/var/www/engine/bin/NETWORK/tests/test_net.py' to 777 ..."
NOTICE clients.sftp.uploadfile(3) - [24/May/2020:08:58:12 +0000] "'/var/www/engine/bin/NETWORK/tests/test_net.py' matches with mode pattern '/**/*.py'"
INFO clients.sftp.uploadfile(1) - [24/May/2020:08:58:12 +0000] "Setting mode for '/var/www/engine/bin/NETWORK/tests/test_net.py' to 777 ..."
NOTICE clients.sftp.uploadfile(3) - [24/May/2020:08:58:57 +0000] "'/var/www/engine/bin/NETWORK/tests/test_net.py' matches with mode pattern '/**/*.py'"
INFO clients.sftp.uploadfile(1) - [24/May/2020:08:58:57 +0000] "Setting mode for '/var/www/engine/bin/NETWORK/tests/test_net.py' to 777 ..."
NOTICE clients.sftp.uploadfile(3) - [24/May/2020:08:59:20 +0000] "'/var/www/engine/bin/NETWORK/tests/test_net.py' matches with mode pattern '/**/*.py'"
INFO clients.sftp.uploadfile(1) - [24/May/2020:08:59:20 +0000] "Setting mode for '/var/www/engine/bin/NETWORK/tests/test_net.py' to 777 ..."
NOTICE clients.sftp.uploadfile(3) - [24/May/2020:08:59:44 +0000] "'/var/www/engine/bin/NETWORK/tests/test_net.py' matches with mode pattern '/**/*.py'"
INFO clients.sftp.uploadfile(1) - [24/May/2020:08:59:44 +0000] "Setting mode for '/var/www/engine/bin/NETWORK/tests/test_net.py' to 777 ..."
NOTICE clients.sftp.uploadfile(3) - [24/May/2020:09:01:33 +0000] "'/var/www/engine/bin/NETWORK/tests/test.py' matches with mode pattern '/**/*.py'"
INFO clients.sftp.uploadfile(1) - [24/May/2020:09:01:33 +0000] "Setting mode for '/var/www/engine/bin/NETWORK/tests/test.py' to 777 ..."
NOTICE clients.sftp.uploadfile(3) - [24/May/2020:09:02:14 +0000] "'/var/www/engine/bin/NETWORK/tests/test.py' matches with mode pattern '/**/*.py'"
INFO clients.sftp.uploadfile(1) - [24/May/2020:09:02:14 +0000] "Setting mode for '/var/www/engine/bin/NETWORK/tests/test.py' to 777 ..."
NOTICE clients.sftp.uploadfile(3) - [24/May/2020:09:02:38 +0000] "'/var/www/engine/bin/NETWORK/tests/test.py' matches with mode pattern '/**/*.py'"
INFO clients.sftp.uploadfile(1) - [24/May/2020:09:02:38 +0000] "Setting mode for '/var/www/engine/bin/NETWORK/tests/test.py' to 777 ..."
NOTICE clients.sftp.uploadfile(3) - [24/May/2020:09:03:03 +0000] "'/var/www/engine/bin/NETWORK/tests/test.py' matches with mode pattern '/**/*.py'"
INFO clients.sftp.uploadfile(1) - [24/May/2020:09:03:04 +0000] "Setting mode for '/var/www/engine/bin/NETWORK/tests/test.py' to 777 ..."
NOTICE clients.sftp.uploadfile(3) - [24/May/2020:09:03:21 +0000] "'/var/www/engine/bin/NETWORK/tests/test.py' matches with mode pattern '/**/*.py'"
INFO clients.sftp.uploadfile(1) - [24/May/2020:09:03:21 +0000] "Setting mode for '/var/www/engine/bin/NETWORK/tests/test.py' to 777 ..."
NOTICE clients.sftp.uploadfile(3) - [24/May/2020:18:28:05 +0000] "'/var/www/engine/bin/NETWORK/tests/test_net.py' matches with mode pattern '/**/*.py'"
INFO clients.sftp.uploadfile(1) - [24/May/2020:18:28:05 +0000] "Setting mode for '/var/www/engine/bin/NETWORK/tests/test_net.py' to 777 ..."
NOTICE clients.sftp.uploadfile(3) - [24/May/2020:18:30:00 +0000] "'/var/www/engine/bin/NETWORK/tests/test_net.py' matches with mode pattern '/**/*.py'"
INFO clients.sftp.uploadfile(1) - [24/May/2020:18:30:00 +0000] "Setting mode for '/var/www/engine/bin/NETWORK/tests/test_net.py' to 777 ..."
NOTICE clients.sftp.uploadfile(3) - [24/May/2020:18:30:48 +0000] "'/var/www/engine/bin/NETWORK/tests/test_net.py' matches with mode pattern '/**/*.py'"
INFO clients.sftp.uploadfile(1) - [24/May/2020:18:30:48 +0000] "Setting mode for '/var/www/engine/bin/NETWORK/tests/test_net.py' to 777 ..."
NOTICE clients.sftp.uploadfile(3) - [24/May/2020:18:35:11 +0000] "'/var/www/engine/bin/NETWORK/tests/test_net.py' matches with mode pattern '/**/*.py'"
INFO clients.sftp.uploadfile(1) - [24/May/2020:18:35:11 +0000] "Setting mode for '/var/www/engine/bin/NETWORK/tests/test_net.py' to 777 ..."
NOTICE clients.sftp.uploadfile(3) - [24/May/2020:18:35:42 +0000] "'/var/www/engine/bin/NETWORK/tests/test_net.py' matches with mode pattern '/**/*.py'"
INFO clients.sftp.uploadfile(1) - [24/May/2020:18:35:42 +0000] "Setting mode for '/var/www/engine/bin/NETWORK/tests/test_net.py' to 777 ..."
NOTICE clients.sftp.uploadfile(3) - [24/May/2020:18:36:52 +0000] "'/var/www/engine/bin/NETWORK/tests/test_net.py' matches with mode pattern '/**/*.py'"
INFO clients.sftp.uploadfile(1) - [24/May/2020:18:36:52 +0000] "Setting mode for '/var/www/engine/bin/NETWORK/tests/test_net.py' to 777 ..."
NOTICE clients.sftp.uploadfile(3) - [24/May/2020:18:37:39 +0000] "'/var/www/engine/bin/NETWORK/tests/test_net.py' matches with mode pattern '/**/*.py'"
INFO clients.sftp.uploadfile(1) - [24/May/2020:18:37:39 +0000] "Setting mode for '/var/www/engine/bin/NETWORK/tests/test_net.py' to 777 ..."
NOTICE clients.sftp.uploadfile(3) - [24/May/2020:18:38:17 +0000] "'/var/www/engine/bin/NETWORK/tests/test_net.py' matches with mode pattern '/**/*.py'"
INFO clients.sftp.uploadfile(1) - [24/May/2020:18:38:17 +0000] "Setting mode for '/var/www/engine/bin/NETWORK/tests/test_net.py' to 777 ..."
NOTICE clients.sftp.uploadfile(3) - [24/May/2020:18:40:20 +0000] "'/var/www/engine/bin/NETWORK/tests/test_net.py' matches with mode pattern '/**/*.py'"
INFO clients.sftp.uploadfile(1) - [24/May/2020:18:40:20 +0000] "Setting mode for '/var/www/engine/bin/NETWORK/tests/test_net.py' to 777 ..."
NOTICE clients.sftp.uploadfile(3) - [24/May/2020:18:46:58 +0000] "'/var/www/engine/bin/NETWORK/tests/test_net.py' matches with mode pattern '/**/*.py'"
INFO clients.sftp.uploadfile(1) - [24/May/2020:18:46:58 +0000] "Setting mode for '/var/www/engine/bin/NETWORK/tests/test_net.py' to 777 ..."
NOTICE clients.sftp.uploadfile(3) - [24/May/2020:18:47:25 +0000] "'/var/www/engine/bin/NETWORK/tests/test_net.py' matches with mode pattern '/**/*.py'"
INFO clients.sftp.uploadfile(1) - [24/May/2020:18:47:25 +0000] "Setting mode for '/var/www/engine/bin/NETWORK/tests/test_net.py' to 777 ..."
NOTICE clients.sftp.uploadfile(3) - [24/May/2020:18:47:43 +0000] "'/var/www/engine/bin/NETWORK/tests/test_net.py' matches with mode pattern '/**/*.py'"
INFO clients.sftp.uploadfile(1) - [24/May/2020:18:47:43 +0000] "Setting mode for '/var/www/engine/bin/NETWORK/tests/test_net.py' to 777 ..."
NOTICE clients.sftp.uploadfile(3) - [24/May/2020:18:47:57 +0000] "'/var/www/engine/bin/NETWORK/tests/test_net.py' matches with mode pattern '/**/*.py'"
INFO clients.sftp.uploadfile(1) - [24/May/2020:18:47:57 +0000] "Setting mode for '/var/www/engine/bin/NETWORK/tests/test_net.py' to 777 ..."
NOTICE clients.sftp.uploadfile(3) - [24/May/2020:18:48:58 +0000] "'/var/www/engine/bin/NETWORK/tests/test_net.py' matches with mode pattern '/**/*.py'"
INFO clients.sftp.uploadfile(1) - [24/May/2020:18:48:58 +0000] "Setting mode for '/var/www/engine/bin/NETWORK/tests/test_net.py' to 777 ..."
NOTICE clients.sftp.uploadfile(3) - [24/May/2020:18:49:55 +0000] "'/var/www/engine/bin/NETWORK/tests/test_net.py' matches with mode pattern '/**/*.py'"
INFO clients.sftp.uploadfile(1) - [24/May/2020:18:49:56 +0000] "Setting mode for '/var/www/engine/bin/NETWORK/tests/test_net.py' to 777 ..."
NOTICE clients.sftp.uploadfile(3) - [24/May/2020:18:50:11 +0000] "'/var/www/engine/bin/NETWORK/tests/test_net.py' matches with mode pattern '/**/*.py'"
INFO clients.sftp.uploadfile(1) - [24/May/2020:18:50:11 +0000] "Setting mode for '/var/www/engine/bin/NETWORK/tests/test_net.py' to 777 ..."
NOTICE clients.sftp.uploadfile(3) - [24/May/2020:18:52:03 +0000] "'/var/www/engine/bin/NETWORK/tests/test_net.py' matches with mode pattern '/**/*.py'"
INFO clients.sftp.uploadfile(1) - [24/May/2020:18:52:03 +0000] "Setting mode for '/var/www/engine/bin/NETWORK/tests/test_net.py' to 777 ..."
NOTICE clients.sftp.uploadfile(3) - [24/May/2020:18:52:30 +0000] "'/var/www/engine/bin/NETWORK/tests/test_net.py' matches with mode pattern '/**/*.py'"
INFO clients.sftp.uploadfile(1) - [24/May/2020:18:52:30 +0000] "Setting mode for '/var/www/engine/bin/NETWORK/tests/test_net.py' to 777 ..."
NOTICE clients.sftp.uploadfile(3) - [24/May/2020:18:54:57 +0000] "'/var/www/engine/bin/NETWORK/tests/test.py' matches with mode pattern '/**/*.py'"
INFO clients.sftp.uploadfile(1) - [24/May/2020:18:54:57 +0000] "Setting mode for '/var/www/engine/bin/NETWORK/tests/test.py' to 777 ..."
NOTICE clients.sftp.uploadfile(3) - [24/May/2020:18:56:23 +0000] "'/var/www/engine/bin/NETWORK/tests/test.py' matches with mode pattern '/**/*.py'"
INFO clients.sftp.uploadfile(1) - [24/May/2020:18:56:23 +0000] "Setting mode for '/var/www/engine/bin/NETWORK/tests/test.py' to 777 ..."
NOTICE clients.sftp.uploadfile(3) - [24/May/2020:18:57:07 +0000] "'/var/www/engine/bin/NETWORK/tests/test.py' matches with mode pattern '/**/*.py'"
INFO clients.sftp.uploadfile(1) - [24/May/2020:18:57:07 +0000] "Setting mode for '/var/www/engine/bin/NETWORK/tests/test.py' to 777 ..."
NOTICE clients.sftp.uploadfile(3) - [24/May/2020:18:57:57 +0000] "'/var/www/engine/bin/NETWORK/tests/test.py' matches with mode pattern '/**/*.py'"
INFO clients.sftp.uploadfile(1) - [24/May/2020:18:57:57 +0000] "Setting mode for '/var/www/engine/bin/NETWORK/tests/test.py' to 777 ..."
NOTICE clients.sftp.uploadfile(3) - [24/May/2020:19:01:07 +0000] "'/var/www/engine/bin/NETWORK/tests/test_net.py' matches with mode pattern '/**/*.py'"
INFO clients.sftp.uploadfile(1) - [24/May/2020:19:01:07 +0000] "Setting mode for '/var/www/engine/bin/NETWORK/tests/test_net.py' to 777 ..."
NOTICE clients.sftp.uploadfile(3) - [24/May/2020:19:06:17 +0000] "'/var/www/engine/bin/NETWORK/tests/test_net.py' matches with mode pattern '/**/*.py'"
INFO clients.sftp.uploadfile(1) - [24/May/2020:19:06:18 +0000] "Setting mode for '/var/www/engine/bin/NETWORK/tests/test_net.py' to 777 ..."
NOTICE clients.sftp.uploadfile(3) - [24/May/2020:19:07:00 +0000] "'/var/www/engine/bin/NETWORK/tests/test_net.py' matches with mode pattern '/**/*.py'"
INFO clients.sftp.uploadfile(1) - [24/May/2020:19:07:00 +0000] "Setting mode for '/var/www/engine/bin/NETWORK/tests/test_net.py' to 777 ..."
NOTICE clients.sftp.uploadfile(3) - [24/May/2020:19:11:27 +0000] "'/var/www/engine/bin/NETWORK/tests/test_net.py' matches with mode pattern '/**/*.py'"
INFO clients.sftp.uploadfile(1) - [24/May/2020:19:11:28 +0000] "Setting mode for '/var/www/engine/bin/NETWORK/tests/test_net.py' to 777 ..."
NOTICE clients.sftp.uploadfile(3) - [24/May/2020:19:12:23 +0000] "'/var/www/engine/bin/NETWORK/tests/fixtures.py' matches with mode pattern '/**/*.py'"
INFO clients.sftp.uploadfile(1) - [24/May/2020:19:12:23 +0000] "Setting mode for '/var/www/engine/bin/NETWORK/tests/fixtures.py' to 777 ..."
NOTICE clients.sftp.uploadfile(3) - [24/May/2020:19:25:00 +0000] "'/var/www/engine/bin/NETWORK/tests/test_net.py' matches with mode pattern '/**/*.py'"
INFO clients.sftp.uploadfile(1) - [24/May/2020:19:25:00 +0000] "Setting mode for '/var/www/engine/bin/NETWORK/tests/test_net.py' to 777 ..."
NOTICE clients.sftp.uploadfile(3) - [24/May/2020:19:25:08 +0000] "'/var/www/engine/bin/NETWORK/tests/test_params.py' matches with mode pattern '/**/*.py'"
INFO clients.sftp.uploadfile(1) - [24/May/2020:19:25:09 +0000] "Setting mode for '/var/www/engine/bin/NETWORK/tests/test_params.py' to 777 ..."
NOTICE clients.sftp.uploadfile(3) - [24/May/2020:19:41:32 +0000] "'/var/www/engine/bin/NETWORK/tests/test_net.py' matches with mode pattern '/**/*.py'"
INFO clients.sftp.uploadfile(1) - [24/May/2020:19:41:33 +0000] "Setting mode for '/var/www/engine/bin/NETWORK/tests/test_net.py' to 777 ..."
NOTICE clients.sftp.uploadfile(3) - [24/May/2020:19:42:47 +0000] "'/var/www/engine/bin/NETWORK/tests/test_params.py' matches with mode pattern '/**/*.py'"
INFO clients.sftp.uploadfile(1) - [24/May/2020:19:42:48 +0000] "Setting mode for '/var/www/engine/bin/NETWORK/tests/test_params.py' to 777 ..."
NOTICE clients.sftp.uploadfile(3) - [24/May/2020:19:42:50 +0000] "'/var/www/engine/bin/NETWORK/tests/test_net.py' matches with mode pattern '/**/*.py'"
INFO clients.sftp.uploadfile(1) - [24/May/2020:19:42:50 +0000] "Setting mode for '/var/www/engine/bin/NETWORK/tests/test_net.py' to 777 ..."
NOTICE clients.sftp.uploadfile(3) - [24/May/2020:19:43:08 +0000] "'/var/www/engine/bin/NETWORK/tests/test_net.py' matches with mode pattern '/**/*.py'"
INFO clients.sftp.uploadfile(1) - [24/May/2020:19:43:08 +0000] "Setting mode for '/var/www/engine/bin/NETWORK/tests/test_net.py' to 777 ..."
NOTICE clients.sftp.uploadfile(3) - [24/May/2020:19:47:14 +0000] "'/var/www/engine/bin/NETWORK/tests/test_net.py' matches with mode pattern '/**/*.py'"
INFO clients.sftp.uploadfile(1) - [24/May/2020:19:47:14 +0000] "Setting mode for '/var/www/engine/bin/NETWORK/tests/test_net.py' to 777 ..."
NOTICE clients.sftp.uploadfile(3) - [24/May/2020:19:47:29 +0000] "'/var/www/engine/bin/NETWORK/tests/test_net.py' matches with mode pattern '/**/*.py'"
INFO clients.sftp.uploadfile(1) - [24/May/2020:19:47:29 +0000] "Setting mode for '/var/www/engine/bin/NETWORK/tests/test_net.py' to 777 ..."
NOTICE clients.sftp.uploadfile(3) - [24/May/2020:19:47:58 +0000] "'/var/www/engine/bin/NETWORK/tests/test_net.py' matches with mode pattern '/**/*.py'"
INFO clients.sftp.uploadfile(1) - [24/May/2020:19:47:58 +0000] "Setting mode for '/var/www/engine/bin/NETWORK/tests/test_net.py' to 777 ..."
NOTICE clients.sftp.uploadfile(3) - [24/May/2020:19:56:20 +0000] "'/var/www/engine/bin/NETWORK/tests/test.py' matches with mode pattern '/**/*.py'"
INFO clients.sftp.uploadfile(1) - [24/May/2020:19:56:20 +0000] "Setting mode for '/var/www/engine/bin/NETWORK/tests/test.py' to 777 ..."
NOTICE clients.sftp.uploadfile(3) - [24/May/2020:19:56:46 +0000] "'/var/www/engine/bin/NETWORK/tests/test.py' matches with mode pattern '/**/*.py'"
INFO clients.sftp.uploadfile(1) - [24/May/2020:19:56:46 +0000] "Setting mode for '/var/www/engine/bin/NETWORK/tests/test.py' to 777 ..."
NOTICE clients.sftp.uploadfile(3) - [24/May/2020:19:57:31 +0000] "'/var/www/engine/bin/NETWORK/tests/test.py' matches with mode pattern '/**/*.py'"
INFO clients.sftp.uploadfile(1) - [24/May/2020:19:57:32 +0000] "Setting mode for '/var/www/engine/bin/NETWORK/tests/test.py' to 777 ..."
NOTICE clients.sftp.uploadfile(3) - [24/May/2020:19:59:21 +0000] "'/var/www/engine/bin/NETWORK/tests/test.py' matches with mode pattern '/**/*.py'"
INFO clients.sftp.uploadfile(1) - [24/May/2020:19:59:21 +0000] "Setting mode for '/var/www/engine/bin/NETWORK/tests/test.py' to 777 ..."
NOTICE clients.sftp.uploadfile(3) - [24/May/2020:20:09:15 +0000] "'/var/www/engine/bin/NETWORK/tests/test.py' matches with mode pattern '/**/*.py'"
INFO clients.sftp.uploadfile(1) - [24/May/2020:20:09:16 +0000] "Setting mode for '/var/www/engine/bin/NETWORK/tests/test.py' to 777 ..."
NOTICE clients.sftp.uploadfile(3) - [24/May/2020:20:10:56 +0000] "'/var/www/engine/bin/NETWORK/tests/test.py' matches with mode pattern '/**/*.py'"
INFO clients.sftp.uploadfile(1) - [24/May/2020:20:10:57 +0000] "Setting mode for '/var/www/engine/bin/NETWORK/tests/test.py' to 777 ..."
NOTICE clients.sftp.uploadfile(3) - [24/May/2020:20:16:23 +0000] "'/var/www/engine/bin/NETWORK/tests/test.py' matches with mode pattern '/**/*.py'"
INFO clients.sftp.uploadfile(1) - [24/May/2020:20:16:23 +0000] "Setting mode for '/var/www/engine/bin/NETWORK/tests/test.py' to 777 ..."
NOTICE clients.sftp.uploadfile(3) - [24/May/2020:20:17:39 +0000] "'/var/www/engine/bin/NETWORK/tests/test.py' matches with mode pattern '/**/*.py'"
INFO clients.sftp.uploadfile(1) - [24/May/2020:20:17:39 +0000] "Setting mode for '/var/www/engine/bin/NETWORK/tests/test.py' to 777 ..."
NOTICE clients.sftp.uploadfile(3) - [24/May/2020:20:22:22 +0000] "'/var/www/engine/bin/NETWORK/tests/test.py' matches with mode pattern '/**/*.py'"
INFO clients.sftp.uploadfile(1) - [24/May/2020:20:22:22 +0000] "Setting mode for '/var/www/engine/bin/NETWORK/tests/test.py' to 777 ..."
NOTICE clients.sftp.uploadfile(3) - [24/May/2020:20:33:46 +0000] "'/var/www/engine/bin/NETWORK/tests/test.py' matches with mode pattern '/**/*.py'"
INFO clients.sftp.uploadfile(1) - [24/May/2020:20:33:46 +0000] "Setting mode for '/var/www/engine/bin/NETWORK/tests/test.py' to 777 ..."
NOTICE clients.sftp.uploadfile(3) - [24/May/2020:20:36:13 +0000] "'/var/www/engine/bin/NETWORK/tests/test.py' matches with mode pattern '/**/*.py'"
INFO clients.sftp.uploadfile(1) - [24/May/2020:20:36:13 +0000] "Setting mode for '/var/www/engine/bin/NETWORK/tests/test.py' to 777 ..."
NOTICE clients.sftp.uploadfile(3) - [24/May/2020:20:37:00 +0000] "'/var/www/engine/bin/NETWORK/tests/test.py' matches with mode pattern '/**/*.py'"
INFO clients.sftp.uploadfile(1) - [24/May/2020:20:37:01 +0000] "Setting mode for '/var/www/engine/bin/NETWORK/tests/test.py' to 777 ..."
NOTICE clients.sftp.uploadfile(3) - [24/May/2020:20:40:49 +0000] "'/var/www/engine/bin/NETWORK/tests/test.py' matches with mode pattern '/**/*.py'"
INFO clients.sftp.uploadfile(1) - [24/May/2020:20:40:49 +0000] "Setting mode for '/var/www/engine/bin/NETWORK/tests/test.py' to 777 ..."
NOTICE clients.sftp.uploadfile(3) - [24/May/2020:20:41:18 +0000] "'/var/www/engine/bin/NETWORK/tests/test.py' matches with mode pattern '/**/*.py'"
INFO clients.sftp.uploadfile(1) - [24/May/2020:20:41:18 +0000] "Setting mode for '/var/www/engine/bin/NETWORK/tests/test.py' to 777 ..."
