NOTICE clients.sftp.uploadfile(3) - [25/May/2020:03:47:39 +0000] "'/var/www/engine/bin/NETWORK/tests/test.py' matches with mode pattern '/**/*.py'"
INFO clients.sftp.uploadfile(1) - [25/May/2020:03:47:39 +0000] "Setting mode for '/var/www/engine/bin/NETWORK/tests/test.py' to 777 ..."
NOTICE clients.sftp.uploadfile(3) - [25/May/2020:03:49:01 +0000] "'/var/www/engine/bin/NETWORK/tests/test.py' matches with mode pattern '/**/*.py'"
INFO clients.sftp.uploadfile(1) - [25/May/2020:03:49:01 +0000] "Setting mode for '/var/www/engine/bin/NETWORK/tests/test.py' to 777 ..."
NOTICE clients.sftp.uploadfile(3) - [25/May/2020:03:54:37 +0000] "'/var/www/engine/bin/NETWORK/tests/test.py' matches with mode pattern '/**/*.py'"
INFO clients.sftp.uploadfile(1) - [25/May/2020:03:54:37 +0000] "Setting mode for '/var/www/engine/bin/NETWORK/tests/test.py' to 777 ..."
NOTICE clients.sftp.uploadfile(3) - [25/May/2020:03:55:08 +0000] "'/var/www/engine/bin/NETWORK/tests/test.py' matches with mode pattern '/**/*.py'"
INFO clients.sftp.uploadfile(1) - [25/May/2020:03:55:08 +0000] "Setting mode for '/var/www/engine/bin/NETWORK/tests/test.py' to 777 ..."
NOTICE clients.sftp.uploadfile(3) - [25/May/2020:03:55:43 +0000] "'/var/www/engine/bin/NETWORK/tests/test.py' matches with mode pattern '/**/*.py'"
INFO clients.sftp.uploadfile(1) - [25/May/2020:03:55:43 +0000] "Setting mode for '/var/www/engine/bin/NETWORK/tests/test.py' to 777 ..."
NOTICE clients.sftp.uploadfile(3) - [25/May/2020:03:56:46 +0000] "'/var/www/engine/bin/NETWORK/tests/test.py' matches with mode pattern '/**/*.py'"
INFO clients.sftp.uploadfile(1) - [25/May/2020:03:56:46 +0000] "Setting mode for '/var/www/engine/bin/NETWORK/tests/test.py' to 777 ..."
NOTICE clients.sftp.uploadfile(3) - [25/May/2020:03:57:05 +0000] "'/var/www/engine/bin/NETWORK/tests/test.py' matches with mode pattern '/**/*.py'"
INFO clients.sftp.uploadfile(1) - [25/May/2020:03:57:05 +0000] "Setting mode for '/var/www/engine/bin/NETWORK/tests/test.py' to 777 ..."
NOTICE clients.sftp.uploadfile(3) - [25/May/2020:03:57:20 +0000] "'/var/www/engine/bin/NETWORK/tests/test.py' matches with mode pattern '/**/*.py'"
INFO clients.sftp.uploadfile(1) - [25/May/2020:03:57:20 +0000] "Setting mode for '/var/www/engine/bin/NETWORK/tests/test.py' to 777 ..."
NOTICE clients.sftp.uploadfile(3) - [25/May/2020:04:06:37 +0000] "'/var/www/engine/bin/NETWORK/tests/test.py' matches with mode pattern '/**/*.py'"
INFO clients.sftp.uploadfile(1) - [25/May/2020:04:06:37 +0000] "Setting mode for '/var/www/engine/bin/NETWORK/tests/test.py' to 777 ..."
NOTICE clients.sftp.uploadfile(3) - [25/May/2020:04:07:38 +0000] "'/var/www/engine/bin/NETWORK/tests/test.py' matches with mode pattern '/**/*.py'"
INFO clients.sftp.uploadfile(1) - [25/May/2020:04:07:38 +0000] "Setting mode for '/var/www/engine/bin/NETWORK/tests/test.py' to 777 ..."
NOTICE clients.sftp.uploadfile(3) - [25/May/2020:04:07:46 +0000] "'/var/www/engine/bin/NETWORK/tests/test.py' matches with mode pattern '/**/*.py'"
INFO clients.sftp.uploadfile(1) - [25/May/2020:04:07:46 +0000] "Setting mode for '/var/www/engine/bin/NETWORK/tests/test.py' to 777 ..."
NOTICE clients.sftp.uploadfile(3) - [25/May/2020:04:08:17 +0000] "'/var/www/engine/bin/NETWORK/tests/test.py' matches with mode pattern '/**/*.py'"
INFO clients.sftp.uploadfile(1) - [25/May/2020:04:08:18 +0000] "Setting mode for '/var/www/engine/bin/NETWORK/tests/test.py' to 777 ..."
NOTICE clients.sftp.uploadfile(3) - [25/May/2020:04:08:36 +0000] "'/var/www/engine/bin/NETWORK/tests/test.py' matches with mode pattern '/**/*.py'"
INFO clients.sftp.uploadfile(1) - [25/May/2020:04:08:37 +0000] "Setting mode for '/var/www/engine/bin/NETWORK/tests/test.py' to 777 ..."
NOTICE clients.sftp.uploadfile(3) - [25/May/2020:04:09:06 +0000] "'/var/www/engine/bin/NETWORK/tests/test.py' matches with mode pattern '/**/*.py'"
INFO clients.sftp.uploadfile(1) - [25/May/2020:04:09:07 +0000] "Setting mode for '/var/www/engine/bin/NETWORK/tests/test.py' to 777 ..."
NOTICE clients.sftp.uploadfile(3) - [25/May/2020:04:11:38 +0000] "'/var/www/engine/bin/NETWORK/tests/test.py' matches with mode pattern '/**/*.py'"
INFO clients.sftp.uploadfile(1) - [25/May/2020:04:11:38 +0000] "Setting mode for '/var/www/engine/bin/NETWORK/tests/test.py' to 777 ..."
NOTICE clients.sftp.uploadfile(3) - [25/May/2020:04:13:02 +0000] "'/var/www/engine/bin/NETWORK/tests/test.py' matches with mode pattern '/**/*.py'"
INFO clients.sftp.uploadfile(1) - [25/May/2020:04:13:02 +0000] "Setting mode for '/var/www/engine/bin/NETWORK/tests/test.py' to 777 ..."
NOTICE clients.sftp.uploadfile(3) - [25/May/2020:04:13:39 +0000] "'/var/www/engine/bin/NETWORK/tests/test.py' matches with mode pattern '/**/*.py'"
INFO clients.sftp.uploadfile(1) - [25/May/2020:04:13:40 +0000] "Setting mode for '/var/www/engine/bin/NETWORK/tests/test.py' to 777 ..."
NOTICE clients.sftp.uploadfile(3) - [25/May/2020:04:15:19 +0000] "'/var/www/engine/bin/NETWORK/tests/test.py' matches with mode pattern '/**/*.py'"
INFO clients.sftp.uploadfile(1) - [25/May/2020:04:15:20 +0000] "Setting mode for '/var/www/engine/bin/NETWORK/tests/test.py' to 777 ..."
NOTICE clients.sftp.uploadfile(3) - [25/May/2020:04:22:43 +0000] "'/var/www/engine/bin/NETWORK/tests/test.py' matches with mode pattern '/**/*.py'"
INFO clients.sftp.uploadfile(1) - [25/May/2020:04:22:43 +0000] "Setting mode for '/var/www/engine/bin/NETWORK/tests/test.py' to 777 ..."
NOTICE clients.sftp.uploadfile(3) - [25/May/2020:04:23:23 +0000] "'/var/www/engine/bin/NETWORK/tests/test.py' matches with mode pattern '/**/*.py'"
INFO clients.sftp.uploadfile(1) - [25/May/2020:04:23:24 +0000] "Setting mode for '/var/www/engine/bin/NETWORK/tests/test.py' to 777 ..."
NOTICE clients.sftp.uploadfile(3) - [25/May/2020:04:26:55 +0000] "'/var/www/engine/bin/NETWORK/controllers/phys.py' matches with mode pattern '/**/*.py'"
INFO clients.sftp.uploadfile(1) - [25/May/2020:04:26:55 +0000] "Setting mode for '/var/www/engine/bin/NETWORK/controllers/phys.py' to 777 ..."
NOTICE clients.sftp.uploadfile(3) - [25/May/2020:04:27:25 +0000] "'/var/www/engine/bin/NETWORK/controllers/phys.py' matches with mode pattern '/**/*.py'"
INFO clients.sftp.uploadfile(1) - [25/May/2020:04:27:25 +0000] "Setting mode for '/var/www/engine/bin/NETWORK/controllers/phys.py' to 777 ..."
NOTICE clients.sftp.uploadfile(3) - [25/May/2020:04:28:19 +0000] "'/var/www/engine/bin/NETWORK/controllers/phys.py' matches with mode pattern '/**/*.py'"
INFO clients.sftp.uploadfile(1) - [25/May/2020:04:28:19 +0000] "Setting mode for '/var/www/engine/bin/NETWORK/controllers/phys.py' to 777 ..."
NOTICE clients.sftp.uploadfile(3) - [25/May/2020:04:28:55 +0000] "'/var/www/engine/bin/NETWORK/controllers/phys.py' matches with mode pattern '/**/*.py'"
INFO clients.sftp.uploadfile(1) - [25/May/2020:04:28:55 +0000] "Setting mode for '/var/www/engine/bin/NETWORK/controllers/phys.py' to 777 ..."
NOTICE clients.sftp.uploadfile(3) - [25/May/2020:04:29:48 +0000] "'/var/www/engine/bin/NETWORK/controllers/phys.py' matches with mode pattern '/**/*.py'"
INFO clients.sftp.uploadfile(1) - [25/May/2020:04:29:49 +0000] "Setting mode for '/var/www/engine/bin/NETWORK/controllers/phys.py' to 777 ..."
NOTICE clients.sftp.uploadfile(3) - [25/May/2020:04:32:43 +0000] "'/var/www/engine/bin/NETWORK/tests/test.py' matches with mode pattern '/**/*.py'"
INFO clients.sftp.uploadfile(1) - [25/May/2020:04:32:44 +0000] "Setting mode for '/var/www/engine/bin/NETWORK/tests/test.py' to 777 ..."
NOTICE clients.sftp.uploadfile(3) - [25/May/2020:04:33:03 +0000] "'/var/www/engine/bin/NETWORK/tests/test.py' matches with mode pattern '/**/*.py'"
INFO clients.sftp.uploadfile(1) - [25/May/2020:04:33:03 +0000] "Setting mode for '/var/www/engine/bin/NETWORK/tests/test.py' to 777 ..."
NOTICE clients.sftp.uploadfile(3) - [25/May/2020:04:35:03 +0000] "'/var/www/engine/bin/NETWORK/tests/test.py' matches with mode pattern '/**/*.py'"
INFO clients.sftp.uploadfile(1) - [25/May/2020:04:35:03 +0000] "Setting mode for '/var/www/engine/bin/NETWORK/tests/test.py' to 777 ..."
NOTICE clients.sftp.uploadfile(3) - [25/May/2020:04:35:39 +0000] "'/var/www/engine/bin/NETWORK/tests/test.py' matches with mode pattern '/**/*.py'"
INFO clients.sftp.uploadfile(1) - [25/May/2020:04:35:39 +0000] "Setting mode for '/var/www/engine/bin/NETWORK/tests/test.py' to 777 ..."
NOTICE clients.sftp.uploadfile(3) - [25/May/2020:04:36:07 +0000] "'/var/www/engine/bin/NETWORK/tests/test.py' matches with mode pattern '/**/*.py'"
INFO clients.sftp.uploadfile(1) - [25/May/2020:04:36:07 +0000] "Setting mode for '/var/www/engine/bin/NETWORK/tests/test.py' to 777 ..."
NOTICE clients.sftp.uploadfile(3) - [25/May/2020:04:36:33 +0000] "'/var/www/engine/bin/NETWORK/tests/test.py' matches with mode pattern '/**/*.py'"
INFO clients.sftp.uploadfile(1) - [25/May/2020:04:36:33 +0000] "Setting mode for '/var/www/engine/bin/NETWORK/tests/test.py' to 777 ..."
NOTICE clients.sftp.uploadfile(3) - [25/May/2020:04:36:58 +0000] "'/var/www/engine/bin/NETWORK/tests/test.py' matches with mode pattern '/**/*.py'"
INFO clients.sftp.uploadfile(1) - [25/May/2020:04:36:59 +0000] "Setting mode for '/var/www/engine/bin/NETWORK/tests/test.py' to 777 ..."
NOTICE clients.sftp.uploadfile(3) - [25/May/2020:04:37:24 +0000] "'/var/www/engine/bin/NETWORK/tests/test.py' matches with mode pattern '/**/*.py'"
INFO clients.sftp.uploadfile(1) - [25/May/2020:04:37:24 +0000] "Setting mode for '/var/www/engine/bin/NETWORK/tests/test.py' to 777 ..."
NOTICE clients.sftp.uploadfile(3) - [25/May/2020:04:40:25 +0000] "'/var/www/engine/bin/NETWORK/tests/test.py' matches with mode pattern '/**/*.py'"
INFO clients.sftp.uploadfile(1) - [25/May/2020:04:40:25 +0000] "Setting mode for '/var/www/engine/bin/NETWORK/tests/test.py' to 777 ..."
NOTICE clients.sftp.uploadfile(3) - [25/May/2020:04:41:50 +0000] "'/var/www/engine/bin/NETWORK/tests/test.py' matches with mode pattern '/**/*.py'"
INFO clients.sftp.uploadfile(1) - [25/May/2020:04:41:50 +0000] "Setting mode for '/var/www/engine/bin/NETWORK/tests/test.py' to 777 ..."
NOTICE clients.sftp.uploadfile(3) - [25/May/2020:04:42:47 +0000] "'/var/www/engine/bin/NETWORK/tests/test.py' matches with mode pattern '/**/*.py'"
INFO clients.sftp.uploadfile(1) - [25/May/2020:04:42:47 +0000] "Setting mode for '/var/www/engine/bin/NETWORK/tests/test.py' to 777 ..."
NOTICE clients.sftp.uploadfile(3) - [25/May/2020:04:56:17 +0000] "'/var/www/engine/bin/NETWORK/tests/test.py' matches with mode pattern '/**/*.py'"
INFO clients.sftp.uploadfile(1) - [25/May/2020:04:56:17 +0000] "Setting mode for '/var/www/engine/bin/NETWORK/tests/test.py' to 777 ..."
NOTICE clients.sftp.uploadfile(3) - [25/May/2020:04:56:35 +0000] "'/var/www/engine/bin/NETWORK/tests/test.py' matches with mode pattern '/**/*.py'"
INFO clients.sftp.uploadfile(1) - [25/May/2020:04:56:35 +0000] "Setting mode for '/var/www/engine/bin/NETWORK/tests/test.py' to 777 ..."
NOTICE clients.sftp.uploadfile(3) - [25/May/2020:04:57:10 +0000] "'/var/www/engine/bin/NETWORK/tests/test.py' matches with mode pattern '/**/*.py'"
INFO clients.sftp.uploadfile(1) - [25/May/2020:04:57:10 +0000] "Setting mode for '/var/www/engine/bin/NETWORK/tests/test.py' to 777 ..."
NOTICE clients.sftp.uploadfile(3) - [25/May/2020:04:57:34 +0000] "'/var/www/engine/bin/NETWORK/tests/test.py' matches with mode pattern '/**/*.py'"
INFO clients.sftp.uploadfile(1) - [25/May/2020:04:57:34 +0000] "Setting mode for '/var/www/engine/bin/NETWORK/tests/test.py' to 777 ..."
NOTICE clients.sftp.uploadfile(3) - [25/May/2020:05:00:53 +0000] "'/var/www/engine/bin/NETWORK/tests/test.py' matches with mode pattern '/**/*.py'"
INFO clients.sftp.uploadfile(1) - [25/May/2020:05:00:53 +0000] "Setting mode for '/var/www/engine/bin/NETWORK/tests/test.py' to 777 ..."
NOTICE clients.sftp.uploadfile(3) - [25/May/2020:05:01:37 +0000] "'/var/www/engine/bin/NETWORK/tests/test.py' matches with mode pattern '/**/*.py'"
INFO clients.sftp.uploadfile(1) - [25/May/2020:05:01:37 +0000] "Setting mode for '/var/www/engine/bin/NETWORK/tests/test.py' to 777 ..."
NOTICE clients.sftp.uploadfile(3) - [25/May/2020:05:02:09 +0000] "'/var/www/engine/bin/NETWORK/tests/test.py' matches with mode pattern '/**/*.py'"
INFO clients.sftp.uploadfile(1) - [25/May/2020:05:02:10 +0000] "Setting mode for '/var/www/engine/bin/NETWORK/tests/test.py' to 777 ..."
NOTICE clients.sftp.uploadfile(3) - [25/May/2020:05:02:38 +0000] "'/var/www/engine/bin/NETWORK/tests/test.py' matches with mode pattern '/**/*.py'"
INFO clients.sftp.uploadfile(1) - [25/May/2020:05:02:38 +0000] "Setting mode for '/var/www/engine/bin/NETWORK/tests/test.py' to 777 ..."
NOTICE clients.sftp.uploadfile(3) - [25/May/2020:05:13:56 +0000] "'/var/www/engine/bin/NETWORK/tests/test.py' matches with mode pattern '/**/*.py'"
INFO clients.sftp.uploadfile(1) - [25/May/2020:05:13:56 +0000] "Setting mode for '/var/www/engine/bin/NETWORK/tests/test.py' to 777 ..."
NOTICE clients.sftp.uploadfile(3) - [25/May/2020:05:14:19 +0000] "'/var/www/engine/bin/NETWORK/tests/test.py' matches with mode pattern '/**/*.py'"
INFO clients.sftp.uploadfile(1) - [25/May/2020:05:14:19 +0000] "Setting mode for '/var/www/engine/bin/NETWORK/tests/test.py' to 777 ..."
NOTICE clients.sftp.uploadfile(3) - [25/May/2020:05:14:38 +0000] "'/var/www/engine/bin/NETWORK/tests/test.py' matches with mode pattern '/**/*.py'"
INFO clients.sftp.uploadfile(1) - [25/May/2020:05:14:38 +0000] "Setting mode for '/var/www/engine/bin/NETWORK/tests/test.py' to 777 ..."
NOTICE clients.sftp.uploadfile(3) - [25/May/2020:05:15:07 +0000] "'/var/www/engine/bin/NETWORK/tests/test.py' matches with mode pattern '/**/*.py'"
INFO clients.sftp.uploadfile(1) - [25/May/2020:05:15:07 +0000] "Setting mode for '/var/www/engine/bin/NETWORK/tests/test.py' to 777 ..."
NOTICE clients.sftp.uploadfile(3) - [25/May/2020:05:16:07 +0000] "'/var/www/engine/bin/NETWORK/tests/test.py' matches with mode pattern '/**/*.py'"
INFO clients.sftp.uploadfile(1) - [25/May/2020:05:16:07 +0000] "Setting mode for '/var/www/engine/bin/NETWORK/tests/test.py' to 777 ..."
NOTICE clients.sftp.uploadfile(3) - [25/May/2020:05:19:13 +0000] "'/var/www/engine/bin/NETWORK/tests/test.py' matches with mode pattern '/**/*.py'"
INFO clients.sftp.uploadfile(1) - [25/May/2020:05:19:13 +0000] "Setting mode for '/var/www/engine/bin/NETWORK/tests/test.py' to 777 ..."
NOTICE clients.sftp.uploadfile(3) - [25/May/2020:05:19:34 +0000] "'/var/www/engine/bin/NETWORK/tests/test.py' matches with mode pattern '/**/*.py'"
INFO clients.sftp.uploadfile(1) - [25/May/2020:05:19:34 +0000] "Setting mode for '/var/www/engine/bin/NETWORK/tests/test.py' to 777 ..."
NOTICE clients.sftp.uploadfile(3) - [25/May/2020:05:20:04 +0000] "'/var/www/engine/bin/NETWORK/tests/test.py' matches with mode pattern '/**/*.py'"
INFO clients.sftp.uploadfile(1) - [25/May/2020:05:20:05 +0000] "Setting mode for '/var/www/engine/bin/NETWORK/tests/test.py' to 777 ..."
NOTICE clients.sftp.uploadfile(3) - [25/May/2020:05:32:52 +0000] "'/var/www/engine/bin/NETWORK/tests/test.py' matches with mode pattern '/**/*.py'"
INFO clients.sftp.uploadfile(1) - [25/May/2020:05:32:52 +0000] "Setting mode for '/var/www/engine/bin/NETWORK/tests/test.py' to 777 ..."
NOTICE clients.sftp.uploadfile(3) - [25/May/2020:05:33:32 +0000] "'/var/www/engine/bin/NETWORK/tests/test.py' matches with mode pattern '/**/*.py'"
INFO clients.sftp.uploadfile(1) - [25/May/2020:05:33:32 +0000] "Setting mode for '/var/www/engine/bin/NETWORK/tests/test.py' to 777 ..."
NOTICE clients.sftp.uploadfile(3) - [25/May/2020:05:33:47 +0000] "'/var/www/engine/bin/NETWORK/tests/test.py' matches with mode pattern '/**/*.py'"
INFO clients.sftp.uploadfile(1) - [25/May/2020:05:33:47 +0000] "Setting mode for '/var/www/engine/bin/NETWORK/tests/test.py' to 777 ..."
NOTICE clients.sftp.uploadfile(3) - [25/May/2020:05:34:07 +0000] "'/var/www/engine/bin/NETWORK/tests/test.py' matches with mode pattern '/**/*.py'"
INFO clients.sftp.uploadfile(1) - [25/May/2020:05:34:07 +0000] "Setting mode for '/var/www/engine/bin/NETWORK/tests/test.py' to 777 ..."
NOTICE clients.sftp.uploadfile(3) - [25/May/2020:05:34:34 +0000] "'/var/www/engine/bin/NETWORK/tests/test.py' matches with mode pattern '/**/*.py'"
INFO clients.sftp.uploadfile(1) - [25/May/2020:05:34:34 +0000] "Setting mode for '/var/www/engine/bin/NETWORK/tests/test.py' to 777 ..."
NOTICE clients.sftp.uploadfile(3) - [25/May/2020:05:35:01 +0000] "'/var/www/engine/bin/NETWORK/tests/test.py' matches with mode pattern '/**/*.py'"
INFO clients.sftp.uploadfile(1) - [25/May/2020:05:35:01 +0000] "Setting mode for '/var/www/engine/bin/NETWORK/tests/test.py' to 777 ..."
NOTICE clients.sftp.uploadfile(3) - [25/May/2020:05:35:28 +0000] "'/var/www/engine/bin/NETWORK/tests/test.py' matches with mode pattern '/**/*.py'"
INFO clients.sftp.uploadfile(1) - [25/May/2020:05:35:29 +0000] "Setting mode for '/var/www/engine/bin/NETWORK/tests/test.py' to 777 ..."
NOTICE clients.sftp.uploadfile(3) - [25/May/2020:05:40:50 +0000] "'/var/www/engine/bin/NETWORK/tests/test.py' matches with mode pattern '/**/*.py'"
INFO clients.sftp.uploadfile(1) - [25/May/2020:05:40:50 +0000] "Setting mode for '/var/www/engine/bin/NETWORK/tests/test.py' to 777 ..."
NOTICE clients.sftp.uploadfile(3) - [25/May/2020:05:41:00 +0000] "'/var/www/engine/bin/NETWORK/tests/test.py' matches with mode pattern '/**/*.py'"
INFO clients.sftp.uploadfile(1) - [25/May/2020:05:41:00 +0000] "Setting mode for '/var/www/engine/bin/NETWORK/tests/test.py' to 777 ..."
NOTICE clients.sftp.uploadfile(3) - [25/May/2020:05:42:07 +0000] "'/var/www/engine/bin/NETWORK/tests/test.py' matches with mode pattern '/**/*.py'"
INFO clients.sftp.uploadfile(1) - [25/May/2020:05:42:07 +0000] "Setting mode for '/var/www/engine/bin/NETWORK/tests/test.py' to 777 ..."
NOTICE clients.sftp.uploadfile(3) - [25/May/2020:05:44:03 +0000] "'/var/www/engine/bin/NETWORK/tests/test.py' matches with mode pattern '/**/*.py'"
INFO clients.sftp.uploadfile(1) - [25/May/2020:05:44:03 +0000] "Setting mode for '/var/www/engine/bin/NETWORK/tests/test.py' to 777 ..."
NOTICE clients.sftp.uploadfile(3) - [25/May/2020:05:45:12 +0000] "'/var/www/engine/bin/NETWORK/tests/test.py' matches with mode pattern '/**/*.py'"
INFO clients.sftp.uploadfile(1) - [25/May/2020:05:45:13 +0000] "Setting mode for '/var/www/engine/bin/NETWORK/tests/test.py' to 777 ..."
NOTICE clients.sftp.uploadfile(3) - [25/May/2020:05:45:51 +0000] "'/var/www/engine/bin/NETWORK/tests/test.py' matches with mode pattern '/**/*.py'"
INFO clients.sftp.uploadfile(1) - [25/May/2020:05:45:51 +0000] "Setting mode for '/var/www/engine/bin/NETWORK/tests/test.py' to 777 ..."
NOTICE clients.sftp.uploadfile(3) - [25/May/2020:05:46:23 +0000] "'/var/www/engine/bin/NETWORK/tests/test.py' matches with mode pattern '/**/*.py'"
INFO clients.sftp.uploadfile(1) - [25/May/2020:05:46:23 +0000] "Setting mode for '/var/www/engine/bin/NETWORK/tests/test.py' to 777 ..."
NOTICE clients.sftp.uploadfile(3) - [25/May/2020:05:46:38 +0000] "'/var/www/engine/bin/NETWORK/tests/test.py' matches with mode pattern '/**/*.py'"
INFO clients.sftp.uploadfile(1) - [25/May/2020:05:46:38 +0000] "Setting mode for '/var/www/engine/bin/NETWORK/tests/test.py' to 777 ..."
NOTICE clients.sftp.uploadfile(3) - [25/May/2020:05:47:11 +0000] "'/var/www/engine/bin/NETWORK/tests/test.py' matches with mode pattern '/**/*.py'"
INFO clients.sftp.uploadfile(1) - [25/May/2020:05:47:12 +0000] "Setting mode for '/var/www/engine/bin/NETWORK/tests/test.py' to 777 ..."
NOTICE clients.sftp.uploadfile(3) - [25/May/2020:05:47:36 +0000] "'/var/www/engine/bin/NETWORK/tests/test.py' matches with mode pattern '/**/*.py'"
INFO clients.sftp.uploadfile(1) - [25/May/2020:05:47:36 +0000] "Setting mode for '/var/www/engine/bin/NETWORK/tests/test.py' to 777 ..."
NOTICE clients.sftp.uploadfile(3) - [25/May/2020:05:47:55 +0000] "'/var/www/engine/bin/NETWORK/tests/test.py' matches with mode pattern '/**/*.py'"
INFO clients.sftp.uploadfile(1) - [25/May/2020:05:47:55 +0000] "Setting mode for '/var/www/engine/bin/NETWORK/tests/test.py' to 777 ..."
NOTICE clients.sftp.uploadfile(3) - [25/May/2020:05:48:16 +0000] "'/var/www/engine/bin/NETWORK/tests/test.py' matches with mode pattern '/**/*.py'"
INFO clients.sftp.uploadfile(1) - [25/May/2020:05:48:16 +0000] "Setting mode for '/var/www/engine/bin/NETWORK/tests/test.py' to 777 ..."
NOTICE clients.sftp.uploadfile(3) - [25/May/2020:05:48:32 +0000] "'/var/www/engine/bin/NETWORK/tests/test.py' matches with mode pattern '/**/*.py'"
INFO clients.sftp.uploadfile(1) - [25/May/2020:05:48:32 +0000] "Setting mode for '/var/www/engine/bin/NETWORK/tests/test.py' to 777 ..."
NOTICE clients.sftp.uploadfile(3) - [25/May/2020:05:49:07 +0000] "'/var/www/engine/bin/NETWORK/tests/test.py' matches with mode pattern '/**/*.py'"
INFO clients.sftp.uploadfile(1) - [25/May/2020:05:49:07 +0000] "Setting mode for '/var/www/engine/bin/NETWORK/tests/test.py' to 777 ..."
NOTICE clients.sftp.uploadfile(3) - [25/May/2020:05:59:05 +0000] "'/var/www/engine/bin/NETWORK/tests/test.py' matches with mode pattern '/**/*.py'"
INFO clients.sftp.uploadfile(1) - [25/May/2020:05:59:05 +0000] "Setting mode for '/var/www/engine/bin/NETWORK/tests/test.py' to 777 ..."
NOTICE clients.sftp.uploadfile(3) - [25/May/2020:05:59:27 +0000] "'/var/www/engine/bin/NETWORK/tests/test.py' matches with mode pattern '/**/*.py'"
INFO clients.sftp.uploadfile(1) - [25/May/2020:05:59:27 +0000] "Setting mode for '/var/www/engine/bin/NETWORK/tests/test.py' to 777 ..."
NOTICE clients.sftp.uploadfile(3) - [25/May/2020:06:05:05 +0000] "'/var/www/engine/bin/NETWORK/tests/test.py' matches with mode pattern '/**/*.py'"
INFO clients.sftp.uploadfile(1) - [25/May/2020:06:05:05 +0000] "Setting mode for '/var/www/engine/bin/NETWORK/tests/test.py' to 777 ..."
NOTICE clients.sftp.uploadfile(3) - [25/May/2020:06:05:39 +0000] "'/var/www/engine/bin/NETWORK/tests/test.py' matches with mode pattern '/**/*.py'"
INFO clients.sftp.uploadfile(1) - [25/May/2020:06:05:39 +0000] "Setting mode for '/var/www/engine/bin/NETWORK/tests/test.py' to 777 ..."
NOTICE clients.sftp.uploadfile(3) - [25/May/2020:06:06:47 +0000] "'/var/www/engine/bin/NETWORK/tests/test.py' matches with mode pattern '/**/*.py'"
INFO clients.sftp.uploadfile(1) - [25/May/2020:06:06:47 +0000] "Setting mode for '/var/www/engine/bin/NETWORK/tests/test.py' to 777 ..."
NOTICE clients.sftp.uploadfile(3) - [25/May/2020:06:10:16 +0000] "'/var/www/engine/bin/NETWORK/tests/test.py' matches with mode pattern '/**/*.py'"
INFO clients.sftp.uploadfile(1) - [25/May/2020:06:10:16 +0000] "Setting mode for '/var/www/engine/bin/NETWORK/tests/test.py' to 777 ..."
NOTICE clients.sftp.uploadfile(3) - [25/May/2020:06:11:10 +0000] "'/var/www/engine/bin/NETWORK/tests/test.py' matches with mode pattern '/**/*.py'"
INFO clients.sftp.uploadfile(1) - [25/May/2020:06:11:11 +0000] "Setting mode for '/var/www/engine/bin/NETWORK/tests/test.py' to 777 ..."
NOTICE clients.sftp.uploadfile(3) - [25/May/2020:06:11:31 +0000] "'/var/www/engine/bin/NETWORK/tests/test.py' matches with mode pattern '/**/*.py'"
INFO clients.sftp.uploadfile(1) - [25/May/2020:06:11:31 +0000] "Setting mode for '/var/www/engine/bin/NETWORK/tests/test.py' to 777 ..."
NOTICE clients.sftp.uploadfile(3) - [25/May/2020:06:13:28 +0000] "'/var/www/engine/bin/NETWORK/tests/test.py' matches with mode pattern '/**/*.py'"
INFO clients.sftp.uploadfile(1) - [25/May/2020:06:13:28 +0000] "Setting mode for '/var/www/engine/bin/NETWORK/tests/test.py' to 777 ..."
NOTICE clients.sftp.uploadfile(3) - [25/May/2020:06:14:49 +0000] "'/var/www/engine/bin/NETWORK/tests/test.py' matches with mode pattern '/**/*.py'"
INFO clients.sftp.uploadfile(1) - [25/May/2020:06:14:49 +0000] "Setting mode for '/var/www/engine/bin/NETWORK/tests/test.py' to 777 ..."
NOTICE clients.sftp.uploadfile(3) - [25/May/2020:06:15:05 +0000] "'/var/www/engine/bin/NETWORK/tests/test.py' matches with mode pattern '/**/*.py'"
INFO clients.sftp.uploadfile(1) - [25/May/2020:06:15:05 +0000] "Setting mode for '/var/www/engine/bin/NETWORK/tests/test.py' to 777 ..."
NOTICE clients.sftp.uploadfile(3) - [25/May/2020:06:16:11 +0000] "'/var/www/engine/bin/NETWORK/tests/test.py' matches with mode pattern '/**/*.py'"
INFO clients.sftp.uploadfile(1) - [25/May/2020:06:16:11 +0000] "Setting mode for '/var/www/engine/bin/NETWORK/tests/test.py' to 777 ..."
NOTICE clients.sftp.uploadfile(3) - [25/May/2020:06:16:35 +0000] "'/var/www/engine/bin/NETWORK/tests/test.py' matches with mode pattern '/**/*.py'"
INFO clients.sftp.uploadfile(1) - [25/May/2020:06:16:35 +0000] "Setting mode for '/var/www/engine/bin/NETWORK/tests/test.py' to 777 ..."
NOTICE clients.sftp.uploadfile(3) - [25/May/2020:06:22:01 +0000] "'/var/www/engine/bin/NETWORK/tests/test.py' matches with mode pattern '/**/*.py'"
INFO clients.sftp.uploadfile(1) - [25/May/2020:06:22:01 +0000] "Setting mode for '/var/www/engine/bin/NETWORK/tests/test.py' to 777 ..."
NOTICE clients.sftp.uploadfile(3) - [25/May/2020:06:22:37 +0000] "'/var/www/engine/bin/NETWORK/tests/test.py' matches with mode pattern '/**/*.py'"
INFO clients.sftp.uploadfile(1) - [25/May/2020:06:22:37 +0000] "Setting mode for '/var/www/engine/bin/NETWORK/tests/test.py' to 777 ..."
NOTICE clients.sftp.uploadfile(3) - [25/May/2020:06:28:45 +0000] "'/var/www/engine/bin/NETWORK/tests/test.py' matches with mode pattern '/**/*.py'"
INFO clients.sftp.uploadfile(1) - [25/May/2020:06:28:45 +0000] "Setting mode for '/var/www/engine/bin/NETWORK/tests/test.py' to 777 ..."
NOTICE clients.sftp.uploadfile(3) - [25/May/2020:06:29:18 +0000] "'/var/www/engine/bin/NETWORK/tests/test.py' matches with mode pattern '/**/*.py'"
INFO clients.sftp.uploadfile(1) - [25/May/2020:06:29:19 +0000] "Setting mode for '/var/www/engine/bin/NETWORK/tests/test.py' to 777 ..."
NOTICE clients.sftp.uploadfile(3) - [25/May/2020:06:30:05 +0000] "'/var/www/engine/bin/NETWORK/tests/test.py' matches with mode pattern '/**/*.py'"
INFO clients.sftp.uploadfile(1) - [25/May/2020:06:30:06 +0000] "Setting mode for '/var/www/engine/bin/NETWORK/tests/test.py' to 777 ..."
NOTICE clients.sftp.uploadfile(3) - [25/May/2020:06:30:16 +0000] "'/var/www/engine/bin/NETWORK/tests/test.py' matches with mode pattern '/**/*.py'"
INFO clients.sftp.uploadfile(1) - [25/May/2020:06:30:16 +0000] "Setting mode for '/var/www/engine/bin/NETWORK/tests/test.py' to 777 ..."
NOTICE clients.sftp.uploadfile(3) - [25/May/2020:06:30:47 +0000] "'/var/www/engine/bin/NETWORK/tests/test.py' matches with mode pattern '/**/*.py'"
INFO clients.sftp.uploadfile(1) - [25/May/2020:06:30:48 +0000] "Setting mode for '/var/www/engine/bin/NETWORK/tests/test.py' to 777 ..."
NOTICE clients.sftp.uploadfile(3) - [25/May/2020:06:31:48 +0000] "'/var/www/engine/bin/NETWORK/tests/test.py' matches with mode pattern '/**/*.py'"
INFO clients.sftp.uploadfile(1) - [25/May/2020:06:31:48 +0000] "Setting mode for '/var/www/engine/bin/NETWORK/tests/test.py' to 777 ..."
NOTICE clients.sftp.uploadfile(3) - [25/May/2020:06:38:36 +0000] "'/var/www/engine/bin/NETWORK/tests/test.py' matches with mode pattern '/**/*.py'"
INFO clients.sftp.uploadfile(1) - [25/May/2020:06:38:36 +0000] "Setting mode for '/var/www/engine/bin/NETWORK/tests/test.py' to 777 ..."
NOTICE clients.sftp.uploadfile(3) - [25/May/2020:06:42:08 +0000] "'/var/www/engine/bin/NETWORK/tests/test.py' matches with mode pattern '/**/*.py'"
INFO clients.sftp.uploadfile(1) - [25/May/2020:06:42:08 +0000] "Setting mode for '/var/www/engine/bin/NETWORK/tests/test.py' to 777 ..."
NOTICE clients.sftp.uploadfile(3) - [25/May/2020:06:42:37 +0000] "'/var/www/engine/bin/NETWORK/tests/test.py' matches with mode pattern '/**/*.py'"
INFO clients.sftp.uploadfile(1) - [25/May/2020:06:42:37 +0000] "Setting mode for '/var/www/engine/bin/NETWORK/tests/test.py' to 777 ..."
NOTICE clients.sftp.uploadfile(3) - [25/May/2020:06:43:40 +0000] "'/var/www/engine/bin/NETWORK/tests/test.py' matches with mode pattern '/**/*.py'"
INFO clients.sftp.uploadfile(1) - [25/May/2020:06:43:41 +0000] "Setting mode for '/var/www/engine/bin/NETWORK/tests/test.py' to 777 ..."
NOTICE clients.sftp.uploadfile(3) - [25/May/2020:06:43:50 +0000] "'/var/www/engine/bin/NETWORK/tests/test.py' matches with mode pattern '/**/*.py'"
INFO clients.sftp.uploadfile(1) - [25/May/2020:06:43:50 +0000] "Setting mode for '/var/www/engine/bin/NETWORK/tests/test.py' to 777 ..."
NOTICE clients.sftp.uploadfile(3) - [25/May/2020:06:48:42 +0000] "'/var/www/engine/bin/NETWORK/tests/test.py' matches with mode pattern '/**/*.py'"
INFO clients.sftp.uploadfile(1) - [25/May/2020:06:48:42 +0000] "Setting mode for '/var/www/engine/bin/NETWORK/tests/test.py' to 777 ..."
NOTICE clients.sftp.uploadfile(3) - [25/May/2020:06:58:14 +0000] "'/var/www/engine/bin/NETWORK/tests/test.py' matches with mode pattern '/**/*.py'"
INFO clients.sftp.uploadfile(1) - [25/May/2020:06:58:14 +0000] "Setting mode for '/var/www/engine/bin/NETWORK/tests/test.py' to 777 ..."
NOTICE clients.sftp.uploadfile(3) - [25/May/2020:07:08:21 +0000] "'/var/www/engine/bin/NETWORK/tests/test.py' matches with mode pattern '/**/*.py'"
INFO clients.sftp.uploadfile(1) - [25/May/2020:07:08:21 +0000] "Setting mode for '/var/www/engine/bin/NETWORK/tests/test.py' to 777 ..."
NOTICE clients.sftp.uploadfile(3) - [25/May/2020:07:09:21 +0000] "'/var/www/engine/bin/NETWORK/tests/test_params.py' matches with mode pattern '/**/*.py'"
INFO clients.sftp.uploadfile(1) - [25/May/2020:07:09:21 +0000] "Setting mode for '/var/www/engine/bin/NETWORK/tests/test_params.py' to 777 ..."
NOTICE clients.sftp.uploadfile(3) - [25/May/2020:07:10:23 +0000] "'/var/www/engine/bin/NETWORK/tests/test.py' matches with mode pattern '/**/*.py'"
INFO clients.sftp.uploadfile(1) - [25/May/2020:07:10:23 +0000] "Setting mode for '/var/www/engine/bin/NETWORK/tests/test.py' to 777 ..."
NOTICE clients.sftp.uploadfile(3) - [25/May/2020:07:11:05 +0000] "'/var/www/engine/bin/NETWORK/tests/test.py' matches with mode pattern '/**/*.py'"
INFO clients.sftp.uploadfile(1) - [25/May/2020:07:11:05 +0000] "Setting mode for '/var/www/engine/bin/NETWORK/tests/test.py' to 777 ..."
NOTICE clients.sftp.uploadfile(3) - [25/May/2020:07:11:23 +0000] "'/var/www/engine/bin/NETWORK/tests/test.py' matches with mode pattern '/**/*.py'"
INFO clients.sftp.uploadfile(1) - [25/May/2020:07:11:23 +0000] "Setting mode for '/var/www/engine/bin/NETWORK/tests/test.py' to 777 ..."
NOTICE clients.sftp.uploadfile(3) - [25/May/2020:07:11:43 +0000] "'/var/www/engine/bin/NETWORK/tests/test.py' matches with mode pattern '/**/*.py'"
INFO clients.sftp.uploadfile(1) - [25/May/2020:07:11:43 +0000] "Setting mode for '/var/www/engine/bin/NETWORK/tests/test.py' to 777 ..."
NOTICE clients.sftp.uploadfile(3) - [25/May/2020:07:12:11 +0000] "'/var/www/engine/bin/NETWORK/tests/test.py' matches with mode pattern '/**/*.py'"
INFO clients.sftp.uploadfile(1) - [25/May/2020:07:12:11 +0000] "Setting mode for '/var/www/engine/bin/NETWORK/tests/test.py' to 777 ..."
NOTICE clients.sftp.uploadfile(3) - [25/May/2020:07:13:40 +0000] "'/var/www/engine/bin/NETWORK/tests/test.py' matches with mode pattern '/**/*.py'"
INFO clients.sftp.uploadfile(1) - [25/May/2020:07:13:41 +0000] "Setting mode for '/var/www/engine/bin/NETWORK/tests/test.py' to 777 ..."
NOTICE clients.sftp.uploadfile(3) - [25/May/2020:07:13:58 +0000] "'/var/www/engine/bin/NETWORK/tests/test.py' matches with mode pattern '/**/*.py'"
INFO clients.sftp.uploadfile(1) - [25/May/2020:07:13:58 +0000] "Setting mode for '/var/www/engine/bin/NETWORK/tests/test.py' to 777 ..."
NOTICE clients.sftp.uploadfile(3) - [25/May/2020:07:14:58 +0000] "'/var/www/engine/bin/NETWORK/tests/test_net.py' matches with mode pattern '/**/*.py'"
INFO clients.sftp.uploadfile(1) - [25/May/2020:07:14:58 +0000] "Setting mode for '/var/www/engine/bin/NETWORK/tests/test_net.py' to 777 ..."
NOTICE clients.sftp.uploadfile(3) - [25/May/2020:07:15:22 +0000] "'/var/www/engine/bin/NETWORK/tests/test_net.py' matches with mode pattern '/**/*.py'"
INFO clients.sftp.uploadfile(1) - [25/May/2020:07:15:22 +0000] "Setting mode for '/var/www/engine/bin/NETWORK/tests/test_net.py' to 777 ..."
NOTICE clients.sftp.uploadfile(3) - [25/May/2020:07:21:36 +0000] "'/var/www/engine/bin/NETWORK/tests/test_net.py' matches with mode pattern '/**/*.py'"
INFO clients.sftp.uploadfile(1) - [25/May/2020:07:21:36 +0000] "Setting mode for '/var/www/engine/bin/NETWORK/tests/test_net.py' to 777 ..."
NOTICE clients.sftp.uploadfile(3) - [25/May/2020:11:16:18 +0000] "'/var/www/engine/bin/NETWORK/constants.py' matches with mode pattern '/**/*.py'"
INFO clients.sftp.uploadfile(1) - [25/May/2020:11:16:18 +0000] "Setting mode for '/var/www/engine/bin/NETWORK/constants.py' to 777 ..."
NOTICE clients.sftp.uploadfile(3) - [25/May/2020:11:16:34 +0000] "'/var/www/engine/bin/NETWORK/constants.py' matches with mode pattern '/**/*.py'"
INFO clients.sftp.uploadfile(1) - [25/May/2020:11:16:34 +0000] "Setting mode for '/var/www/engine/bin/NETWORK/constants.py' to 777 ..."
NOTICE clients.sftp.uploadfile(3) - [25/May/2020:11:16:50 +0000] "'/var/www/engine/bin/NETWORK/constants.py' matches with mode pattern '/**/*.py'"
INFO clients.sftp.uploadfile(1) - [25/May/2020:11:16:50 +0000] "Setting mode for '/var/www/engine/bin/NETWORK/constants.py' to 777 ..."
NOTICE clients.sftp.uploadfile(3) - [25/May/2020:11:17:56 +0000] "'/var/www/engine/bin/NETWORK/tests/test_net.py' matches with mode pattern '/**/*.py'"
INFO clients.sftp.uploadfile(1) - [25/May/2020:11:17:56 +0000] "Setting mode for '/var/www/engine/bin/NETWORK/tests/test_net.py' to 777 ..."
NOTICE clients.sftp.uploadfile(3) - [25/May/2020:11:18:16 +0000] "'/var/www/engine/bin/NETWORK/tests/test_net.py' matches with mode pattern '/**/*.py'"
INFO clients.sftp.uploadfile(1) - [25/May/2020:11:18:16 +0000] "Setting mode for '/var/www/engine/bin/NETWORK/tests/test_net.py' to 777 ..."
NOTICE clients.sftp.uploadfile(3) - [25/May/2020:11:18:48 +0000] "'/var/www/engine/bin/NETWORK/tests/test_net.py' matches with mode pattern '/**/*.py'"
INFO clients.sftp.uploadfile(1) - [25/May/2020:11:18:49 +0000] "Setting mode for '/var/www/engine/bin/NETWORK/tests/test_net.py' to 777 ..."
NOTICE clients.sftp.uploadfile(3) - [25/May/2020:11:19:00 +0000] "'/var/www/engine/bin/NETWORK/constants.py' matches with mode pattern '/**/*.py'"
INFO clients.sftp.uploadfile(1) - [25/May/2020:11:19:00 +0000] "Setting mode for '/var/www/engine/bin/NETWORK/constants.py' to 777 ..."
NOTICE clients.sftp.uploadfile(3) - [25/May/2020:11:22:13 +0000] "'/var/www/engine/bin/NETWORK/tests/test_net.py' matches with mode pattern '/**/*.py'"
INFO clients.sftp.uploadfile(1) - [25/May/2020:11:22:14 +0000] "Setting mode for '/var/www/engine/bin/NETWORK/tests/test_net.py' to 777 ..."
NOTICE clients.sftp.uploadfile(3) - [25/May/2020:11:22:25 +0000] "'/var/www/engine/bin/NETWORK/tests/test_net.py' matches with mode pattern '/**/*.py'"
INFO clients.sftp.uploadfile(1) - [25/May/2020:11:22:25 +0000] "Setting mode for '/var/www/engine/bin/NETWORK/tests/test_net.py' to 777 ..."
NOTICE clients.sftp.uploadfile(3) - [25/May/2020:11:24:50 +0000] "'/var/www/engine/bin/NETWORK/tests/test_net.py' matches with mode pattern '/**/*.py'"
INFO clients.sftp.uploadfile(1) - [25/May/2020:11:24:50 +0000] "Setting mode for '/var/www/engine/bin/NETWORK/tests/test_net.py' to 777 ..."
NOTICE clients.sftp.uploadfile(3) - [25/May/2020:11:25:14 +0000] "'/var/www/engine/bin/NETWORK/tests/test_net.py' matches with mode pattern '/**/*.py'"
INFO clients.sftp.uploadfile(1) - [25/May/2020:11:25:15 +0000] "Setting mode for '/var/www/engine/bin/NETWORK/tests/test_net.py' to 777 ..."
NOTICE clients.sftp.uploadfile(3) - [25/May/2020:11:25:39 +0000] "'/var/www/engine/bin/NETWORK/constants.py' matches with mode pattern '/**/*.py'"
INFO clients.sftp.uploadfile(1) - [25/May/2020:11:25:39 +0000] "Setting mode for '/var/www/engine/bin/NETWORK/constants.py' to 777 ..."
NOTICE clients.sftp.uploadfile(3) - [25/May/2020:11:25:48 +0000] "'/var/www/engine/bin/NETWORK/constants.py' matches with mode pattern '/**/*.py'"
INFO clients.sftp.uploadfile(1) - [25/May/2020:11:25:48 +0000] "Setting mode for '/var/www/engine/bin/NETWORK/constants.py' to 777 ..."
NOTICE clients.sftp.uploadfile(3) - [25/May/2020:11:32:47 +0000] "'/var/www/engine/bin/NETWORK/tests/test_net.py' matches with mode pattern '/**/*.py'"
INFO clients.sftp.uploadfile(1) - [25/May/2020:11:32:48 +0000] "Setting mode for '/var/www/engine/bin/NETWORK/tests/test_net.py' to 777 ..."
INFO extension.deploy.reloaded.loadplugins - [25/May/2020:14:54:07 +0000] "Loaded 19 plugins:
- app
- azureblob
- batch
- compiler
- dropbox
- each
- ftp
- list
- local
- mail
- map
- prompt
- s3bucket
- script
- sftp
- slack
- switch
- test
- zip
"
INFO extension.deploy.reloaded.loadplugins - [25/May/2020:16:02:43 +0000] "Loaded 19 plugins:
- app
- azureblob
- batch
- compiler
- dropbox
- each
- ftp
- list
- local
- mail
- map
- prompt
- s3bucket
- script
- sftp
- slack
- switch
- test
- zip
"
NOTICE clients.sftp.uploadfile(3) - [25/May/2020:16:25:26 +0000] "'/var/www/engine/bin/NETWORK/tests/test_net copy.py' matches with mode pattern '/**/*.py'"
INFO clients.sftp.uploadfile(1) - [25/May/2020:16:25:26 +0000] "Setting mode for '/var/www/engine/bin/NETWORK/tests/test_net copy.py' to 777 ..."
NOTICE clients.sftp.uploadfile(3) - [25/May/2020:16:26:36 +0000] "'/var/www/engine/bin/NETWORK/tests/test_net test.py' matches with mode pattern '/**/*.py'"
INFO clients.sftp.uploadfile(1) - [25/May/2020:16:26:36 +0000] "Setting mode for '/var/www/engine/bin/NETWORK/tests/test_net test.py' to 777 ..."
NOTICE clients.sftp.uploadfile(3) - [25/May/2020:16:27:34 +0000] "'/var/www/engine/bin/NETWORK/tests/test_net_test.py' matches with mode pattern '/**/*.py'"
INFO clients.sftp.uploadfile(1) - [25/May/2020:16:27:34 +0000] "Setting mode for '/var/www/engine/bin/NETWORK/tests/test_net_test.py' to 777 ..."
NOTICE clients.sftp.uploadfile(3) - [25/May/2020:16:29:03 +0000] "'/var/www/engine/bin/NETWORK/tests/test_net_test.py' matches with mode pattern '/**/*.py'"
INFO clients.sftp.uploadfile(1) - [25/May/2020:16:29:03 +0000] "Setting mode for '/var/www/engine/bin/NETWORK/tests/test_net_test.py' to 777 ..."
NOTICE clients.sftp.uploadfile(3) - [25/May/2020:16:30:21 +0000] "'/var/www/engine/bin/NETWORK/tests/test_net_test.py' matches with mode pattern '/**/*.py'"
INFO clients.sftp.uploadfile(1) - [25/May/2020:16:30:21 +0000] "Setting mode for '/var/www/engine/bin/NETWORK/tests/test_net_test.py' to 777 ..."
NOTICE clients.sftp.uploadfile(3) - [25/May/2020:16:30:52 +0000] "'/var/www/engine/bin/NETWORK/constants.py' matches with mode pattern '/**/*.py'"
INFO clients.sftp.uploadfile(1) - [25/May/2020:16:30:52 +0000] "Setting mode for '/var/www/engine/bin/NETWORK/constants.py' to 777 ..."
NOTICE clients.sftp.uploadfile(3) - [25/May/2020:16:31:15 +0000] "'/var/www/engine/bin/NETWORK/constants.py' matches with mode pattern '/**/*.py'"
INFO clients.sftp.uploadfile(1) - [25/May/2020:16:31:15 +0000] "Setting mode for '/var/www/engine/bin/NETWORK/constants.py' to 777 ..."
NOTICE clients.sftp.uploadfile(3) - [25/May/2020:16:32:15 +0000] "'/var/www/engine/bin/NETWORK/tests/test_net_test.py' matches with mode pattern '/**/*.py'"
INFO clients.sftp.uploadfile(1) - [25/May/2020:16:32:15 +0000] "Setting mode for '/var/www/engine/bin/NETWORK/tests/test_net_test.py' to 777 ..."
NOTICE clients.sftp.uploadfile(3) - [25/May/2020:16:32:36 +0000] "'/var/www/engine/bin/NETWORK/tests/test_net_test.py' matches with mode pattern '/**/*.py'"
INFO clients.sftp.uploadfile(1) - [25/May/2020:16:32:36 +0000] "Setting mode for '/var/www/engine/bin/NETWORK/tests/test_net_test.py' to 777 ..."
NOTICE clients.sftp.uploadfile(3) - [25/May/2020:16:32:57 +0000] "'/var/www/engine/bin/NETWORK/tests/test_net_test.py' matches with mode pattern '/**/*.py'"
INFO clients.sftp.uploadfile(1) - [25/May/2020:16:32:57 +0000] "Setting mode for '/var/www/engine/bin/NETWORK/tests/test_net_test.py' to 777 ..."
NOTICE clients.sftp.uploadfile(3) - [25/May/2020:16:33:15 +0000] "'/var/www/engine/bin/NETWORK/tests/test_net_test.py' matches with mode pattern '/**/*.py'"
INFO clients.sftp.uploadfile(1) - [25/May/2020:16:33:15 +0000] "Setting mode for '/var/www/engine/bin/NETWORK/tests/test_net_test.py' to 777 ..."
