NOTICE clients.sftp.uploadfile(3) - [26/May/2020:05:49:55 +0000] "'/var/www/engine/bin/NETWORK/tests/test_net_test.py' matches with mode pattern '/**/*.py'"
INFO clients.sftp.uploadfile(1) - [26/May/2020:05:49:55 +0000] "Setting mode for '/var/www/engine/bin/NETWORK/tests/test_net_test.py' to 777 ..."
NOTICE clients.sftp.uploadfile(3) - [26/May/2020:05:50:40 +0000] "'/var/www/engine/bin/NETWORK/tests/test_net_test.py' matches with mode pattern '/**/*.py'"
INFO clients.sftp.uploadfile(1) - [26/May/2020:05:50:40 +0000] "Setting mode for '/var/www/engine/bin/NETWORK/tests/test_net_test.py' to 777 ..."
NOTICE clients.sftp.uploadfile(3) - [26/May/2020:05:51:36 +0000] "'/var/www/engine/bin/NETWORK/tests/test_net_test.py' matches with mode pattern '/**/*.py'"
INFO clients.sftp.uploadfile(1) - [26/May/2020:05:51:36 +0000] "Setting mode for '/var/www/engine/bin/NETWORK/tests/test_net_test.py' to 777 ..."
NOTICE clients.sftp.uploadfile(3) - [26/May/2020:05:52:36 +0000] "'/var/www/engine/bin/NETWORK/tests/test_net_test.py' matches with mode pattern '/**/*.py'"
INFO clients.sftp.uploadfile(1) - [26/May/2020:05:52:36 +0000] "Setting mode for '/var/www/engine/bin/NETWORK/tests/test_net_test.py' to 777 ..."
NOTICE clients.sftp.uploadfile(3) - [26/May/2020:05:53:50 +0000] "'/var/www/engine/bin/NETWORK/tests/test_net_test.py' matches with mode pattern '/**/*.py'"
INFO clients.sftp.uploadfile(1) - [26/May/2020:05:53:50 +0000] "Setting mode for '/var/www/engine/bin/NETWORK/tests/test_net_test.py' to 777 ..."
NOTICE clients.sftp.uploadfile(3) - [26/May/2020:05:54:15 +0000] "'/var/www/engine/bin/NETWORK/tests/test_net_test.py' matches with mode pattern '/**/*.py'"
INFO clients.sftp.uploadfile(1) - [26/May/2020:05:54:15 +0000] "Setting mode for '/var/www/engine/bin/NETWORK/tests/test_net_test.py' to 777 ..."
NOTICE clients.sftp.uploadfile(3) - [26/May/2020:06:02:46 +0000] "'/var/www/engine/bin/NETWORK/tests/test_net_test.py' matches with mode pattern '/**/*.py'"
INFO clients.sftp.uploadfile(1) - [26/May/2020:06:02:46 +0000] "Setting mode for '/var/www/engine/bin/NETWORK/tests/test_net_test.py' to 777 ..."
NOTICE clients.sftp.uploadfile(3) - [26/May/2020:06:03:23 +0000] "'/var/www/engine/bin/NETWORK/tests/test_net_test.py' matches with mode pattern '/**/*.py'"
INFO clients.sftp.uploadfile(1) - [26/May/2020:06:03:23 +0000] "Setting mode for '/var/www/engine/bin/NETWORK/tests/test_net_test.py' to 777 ..."
NOTICE clients.sftp.uploadfile(3) - [26/May/2020:06:03:32 +0000] "'/var/www/engine/bin/NETWORK/tests/test_net_test.py' matches with mode pattern '/**/*.py'"
INFO clients.sftp.uploadfile(1) - [26/May/2020:06:03:32 +0000] "Setting mode for '/var/www/engine/bin/NETWORK/tests/test_net_test.py' to 777 ..."
NOTICE clients.sftp.uploadfile(3) - [26/May/2020:06:03:42 +0000] "'/var/www/engine/bin/NETWORK/tests/test_net_test.py' matches with mode pattern '/**/*.py'"
INFO clients.sftp.uploadfile(1) - [26/May/2020:06:03:42 +0000] "Setting mode for '/var/www/engine/bin/NETWORK/tests/test_net_test.py' to 777 ..."
NOTICE clients.sftp.uploadfile(3) - [26/May/2020:06:09:04 +0000] "'/var/www/engine/bin/NETWORK/tests/test_net_test.py' matches with mode pattern '/**/*.py'"
INFO clients.sftp.uploadfile(1) - [26/May/2020:06:09:04 +0000] "Setting mode for '/var/www/engine/bin/NETWORK/tests/test_net_test.py' to 777 ..."
NOTICE clients.sftp.uploadfile(3) - [26/May/2020:06:55:41 +0000] "'/var/www/engine/bin/NETWORK/tests/test_net_test.py' matches with mode pattern '/**/*.py'"
INFO clients.sftp.uploadfile(1) - [26/May/2020:06:55:41 +0000] "Setting mode for '/var/www/engine/bin/NETWORK/tests/test_net_test.py' to 777 ..."
NOTICE clients.sftp.uploadfile(3) - [26/May/2020:06:56:34 +0000] "'/var/www/engine/bin/NETWORK/tests/test_net_test.py' matches with mode pattern '/**/*.py'"
INFO clients.sftp.uploadfile(1) - [26/May/2020:06:56:34 +0000] "Setting mode for '/var/www/engine/bin/NETWORK/tests/test_net_test.py' to 777 ..."
NOTICE clients.sftp.uploadfile(3) - [26/May/2020:07:07:06 +0000] "'/var/www/engine/bin/NETWORK/tests/test_net_test.py' matches with mode pattern '/**/*.py'"
INFO clients.sftp.uploadfile(1) - [26/May/2020:07:07:06 +0000] "Setting mode for '/var/www/engine/bin/NETWORK/tests/test_net_test.py' to 777 ..."
NOTICE clients.sftp.uploadfile(3) - [26/May/2020:07:07:50 +0000] "'/var/www/engine/bin/NETWORK/tests/test_params.py' matches with mode pattern '/**/*.py'"
INFO clients.sftp.uploadfile(1) - [26/May/2020:07:07:50 +0000] "Setting mode for '/var/www/engine/bin/NETWORK/tests/test_params.py' to 777 ..."
NOTICE clients.sftp.uploadfile(3) - [26/May/2020:07:14:45 +0000] "'/var/www/engine/bin/NETWORK/tests/test_net_test.py' matches with mode pattern '/**/*.py'"
INFO clients.sftp.uploadfile(1) - [26/May/2020:07:14:45 +0000] "Setting mode for '/var/www/engine/bin/NETWORK/tests/test_net_test.py' to 777 ..."
NOTICE clients.sftp.uploadfile(3) - [26/May/2020:07:17:02 +0000] "'/var/www/engine/bin/NETWORK/tests/test_params.py' matches with mode pattern '/**/*.py'"
INFO clients.sftp.uploadfile(1) - [26/May/2020:07:17:02 +0000] "Setting mode for '/var/www/engine/bin/NETWORK/tests/test_params.py' to 777 ..."
NOTICE clients.sftp.uploadfile(3) - [26/May/2020:07:17:31 +0000] "'/var/www/engine/bin/NETWORK/tests/test_net_test.py' matches with mode pattern '/**/*.py'"
INFO clients.sftp.uploadfile(1) - [26/May/2020:07:17:32 +0000] "Setting mode for '/var/www/engine/bin/NETWORK/tests/test_net_test.py' to 777 ..."
NOTICE clients.sftp.uploadfile(3) - [26/May/2020:07:31:22 +0000] "'/var/www/engine/bin/NETWORK/tests/test_net_test.py' matches with mode pattern '/**/*.py'"
INFO clients.sftp.uploadfile(1) - [26/May/2020:07:31:23 +0000] "Setting mode for '/var/www/engine/bin/NETWORK/tests/test_net_test.py' to 777 ..."
INFO extension.deploy.reloaded.loadplugins - [26/May/2020:07:36:43 +0000] "Loaded 19 plugins:
- app
- azureblob
- batch
- compiler
- dropbox
- each
- ftp
- list
- local
- mail
- map
- prompt
- s3bucket
- script
- sftp
- slack
- switch
- test
- zip
"
NOTICE clients.sftp.uploadfile(3) - [26/May/2020:07:42:55 +0000] "'/var/www/engine/bin/NETWORK/tests/test_net_test.py' matches with mode pattern '/**/*.py'"
INFO clients.sftp.uploadfile(1) - [26/May/2020:07:42:56 +0000] "Setting mode for '/var/www/engine/bin/NETWORK/tests/test_net_test.py' to 777 ..."
NOTICE clients.sftp.uploadfile(3) - [26/May/2020:07:43:15 +0000] "'/var/www/engine/bin/NETWORK/tests/test_net_test.py' matches with mode pattern '/**/*.py'"
INFO clients.sftp.uploadfile(1) - [26/May/2020:07:43:15 +0000] "Setting mode for '/var/www/engine/bin/NETWORK/tests/test_net_test.py' to 777 ..."
NOTICE clients.sftp.uploadfile(3) - [26/May/2020:07:45:18 +0000] "'/var/www/engine/bin/NETWORK/tests/test_net_test.py' matches with mode pattern '/**/*.py'"
INFO clients.sftp.uploadfile(1) - [26/May/2020:07:45:19 +0000] "Setting mode for '/var/www/engine/bin/NETWORK/tests/test_net_test.py' to 777 ..."
NOTICE clients.sftp.uploadfile(3) - [26/May/2020:07:50:07 +0000] "'/var/www/engine/bin/NETWORK/tests/test_net_test.py' matches with mode pattern '/**/*.py'"
INFO clients.sftp.uploadfile(1) - [26/May/2020:07:50:07 +0000] "Setting mode for '/var/www/engine/bin/NETWORK/tests/test_net_test.py' to 777 ..."
NOTICE clients.sftp.uploadfile(3) - [26/May/2020:07:50:52 +0000] "'/var/www/engine/bin/NETWORK/tests/test_net_test.py' matches with mode pattern '/**/*.py'"
INFO clients.sftp.uploadfile(1) - [26/May/2020:07:50:52 +0000] "Setting mode for '/var/www/engine/bin/NETWORK/tests/test_net_test.py' to 777 ..."
NOTICE clients.sftp.uploadfile(3) - [26/May/2020:07:51:10 +0000] "'/var/www/engine/bin/NETWORK/tests/test_net_test.py' matches with mode pattern '/**/*.py'"
INFO clients.sftp.uploadfile(1) - [26/May/2020:07:51:10 +0000] "Setting mode for '/var/www/engine/bin/NETWORK/tests/test_net_test.py' to 777 ..."
NOTICE clients.sftp.uploadfile(3) - [26/May/2020:07:52:07 +0000] "'/var/www/engine/bin/NETWORK/tests/test_net_test.py' matches with mode pattern '/**/*.py'"
INFO clients.sftp.uploadfile(1) - [26/May/2020:07:52:07 +0000] "Setting mode for '/var/www/engine/bin/NETWORK/tests/test_net_test.py' to 777 ..."
NOTICE clients.sftp.uploadfile(3) - [26/May/2020:07:52:22 +0000] "'/var/www/engine/bin/NETWORK/tests/test_net_test.py' matches with mode pattern '/**/*.py'"
INFO clients.sftp.uploadfile(1) - [26/May/2020:07:52:22 +0000] "Setting mode for '/var/www/engine/bin/NETWORK/tests/test_net_test.py' to 777 ..."
NOTICE clients.sftp.uploadfile(3) - [26/May/2020:08:23:20 +0000] "'/var/www/engine/bin/NETWORK/tests/test_net_test.py' matches with mode pattern '/**/*.py'"
INFO clients.sftp.uploadfile(1) - [26/May/2020:08:23:20 +0000] "Setting mode for '/var/www/engine/bin/NETWORK/tests/test_net_test.py' to 777 ..."
NOTICE clients.sftp.uploadfile(3) - [26/May/2020:08:24:02 +0000] "'/var/www/engine/bin/NETWORK/tests/test_net_test.py' matches with mode pattern '/**/*.py'"
INFO clients.sftp.uploadfile(1) - [26/May/2020:08:24:02 +0000] "Setting mode for '/var/www/engine/bin/NETWORK/tests/test_net_test.py' to 777 ..."
NOTICE clients.sftp.uploadfile(3) - [26/May/2020:08:26:19 +0000] "'/var/www/engine/bin/NETWORK/tests/test_net_test.py' matches with mode pattern '/**/*.py'"
INFO clients.sftp.uploadfile(1) - [26/May/2020:08:26:19 +0000] "Setting mode for '/var/www/engine/bin/NETWORK/tests/test_net_test.py' to 777 ..."
NOTICE clients.sftp.uploadfile(3) - [26/May/2020:08:27:36 +0000] "'/var/www/engine/bin/NETWORK/tests/test_net_test.py' matches with mode pattern '/**/*.py'"
INFO clients.sftp.uploadfile(1) - [26/May/2020:08:27:36 +0000] "Setting mode for '/var/www/engine/bin/NETWORK/tests/test_net_test.py' to 777 ..."
NOTICE clients.sftp.uploadfile(3) - [26/May/2020:08:40:34 +0000] "'/var/www/engine/bin/NETWORK/tests/test_net_test.py' matches with mode pattern '/**/*.py'"
INFO clients.sftp.uploadfile(1) - [26/May/2020:08:40:35 +0000] "Setting mode for '/var/www/engine/bin/NETWORK/tests/test_net_test.py' to 777 ..."
NOTICE clients.sftp.uploadfile(3) - [26/May/2020:08:43:31 +0000] "'/var/www/engine/bin/NETWORK/tests/test_net_test.py' matches with mode pattern '/**/*.py'"
INFO clients.sftp.uploadfile(1) - [26/May/2020:08:43:31 +0000] "Setting mode for '/var/www/engine/bin/NETWORK/tests/test_net_test.py' to 777 ..."
NOTICE clients.sftp.uploadfile(3) - [26/May/2020:09:42:41 +0000] "'/var/www/engine/bin/NETWORK/tests/test_params.py' matches with mode pattern '/**/*.py'"
INFO clients.sftp.uploadfile(1) - [26/May/2020:09:42:41 +0000] "Setting mode for '/var/www/engine/bin/NETWORK/tests/test_params.py' to 777 ..."
NOTICE clients.sftp.uploadfile(3) - [26/May/2020:09:52:10 +0000] "'/var/www/engine/bin/NETWORK/tests/test_net_test.py' matches with mode pattern '/**/*.py'"
INFO clients.sftp.uploadfile(1) - [26/May/2020:09:52:10 +0000] "Setting mode for '/var/www/engine/bin/NETWORK/tests/test_net_test.py' to 777 ..."
NOTICE clients.sftp.uploadfile(3) - [26/May/2020:09:52:57 +0000] "'/var/www/engine/bin/NETWORK/tests/test_net_test.py' matches with mode pattern '/**/*.py'"
INFO clients.sftp.uploadfile(1) - [26/May/2020:09:52:57 +0000] "Setting mode for '/var/www/engine/bin/NETWORK/tests/test_net_test.py' to 777 ..."
NOTICE clients.sftp.uploadfile(3) - [26/May/2020:09:53:48 +0000] "'/var/www/engine/bin/NETWORK/tests/test_net_test.py' matches with mode pattern '/**/*.py'"
INFO clients.sftp.uploadfile(1) - [26/May/2020:09:53:49 +0000] "Setting mode for '/var/www/engine/bin/NETWORK/tests/test_net_test.py' to 777 ..."
NOTICE clients.sftp.uploadfile(3) - [26/May/2020:10:18:15 +0000] "'/var/www/engine/bin/NETWORK/tests/test_net_test.py' matches with mode pattern '/**/*.py'"
INFO clients.sftp.uploadfile(1) - [26/May/2020:10:18:15 +0000] "Setting mode for '/var/www/engine/bin/NETWORK/tests/test_net_test.py' to 777 ..."
NOTICE clients.sftp.uploadfile(3) - [26/May/2020:10:19:07 +0000] "'/var/www/engine/bin/NETWORK/tests/test_net_test.py' matches with mode pattern '/**/*.py'"
INFO clients.sftp.uploadfile(1) - [26/May/2020:10:19:07 +0000] "Setting mode for '/var/www/engine/bin/NETWORK/tests/test_net_test.py' to 777 ..."
NOTICE clients.sftp.uploadfile(3) - [26/May/2020:10:19:39 +0000] "'/var/www/engine/bin/NETWORK/tests/test_net_test.py' matches with mode pattern '/**/*.py'"
INFO clients.sftp.uploadfile(1) - [26/May/2020:10:19:39 +0000] "Setting mode for '/var/www/engine/bin/NETWORK/tests/test_net_test.py' to 777 ..."
NOTICE clients.sftp.uploadfile(3) - [26/May/2020:10:22:30 +0000] "'/var/www/engine/bin/NETWORK/tests/test_net_test.py' matches with mode pattern '/**/*.py'"
INFO clients.sftp.uploadfile(1) - [26/May/2020:10:22:30 +0000] "Setting mode for '/var/www/engine/bin/NETWORK/tests/test_net_test.py' to 777 ..."
NOTICE clients.sftp.uploadfile(3) - [26/May/2020:10:25:19 +0000] "'/var/www/engine/bin/NETWORK/tests/test_net_test.py' matches with mode pattern '/**/*.py'"
INFO clients.sftp.uploadfile(1) - [26/May/2020:10:25:19 +0000] "Setting mode for '/var/www/engine/bin/NETWORK/tests/test_net_test.py' to 777 ..."
NOTICE clients.sftp.uploadfile(3) - [26/May/2020:10:26:58 +0000] "'/var/www/engine/bin/NETWORK/tests/test_net_test.py' matches with mode pattern '/**/*.py'"
INFO clients.sftp.uploadfile(1) - [26/May/2020:10:26:59 +0000] "Setting mode for '/var/www/engine/bin/NETWORK/tests/test_net_test.py' to 777 ..."
NOTICE clients.sftp.uploadfile(3) - [26/May/2020:10:27:43 +0000] "'/var/www/engine/bin/NETWORK/tests/test_net_test.py' matches with mode pattern '/**/*.py'"
INFO clients.sftp.uploadfile(1) - [26/May/2020:10:27:43 +0000] "Setting mode for '/var/www/engine/bin/NETWORK/tests/test_net_test.py' to 777 ..."
NOTICE clients.sftp.uploadfile(3) - [26/May/2020:10:28:07 +0000] "'/var/www/engine/bin/NETWORK/tests/test_net_test.py' matches with mode pattern '/**/*.py'"
INFO clients.sftp.uploadfile(1) - [26/May/2020:10:28:07 +0000] "Setting mode for '/var/www/engine/bin/NETWORK/tests/test_net_test.py' to 777 ..."
NOTICE clients.sftp.uploadfile(3) - [26/May/2020:10:28:36 +0000] "'/var/www/engine/bin/NETWORK/tests/test_net_test.py' matches with mode pattern '/**/*.py'"
INFO clients.sftp.uploadfile(1) - [26/May/2020:10:28:37 +0000] "Setting mode for '/var/www/engine/bin/NETWORK/tests/test_net_test.py' to 777 ..."
NOTICE clients.sftp.uploadfile(3) - [26/May/2020:10:37:56 +0000] "'/var/www/engine/bin/NETWORK/tests/test_net.py' matches with mode pattern '/**/*.py'"
INFO clients.sftp.uploadfile(1) - [26/May/2020:10:37:56 +0000] "Setting mode for '/var/www/engine/bin/NETWORK/tests/test_net.py' to 777 ..."
NOTICE clients.sftp.uploadfile(3) - [26/May/2020:10:38:12 +0000] "'/var/www/engine/bin/NETWORK/tests/test_params.py' matches with mode pattern '/**/*.py'"
INFO clients.sftp.uploadfile(1) - [26/May/2020:10:38:12 +0000] "Setting mode for '/var/www/engine/bin/NETWORK/tests/test_params.py' to 777 ..."
NOTICE clients.sftp.uploadfile(3) - [26/May/2020:10:50:36 +0000] "'/var/www/engine/bin/NETWORK/tests/test_net_test.py' matches with mode pattern '/**/*.py'"
INFO clients.sftp.uploadfile(1) - [26/May/2020:10:50:36 +0000] "Setting mode for '/var/www/engine/bin/NETWORK/tests/test_net_test.py' to 777 ..."
NOTICE clients.sftp.uploadfile(3) - [26/May/2020:10:55:48 +0000] "'/var/www/engine/bin/NETWORK/tests/test.py' matches with mode pattern '/**/*.py'"
INFO clients.sftp.uploadfile(1) - [26/May/2020:10:55:48 +0000] "Setting mode for '/var/www/engine/bin/NETWORK/tests/test.py' to 777 ..."
NOTICE clients.sftp.uploadfile(3) - [26/May/2020:10:57:47 +0000] "'/var/www/engine/bin/NETWORK/tests/test.py' matches with mode pattern '/**/*.py'"
INFO clients.sftp.uploadfile(1) - [26/May/2020:10:57:47 +0000] "Setting mode for '/var/www/engine/bin/NETWORK/tests/test.py' to 777 ..."
NOTICE clients.sftp.uploadfile(3) - [26/May/2020:10:58:10 +0000] "'/var/www/engine/bin/NETWORK/tests/test.py' matches with mode pattern '/**/*.py'"
INFO clients.sftp.uploadfile(1) - [26/May/2020:10:58:10 +0000] "Setting mode for '/var/www/engine/bin/NETWORK/tests/test.py' to 777 ..."
NOTICE clients.sftp.uploadfile(3) - [26/May/2020:11:03:20 +0000] "'/var/www/engine/bin/NETWORK/tests/test_net_test.py' matches with mode pattern '/**/*.py'"
INFO clients.sftp.uploadfile(1) - [26/May/2020:11:03:20 +0000] "Setting mode for '/var/www/engine/bin/NETWORK/tests/test_net_test.py' to 777 ..."
NOTICE clients.sftp.uploadfile(3) - [26/May/2020:11:05:18 +0000] "'/var/www/engine/bin/NETWORK/tests/test_net_test.py' matches with mode pattern '/**/*.py'"
INFO clients.sftp.uploadfile(1) - [26/May/2020:11:05:19 +0000] "Setting mode for '/var/www/engine/bin/NETWORK/tests/test_net_test.py' to 777 ..."
NOTICE clients.sftp.uploadfile(3) - [26/May/2020:11:06:13 +0000] "'/var/www/engine/bin/NETWORK/tests/test_net_test.py' matches with mode pattern '/**/*.py'"
INFO clients.sftp.uploadfile(1) - [26/May/2020:11:06:13 +0000] "Setting mode for '/var/www/engine/bin/NETWORK/tests/test_net_test.py' to 777 ..."
NOTICE clients.sftp.uploadfile(3) - [26/May/2020:11:06:41 +0000] "'/var/www/engine/bin/NETWORK/tests/test_net_test.py' matches with mode pattern '/**/*.py'"
INFO clients.sftp.uploadfile(1) - [26/May/2020:11:06:41 +0000] "Setting mode for '/var/www/engine/bin/NETWORK/tests/test_net_test.py' to 777 ..."
NOTICE clients.sftp.uploadfile(3) - [26/May/2020:11:06:57 +0000] "'/var/www/engine/bin/NETWORK/tests/test_net_test.py' matches with mode pattern '/**/*.py'"
INFO clients.sftp.uploadfile(1) - [26/May/2020:11:06:57 +0000] "Setting mode for '/var/www/engine/bin/NETWORK/tests/test_net_test.py' to 777 ..."
NOTICE clients.sftp.uploadfile(3) - [26/May/2020:11:07:09 +0000] "'/var/www/engine/bin/NETWORK/tests/test_net_test.py' matches with mode pattern '/**/*.py'"
INFO clients.sftp.uploadfile(1) - [26/May/2020:11:07:10 +0000] "Setting mode for '/var/www/engine/bin/NETWORK/tests/test_net_test.py' to 777 ..."
NOTICE clients.sftp.uploadfile(3) - [26/May/2020:11:18:15 +0000] "'/var/www/engine/bin/NETWORK/tests/test_net_test.py' matches with mode pattern '/**/*.py'"
INFO clients.sftp.uploadfile(1) - [26/May/2020:11:18:16 +0000] "Setting mode for '/var/www/engine/bin/NETWORK/tests/test_net_test.py' to 777 ..."
NOTICE clients.sftp.uploadfile(3) - [26/May/2020:11:18:33 +0000] "'/var/www/engine/bin/NETWORK/tests/test_net_test.py' matches with mode pattern '/**/*.py'"
INFO clients.sftp.uploadfile(1) - [26/May/2020:11:18:33 +0000] "Setting mode for '/var/www/engine/bin/NETWORK/tests/test_net_test.py' to 777 ..."
NOTICE clients.sftp.uploadfile(3) - [26/May/2020:11:18:45 +0000] "'/var/www/engine/bin/NETWORK/tests/test_net_test.py' matches with mode pattern '/**/*.py'"
INFO clients.sftp.uploadfile(1) - [26/May/2020:11:18:45 +0000] "Setting mode for '/var/www/engine/bin/NETWORK/tests/test_net_test.py' to 777 ..."
NOTICE clients.sftp.uploadfile(3) - [26/May/2020:11:20:46 +0000] "'/var/www/engine/bin/NETWORK/tests/test_net_test.py' matches with mode pattern '/**/*.py'"
INFO clients.sftp.uploadfile(1) - [26/May/2020:11:20:46 +0000] "Setting mode for '/var/www/engine/bin/NETWORK/tests/test_net_test.py' to 777 ..."
NOTICE clients.sftp.uploadfile(3) - [26/May/2020:11:21:18 +0000] "'/var/www/engine/bin/NETWORK/tests/test_net_test.py' matches with mode pattern '/**/*.py'"
INFO clients.sftp.uploadfile(1) - [26/May/2020:11:21:18 +0000] "Setting mode for '/var/www/engine/bin/NETWORK/tests/test_net_test.py' to 777 ..."
NOTICE clients.sftp.uploadfile(3) - [26/May/2020:11:21:50 +0000] "'/var/www/engine/bin/NETWORK/tests/test_net_test.py' matches with mode pattern '/**/*.py'"
INFO clients.sftp.uploadfile(1) - [26/May/2020:11:21:50 +0000] "Setting mode for '/var/www/engine/bin/NETWORK/tests/test_net_test.py' to 777 ..."
NOTICE clients.sftp.uploadfile(3) - [26/May/2020:11:22:15 +0000] "'/var/www/engine/bin/NETWORK/tests/test_net_test.py' matches with mode pattern '/**/*.py'"
INFO clients.sftp.uploadfile(1) - [26/May/2020:11:22:15 +0000] "Setting mode for '/var/www/engine/bin/NETWORK/tests/test_net_test.py' to 777 ..."
NOTICE clients.sftp.uploadfile(3) - [26/May/2020:11:23:25 +0000] "'/var/www/engine/bin/NETWORK/tests/test_net_test.py' matches with mode pattern '/**/*.py'"
INFO clients.sftp.uploadfile(1) - [26/May/2020:11:23:26 +0000] "Setting mode for '/var/www/engine/bin/NETWORK/tests/test_net_test.py' to 777 ..."
NOTICE clients.sftp.uploadfile(3) - [26/May/2020:11:26:55 +0000] "'/var/www/engine/bin/NETWORK/tests/test_net_test.py' matches with mode pattern '/**/*.py'"
INFO clients.sftp.uploadfile(1) - [26/May/2020:11:26:55 +0000] "Setting mode for '/var/www/engine/bin/NETWORK/tests/test_net_test.py' to 777 ..."
NOTICE clients.sftp.uploadfile(3) - [26/May/2020:12:19:47 +0000] "'/var/www/engine/bin/NETWORK/tests/test_net_test.py' matches with mode pattern '/**/*.py'"
INFO clients.sftp.uploadfile(1) - [26/May/2020:12:19:47 +0000] "Setting mode for '/var/www/engine/bin/NETWORK/tests/test_net_test.py' to 777 ..."
NOTICE clients.sftp.uploadfile(3) - [26/May/2020:12:20:42 +0000] "'/var/www/engine/bin/NETWORK/tests/test_net_test.py' matches with mode pattern '/**/*.py'"
INFO clients.sftp.uploadfile(1) - [26/May/2020:12:20:42 +0000] "Setting mode for '/var/www/engine/bin/NETWORK/tests/test_net_test.py' to 777 ..."
NOTICE clients.sftp.uploadfile(3) - [26/May/2020:12:24:38 +0000] "'/var/www/engine/bin/NETWORK/tests/test_net_test.py' matches with mode pattern '/**/*.py'"
INFO clients.sftp.uploadfile(1) - [26/May/2020:12:24:38 +0000] "Setting mode for '/var/www/engine/bin/NETWORK/tests/test_net_test.py' to 777 ..."
NOTICE clients.sftp.uploadfile(3) - [26/May/2020:12:25:02 +0000] "'/var/www/engine/bin/NETWORK/tests/test_net_test.py' matches with mode pattern '/**/*.py'"
INFO clients.sftp.uploadfile(1) - [26/May/2020:12:25:02 +0000] "Setting mode for '/var/www/engine/bin/NETWORK/tests/test_net_test.py' to 777 ..."
NOTICE clients.sftp.uploadfile(3) - [26/May/2020:12:26:43 +0000] "'/var/www/engine/bin/NETWORK/tests/test_net_test.py' matches with mode pattern '/**/*.py'"
INFO clients.sftp.uploadfile(1) - [26/May/2020:12:26:43 +0000] "Setting mode for '/var/www/engine/bin/NETWORK/tests/test_net_test.py' to 777 ..."
NOTICE clients.sftp.uploadfile(3) - [26/May/2020:12:27:26 +0000] "'/var/www/engine/bin/NETWORK/tests/test_net_test.py' matches with mode pattern '/**/*.py'"
INFO clients.sftp.uploadfile(1) - [26/May/2020:12:27:26 +0000] "Setting mode for '/var/www/engine/bin/NETWORK/tests/test_net_test.py' to 777 ..."
NOTICE clients.sftp.uploadfile(3) - [26/May/2020:12:29:03 +0000] "'/var/www/engine/bin/NETWORK/tests/test_net_test.py' matches with mode pattern '/**/*.py'"
INFO clients.sftp.uploadfile(1) - [26/May/2020:12:29:03 +0000] "Setting mode for '/var/www/engine/bin/NETWORK/tests/test_net_test.py' to 777 ..."
NOTICE clients.sftp.uploadfile(3) - [26/May/2020:12:31:52 +0000] "'/var/www/engine/bin/NETWORK/tests/test_net_test.py' matches with mode pattern '/**/*.py'"
INFO clients.sftp.uploadfile(1) - [26/May/2020:12:31:52 +0000] "Setting mode for '/var/www/engine/bin/NETWORK/tests/test_net_test.py' to 777 ..."
NOTICE clients.sftp.uploadfile(3) - [26/May/2020:12:33:36 +0000] "'/var/www/engine/bin/NETWORK/tests/test_net_test.py' matches with mode pattern '/**/*.py'"
INFO clients.sftp.uploadfile(1) - [26/May/2020:12:33:36 +0000] "Setting mode for '/var/www/engine/bin/NETWORK/tests/test_net_test.py' to 777 ..."
NOTICE clients.sftp.uploadfile(3) - [26/May/2020:12:36:00 +0000] "'/var/www/engine/bin/NETWORK/tests/test_net_test.py' matches with mode pattern '/**/*.py'"
INFO clients.sftp.uploadfile(1) - [26/May/2020:12:36:00 +0000] "Setting mode for '/var/www/engine/bin/NETWORK/tests/test_net_test.py' to 777 ..."
NOTICE clients.sftp.uploadfile(3) - [26/May/2020:12:41:25 +0000] "'/var/www/engine/bin/NETWORK/tests/test_net_test.py' matches with mode pattern '/**/*.py'"
INFO clients.sftp.uploadfile(1) - [26/May/2020:12:41:25 +0000] "Setting mode for '/var/www/engine/bin/NETWORK/tests/test_net_test.py' to 777 ..."
NOTICE clients.sftp.uploadfile(3) - [26/May/2020:12:42:00 +0000] "'/var/www/engine/bin/NETWORK/tests/test_net_test.py' matches with mode pattern '/**/*.py'"
INFO clients.sftp.uploadfile(1) - [26/May/2020:12:42:01 +0000] "Setting mode for '/var/www/engine/bin/NETWORK/tests/test_net_test.py' to 777 ..."
NOTICE clients.sftp.uploadfile(3) - [26/May/2020:12:49:09 +0000] "'/var/www/engine/bin/NETWORK/tests/test_net_test.py' matches with mode pattern '/**/*.py'"
INFO clients.sftp.uploadfile(1) - [26/May/2020:12:49:09 +0000] "Setting mode for '/var/www/engine/bin/NETWORK/tests/test_net_test.py' to 777 ..."
NOTICE clients.sftp.uploadfile(3) - [26/May/2020:13:05:44 +0000] "'/var/www/engine/bin/NETWORK/tests/test_net_test.py' matches with mode pattern '/**/*.py'"
INFO clients.sftp.uploadfile(1) - [26/May/2020:13:05:45 +0000] "Setting mode for '/var/www/engine/bin/NETWORK/tests/test_net_test.py' to 777 ..."
NOTICE clients.sftp.uploadfile(3) - [26/May/2020:13:07:21 +0000] "'/var/www/engine/bin/NETWORK/tests/test_net_test.py' matches with mode pattern '/**/*.py'"
INFO clients.sftp.uploadfile(1) - [26/May/2020:13:07:21 +0000] "Setting mode for '/var/www/engine/bin/NETWORK/tests/test_net_test.py' to 777 ..."
NOTICE clients.sftp.uploadfile(3) - [26/May/2020:13:15:05 +0000] "'/var/www/engine/bin/NETWORK/tests/test_params.py' matches with mode pattern '/**/*.py'"
INFO clients.sftp.uploadfile(1) - [26/May/2020:13:15:05 +0000] "Setting mode for '/var/www/engine/bin/NETWORK/tests/test_params.py' to 777 ..."
NOTICE clients.sftp.uploadfile(3) - [26/May/2020:13:15:45 +0000] "'/var/www/engine/bin/NETWORK/tests/test_net_test.py' matches with mode pattern '/**/*.py'"
INFO clients.sftp.uploadfile(1) - [26/May/2020:13:15:45 +0000] "Setting mode for '/var/www/engine/bin/NETWORK/tests/test_net_test.py' to 777 ..."
NOTICE clients.sftp.uploadfile(3) - [26/May/2020:13:16:25 +0000] "'/var/www/engine/bin/NETWORK/tests/test_net_test.py' matches with mode pattern '/**/*.py'"
INFO clients.sftp.uploadfile(1) - [26/May/2020:13:16:25 +0000] "Setting mode for '/var/www/engine/bin/NETWORK/tests/test_net_test.py' to 777 ..."
NOTICE clients.sftp.uploadfile(3) - [26/May/2020:13:16:57 +0000] "'/var/www/engine/bin/NETWORK/tests/test_params.py' matches with mode pattern '/**/*.py'"
INFO clients.sftp.uploadfile(1) - [26/May/2020:13:16:57 +0000] "Setting mode for '/var/www/engine/bin/NETWORK/tests/test_params.py' to 777 ..."
NOTICE clients.sftp.uploadfile(3) - [26/May/2020:13:19:08 +0000] "'/var/www/engine/bin/NETWORK/tests/test.py' matches with mode pattern '/**/*.py'"
INFO clients.sftp.uploadfile(1) - [26/May/2020:13:19:08 +0000] "Setting mode for '/var/www/engine/bin/NETWORK/tests/test.py' to 777 ..."
NOTICE clients.sftp.uploadfile(3) - [26/May/2020:13:20:23 +0000] "'/var/www/engine/bin/NETWORK/tests/test.py' matches with mode pattern '/**/*.py'"
INFO clients.sftp.uploadfile(1) - [26/May/2020:13:20:24 +0000] "Setting mode for '/var/www/engine/bin/NETWORK/tests/test.py' to 777 ..."
NOTICE clients.sftp.uploadfile(3) - [26/May/2020:13:21:46 +0000] "'/var/www/engine/bin/NETWORK/tests/test_net_test.py' matches with mode pattern '/**/*.py'"
INFO clients.sftp.uploadfile(1) - [26/May/2020:13:21:47 +0000] "Setting mode for '/var/www/engine/bin/NETWORK/tests/test_net_test.py' to 777 ..."
NOTICE clients.sftp.uploadfile(3) - [26/May/2020:14:02:33 +0000] "'/var/www/engine/bin/NETWORK/tests/test_params.py' matches with mode pattern '/**/*.py'"
INFO clients.sftp.uploadfile(1) - [26/May/2020:14:02:33 +0000] "Setting mode for '/var/www/engine/bin/NETWORK/tests/test_params.py' to 777 ..."
NOTICE clients.sftp.uploadfile(3) - [26/May/2020:14:05:50 +0000] "'/var/www/engine/bin/NETWORK/tests/test_net.py' matches with mode pattern '/**/*.py'"
INFO clients.sftp.uploadfile(1) - [26/May/2020:14:05:50 +0000] "Setting mode for '/var/www/engine/bin/NETWORK/tests/test_net.py' to 777 ..."
NOTICE clients.sftp.uploadfile(3) - [26/May/2020:14:05:53 +0000] "'/var/www/engine/bin/NETWORK/tests/test_params.py' matches with mode pattern '/**/*.py'"
INFO clients.sftp.uploadfile(1) - [26/May/2020:14:05:53 +0000] "Setting mode for '/var/www/engine/bin/NETWORK/tests/test_params.py' to 777 ..."
INFO extension.deploy.reloaded.loadplugins - [26/May/2020:14:37:17 +0000] "Loaded 19 plugins:
- app
- azureblob
- batch
- compiler
- dropbox
- each
- ftp
- list
- local
- mail
- map
- prompt
- s3bucket
- script
- sftp
- slack
- switch
- test
- zip
"
INFO extension.deploy.reloaded.loadplugins - [26/May/2020:19:30:14 +0000] "Loaded 19 plugins:
- app
- azureblob
- batch
- compiler
- dropbox
- each
- ftp
- list
- local
- mail
- map
- prompt
- s3bucket
- script
- sftp
- slack
- switch
- test
- zip
"
NOTICE clients.sftp.uploadfile(3) - [26/May/2020:19:37:10 +0000] "'/var/www/engine/bin/NETWORK/tests/test.py' matches with mode pattern '/**/*.py'"
INFO clients.sftp.uploadfile(1) - [26/May/2020:19:37:10 +0000] "Setting mode for '/var/www/engine/bin/NETWORK/tests/test.py' to 777 ..."
NOTICE clients.sftp.uploadfile(3) - [26/May/2020:19:37:10 +0000] "'/var/www/engine/bin/NETWORK/tests/test_net.py' matches with mode pattern '/**/*.py'"
INFO clients.sftp.uploadfile(1) - [26/May/2020:19:37:10 +0000] "Setting mode for '/var/www/engine/bin/NETWORK/tests/test_net.py' to 777 ..."
NOTICE clients.sftp.uploadfile(3) - [26/May/2020:19:37:10 +0000] "'/var/www/engine/bin/NETWORK/tests/test_params.py' matches with mode pattern '/**/*.py'"
INFO clients.sftp.uploadfile(1) - [26/May/2020:19:37:11 +0000] "Setting mode for '/var/www/engine/bin/NETWORK/tests/test_params.py' to 777 ..."
NOTICE clients.sftp.uploadfile(3) - [26/May/2020:19:37:11 +0000] "'/var/www/engine/bin/NETWORK/tests/test_net_test.py' matches with mode pattern '/**/*.py'"
INFO clients.sftp.uploadfile(1) - [26/May/2020:19:37:11 +0000] "Setting mode for '/var/www/engine/bin/NETWORK/tests/test_net_test.py' to 777 ..."
NOTICE clients.sftp.uploadfile(3) - [26/May/2020:19:37:11 +0000] "'/var/www/engine/bin/NETWORK/tests/.pytest_cache/README.md' does NOT match with a mode pattern"
NOTICE clients.sftp.uploadfile(3) - [26/May/2020:19:37:11 +0000] "'/var/www/engine/bin/NETWORK/tests/.pytest_cache/.gitignore' does NOT match with a mode pattern"
NOTICE clients.sftp.uploadfile(3) - [26/May/2020:19:37:11 +0000] "'/var/www/engine/bin/NETWORK/tests/.pytest_cache/CACHEDIR.TAG' does NOT match with a mode pattern"
NOTICE clients.sftp.uploadfile(3) - [26/May/2020:19:37:12 +0000] "'/var/www/engine/bin/NETWORK/tests/.pytest_cache/v/cache/nodeids' does NOT match with a mode pattern"
NOTICE clients.sftp.uploadfile(3) - [26/May/2020:19:37:13 +0000] "'/var/www/engine/bin/NETWORK/tests/.pytest_cache/v/cache/stepwise' does NOT match with a mode pattern"
NOTICE clients.sftp.uploadfile(3) - [26/May/2020:19:37:13 +0000] "'/var/www/engine/bin/NETWORK/tests/.pytest_cache/v/cache/lastfailed' does NOT match with a mode pattern"
NOTICE clients.sftp.uploadfile(3) - [26/May/2020:19:59:01 +0000] "'/var/www/engine/bin/NETWORK/tests/test_params.py' matches with mode pattern '/**/*.py'"
INFO clients.sftp.uploadfile(1) - [26/May/2020:19:59:01 +0000] "Setting mode for '/var/www/engine/bin/NETWORK/tests/test_params.py' to 777 ..."
NOTICE clients.sftp.uploadfile(3) - [26/May/2020:20:00:45 +0000] "'/var/www/engine/bin/NETWORK/tests/test_net_test.py' matches with mode pattern '/**/*.py'"
INFO clients.sftp.uploadfile(1) - [26/May/2020:20:00:46 +0000] "Setting mode for '/var/www/engine/bin/NETWORK/tests/test_net_test.py' to 777 ..."
NOTICE clients.sftp.uploadfile(3) - [26/May/2020:20:01:43 +0000] "'/var/www/engine/bin/NETWORK/tests/test_net_test.py' matches with mode pattern '/**/*.py'"
INFO clients.sftp.uploadfile(1) - [26/May/2020:20:01:43 +0000] "Setting mode for '/var/www/engine/bin/NETWORK/tests/test_net_test.py' to 777 ..."
NOTICE clients.sftp.uploadfile(3) - [26/May/2020:20:02:02 +0000] "'/var/www/engine/bin/NETWORK/tests/test_net_test.py' matches with mode pattern '/**/*.py'"
INFO clients.sftp.uploadfile(1) - [26/May/2020:20:02:02 +0000] "Setting mode for '/var/www/engine/bin/NETWORK/tests/test_net_test.py' to 777 ..."
NOTICE clients.sftp.uploadfile(3) - [26/May/2020:20:02:16 +0000] "'/var/www/engine/bin/NETWORK/tests/test_net_test.py' matches with mode pattern '/**/*.py'"
INFO clients.sftp.uploadfile(1) - [26/May/2020:20:02:16 +0000] "Setting mode for '/var/www/engine/bin/NETWORK/tests/test_net_test.py' to 777 ..."
NOTICE clients.sftp.uploadfile(3) - [26/May/2020:20:03:10 +0000] "'/var/www/engine/bin/NETWORK/tests/test_net_test.py' matches with mode pattern '/**/*.py'"
INFO clients.sftp.uploadfile(1) - [26/May/2020:20:03:11 +0000] "Setting mode for '/var/www/engine/bin/NETWORK/tests/test_net_test.py' to 777 ..."
NOTICE clients.sftp.uploadfile(3) - [26/May/2020:20:12:44 +0000] "'/var/www/engine/bin/NETWORK/tests/test_net_test.py' matches with mode pattern '/**/*.py'"
INFO clients.sftp.uploadfile(1) - [26/May/2020:20:12:44 +0000] "Setting mode for '/var/www/engine/bin/NETWORK/tests/test_net_test.py' to 777 ..."
NOTICE clients.sftp.uploadfile(3) - [26/May/2020:20:16:55 +0000] "'/var/www/engine/bin/NETWORK/tests/test_net_test.py' matches with mode pattern '/**/*.py'"
INFO clients.sftp.uploadfile(1) - [26/May/2020:20:16:55 +0000] "Setting mode for '/var/www/engine/bin/NETWORK/tests/test_net_test.py' to 777 ..."
NOTICE clients.sftp.uploadfile(3) - [26/May/2020:20:18:49 +0000] "'/var/www/engine/bin/NETWORK/tests/test_net_test.py' matches with mode pattern '/**/*.py'"
INFO clients.sftp.uploadfile(1) - [26/May/2020:20:18:49 +0000] "Setting mode for '/var/www/engine/bin/NETWORK/tests/test_net_test.py' to 777 ..."
NOTICE clients.sftp.uploadfile(3) - [26/May/2020:20:33:14 +0000] "'/var/www/engine/bin/NETWORK/tests/test_net_test.py' matches with mode pattern '/**/*.py'"
INFO clients.sftp.uploadfile(1) - [26/May/2020:20:33:14 +0000] "Setting mode for '/var/www/engine/bin/NETWORK/tests/test_net_test.py' to 777 ..."
NOTICE clients.sftp.uploadfile(3) - [26/May/2020:20:34:19 +0000] "'/var/www/engine/bin/NETWORK/tests/test_net_test.py' matches with mode pattern '/**/*.py'"
INFO clients.sftp.uploadfile(1) - [26/May/2020:20:34:19 +0000] "Setting mode for '/var/www/engine/bin/NETWORK/tests/test_net_test.py' to 777 ..."
NOTICE clients.sftp.uploadfile(3) - [26/May/2020:20:35:00 +0000] "'/var/www/engine/bin/NETWORK/tests/test_net_test.py' matches with mode pattern '/**/*.py'"
INFO clients.sftp.uploadfile(1) - [26/May/2020:20:35:00 +0000] "Setting mode for '/var/www/engine/bin/NETWORK/tests/test_net_test.py' to 777 ..."
NOTICE clients.sftp.uploadfile(3) - [26/May/2020:20:36:36 +0000] "'/var/www/engine/bin/NETWORK/tests/test_net_test.py' matches with mode pattern '/**/*.py'"
INFO clients.sftp.uploadfile(1) - [26/May/2020:20:36:36 +0000] "Setting mode for '/var/www/engine/bin/NETWORK/tests/test_net_test.py' to 777 ..."
NOTICE clients.sftp.uploadfile(3) - [26/May/2020:20:37:26 +0000] "'/var/www/engine/bin/NETWORK/tests/test_net_test.py' matches with mode pattern '/**/*.py'"
INFO clients.sftp.uploadfile(1) - [26/May/2020:20:37:26 +0000] "Setting mode for '/var/www/engine/bin/NETWORK/tests/test_net_test.py' to 777 ..."
NOTICE clients.sftp.uploadfile(3) - [26/May/2020:20:38:02 +0000] "'/var/www/engine/bin/NETWORK/tests/test_net_test.py' matches with mode pattern '/**/*.py'"
INFO clients.sftp.uploadfile(1) - [26/May/2020:20:38:02 +0000] "Setting mode for '/var/www/engine/bin/NETWORK/tests/test_net_test.py' to 777 ..."
NOTICE clients.sftp.uploadfile(3) - [26/May/2020:20:38:39 +0000] "'/var/www/engine/bin/NETWORK/tests/test_net_test.py' matches with mode pattern '/**/*.py'"
INFO clients.sftp.uploadfile(1) - [26/May/2020:20:38:39 +0000] "Setting mode for '/var/www/engine/bin/NETWORK/tests/test_net_test.py' to 777 ..."
NOTICE clients.sftp.uploadfile(3) - [26/May/2020:20:39:51 +0000] "'/var/www/engine/bin/NETWORK/tests/test_net_test.py' matches with mode pattern '/**/*.py'"
INFO clients.sftp.uploadfile(1) - [26/May/2020:20:39:51 +0000] "Setting mode for '/var/www/engine/bin/NETWORK/tests/test_net_test.py' to 777 ..."
NOTICE clients.sftp.uploadfile(3) - [26/May/2020:20:40:09 +0000] "'/var/www/engine/bin/NETWORK/tests/test_net_test.py' matches with mode pattern '/**/*.py'"
INFO clients.sftp.uploadfile(1) - [26/May/2020:20:40:09 +0000] "Setting mode for '/var/www/engine/bin/NETWORK/tests/test_net_test.py' to 777 ..."
NOTICE clients.sftp.uploadfile(3) - [26/May/2020:20:50:37 +0000] "'/var/www/engine/bin/NETWORK/tests/test_net_test.py' matches with mode pattern '/**/*.py'"
INFO clients.sftp.uploadfile(1) - [26/May/2020:20:50:37 +0000] "Setting mode for '/var/www/engine/bin/NETWORK/tests/test_net_test.py' to 777 ..."
NOTICE clients.sftp.uploadfile(3) - [26/May/2020:20:51:29 +0000] "'/var/www/engine/bin/NETWORK/controllers/phys.py' matches with mode pattern '/**/*.py'"
INFO clients.sftp.uploadfile(1) - [26/May/2020:20:51:29 +0000] "Setting mode for '/var/www/engine/bin/NETWORK/controllers/phys.py' to 777 ..."
NOTICE clients.sftp.uploadfile(3) - [26/May/2020:20:51:35 +0000] "'/var/www/engine/bin/NETWORK/tests/test_net_test.py' matches with mode pattern '/**/*.py'"
INFO clients.sftp.uploadfile(1) - [26/May/2020:20:51:35 +0000] "Setting mode for '/var/www/engine/bin/NETWORK/tests/test_net_test.py' to 777 ..."
NOTICE clients.sftp.uploadfile(3) - [26/May/2020:20:51:56 +0000] "'/var/www/engine/bin/NETWORK/controllers/phys.py' matches with mode pattern '/**/*.py'"
INFO clients.sftp.uploadfile(1) - [26/May/2020:20:51:56 +0000] "Setting mode for '/var/www/engine/bin/NETWORK/controllers/phys.py' to 777 ..."
NOTICE clients.sftp.uploadfile(3) - [26/May/2020:20:52:43 +0000] "'/var/www/engine/bin/NETWORK/tests/test_net_test.py' matches with mode pattern '/**/*.py'"
INFO clients.sftp.uploadfile(1) - [26/May/2020:20:52:43 +0000] "Setting mode for '/var/www/engine/bin/NETWORK/tests/test_net_test.py' to 777 ..."
NOTICE clients.sftp.uploadfile(3) - [26/May/2020:20:53:19 +0000] "'/var/www/engine/bin/NETWORK/tests/test_net_test.py' matches with mode pattern '/**/*.py'"
INFO clients.sftp.uploadfile(1) - [26/May/2020:20:53:19 +0000] "Setting mode for '/var/www/engine/bin/NETWORK/tests/test_net_test.py' to 777 ..."
NOTICE clients.sftp.uploadfile(3) - [26/May/2020:20:53:53 +0000] "'/var/www/engine/bin/NETWORK/tests/test_net_test.py' matches with mode pattern '/**/*.py'"
INFO clients.sftp.uploadfile(1) - [26/May/2020:20:53:54 +0000] "Setting mode for '/var/www/engine/bin/NETWORK/tests/test_net_test.py' to 777 ..."
NOTICE clients.sftp.uploadfile(3) - [26/May/2020:20:59:06 +0000] "'/var/www/engine/bin/NETWORK/tests/test_net_test.py' matches with mode pattern '/**/*.py'"
INFO clients.sftp.uploadfile(1) - [26/May/2020:20:59:06 +0000] "Setting mode for '/var/www/engine/bin/NETWORK/tests/test_net_test.py' to 777 ..."
NOTICE clients.sftp.uploadfile(3) - [26/May/2020:21:00:10 +0000] "'/var/www/engine/bin/NETWORK/tests/test_net_test.py' matches with mode pattern '/**/*.py'"
INFO clients.sftp.uploadfile(1) - [26/May/2020:21:00:10 +0000] "Setting mode for '/var/www/engine/bin/NETWORK/tests/test_net_test.py' to 777 ..."
NOTICE clients.sftp.uploadfile(3) - [26/May/2020:21:01:20 +0000] "'/var/www/engine/bin/NETWORK/tests/test_net_test.py' matches with mode pattern '/**/*.py'"
INFO clients.sftp.uploadfile(1) - [26/May/2020:21:01:20 +0000] "Setting mode for '/var/www/engine/bin/NETWORK/tests/test_net_test.py' to 777 ..."
NOTICE clients.sftp.uploadfile(3) - [26/May/2020:21:04:40 +0000] "'/var/www/engine/bin/NETWORK/tests/test_net_test.py' matches with mode pattern '/**/*.py'"
INFO clients.sftp.uploadfile(1) - [26/May/2020:21:04:40 +0000] "Setting mode for '/var/www/engine/bin/NETWORK/tests/test_net_test.py' to 777 ..."
NOTICE clients.sftp.uploadfile(3) - [26/May/2020:21:09:02 +0000] "'/var/www/engine/bin/NETWORK/controllers/phys.py' matches with mode pattern '/**/*.py'"
INFO clients.sftp.uploadfile(1) - [26/May/2020:21:09:02 +0000] "Setting mode for '/var/www/engine/bin/NETWORK/controllers/phys.py' to 777 ..."
NOTICE clients.sftp.uploadfile(3) - [26/May/2020:21:09:25 +0000] "'/var/www/engine/bin/NETWORK/tests/test_net_test.py' matches with mode pattern '/**/*.py'"
INFO clients.sftp.uploadfile(1) - [26/May/2020:21:09:26 +0000] "Setting mode for '/var/www/engine/bin/NETWORK/tests/test_net_test.py' to 777 ..."
NOTICE clients.sftp.uploadfile(3) - [26/May/2020:21:10:10 +0000] "'/var/www/engine/bin/NETWORK/tests/test_net_test.py' matches with mode pattern '/**/*.py'"
INFO clients.sftp.uploadfile(1) - [26/May/2020:21:10:10 +0000] "Setting mode for '/var/www/engine/bin/NETWORK/tests/test_net_test.py' to 777 ..."
NOTICE clients.sftp.uploadfile(3) - [26/May/2020:21:10:45 +0000] "'/var/www/engine/bin/NETWORK/tests/test_net_test.py' matches with mode pattern '/**/*.py'"
INFO clients.sftp.uploadfile(1) - [26/May/2020:21:10:45 +0000] "Setting mode for '/var/www/engine/bin/NETWORK/tests/test_net_test.py' to 777 ..."
NOTICE clients.sftp.uploadfile(3) - [26/May/2020:21:13:02 +0000] "'/var/www/engine/bin/NETWORK/controllers/phys.py' matches with mode pattern '/**/*.py'"
INFO clients.sftp.uploadfile(1) - [26/May/2020:21:13:02 +0000] "Setting mode for '/var/www/engine/bin/NETWORK/controllers/phys.py' to 777 ..."
NOTICE clients.sftp.uploadfile(3) - [26/May/2020:21:13:32 +0000] "'/var/www/engine/bin/NETWORK/controllers/phys.py' matches with mode pattern '/**/*.py'"
INFO clients.sftp.uploadfile(1) - [26/May/2020:21:13:32 +0000] "Setting mode for '/var/www/engine/bin/NETWORK/controllers/phys.py' to 777 ..."
NOTICE clients.sftp.uploadfile(3) - [26/May/2020:21:13:58 +0000] "'/var/www/engine/bin/NETWORK/tests/test_net_test.py' matches with mode pattern '/**/*.py'"
INFO clients.sftp.uploadfile(1) - [26/May/2020:21:13:58 +0000] "Setting mode for '/var/www/engine/bin/NETWORK/tests/test_net_test.py' to 777 ..."
NOTICE clients.sftp.uploadfile(3) - [26/May/2020:21:14:47 +0000] "'/var/www/engine/bin/NETWORK/tests/test_net_test.py' matches with mode pattern '/**/*.py'"
INFO clients.sftp.uploadfile(1) - [26/May/2020:21:14:47 +0000] "Setting mode for '/var/www/engine/bin/NETWORK/tests/test_net_test.py' to 777 ..."
