NOTICE clients.sftp.uploadfile(3) - [27/May/2020:05:10:31 +0000] "'/var/www/engine/bin/NETWORK/tests/test_net_test.py' matches with mode pattern '/**/*.py'"
INFO clients.sftp.uploadfile(1) - [27/May/2020:05:10:31 +0000] "Setting mode for '/var/www/engine/bin/NETWORK/tests/test_net_test.py' to 777 ..."
NOTICE clients.sftp.uploadfile(3) - [27/May/2020:05:11:05 +0000] "'/var/www/engine/bin/NETWORK/tests/test_net_test.py' matches with mode pattern '/**/*.py'"
INFO clients.sftp.uploadfile(1) - [27/May/2020:05:11:05 +0000] "Setting mode for '/var/www/engine/bin/NETWORK/tests/test_net_test.py' to 777 ..."
NOTICE clients.sftp.uploadfile(3) - [27/May/2020:05:20:15 +0000] "'/var/www/engine/bin/NETWORK/tests/test_net_test.py' matches with mode pattern '/**/*.py'"
INFO clients.sftp.uploadfile(1) - [27/May/2020:05:20:16 +0000] "Setting mode for '/var/www/engine/bin/NETWORK/tests/test_net_test.py' to 777 ..."
NOTICE clients.sftp.uploadfile(3) - [27/May/2020:05:20:29 +0000] "'/var/www/engine/bin/NETWORK/tests/test_net_test.py' matches with mode pattern '/**/*.py'"
INFO clients.sftp.uploadfile(1) - [27/May/2020:05:20:30 +0000] "Setting mode for '/var/www/engine/bin/NETWORK/tests/test_net_test.py' to 777 ..."
NOTICE clients.sftp.uploadfile(3) - [27/May/2020:05:21:18 +0000] "'/var/www/engine/bin/NETWORK/tests/test_net_test.py' matches with mode pattern '/**/*.py'"
INFO clients.sftp.uploadfile(1) - [27/May/2020:05:21:18 +0000] "Setting mode for '/var/www/engine/bin/NETWORK/tests/test_net_test.py' to 777 ..."
NOTICE clients.sftp.uploadfile(3) - [27/May/2020:05:23:21 +0000] "'/var/www/engine/bin/NETWORK/tests/test_net_test.py' matches with mode pattern '/**/*.py'"
INFO clients.sftp.uploadfile(1) - [27/May/2020:05:23:21 +0000] "Setting mode for '/var/www/engine/bin/NETWORK/tests/test_net_test.py' to 777 ..."
NOTICE clients.sftp.uploadfile(3) - [27/May/2020:05:24:44 +0000] "'/var/www/engine/bin/NETWORK/controllers/phys.py' matches with mode pattern '/**/*.py'"
INFO clients.sftp.uploadfile(1) - [27/May/2020:05:24:44 +0000] "Setting mode for '/var/www/engine/bin/NETWORK/controllers/phys.py' to 777 ..."
NOTICE clients.sftp.uploadfile(3) - [27/May/2020:05:25:05 +0000] "'/var/www/engine/bin/NETWORK/controllers/phys.py' matches with mode pattern '/**/*.py'"
INFO clients.sftp.uploadfile(1) - [27/May/2020:05:25:05 +0000] "Setting mode for '/var/www/engine/bin/NETWORK/controllers/phys.py' to 777 ..."
NOTICE clients.sftp.uploadfile(3) - [27/May/2020:05:25:19 +0000] "'/var/www/engine/bin/NETWORK/controllers/phys.py' matches with mode pattern '/**/*.py'"
INFO clients.sftp.uploadfile(1) - [27/May/2020:05:25:19 +0000] "Setting mode for '/var/www/engine/bin/NETWORK/controllers/phys.py' to 777 ..."
NOTICE clients.sftp.uploadfile(3) - [27/May/2020:05:45:50 +0000] "'/var/www/engine/bin/NETWORK/tests/test_net_test.py' matches with mode pattern '/**/*.py'"
INFO clients.sftp.uploadfile(1) - [27/May/2020:05:45:50 +0000] "Setting mode for '/var/www/engine/bin/NETWORK/tests/test_net_test.py' to 777 ..."
NOTICE clients.sftp.uploadfile(3) - [27/May/2020:05:46:15 +0000] "'/var/www/engine/bin/NETWORK/tests/test_net_test.py' matches with mode pattern '/**/*.py'"
INFO clients.sftp.uploadfile(1) - [27/May/2020:05:46:15 +0000] "Setting mode for '/var/www/engine/bin/NETWORK/tests/test_net_test.py' to 777 ..."
NOTICE clients.sftp.uploadfile(3) - [27/May/2020:05:48:12 +0000] "'/var/www/engine/bin/NETWORK/tests/test_net_test.py' matches with mode pattern '/**/*.py'"
INFO clients.sftp.uploadfile(1) - [27/May/2020:05:48:13 +0000] "Setting mode for '/var/www/engine/bin/NETWORK/tests/test_net_test.py' to 777 ..."
NOTICE clients.sftp.uploadfile(3) - [27/May/2020:05:49:25 +0000] "'/var/www/engine/bin/NETWORK/tests/test_net_test.py' matches with mode pattern '/**/*.py'"
INFO clients.sftp.uploadfile(1) - [27/May/2020:05:49:25 +0000] "Setting mode for '/var/www/engine/bin/NETWORK/tests/test_net_test.py' to 777 ..."
NOTICE clients.sftp.uploadfile(3) - [27/May/2020:05:51:59 +0000] "'/var/www/engine/bin/NETWORK/tests/test_net_test.py' matches with mode pattern '/**/*.py'"
INFO clients.sftp.uploadfile(1) - [27/May/2020:05:51:59 +0000] "Setting mode for '/var/www/engine/bin/NETWORK/tests/test_net_test.py' to 777 ..."
NOTICE clients.sftp.uploadfile(3) - [27/May/2020:06:00:37 +0000] "'/var/www/engine/bin/NETWORK/tests/test_net_test.py' matches with mode pattern '/**/*.py'"
INFO clients.sftp.uploadfile(1) - [27/May/2020:06:00:37 +0000] "Setting mode for '/var/www/engine/bin/NETWORK/tests/test_net_test.py' to 777 ..."
NOTICE clients.sftp.uploadfile(3) - [27/May/2020:06:01:09 +0000] "'/var/www/engine/bin/NETWORK/tests/test_net_test.py' matches with mode pattern '/**/*.py'"
INFO clients.sftp.uploadfile(1) - [27/May/2020:06:01:10 +0000] "Setting mode for '/var/www/engine/bin/NETWORK/tests/test_net_test.py' to 777 ..."
NOTICE clients.sftp.uploadfile(3) - [27/May/2020:06:01:57 +0000] "'/var/www/engine/bin/NETWORK/tests/test_net_test.py' matches with mode pattern '/**/*.py'"
INFO clients.sftp.uploadfile(1) - [27/May/2020:06:01:57 +0000] "Setting mode for '/var/www/engine/bin/NETWORK/tests/test_net_test.py' to 777 ..."
NOTICE clients.sftp.uploadfile(3) - [27/May/2020:06:02:16 +0000] "'/var/www/engine/bin/NETWORK/tests/test_net_test.py' matches with mode pattern '/**/*.py'"
INFO clients.sftp.uploadfile(1) - [27/May/2020:06:02:17 +0000] "Setting mode for '/var/www/engine/bin/NETWORK/tests/test_net_test.py' to 777 ..."
NOTICE clients.sftp.uploadfile(3) - [27/May/2020:06:02:59 +0000] "'/var/www/engine/bin/NETWORK/tests/test_net_test.py' matches with mode pattern '/**/*.py'"
INFO clients.sftp.uploadfile(1) - [27/May/2020:06:02:59 +0000] "Setting mode for '/var/www/engine/bin/NETWORK/tests/test_net_test.py' to 777 ..."
NOTICE clients.sftp.uploadfile(3) - [27/May/2020:06:15:49 +0000] "'/var/www/engine/bin/NETWORK/tests/test_net_test.py' matches with mode pattern '/**/*.py'"
INFO clients.sftp.uploadfile(1) - [27/May/2020:06:15:49 +0000] "Setting mode for '/var/www/engine/bin/NETWORK/tests/test_net_test.py' to 777 ..."
NOTICE clients.sftp.uploadfile(3) - [27/May/2020:06:15:56 +0000] "'/var/www/engine/bin/NETWORK/tests/test_params.py' matches with mode pattern '/**/*.py'"
INFO clients.sftp.uploadfile(1) - [27/May/2020:06:15:56 +0000] "Setting mode for '/var/www/engine/bin/NETWORK/tests/test_params.py' to 777 ..."
NOTICE clients.sftp.uploadfile(3) - [27/May/2020:06:16:32 +0000] "'/var/www/engine/bin/NETWORK/tests/test_net_test.py' matches with mode pattern '/**/*.py'"
INFO clients.sftp.uploadfile(1) - [27/May/2020:06:16:32 +0000] "Setting mode for '/var/www/engine/bin/NETWORK/tests/test_net_test.py' to 777 ..."
NOTICE clients.sftp.uploadfile(3) - [27/May/2020:06:17:14 +0000] "'/var/www/engine/bin/NETWORK/tests/test_net_test.py' matches with mode pattern '/**/*.py'"
INFO clients.sftp.uploadfile(1) - [27/May/2020:06:17:14 +0000] "Setting mode for '/var/www/engine/bin/NETWORK/tests/test_net_test.py' to 777 ..."
NOTICE clients.sftp.uploadfile(3) - [27/May/2020:06:26:05 +0000] "'/var/www/engine/bin/NETWORK/tests/test_net_test.py' matches with mode pattern '/**/*.py'"
INFO clients.sftp.uploadfile(1) - [27/May/2020:06:26:05 +0000] "Setting mode for '/var/www/engine/bin/NETWORK/tests/test_net_test.py' to 777 ..."
NOTICE clients.sftp.uploadfile(3) - [27/May/2020:06:26:42 +0000] "'/var/www/engine/bin/NETWORK/tests/test_net_test.py' matches with mode pattern '/**/*.py'"
INFO clients.sftp.uploadfile(1) - [27/May/2020:06:26:42 +0000] "Setting mode for '/var/www/engine/bin/NETWORK/tests/test_net_test.py' to 777 ..."
NOTICE clients.sftp.uploadfile(3) - [27/May/2020:06:30:02 +0000] "'/var/www/engine/bin/NETWORK/tests/test_net_test.py' matches with mode pattern '/**/*.py'"
INFO clients.sftp.uploadfile(1) - [27/May/2020:06:30:02 +0000] "Setting mode for '/var/www/engine/bin/NETWORK/tests/test_net_test.py' to 777 ..."
NOTICE clients.sftp.uploadfile(3) - [27/May/2020:06:30:34 +0000] "'/var/www/engine/bin/NETWORK/tests/test_net_test.py' matches with mode pattern '/**/*.py'"
INFO clients.sftp.uploadfile(1) - [27/May/2020:06:30:34 +0000] "Setting mode for '/var/www/engine/bin/NETWORK/tests/test_net_test.py' to 777 ..."
NOTICE clients.sftp.uploadfile(3) - [27/May/2020:06:33:41 +0000] "'/var/www/engine/bin/NETWORK/tests/test_net_test.py' matches with mode pattern '/**/*.py'"
INFO clients.sftp.uploadfile(1) - [27/May/2020:06:33:41 +0000] "Setting mode for '/var/www/engine/bin/NETWORK/tests/test_net_test.py' to 777 ..."
NOTICE clients.sftp.uploadfile(3) - [27/May/2020:06:40:46 +0000] "'/var/www/engine/bin/NETWORK/tests/test_net_test.py' matches with mode pattern '/**/*.py'"
INFO clients.sftp.uploadfile(1) - [27/May/2020:06:40:46 +0000] "Setting mode for '/var/www/engine/bin/NETWORK/tests/test_net_test.py' to 777 ..."
NOTICE clients.sftp.uploadfile(3) - [27/May/2020:06:41:07 +0000] "'/var/www/engine/bin/NETWORK/tests/test_net_test.py' matches with mode pattern '/**/*.py'"
INFO clients.sftp.uploadfile(1) - [27/May/2020:06:41:07 +0000] "Setting mode for '/var/www/engine/bin/NETWORK/tests/test_net_test.py' to 777 ..."
NOTICE clients.sftp.uploadfile(3) - [27/May/2020:06:42:23 +0000] "'/var/www/engine/bin/NETWORK/tests/test_net_test.py' matches with mode pattern '/**/*.py'"
INFO clients.sftp.uploadfile(1) - [27/May/2020:06:42:23 +0000] "Setting mode for '/var/www/engine/bin/NETWORK/tests/test_net_test.py' to 777 ..."
NOTICE clients.sftp.uploadfile(3) - [27/May/2020:06:47:43 +0000] "'/var/www/engine/bin/NETWORK/tests/test_net_test.py' matches with mode pattern '/**/*.py'"
INFO clients.sftp.uploadfile(1) - [27/May/2020:06:47:43 +0000] "Setting mode for '/var/www/engine/bin/NETWORK/tests/test_net_test.py' to 777 ..."
NOTICE clients.sftp.uploadfile(3) - [27/May/2020:06:49:05 +0000] "'/var/www/engine/bin/NETWORK/tests/test_net_test.py' matches with mode pattern '/**/*.py'"
INFO clients.sftp.uploadfile(1) - [27/May/2020:06:49:05 +0000] "Setting mode for '/var/www/engine/bin/NETWORK/tests/test_net_test.py' to 777 ..."
NOTICE clients.sftp.uploadfile(3) - [27/May/2020:06:50:56 +0000] "'/var/www/engine/bin/NETWORK/tests/test_net_test.py' matches with mode pattern '/**/*.py'"
INFO clients.sftp.uploadfile(1) - [27/May/2020:06:50:56 +0000] "Setting mode for '/var/www/engine/bin/NETWORK/tests/test_net_test.py' to 777 ..."
NOTICE clients.sftp.uploadfile(3) - [27/May/2020:06:54:41 +0000] "'/var/www/engine/bin/NETWORK/tests/test_net_test.py' matches with mode pattern '/**/*.py'"
INFO clients.sftp.uploadfile(1) - [27/May/2020:06:54:41 +0000] "Setting mode for '/var/www/engine/bin/NETWORK/tests/test_net_test.py' to 777 ..."
NOTICE clients.sftp.uploadfile(3) - [27/May/2020:06:59:00 +0000] "'/var/www/engine/bin/NETWORK/tests/test_net_test.py' matches with mode pattern '/**/*.py'"
INFO clients.sftp.uploadfile(1) - [27/May/2020:06:59:00 +0000] "Setting mode for '/var/www/engine/bin/NETWORK/tests/test_net_test.py' to 777 ..."
NOTICE clients.sftp.uploadfile(3) - [27/May/2020:07:01:22 +0000] "'/var/www/engine/bin/NETWORK/tests/test_net_test.py' matches with mode pattern '/**/*.py'"
INFO clients.sftp.uploadfile(1) - [27/May/2020:07:01:22 +0000] "Setting mode for '/var/www/engine/bin/NETWORK/tests/test_net_test.py' to 777 ..."
NOTICE clients.sftp.uploadfile(3) - [27/May/2020:07:01:42 +0000] "'/var/www/engine/bin/NETWORK/tests/test_net_test.py' matches with mode pattern '/**/*.py'"
INFO clients.sftp.uploadfile(1) - [27/May/2020:07:01:42 +0000] "Setting mode for '/var/www/engine/bin/NETWORK/tests/test_net_test.py' to 777 ..."
NOTICE clients.sftp.uploadfile(3) - [27/May/2020:07:11:13 +0000] "'/var/www/engine/bin/NETWORK/tests/test_net_test.py' matches with mode pattern '/**/*.py'"
INFO clients.sftp.uploadfile(1) - [27/May/2020:07:11:13 +0000] "Setting mode for '/var/www/engine/bin/NETWORK/tests/test_net_test.py' to 777 ..."
NOTICE clients.sftp.uploadfile(3) - [27/May/2020:07:17:09 +0000] "'/var/www/engine/bin/NETWORK/tests/test_net_test.py' matches with mode pattern '/**/*.py'"
INFO clients.sftp.uploadfile(1) - [27/May/2020:07:17:09 +0000] "Setting mode for '/var/www/engine/bin/NETWORK/tests/test_net_test.py' to 777 ..."
NOTICE clients.sftp.uploadfile(3) - [27/May/2020:07:17:29 +0000] "'/var/www/engine/bin/NETWORK/tests/test_net_test.py' matches with mode pattern '/**/*.py'"
INFO clients.sftp.uploadfile(1) - [27/May/2020:07:17:29 +0000] "Setting mode for '/var/www/engine/bin/NETWORK/tests/test_net_test.py' to 777 ..."
NOTICE clients.sftp.uploadfile(3) - [27/May/2020:08:17:23 +0000] "'/var/www/engine/bin/NETWORK/tests/test_net_test.py' matches with mode pattern '/**/*.py'"
INFO clients.sftp.uploadfile(1) - [27/May/2020:08:17:23 +0000] "Setting mode for '/var/www/engine/bin/NETWORK/tests/test_net_test.py' to 777 ..."
NOTICE clients.sftp.uploadfile(3) - [27/May/2020:08:29:34 +0000] "'/var/www/engine/bin/NETWORK/tests/test_net_test.py' matches with mode pattern '/**/*.py'"
INFO clients.sftp.uploadfile(1) - [27/May/2020:08:29:34 +0000] "Setting mode for '/var/www/engine/bin/NETWORK/tests/test_net_test.py' to 777 ..."
NOTICE clients.sftp.uploadfile(3) - [27/May/2020:08:30:16 +0000] "'/var/www/engine/bin/NETWORK/tests/test_net_test.py' matches with mode pattern '/**/*.py'"
INFO clients.sftp.uploadfile(1) - [27/May/2020:08:30:16 +0000] "Setting mode for '/var/www/engine/bin/NETWORK/tests/test_net_test.py' to 777 ..."
NOTICE clients.sftp.uploadfile(3) - [27/May/2020:08:31:23 +0000] "'/var/www/engine/bin/NETWORK/tests/test_net_test.py' matches with mode pattern '/**/*.py'"
INFO clients.sftp.uploadfile(1) - [27/May/2020:08:31:24 +0000] "Setting mode for '/var/www/engine/bin/NETWORK/tests/test_net_test.py' to 777 ..."
NOTICE clients.sftp.uploadfile(3) - [27/May/2020:08:31:34 +0000] "'/var/www/engine/bin/NETWORK/tests/test_net_test.py' matches with mode pattern '/**/*.py'"
INFO clients.sftp.uploadfile(1) - [27/May/2020:08:31:34 +0000] "Setting mode for '/var/www/engine/bin/NETWORK/tests/test_net_test.py' to 777 ..."
NOTICE clients.sftp.uploadfile(3) - [27/May/2020:08:32:21 +0000] "'/var/www/engine/bin/NETWORK/tests/test_net_test.py' matches with mode pattern '/**/*.py'"
INFO clients.sftp.uploadfile(1) - [27/May/2020:08:32:21 +0000] "Setting mode for '/var/www/engine/bin/NETWORK/tests/test_net_test.py' to 777 ..."
NOTICE clients.sftp.uploadfile(3) - [27/May/2020:08:33:14 +0000] "'/var/www/engine/bin/NETWORK/tests/test_net_test.py' matches with mode pattern '/**/*.py'"
INFO clients.sftp.uploadfile(1) - [27/May/2020:08:33:14 +0000] "Setting mode for '/var/www/engine/bin/NETWORK/tests/test_net_test.py' to 777 ..."
NOTICE clients.sftp.uploadfile(3) - [27/May/2020:08:33:29 +0000] "'/var/www/engine/bin/NETWORK/tests/test_net_test.py' matches with mode pattern '/**/*.py'"
INFO clients.sftp.uploadfile(1) - [27/May/2020:08:33:29 +0000] "Setting mode for '/var/www/engine/bin/NETWORK/tests/test_net_test.py' to 777 ..."
NOTICE clients.sftp.uploadfile(3) - [27/May/2020:08:33:44 +0000] "'/var/www/engine/bin/NETWORK/tests/test_net_test.py' matches with mode pattern '/**/*.py'"
INFO clients.sftp.uploadfile(1) - [27/May/2020:08:33:44 +0000] "Setting mode for '/var/www/engine/bin/NETWORK/tests/test_net_test.py' to 777 ..."
NOTICE clients.sftp.uploadfile(3) - [27/May/2020:08:33:58 +0000] "'/var/www/engine/bin/NETWORK/controllers/phys.py' matches with mode pattern '/**/*.py'"
INFO clients.sftp.uploadfile(1) - [27/May/2020:08:33:58 +0000] "Setting mode for '/var/www/engine/bin/NETWORK/controllers/phys.py' to 777 ..."
NOTICE clients.sftp.uploadfile(3) - [27/May/2020:08:34:13 +0000] "'/var/www/engine/bin/NETWORK/controllers/phys.py' matches with mode pattern '/**/*.py'"
INFO clients.sftp.uploadfile(1) - [27/May/2020:08:34:13 +0000] "Setting mode for '/var/www/engine/bin/NETWORK/controllers/phys.py' to 777 ..."
NOTICE clients.sftp.uploadfile(3) - [27/May/2020:08:44:05 +0000] "'/var/www/engine/bin/NETWORK/tests/test_net_test.py' matches with mode pattern '/**/*.py'"
INFO clients.sftp.uploadfile(1) - [27/May/2020:08:44:05 +0000] "Setting mode for '/var/www/engine/bin/NETWORK/tests/test_net_test.py' to 777 ..."
NOTICE clients.sftp.uploadfile(3) - [27/May/2020:08:44:22 +0000] "'/var/www/engine/bin/NETWORK/tests/test_net_test.py' matches with mode pattern '/**/*.py'"
INFO clients.sftp.uploadfile(1) - [27/May/2020:08:44:23 +0000] "Setting mode for '/var/www/engine/bin/NETWORK/tests/test_net_test.py' to 777 ..."
NOTICE clients.sftp.uploadfile(3) - [27/May/2020:08:51:15 +0000] "'/var/www/engine/bin/NETWORK/tests/test_net_test.py' matches with mode pattern '/**/*.py'"
INFO clients.sftp.uploadfile(1) - [27/May/2020:08:51:15 +0000] "Setting mode for '/var/www/engine/bin/NETWORK/tests/test_net_test.py' to 777 ..."
NOTICE clients.sftp.uploadfile(3) - [27/May/2020:09:28:52 +0000] "'/var/www/engine/bin/NETWORK/tests/test_net_test.py' matches with mode pattern '/**/*.py'"
INFO clients.sftp.uploadfile(1) - [27/May/2020:09:28:52 +0000] "Setting mode for '/var/www/engine/bin/NETWORK/tests/test_net_test.py' to 777 ..."
NOTICE clients.sftp.uploadfile(3) - [27/May/2020:09:29:09 +0000] "'/var/www/engine/bin/NETWORK/tests/test_net_test.py' matches with mode pattern '/**/*.py'"
INFO clients.sftp.uploadfile(1) - [27/May/2020:09:29:09 +0000] "Setting mode for '/var/www/engine/bin/NETWORK/tests/test_net_test.py' to 777 ..."
NOTICE clients.sftp.uploadfile(3) - [27/May/2020:09:30:45 +0000] "'/var/www/engine/bin/NETWORK/tests/test_net_test.py' matches with mode pattern '/**/*.py'"
INFO clients.sftp.uploadfile(1) - [27/May/2020:09:30:45 +0000] "Setting mode for '/var/www/engine/bin/NETWORK/tests/test_net_test.py' to 777 ..."
NOTICE clients.sftp.uploadfile(3) - [27/May/2020:09:33:17 +0000] "'/var/www/engine/bin/NETWORK/tests/test_net_test.py' matches with mode pattern '/**/*.py'"
INFO clients.sftp.uploadfile(1) - [27/May/2020:09:33:17 +0000] "Setting mode for '/var/www/engine/bin/NETWORK/tests/test_net_test.py' to 777 ..."
NOTICE clients.sftp.uploadfile(3) - [27/May/2020:09:34:37 +0000] "'/var/www/engine/bin/NETWORK/tests/test_net_test.py' matches with mode pattern '/**/*.py'"
INFO clients.sftp.uploadfile(1) - [27/May/2020:09:34:37 +0000] "Setting mode for '/var/www/engine/bin/NETWORK/tests/test_net_test.py' to 777 ..."
NOTICE clients.sftp.uploadfile(3) - [27/May/2020:10:15:10 +0000] "'/var/www/engine/bin/NETWORK/tests/test_net_test.py' matches with mode pattern '/**/*.py'"
INFO clients.sftp.uploadfile(1) - [27/May/2020:10:15:11 +0000] "Setting mode for '/var/www/engine/bin/NETWORK/tests/test_net_test.py' to 777 ..."
NOTICE clients.sftp.uploadfile(3) - [27/May/2020:10:16:07 +0000] "'/var/www/engine/bin/NETWORK/tests/test_net_test.py' matches with mode pattern '/**/*.py'"
INFO clients.sftp.uploadfile(1) - [27/May/2020:10:16:07 +0000] "Setting mode for '/var/www/engine/bin/NETWORK/tests/test_net_test.py' to 777 ..."
NOTICE clients.sftp.uploadfile(3) - [27/May/2020:10:16:31 +0000] "'/var/www/engine/bin/NETWORK/tests/test_net_test.py' matches with mode pattern '/**/*.py'"
INFO clients.sftp.uploadfile(1) - [27/May/2020:10:16:31 +0000] "Setting mode for '/var/www/engine/bin/NETWORK/tests/test_net_test.py' to 777 ..."
NOTICE clients.sftp.uploadfile(3) - [27/May/2020:10:18:15 +0000] "'/var/www/engine/bin/NETWORK/tests/test_net_test.py' matches with mode pattern '/**/*.py'"
INFO clients.sftp.uploadfile(1) - [27/May/2020:10:18:16 +0000] "Setting mode for '/var/www/engine/bin/NETWORK/tests/test_net_test.py' to 777 ..."
NOTICE clients.sftp.uploadfile(3) - [27/May/2020:10:19:05 +0000] "'/var/www/engine/bin/NETWORK/tests/test_net_test.py' matches with mode pattern '/**/*.py'"
INFO clients.sftp.uploadfile(1) - [27/May/2020:10:19:05 +0000] "Setting mode for '/var/www/engine/bin/NETWORK/tests/test_net_test.py' to 777 ..."
NOTICE clients.sftp.uploadfile(3) - [27/May/2020:10:22:43 +0000] "'/var/www/engine/bin/NETWORK/tests/test_net_test.py' matches with mode pattern '/**/*.py'"
INFO clients.sftp.uploadfile(1) - [27/May/2020:10:22:43 +0000] "Setting mode for '/var/www/engine/bin/NETWORK/tests/test_net_test.py' to 777 ..."
NOTICE clients.sftp.uploadfile(3) - [27/May/2020:10:29:16 +0000] "'/var/www/engine/bin/NETWORK/tests/test_net_test.py' matches with mode pattern '/**/*.py'"
INFO clients.sftp.uploadfile(1) - [27/May/2020:10:29:16 +0000] "Setting mode for '/var/www/engine/bin/NETWORK/tests/test_net_test.py' to 777 ..."
NOTICE clients.sftp.uploadfile(3) - [27/May/2020:10:30:28 +0000] "'/var/www/engine/bin/NETWORK/tests/test_net_test.py' matches with mode pattern '/**/*.py'"
INFO clients.sftp.uploadfile(1) - [27/May/2020:10:30:29 +0000] "Setting mode for '/var/www/engine/bin/NETWORK/tests/test_net_test.py' to 777 ..."
NOTICE clients.sftp.uploadfile(3) - [27/May/2020:10:30:54 +0000] "'/var/www/engine/bin/NETWORK/tests/test_net_test.py' matches with mode pattern '/**/*.py'"
INFO clients.sftp.uploadfile(1) - [27/May/2020:10:30:54 +0000] "Setting mode for '/var/www/engine/bin/NETWORK/tests/test_net_test.py' to 777 ..."
NOTICE clients.sftp.uploadfile(3) - [27/May/2020:10:31:54 +0000] "'/var/www/engine/bin/NETWORK/tests/test_net_test.py' matches with mode pattern '/**/*.py'"
INFO clients.sftp.uploadfile(1) - [27/May/2020:10:31:54 +0000] "Setting mode for '/var/www/engine/bin/NETWORK/tests/test_net_test.py' to 777 ..."
NOTICE clients.sftp.uploadfile(3) - [27/May/2020:10:32:11 +0000] "'/var/www/engine/bin/NETWORK/tests/test_net_test.py' matches with mode pattern '/**/*.py'"
INFO clients.sftp.uploadfile(1) - [27/May/2020:10:32:11 +0000] "Setting mode for '/var/www/engine/bin/NETWORK/tests/test_net_test.py' to 777 ..."
NOTICE clients.sftp.uploadfile(3) - [27/May/2020:10:32:29 +0000] "'/var/www/engine/bin/NETWORK/tests/test_net_test.py' matches with mode pattern '/**/*.py'"
INFO clients.sftp.uploadfile(1) - [27/May/2020:10:32:29 +0000] "Setting mode for '/var/www/engine/bin/NETWORK/tests/test_net_test.py' to 777 ..."
NOTICE clients.sftp.uploadfile(3) - [27/May/2020:10:32:40 +0000] "'/var/www/engine/bin/NETWORK/tests/test_net_test.py' matches with mode pattern '/**/*.py'"
INFO clients.sftp.uploadfile(1) - [27/May/2020:10:32:41 +0000] "Setting mode for '/var/www/engine/bin/NETWORK/tests/test_net_test.py' to 777 ..."
NOTICE clients.sftp.uploadfile(3) - [27/May/2020:10:38:23 +0000] "'/var/www/engine/bin/NETWORK/tests/test_net_test.py' matches with mode pattern '/**/*.py'"
INFO clients.sftp.uploadfile(1) - [27/May/2020:10:38:24 +0000] "Setting mode for '/var/www/engine/bin/NETWORK/tests/test_net_test.py' to 777 ..."
NOTICE clients.sftp.uploadfile(3) - [27/May/2020:10:38:45 +0000] "'/var/www/engine/bin/NETWORK/tests/test_net_test.py' matches with mode pattern '/**/*.py'"
INFO clients.sftp.uploadfile(1) - [27/May/2020:10:38:45 +0000] "Setting mode for '/var/www/engine/bin/NETWORK/tests/test_net_test.py' to 777 ..."
NOTICE clients.sftp.uploadfile(3) - [27/May/2020:10:39:00 +0000] "'/var/www/engine/bin/NETWORK/tests/test_net_test.py' matches with mode pattern '/**/*.py'"
INFO clients.sftp.uploadfile(1) - [27/May/2020:10:39:00 +0000] "Setting mode for '/var/www/engine/bin/NETWORK/tests/test_net_test.py' to 777 ..."
NOTICE clients.sftp.uploadfile(3) - [27/May/2020:10:40:52 +0000] "'/var/www/engine/bin/NETWORK/tests/test_net_test.py' matches with mode pattern '/**/*.py'"
INFO clients.sftp.uploadfile(1) - [27/May/2020:10:40:52 +0000] "Setting mode for '/var/www/engine/bin/NETWORK/tests/test_net_test.py' to 777 ..."
NOTICE clients.sftp.uploadfile(3) - [27/May/2020:10:41:09 +0000] "'/var/www/engine/bin/NETWORK/tests/test_net_test.py' matches with mode pattern '/**/*.py'"
INFO clients.sftp.uploadfile(1) - [27/May/2020:10:41:09 +0000] "Setting mode for '/var/www/engine/bin/NETWORK/tests/test_net_test.py' to 777 ..."
NOTICE clients.sftp.uploadfile(3) - [27/May/2020:10:42:01 +0000] "'/var/www/engine/bin/NETWORK/tests/test_net_test.py' matches with mode pattern '/**/*.py'"
INFO clients.sftp.uploadfile(1) - [27/May/2020:10:42:01 +0000] "Setting mode for '/var/www/engine/bin/NETWORK/tests/test_net_test.py' to 777 ..."
NOTICE clients.sftp.uploadfile(3) - [27/May/2020:10:42:16 +0000] "'/var/www/engine/bin/NETWORK/tests/test_net_test.py' matches with mode pattern '/**/*.py'"
INFO clients.sftp.uploadfile(1) - [27/May/2020:10:42:16 +0000] "Setting mode for '/var/www/engine/bin/NETWORK/tests/test_net_test.py' to 777 ..."
NOTICE clients.sftp.uploadfile(3) - [27/May/2020:10:43:25 +0000] "'/var/www/engine/bin/NETWORK/tests/test_net_test.py' matches with mode pattern '/**/*.py'"
INFO clients.sftp.uploadfile(1) - [27/May/2020:10:43:25 +0000] "Setting mode for '/var/www/engine/bin/NETWORK/tests/test_net_test.py' to 777 ..."
NOTICE clients.sftp.uploadfile(3) - [27/May/2020:10:44:22 +0000] "'/var/www/engine/bin/NETWORK/tests/test_net_test.py' matches with mode pattern '/**/*.py'"
INFO clients.sftp.uploadfile(1) - [27/May/2020:10:44:22 +0000] "Setting mode for '/var/www/engine/bin/NETWORK/tests/test_net_test.py' to 777 ..."
NOTICE clients.sftp.uploadfile(3) - [27/May/2020:10:44:45 +0000] "'/var/www/engine/bin/NETWORK/tests/test_net_test.py' matches with mode pattern '/**/*.py'"
INFO clients.sftp.uploadfile(1) - [27/May/2020:10:44:45 +0000] "Setting mode for '/var/www/engine/bin/NETWORK/tests/test_net_test.py' to 777 ..."
NOTICE clients.sftp.uploadfile(3) - [27/May/2020:10:45:00 +0000] "'/var/www/engine/bin/NETWORK/tests/test_net_test.py' matches with mode pattern '/**/*.py'"
INFO clients.sftp.uploadfile(1) - [27/May/2020:10:45:00 +0000] "Setting mode for '/var/www/engine/bin/NETWORK/tests/test_net_test.py' to 777 ..."
NOTICE clients.sftp.uploadfile(3) - [27/May/2020:10:59:12 +0000] "'/var/www/engine/bin/NETWORK/tests/test_net_test.py' matches with mode pattern '/**/*.py'"
INFO clients.sftp.uploadfile(1) - [27/May/2020:10:59:12 +0000] "Setting mode for '/var/www/engine/bin/NETWORK/tests/test_net_test.py' to 777 ..."
NOTICE clients.sftp.uploadfile(3) - [27/May/2020:10:59:29 +0000] "'/var/www/engine/bin/NETWORK/tests/test_net_test.py' matches with mode pattern '/**/*.py'"
INFO clients.sftp.uploadfile(1) - [27/May/2020:10:59:29 +0000] "Setting mode for '/var/www/engine/bin/NETWORK/tests/test_net_test.py' to 777 ..."
NOTICE clients.sftp.uploadfile(3) - [27/May/2020:10:59:44 +0000] "'/var/www/engine/bin/NETWORK/tests/test_net_test.py' matches with mode pattern '/**/*.py'"
INFO clients.sftp.uploadfile(1) - [27/May/2020:10:59:44 +0000] "Setting mode for '/var/www/engine/bin/NETWORK/tests/test_net_test.py' to 777 ..."
NOTICE clients.sftp.uploadfile(3) - [27/May/2020:11:02:56 +0000] "'/var/www/engine/bin/NETWORK/tests/test_net_test.py' matches with mode pattern '/**/*.py'"
INFO clients.sftp.uploadfile(1) - [27/May/2020:11:02:56 +0000] "Setting mode for '/var/www/engine/bin/NETWORK/tests/test_net_test.py' to 777 ..."
NOTICE clients.sftp.uploadfile(3) - [27/May/2020:11:15:52 +0000] "'/var/www/engine/bin/NETWORK/tests/test_net_test.py' matches with mode pattern '/**/*.py'"
INFO clients.sftp.uploadfile(1) - [27/May/2020:11:15:55 +0000] "Setting mode for '/var/www/engine/bin/NETWORK/tests/test_net_test.py' to 777 ..."
NOTICE clients.sftp.uploadfile(3) - [27/May/2020:11:16:32 +0000] "'/var/www/engine/bin/NETWORK/tests/test_net_test.py' matches with mode pattern '/**/*.py'"
INFO clients.sftp.uploadfile(1) - [27/May/2020:11:16:34 +0000] "Setting mode for '/var/www/engine/bin/NETWORK/tests/test_net_test.py' to 777 ..."
NOTICE clients.sftp.uploadfile(3) - [27/May/2020:11:17:55 +0000] "'/var/www/engine/bin/NETWORK/tests/test_net_test.py' matches with mode pattern '/**/*.py'"
INFO clients.sftp.uploadfile(1) - [27/May/2020:11:17:58 +0000] "Setting mode for '/var/www/engine/bin/NETWORK/tests/test_net_test.py' to 777 ..."
NOTICE clients.sftp.uploadfile(3) - [27/May/2020:11:18:20 +0000] "'/var/www/engine/bin/NETWORK/tests/test_net_test.py' matches with mode pattern '/**/*.py'"
INFO clients.sftp.uploadfile(1) - [27/May/2020:11:18:26 +0000] "Setting mode for '/var/www/engine/bin/NETWORK/tests/test_net_test.py' to 777 ..."
NOTICE clients.sftp.uploadfile(3) - [27/May/2020:11:22:16 +0000] "'/var/www/engine/bin/NETWORK/tests/test_net_test.py' matches with mode pattern '/**/*.py'"
INFO clients.sftp.uploadfile(1) - [27/May/2020:11:22:19 +0000] "Setting mode for '/var/www/engine/bin/NETWORK/tests/test_net_test.py' to 777 ..."
NOTICE clients.sftp.uploadfile(3) - [27/May/2020:11:22:39 +0000] "'/var/www/engine/bin/NETWORK/tests/test_net_test.py' matches with mode pattern '/**/*.py'"
INFO clients.sftp.uploadfile(1) - [27/May/2020:11:22:41 +0000] "Setting mode for '/var/www/engine/bin/NETWORK/tests/test_net_test.py' to 777 ..."
NOTICE clients.sftp.uploadfile(3) - [27/May/2020:11:22:58 +0000] "'/var/www/engine/bin/NETWORK/tests/test_net_test.py' matches with mode pattern '/**/*.py'"
INFO clients.sftp.uploadfile(1) - [27/May/2020:11:23:01 +0000] "Setting mode for '/var/www/engine/bin/NETWORK/tests/test_net_test.py' to 777 ..."
NOTICE clients.sftp.uploadfile(3) - [27/May/2020:11:23:21 +0000] "'/var/www/engine/bin/NETWORK/tests/test_net_test.py' matches with mode pattern '/**/*.py'"
INFO clients.sftp.uploadfile(1) - [27/May/2020:11:23:24 +0000] "Setting mode for '/var/www/engine/bin/NETWORK/tests/test_net_test.py' to 777 ..."
NOTICE clients.sftp.uploadfile(3) - [27/May/2020:11:25:31 +0000] "'/var/www/engine/bin/NETWORK/tests/test_net_test.py' matches with mode pattern '/**/*.py'"
INFO clients.sftp.uploadfile(1) - [27/May/2020:11:25:33 +0000] "Setting mode for '/var/www/engine/bin/NETWORK/tests/test_net_test.py' to 777 ..."
NOTICE clients.sftp.uploadfile(3) - [27/May/2020:11:26:13 +0000] "'/var/www/engine/bin/NETWORK/tests/test_net_test.py' matches with mode pattern '/**/*.py'"
INFO clients.sftp.uploadfile(1) - [27/May/2020:11:26:19 +0000] "Setting mode for '/var/www/engine/bin/NETWORK/tests/test_net_test.py' to 777 ..."
NOTICE clients.sftp.uploadfile(3) - [27/May/2020:11:27:01 +0000] "'/var/www/engine/bin/NETWORK/tests/test_net_test.py' matches with mode pattern '/**/*.py'"
INFO clients.sftp.uploadfile(1) - [27/May/2020:11:27:04 +0000] "Setting mode for '/var/www/engine/bin/NETWORK/tests/test_net_test.py' to 777 ..."
NOTICE clients.sftp.uploadfile(3) - [27/May/2020:11:27:25 +0000] "'/var/www/engine/bin/NETWORK/tests/test_net_test.py' matches with mode pattern '/**/*.py'"
INFO clients.sftp.uploadfile(1) - [27/May/2020:11:27:28 +0000] "Setting mode for '/var/www/engine/bin/NETWORK/tests/test_net_test.py' to 777 ..."
NOTICE clients.sftp.uploadfile(3) - [27/May/2020:11:28:03 +0000] "'/var/www/engine/bin/NETWORK/tests/test_net_test.py' matches with mode pattern '/**/*.py'"
INFO clients.sftp.uploadfile(1) - [27/May/2020:11:28:05 +0000] "Setting mode for '/var/www/engine/bin/NETWORK/tests/test_net_test.py' to 777 ..."
NOTICE clients.sftp.uploadfile(3) - [27/May/2020:11:28:39 +0000] "'/var/www/engine/bin/NETWORK/tests/test_net_test.py' matches with mode pattern '/**/*.py'"
INFO clients.sftp.uploadfile(1) - [27/May/2020:11:28:41 +0000] "Setting mode for '/var/www/engine/bin/NETWORK/tests/test_net_test.py' to 777 ..."
NOTICE clients.sftp.uploadfile(3) - [27/May/2020:11:29:20 +0000] "'/var/www/engine/bin/NETWORK/tests/test_net_test.py' matches with mode pattern '/**/*.py'"
INFO clients.sftp.uploadfile(1) - [27/May/2020:11:29:23 +0000] "Setting mode for '/var/www/engine/bin/NETWORK/tests/test_net_test.py' to 777 ..."
NOTICE clients.sftp.uploadfile(3) - [27/May/2020:11:32:19 +0000] "'/var/www/engine/bin/NETWORK/tests/test_net_test.py' matches with mode pattern '/**/*.py'"
INFO clients.sftp.uploadfile(1) - [27/May/2020:11:32:19 +0000] "Setting mode for '/var/www/engine/bin/NETWORK/tests/test_net_test.py' to 777 ..."
NOTICE clients.sftp.uploadfile(3) - [27/May/2020:11:34:43 +0000] "'/var/www/engine/bin/NETWORK/tests/test_net_test.py' matches with mode pattern '/**/*.py'"
INFO clients.sftp.uploadfile(1) - [27/May/2020:11:34:45 +0000] "Setting mode for '/var/www/engine/bin/NETWORK/tests/test_net_test.py' to 777 ..."
NOTICE clients.sftp.uploadfile(3) - [27/May/2020:11:35:42 +0000] "'/var/www/engine/bin/NETWORK/tests/test_net_test.py' matches with mode pattern '/**/*.py'"
INFO clients.sftp.uploadfile(1) - [27/May/2020:11:35:44 +0000] "Setting mode for '/var/www/engine/bin/NETWORK/tests/test_net_test.py' to 777 ..."
NOTICE clients.sftp.uploadfile(3) - [27/May/2020:11:37:23 +0000] "'/var/www/engine/bin/NETWORK/tests/test_net_test.py' matches with mode pattern '/**/*.py'"
INFO clients.sftp.uploadfile(1) - [27/May/2020:11:37:27 +0000] "Setting mode for '/var/www/engine/bin/NETWORK/tests/test_net_test.py' to 777 ..."
NOTICE clients.sftp.uploadfile(3) - [27/May/2020:11:37:49 +0000] "'/var/www/engine/bin/NETWORK/tests/test_net_test.py' matches with mode pattern '/**/*.py'"
INFO clients.sftp.uploadfile(1) - [27/May/2020:11:37:52 +0000] "Setting mode for '/var/www/engine/bin/NETWORK/tests/test_net_test.py' to 777 ..."
NOTICE clients.sftp.uploadfile(3) - [27/May/2020:11:38:47 +0000] "'/var/www/engine/bin/NETWORK/tests/test_net_test.py' matches with mode pattern '/**/*.py'"
INFO clients.sftp.uploadfile(1) - [27/May/2020:11:38:47 +0000] "Setting mode for '/var/www/engine/bin/NETWORK/tests/test_net_test.py' to 777 ..."
NOTICE clients.sftp.uploadfile(3) - [27/May/2020:11:45:23 +0000] "'/var/www/engine/bin/NETWORK/tests/test_net_test.py' matches with mode pattern '/**/*.py'"
INFO clients.sftp.uploadfile(1) - [27/May/2020:11:45:26 +0000] "Setting mode for '/var/www/engine/bin/NETWORK/tests/test_net_test.py' to 777 ..."
NOTICE clients.sftp.uploadfile(3) - [27/May/2020:11:48:29 +0000] "'/var/www/engine/bin/NETWORK/tests/test_net_test.py' matches with mode pattern '/**/*.py'"
INFO clients.sftp.uploadfile(1) - [27/May/2020:11:48:33 +0000] "Setting mode for '/var/www/engine/bin/NETWORK/tests/test_net_test.py' to 777 ..."
NOTICE clients.sftp.uploadfile(3) - [27/May/2020:11:50:00 +0000] "'/var/www/engine/bin/NETWORK/tests/test_net_test.py' matches with mode pattern '/**/*.py'"
INFO clients.sftp.uploadfile(1) - [27/May/2020:11:50:04 +0000] "Setting mode for '/var/www/engine/bin/NETWORK/tests/test_net_test.py' to 777 ..."
NOTICE clients.sftp.uploadfile(3) - [27/May/2020:11:50:39 +0000] "'/var/www/engine/bin/NETWORK/tests/test_net_test.py' matches with mode pattern '/**/*.py'"
INFO clients.sftp.uploadfile(1) - [27/May/2020:11:50:42 +0000] "Setting mode for '/var/www/engine/bin/NETWORK/tests/test_net_test.py' to 777 ..."
NOTICE clients.sftp.uploadfile(3) - [27/May/2020:11:50:53 +0000] "'/var/www/engine/bin/NETWORK/tests/test_net_test.py' matches with mode pattern '/**/*.py'"
INFO clients.sftp.uploadfile(1) - [27/May/2020:11:50:55 +0000] "Setting mode for '/var/www/engine/bin/NETWORK/tests/test_net_test.py' to 777 ..."
NOTICE clients.sftp.uploadfile(3) - [27/May/2020:11:52:50 +0000] "'/var/www/engine/bin/NETWORK/tests/test_net_test.py' matches with mode pattern '/**/*.py'"
INFO clients.sftp.uploadfile(1) - [27/May/2020:11:52:53 +0000] "Setting mode for '/var/www/engine/bin/NETWORK/tests/test_net_test.py' to 777 ..."
NOTICE clients.sftp.uploadfile(3) - [27/May/2020:11:53:05 +0000] "'/var/www/engine/bin/NETWORK/tests/test_net_test.py' matches with mode pattern '/**/*.py'"
INFO clients.sftp.uploadfile(1) - [27/May/2020:11:53:08 +0000] "Setting mode for '/var/www/engine/bin/NETWORK/tests/test_net_test.py' to 777 ..."
NOTICE clients.sftp.uploadfile(3) - [27/May/2020:11:53:31 +0000] "'/var/www/engine/bin/NETWORK/tests/test_net_test.py' matches with mode pattern '/**/*.py'"
INFO clients.sftp.uploadfile(1) - [27/May/2020:11:53:34 +0000] "Setting mode for '/var/www/engine/bin/NETWORK/tests/test_net_test.py' to 777 ..."
NOTICE clients.sftp.uploadfile(3) - [27/May/2020:12:03:05 +0000] "'/var/www/engine/bin/NETWORK/tests/test_net_test.py' matches with mode pattern '/**/*.py'"
INFO clients.sftp.uploadfile(1) - [27/May/2020:12:03:07 +0000] "Setting mode for '/var/www/engine/bin/NETWORK/tests/test_net_test.py' to 777 ..."
NOTICE clients.sftp.uploadfile(3) - [27/May/2020:12:03:56 +0000] "'/var/www/engine/bin/NETWORK/tests/test_net_test.py' matches with mode pattern '/**/*.py'"
INFO clients.sftp.uploadfile(1) - [27/May/2020:12:03:59 +0000] "Setting mode for '/var/www/engine/bin/NETWORK/tests/test_net_test.py' to 777 ..."
NOTICE clients.sftp.uploadfile(3) - [27/May/2020:12:07:04 +0000] "'/var/www/engine/bin/NETWORK/tests/test_net_test.py' matches with mode pattern '/**/*.py'"
INFO clients.sftp.uploadfile(1) - [27/May/2020:12:07:06 +0000] "Setting mode for '/var/www/engine/bin/NETWORK/tests/test_net_test.py' to 777 ..."
NOTICE clients.sftp.uploadfile(3) - [27/May/2020:12:07:24 +0000] "'/var/www/engine/bin/NETWORK/tests/test_net_test.py' matches with mode pattern '/**/*.py'"
INFO clients.sftp.uploadfile(1) - [27/May/2020:12:07:27 +0000] "Setting mode for '/var/www/engine/bin/NETWORK/tests/test_net_test.py' to 777 ..."
NOTICE clients.sftp.uploadfile(3) - [27/May/2020:12:08:47 +0000] "'/var/www/engine/bin/NETWORK/tests/test_net_test.py' matches with mode pattern '/**/*.py'"
INFO clients.sftp.uploadfile(1) - [27/May/2020:12:08:50 +0000] "Setting mode for '/var/www/engine/bin/NETWORK/tests/test_net_test.py' to 777 ..."
NOTICE clients.sftp.uploadfile(3) - [27/May/2020:12:10:54 +0000] "'/var/www/engine/bin/NETWORK/tests/test_net_test.py' matches with mode pattern '/**/*.py'"
INFO clients.sftp.uploadfile(1) - [27/May/2020:12:10:56 +0000] "Setting mode for '/var/www/engine/bin/NETWORK/tests/test_net_test.py' to 777 ..."
NOTICE clients.sftp.uploadfile(3) - [27/May/2020:12:12:11 +0000] "'/var/www/engine/bin/NETWORK/tests/test_net_test.py' matches with mode pattern '/**/*.py'"
INFO clients.sftp.uploadfile(1) - [27/May/2020:12:12:14 +0000] "Setting mode for '/var/www/engine/bin/NETWORK/tests/test_net_test.py' to 777 ..."
NOTICE clients.sftp.uploadfile(3) - [27/May/2020:12:13:01 +0000] "'/var/www/engine/bin/NETWORK/tests/test_net_test.py' matches with mode pattern '/**/*.py'"
INFO clients.sftp.uploadfile(1) - [27/May/2020:12:13:04 +0000] "Setting mode for '/var/www/engine/bin/NETWORK/tests/test_net_test.py' to 777 ..."
NOTICE clients.sftp.uploadfile(3) - [27/May/2020:12:14:12 +0000] "'/var/www/engine/bin/NETWORK/tests/test_net_test.py' matches with mode pattern '/**/*.py'"
INFO clients.sftp.uploadfile(1) - [27/May/2020:12:14:15 +0000] "Setting mode for '/var/www/engine/bin/NETWORK/tests/test_net_test.py' to 777 ..."
NOTICE clients.sftp.uploadfile(3) - [27/May/2020:12:29:18 +0000] "'/var/www/engine/bin/NETWORK/tests/test_net_test.py' matches with mode pattern '/**/*.py'"
INFO clients.sftp.uploadfile(1) - [27/May/2020:12:29:19 +0000] "Setting mode for '/var/www/engine/bin/NETWORK/tests/test_net_test.py' to 777 ..."
NOTICE clients.sftp.uploadfile(3) - [27/May/2020:12:30:21 +0000] "'/var/www/engine/bin/NETWORK/tests/test_net_test.py' matches with mode pattern '/**/*.py'"
INFO clients.sftp.uploadfile(1) - [27/May/2020:12:30:23 +0000] "Setting mode for '/var/www/engine/bin/NETWORK/tests/test_net_test.py' to 777 ..."
NOTICE clients.sftp.uploadfile(3) - [27/May/2020:12:31:41 +0000] "'/var/www/engine/bin/NETWORK/tests/test_net_test.py' matches with mode pattern '/**/*.py'"
INFO clients.sftp.uploadfile(1) - [27/May/2020:12:31:44 +0000] "Setting mode for '/var/www/engine/bin/NETWORK/tests/test_net_test.py' to 777 ..."
NOTICE clients.sftp.uploadfile(3) - [27/May/2020:12:32:37 +0000] "'/var/www/engine/bin/NETWORK/tests/test_net_test.py' matches with mode pattern '/**/*.py'"
INFO clients.sftp.uploadfile(1) - [27/May/2020:12:32:40 +0000] "Setting mode for '/var/www/engine/bin/NETWORK/tests/test_net_test.py' to 777 ..."
NOTICE clients.sftp.uploadfile(3) - [27/May/2020:12:34:53 +0000] "'/var/www/engine/bin/NETWORK/tests/test_net_test.py' matches with mode pattern '/**/*.py'"
INFO clients.sftp.uploadfile(1) - [27/May/2020:12:34:56 +0000] "Setting mode for '/var/www/engine/bin/NETWORK/tests/test_net_test.py' to 777 ..."
NOTICE clients.sftp.uploadfile(3) - [27/May/2020:12:36:31 +0000] "'/var/www/engine/bin/NETWORK/tests/test_net_test.py' matches with mode pattern '/**/*.py'"
INFO clients.sftp.uploadfile(1) - [27/May/2020:12:36:34 +0000] "Setting mode for '/var/www/engine/bin/NETWORK/tests/test_net_test.py' to 777 ..."
NOTICE clients.sftp.uploadfile(3) - [27/May/2020:12:38:30 +0000] "'/var/www/engine/bin/NETWORK/tests/test_net_test.py' matches with mode pattern '/**/*.py'"
INFO clients.sftp.uploadfile(1) - [27/May/2020:12:38:34 +0000] "Setting mode for '/var/www/engine/bin/NETWORK/tests/test_net_test.py' to 777 ..."
NOTICE clients.sftp.uploadfile(3) - [27/May/2020:12:41:27 +0000] "'/var/www/engine/bin/NETWORK/tests/test_net_test.py' matches with mode pattern '/**/*.py'"
INFO clients.sftp.uploadfile(1) - [27/May/2020:12:41:30 +0000] "Setting mode for '/var/www/engine/bin/NETWORK/tests/test_net_test.py' to 777 ..."
NOTICE clients.sftp.uploadfile(3) - [27/May/2020:12:41:48 +0000] "'/var/www/engine/bin/NETWORK/tests/test_net_test.py' matches with mode pattern '/**/*.py'"
INFO clients.sftp.uploadfile(1) - [27/May/2020:12:41:51 +0000] "Setting mode for '/var/www/engine/bin/NETWORK/tests/test_net_test.py' to 777 ..."
NOTICE clients.sftp.uploadfile(3) - [27/May/2020:12:42:40 +0000] "'/var/www/engine/bin/NETWORK/tests/test_net_test.py' matches with mode pattern '/**/*.py'"
INFO clients.sftp.uploadfile(1) - [27/May/2020:12:42:42 +0000] "Setting mode for '/var/www/engine/bin/NETWORK/tests/test_net_test.py' to 777 ..."
NOTICE clients.sftp.uploadfile(3) - [27/May/2020:12:49:24 +0000] "'/var/www/engine/bin/NETWORK/controllers/phys.py' matches with mode pattern '/**/*.py'"
INFO clients.sftp.uploadfile(1) - [27/May/2020:12:49:28 +0000] "Setting mode for '/var/www/engine/bin/NETWORK/controllers/phys.py' to 777 ..."
NOTICE clients.sftp.uploadfile(3) - [27/May/2020:12:49:39 +0000] "'/var/www/engine/bin/NETWORK/tests/test_net_test.py' matches with mode pattern '/**/*.py'"
INFO clients.sftp.uploadfile(1) - [27/May/2020:12:49:42 +0000] "Setting mode for '/var/www/engine/bin/NETWORK/tests/test_net_test.py' to 777 ..."
NOTICE clients.sftp.uploadfile(3) - [27/May/2020:12:50:09 +0000] "'/var/www/engine/bin/NETWORK/controllers/phys.py' matches with mode pattern '/**/*.py'"
INFO clients.sftp.uploadfile(1) - [27/May/2020:12:50:16 +0000] "Setting mode for '/var/www/engine/bin/NETWORK/controllers/phys.py' to 777 ..."
NOTICE clients.sftp.uploadfile(3) - [27/May/2020:12:50:24 +0000] "'/var/www/engine/bin/NETWORK/tests/test_net_test.py' matches with mode pattern '/**/*.py'"
INFO clients.sftp.uploadfile(1) - [27/May/2020:12:50:26 +0000] "Setting mode for '/var/www/engine/bin/NETWORK/tests/test_net_test.py' to 777 ..."
NOTICE clients.sftp.uploadfile(3) - [27/May/2020:12:53:12 +0000] "'/var/www/engine/bin/NETWORK/tests/test_net_test.py' matches with mode pattern '/**/*.py'"
INFO clients.sftp.uploadfile(1) - [27/May/2020:12:53:15 +0000] "Setting mode for '/var/www/engine/bin/NETWORK/tests/test_net_test.py' to 777 ..."
NOTICE clients.sftp.uploadfile(3) - [27/May/2020:12:53:31 +0000] "'/var/www/engine/bin/NETWORK/tests/test_net_test.py' matches with mode pattern '/**/*.py'"
INFO clients.sftp.uploadfile(1) - [27/May/2020:12:53:33 +0000] "Setting mode for '/var/www/engine/bin/NETWORK/tests/test_net_test.py' to 777 ..."
NOTICE clients.sftp.uploadfile(3) - [27/May/2020:12:53:44 +0000] "'/var/www/engine/bin/NETWORK/tests/test_net_test.py' matches with mode pattern '/**/*.py'"
INFO clients.sftp.uploadfile(1) - [27/May/2020:12:53:45 +0000] "Setting mode for '/var/www/engine/bin/NETWORK/tests/test_net_test.py' to 777 ..."
NOTICE clients.sftp.uploadfile(3) - [27/May/2020:12:54:25 +0000] "'/var/www/engine/bin/NETWORK/tests/test_net_test.py' matches with mode pattern '/**/*.py'"
INFO clients.sftp.uploadfile(1) - [27/May/2020:12:54:28 +0000] "Setting mode for '/var/www/engine/bin/NETWORK/tests/test_net_test.py' to 777 ..."
NOTICE clients.sftp.uploadfile(3) - [27/May/2020:12:56:08 +0000] "'/var/www/engine/bin/NETWORK/controllers/phys.py' matches with mode pattern '/**/*.py'"
INFO clients.sftp.uploadfile(1) - [27/May/2020:12:56:13 +0000] "Setting mode for '/var/www/engine/bin/NETWORK/controllers/phys.py' to 777 ..."
NOTICE clients.sftp.uploadfile(3) - [27/May/2020:12:56:24 +0000] "'/var/www/engine/bin/NETWORK/controllers/phys.py' matches with mode pattern '/**/*.py'"
INFO clients.sftp.uploadfile(1) - [27/May/2020:12:56:29 +0000] "Setting mode for '/var/www/engine/bin/NETWORK/controllers/phys.py' to 777 ..."
NOTICE clients.sftp.uploadfile(3) - [27/May/2020:12:56:43 +0000] "'/var/www/engine/bin/NETWORK/controllers/phys.py' matches with mode pattern '/**/*.py'"
INFO clients.sftp.uploadfile(1) - [27/May/2020:12:56:46 +0000] "Setting mode for '/var/www/engine/bin/NETWORK/controllers/phys.py' to 777 ..."
NOTICE clients.sftp.uploadfile(3) - [27/May/2020:12:56:58 +0000] "'/var/www/engine/bin/NETWORK/tests/test_net_test.py' matches with mode pattern '/**/*.py'"
INFO clients.sftp.uploadfile(1) - [27/May/2020:12:57:01 +0000] "Setting mode for '/var/www/engine/bin/NETWORK/tests/test_net_test.py' to 777 ..."
NOTICE clients.sftp.uploadfile(3) - [27/May/2020:12:58:41 +0000] "'/var/www/engine/bin/NETWORK/controllers/phys.py' matches with mode pattern '/**/*.py'"
INFO clients.sftp.uploadfile(1) - [27/May/2020:12:58:45 +0000] "Setting mode for '/var/www/engine/bin/NETWORK/controllers/phys.py' to 777 ..."
NOTICE clients.sftp.uploadfile(3) - [27/May/2020:12:59:00 +0000] "'/var/www/engine/bin/NETWORK/controllers/phys.py' matches with mode pattern '/**/*.py'"
INFO clients.sftp.uploadfile(1) - [27/May/2020:12:59:04 +0000] "Setting mode for '/var/www/engine/bin/NETWORK/controllers/phys.py' to 777 ..."
NOTICE clients.sftp.uploadfile(3) - [27/May/2020:12:59:28 +0000] "'/var/www/engine/bin/NETWORK/tests/test_net_test.py' matches with mode pattern '/**/*.py'"
INFO clients.sftp.uploadfile(1) - [27/May/2020:12:59:32 +0000] "Setting mode for '/var/www/engine/bin/NETWORK/tests/test_net_test.py' to 777 ..."
NOTICE clients.sftp.uploadfile(3) - [27/May/2020:12:59:52 +0000] "'/var/www/engine/bin/NETWORK/tests/test_net_test.py' matches with mode pattern '/**/*.py'"
INFO clients.sftp.uploadfile(1) - [27/May/2020:12:59:54 +0000] "Setting mode for '/var/www/engine/bin/NETWORK/tests/test_net_test.py' to 777 ..."
NOTICE clients.sftp.uploadfile(3) - [27/May/2020:13:03:54 +0000] "'/var/www/engine/bin/NETWORK/tests/test_net_test.py' matches with mode pattern '/**/*.py'"
INFO clients.sftp.uploadfile(1) - [27/May/2020:13:03:57 +0000] "Setting mode for '/var/www/engine/bin/NETWORK/tests/test_net_test.py' to 777 ..."
NOTICE clients.sftp.uploadfile(3) - [27/May/2020:13:05:13 +0000] "'/var/www/engine/bin/NETWORK/tests/test_net_test.py' matches with mode pattern '/**/*.py'"
INFO clients.sftp.uploadfile(1) - [27/May/2020:13:05:17 +0000] "Setting mode for '/var/www/engine/bin/NETWORK/tests/test_net_test.py' to 777 ..."
NOTICE clients.sftp.uploadfile(3) - [27/May/2020:13:06:10 +0000] "'/var/www/engine/bin/NETWORK/tests/test_net_test.py' matches with mode pattern '/**/*.py'"
INFO clients.sftp.uploadfile(1) - [27/May/2020:13:06:12 +0000] "Setting mode for '/var/www/engine/bin/NETWORK/tests/test_net_test.py' to 777 ..."
NOTICE clients.sftp.uploadfile(3) - [27/May/2020:13:07:00 +0000] "'/var/www/engine/bin/NETWORK/tests/test_net_test.py' matches with mode pattern '/**/*.py'"
INFO clients.sftp.uploadfile(1) - [27/May/2020:13:07:03 +0000] "Setting mode for '/var/www/engine/bin/NETWORK/tests/test_net_test.py' to 777 ..."
NOTICE clients.sftp.uploadfile(3) - [27/May/2020:13:07:51 +0000] "'/var/www/engine/bin/NETWORK/tests/test_net_test.py' matches with mode pattern '/**/*.py'"
INFO clients.sftp.uploadfile(1) - [27/May/2020:13:07:54 +0000] "Setting mode for '/var/www/engine/bin/NETWORK/tests/test_net_test.py' to 777 ..."
NOTICE clients.sftp.uploadfile(3) - [27/May/2020:13:08:35 +0000] "'/var/www/engine/bin/NETWORK/tests/test_net_test.py' matches with mode pattern '/**/*.py'"
INFO clients.sftp.uploadfile(1) - [27/May/2020:13:08:38 +0000] "Setting mode for '/var/www/engine/bin/NETWORK/tests/test_net_test.py' to 777 ..."
NOTICE clients.sftp.uploadfile(3) - [27/May/2020:13:09:35 +0000] "'/var/www/engine/bin/NETWORK/tests/test_net_test.py' matches with mode pattern '/**/*.py'"
INFO clients.sftp.uploadfile(1) - [27/May/2020:13:09:37 +0000] "Setting mode for '/var/www/engine/bin/NETWORK/tests/test_net_test.py' to 777 ..."
NOTICE clients.sftp.uploadfile(3) - [27/May/2020:13:12:05 +0000] "'/var/www/engine/bin/NETWORK/tests/test_net_test.py' matches with mode pattern '/**/*.py'"
INFO clients.sftp.uploadfile(1) - [27/May/2020:13:12:07 +0000] "Setting mode for '/var/www/engine/bin/NETWORK/tests/test_net_test.py' to 777 ..."
NOTICE clients.sftp.uploadfile(3) - [27/May/2020:13:12:51 +0000] "'/var/www/engine/bin/NETWORK/tests/test_net_test.py' matches with mode pattern '/**/*.py'"
INFO clients.sftp.uploadfile(1) - [27/May/2020:13:13:20 +0000] "Setting mode for '/var/www/engine/bin/NETWORK/tests/test_net_test.py' to 777 ..."
NOTICE clients.sftp.uploadfile(3) - [27/May/2020:13:27:24 +0000] "'/var/www/engine/bin/NETWORK/tests/test_net_test.py' matches with mode pattern '/**/*.py'"
INFO clients.sftp.uploadfile(1) - [27/May/2020:13:27:26 +0000] "Setting mode for '/var/www/engine/bin/NETWORK/tests/test_net_test.py' to 777 ..."
NOTICE clients.sftp.uploadfile(3) - [27/May/2020:13:28:23 +0000] "'/var/www/engine/bin/NETWORK/tests/test_net_test.py' matches with mode pattern '/**/*.py'"
INFO clients.sftp.uploadfile(1) - [27/May/2020:13:28:26 +0000] "Setting mode for '/var/www/engine/bin/NETWORK/tests/test_net_test.py' to 777 ..."
NOTICE clients.sftp.uploadfile(3) - [27/May/2020:13:30:17 +0000] "'/var/www/engine/bin/NETWORK/tests/test_net_test.py' matches with mode pattern '/**/*.py'"
INFO clients.sftp.uploadfile(1) - [27/May/2020:13:30:19 +0000] "Setting mode for '/var/www/engine/bin/NETWORK/tests/test_net_test.py' to 777 ..."
NOTICE clients.sftp.uploadfile(3) - [27/May/2020:13:30:37 +0000] "'/var/www/engine/bin/NETWORK/tests/test_net_test.py' matches with mode pattern '/**/*.py'"
INFO clients.sftp.uploadfile(1) - [27/May/2020:13:30:39 +0000] "Setting mode for '/var/www/engine/bin/NETWORK/tests/test_net_test.py' to 777 ..."
NOTICE clients.sftp.uploadfile(3) - [27/May/2020:13:31:15 +0000] "'/var/www/engine/bin/NETWORK/tests/test_net_test.py' matches with mode pattern '/**/*.py'"
INFO clients.sftp.uploadfile(1) - [27/May/2020:13:31:17 +0000] "Setting mode for '/var/www/engine/bin/NETWORK/tests/test_net_test.py' to 777 ..."
NOTICE clients.sftp.uploadfile(3) - [27/May/2020:13:32:24 +0000] "'/var/www/engine/bin/NETWORK/tests/test_net_test.py' matches with mode pattern '/**/*.py'"
INFO clients.sftp.uploadfile(1) - [27/May/2020:13:32:27 +0000] "Setting mode for '/var/www/engine/bin/NETWORK/tests/test_net_test.py' to 777 ..."
NOTICE clients.sftp.uploadfile(3) - [27/May/2020:13:41:08 +0000] "'/var/www/engine/bin/NETWORK/tests/test_net_test.py' matches with mode pattern '/**/*.py'"
INFO clients.sftp.uploadfile(1) - [27/May/2020:13:41:11 +0000] "Setting mode for '/var/www/engine/bin/NETWORK/tests/test_net_test.py' to 777 ..."
NOTICE clients.sftp.uploadfile(3) - [27/May/2020:13:43:33 +0000] "'/var/www/engine/bin/NETWORK/tests/test_net_test.py' matches with mode pattern '/**/*.py'"
INFO clients.sftp.uploadfile(1) - [27/May/2020:13:43:36 +0000] "Setting mode for '/var/www/engine/bin/NETWORK/tests/test_net_test.py' to 777 ..."
NOTICE clients.sftp.uploadfile(3) - [27/May/2020:13:44:06 +0000] "'/var/www/engine/bin/NETWORK/tests/test_net_test.py' matches with mode pattern '/**/*.py'"
INFO clients.sftp.uploadfile(1) - [27/May/2020:13:44:08 +0000] "Setting mode for '/var/www/engine/bin/NETWORK/tests/test_net_test.py' to 777 ..."
NOTICE clients.sftp.uploadfile(3) - [27/May/2020:13:44:51 +0000] "'/var/www/engine/bin/NETWORK/tests/test_net_test.py' matches with mode pattern '/**/*.py'"
INFO clients.sftp.uploadfile(1) - [27/May/2020:13:44:54 +0000] "Setting mode for '/var/www/engine/bin/NETWORK/tests/test_net_test.py' to 777 ..."
NOTICE clients.sftp.uploadfile(3) - [27/May/2020:13:45:41 +0000] "'/var/www/engine/bin/NETWORK/tests/test_net_test.py' matches with mode pattern '/**/*.py'"
INFO clients.sftp.uploadfile(1) - [27/May/2020:13:45:48 +0000] "Setting mode for '/var/www/engine/bin/NETWORK/tests/test_net_test.py' to 777 ..."
NOTICE clients.sftp.uploadfile(3) - [27/May/2020:13:46:56 +0000] "'/var/www/engine/bin/NETWORK/tests/test_net_test.py' matches with mode pattern '/**/*.py'"
INFO clients.sftp.uploadfile(1) - [27/May/2020:13:46:58 +0000] "Setting mode for '/var/www/engine/bin/NETWORK/tests/test_net_test.py' to 777 ..."
NOTICE clients.sftp.uploadfile(3) - [27/May/2020:13:48:46 +0000] "'/var/www/engine/bin/NETWORK/tests/test_net_test.py' matches with mode pattern '/**/*.py'"
INFO clients.sftp.uploadfile(1) - [27/May/2020:13:48:48 +0000] "Setting mode for '/var/www/engine/bin/NETWORK/tests/test_net_test.py' to 777 ..."
NOTICE clients.sftp.uploadfile(3) - [27/May/2020:13:48:53 +0000] "'/var/www/engine/bin/NETWORK/tests/test_net_test.py' matches with mode pattern '/**/*.py'"
INFO clients.sftp.uploadfile(1) - [27/May/2020:13:48:55 +0000] "Setting mode for '/var/www/engine/bin/NETWORK/tests/test_net_test.py' to 777 ..."
NOTICE clients.sftp.uploadfile(3) - [27/May/2020:13:49:07 +0000] "'/var/www/engine/bin/NETWORK/tests/test_net_test.py' matches with mode pattern '/**/*.py'"
INFO clients.sftp.uploadfile(1) - [27/May/2020:13:49:09 +0000] "Setting mode for '/var/www/engine/bin/NETWORK/tests/test_net_test.py' to 777 ..."
NOTICE clients.sftp.uploadfile(3) - [27/May/2020:13:51:48 +0000] "'/var/www/engine/bin/NETWORK/tests/test_net_test.py' matches with mode pattern '/**/*.py'"
INFO clients.sftp.uploadfile(1) - [27/May/2020:13:51:50 +0000] "Setting mode for '/var/www/engine/bin/NETWORK/tests/test_net_test.py' to 777 ..."
NOTICE clients.sftp.uploadfile(3) - [27/May/2020:13:56:55 +0000] "'/var/www/engine/bin/NETWORK/tests/test_net_test.py' matches with mode pattern '/**/*.py'"
INFO clients.sftp.uploadfile(1) - [27/May/2020:13:56:59 +0000] "Setting mode for '/var/www/engine/bin/NETWORK/tests/test_net_test.py' to 777 ..."
NOTICE clients.sftp.uploadfile(3) - [27/May/2020:13:58:24 +0000] "'/var/www/engine/bin/NETWORK/tests/test_net_test.py' matches with mode pattern '/**/*.py'"
INFO clients.sftp.uploadfile(1) - [27/May/2020:13:58:28 +0000] "Setting mode for '/var/www/engine/bin/NETWORK/tests/test_net_test.py' to 777 ..."
NOTICE clients.sftp.uploadfile(3) - [27/May/2020:13:59:08 +0000] "'/var/www/engine/bin/NETWORK/tests/test_net_test.py' matches with mode pattern '/**/*.py'"
INFO clients.sftp.uploadfile(1) - [27/May/2020:13:59:18 +0000] "Setting mode for '/var/www/engine/bin/NETWORK/tests/test_net_test.py' to 777 ..."
NOTICE clients.sftp.uploadfile(3) - [27/May/2020:13:59:50 +0000] "'/var/www/engine/bin/NETWORK/tests/test_net_test.py' matches with mode pattern '/**/*.py'"
INFO clients.sftp.uploadfile(1) - [27/May/2020:13:59:55 +0000] "Setting mode for '/var/www/engine/bin/NETWORK/tests/test_net_test.py' to 777 ..."
NOTICE clients.sftp.uploadfile(3) - [27/May/2020:14:05:03 +0000] "'/var/www/engine/bin/NETWORK/tests/test_net_test.py' matches with mode pattern '/**/*.py'"
INFO clients.sftp.uploadfile(1) - [27/May/2020:14:05:04 +0000] "Setting mode for '/var/www/engine/bin/NETWORK/tests/test_net_test.py' to 777 ..."
NOTICE clients.sftp.uploadfile(3) - [27/May/2020:14:09:02 +0000] "'/var/www/engine/bin/NETWORK/tests/test_net_test.py' matches with mode pattern '/**/*.py'"
INFO clients.sftp.uploadfile(1) - [27/May/2020:14:09:04 +0000] "Setting mode for '/var/www/engine/bin/NETWORK/tests/test_net_test.py' to 777 ..."
NOTICE clients.sftp.uploadfile(3) - [27/May/2020:14:12:19 +0000] "'/var/www/engine/bin/NETWORK/tests/test_net_test.py' matches with mode pattern '/**/*.py'"
INFO clients.sftp.uploadfile(1) - [27/May/2020:14:12:21 +0000] "Setting mode for '/var/www/engine/bin/NETWORK/tests/test_net_test.py' to 777 ..."
NOTICE clients.sftp.uploadfile(3) - [27/May/2020:14:15:04 +0000] "'/var/www/engine/bin/NETWORK/tests/test_net_test.py' matches with mode pattern '/**/*.py'"
INFO clients.sftp.uploadfile(1) - [27/May/2020:14:15:06 +0000] "Setting mode for '/var/www/engine/bin/NETWORK/tests/test_net_test.py' to 777 ..."
NOTICE clients.sftp.uploadfile(3) - [27/May/2020:14:21:04 +0000] "'/var/www/engine/bin/NETWORK/controllers/phys.py' matches with mode pattern '/**/*.py'"
INFO clients.sftp.uploadfile(1) - [27/May/2020:14:21:07 +0000] "Setting mode for '/var/www/engine/bin/NETWORK/controllers/phys.py' to 777 ..."
NOTICE clients.sftp.uploadfile(3) - [27/May/2020:14:21:56 +0000] "'/var/www/engine/bin/NETWORK/controllers/phys.py' matches with mode pattern '/**/*.py'"
INFO clients.sftp.uploadfile(1) - [27/May/2020:14:22:00 +0000] "Setting mode for '/var/www/engine/bin/NETWORK/controllers/phys.py' to 777 ..."
NOTICE clients.sftp.uploadfile(3) - [27/May/2020:14:23:41 +0000] "'/var/www/engine/bin/NETWORK/controllers/phys.py' matches with mode pattern '/**/*.py'"
INFO clients.sftp.uploadfile(1) - [27/May/2020:14:23:47 +0000] "Setting mode for '/var/www/engine/bin/NETWORK/controllers/phys.py' to 777 ..."
NOTICE clients.sftp.uploadfile(3) - [27/May/2020:14:34:52 +0000] "'/var/www/engine/bin/NETWORK/tests/test_test.py' matches with mode pattern '/**/*.py'"
INFO clients.sftp.uploadfile(1) - [27/May/2020:14:34:54 +0000] "Setting mode for '/var/www/engine/bin/NETWORK/tests/test_test.py' to 777 ..."
NOTICE clients.sftp.uploadfile(3) - [27/May/2020:14:37:32 +0000] "'/var/www/engine/bin/NETWORK/tests/test_test.py' matches with mode pattern '/**/*.py'"
INFO clients.sftp.uploadfile(1) - [27/May/2020:14:37:34 +0000] "Setting mode for '/var/www/engine/bin/NETWORK/tests/test_test.py' to 777 ..."
NOTICE clients.sftp.uploadfile(3) - [27/May/2020:14:39:21 +0000] "'/var/www/engine/bin/NETWORK/tests/test_test.py' matches with mode pattern '/**/*.py'"
INFO clients.sftp.uploadfile(1) - [27/May/2020:14:39:25 +0000] "Setting mode for '/var/www/engine/bin/NETWORK/tests/test_test.py' to 777 ..."
NOTICE clients.sftp.uploadfile(3) - [27/May/2020:14:39:54 +0000] "'/var/www/engine/bin/NETWORK/tests/test_test.py' matches with mode pattern '/**/*.py'"
INFO clients.sftp.uploadfile(1) - [27/May/2020:14:39:56 +0000] "Setting mode for '/var/www/engine/bin/NETWORK/tests/test_test.py' to 777 ..."
NOTICE clients.sftp.uploadfile(3) - [27/May/2020:14:40:20 +0000] "'/var/www/engine/bin/NETWORK/tests/test_test.py' matches with mode pattern '/**/*.py'"
INFO clients.sftp.uploadfile(1) - [27/May/2020:14:40:21 +0000] "Setting mode for '/var/www/engine/bin/NETWORK/tests/test_test.py' to 777 ..."
NOTICE clients.sftp.uploadfile(3) - [27/May/2020:14:43:41 +0000] "'/var/www/engine/bin/NETWORK/tests/test_test.py' matches with mode pattern '/**/*.py'"
INFO clients.sftp.uploadfile(1) - [27/May/2020:14:43:43 +0000] "Setting mode for '/var/www/engine/bin/NETWORK/tests/test_test.py' to 777 ..."
NOTICE clients.sftp.uploadfile(3) - [27/May/2020:14:45:15 +0000] "'/var/www/engine/bin/NETWORK/tests/test_test.py' matches with mode pattern '/**/*.py'"
INFO clients.sftp.uploadfile(1) - [27/May/2020:14:45:17 +0000] "Setting mode for '/var/www/engine/bin/NETWORK/tests/test_test.py' to 777 ..."
NOTICE clients.sftp.uploadfile(3) - [27/May/2020:14:45:48 +0000] "'/var/www/engine/bin/NETWORK/tests/test_test.py' matches with mode pattern '/**/*.py'"
INFO clients.sftp.uploadfile(1) - [27/May/2020:14:45:50 +0000] "Setting mode for '/var/www/engine/bin/NETWORK/tests/test_test.py' to 777 ..."
NOTICE clients.sftp.uploadfile(3) - [27/May/2020:14:52:19 +0000] "'/var/www/engine/bin/NETWORK/tests/test_test.py' matches with mode pattern '/**/*.py'"
INFO clients.sftp.uploadfile(1) - [27/May/2020:14:52:21 +0000] "Setting mode for '/var/www/engine/bin/NETWORK/tests/test_test.py' to 777 ..."
NOTICE clients.sftp.uploadfile(3) - [27/May/2020:14:57:55 +0000] "'/var/www/engine/bin/NETWORK/tests/test_test.py' matches with mode pattern '/**/*.py'"
INFO clients.sftp.uploadfile(1) - [27/May/2020:14:57:57 +0000] "Setting mode for '/var/www/engine/bin/NETWORK/tests/test_test.py' to 777 ..."
NOTICE clients.sftp.uploadfile(3) - [27/May/2020:14:58:15 +0000] "'/var/www/engine/bin/NETWORK/tests/test_test.py' matches with mode pattern '/**/*.py'"
INFO clients.sftp.uploadfile(1) - [27/May/2020:14:58:16 +0000] "Setting mode for '/var/www/engine/bin/NETWORK/tests/test_test.py' to 777 ..."
NOTICE clients.sftp.uploadfile(3) - [27/May/2020:15:00:44 +0000] "'/var/www/engine/bin/NETWORK/tests/test_test.py' matches with mode pattern '/**/*.py'"
INFO clients.sftp.uploadfile(1) - [27/May/2020:15:00:48 +0000] "Setting mode for '/var/www/engine/bin/NETWORK/tests/test_test.py' to 777 ..."
NOTICE clients.sftp.uploadfile(3) - [27/May/2020:15:01:17 +0000] "'/var/www/engine/bin/NETWORK/tests/test_test.py' matches with mode pattern '/**/*.py'"
INFO clients.sftp.uploadfile(1) - [27/May/2020:15:01:19 +0000] "Setting mode for '/var/www/engine/bin/NETWORK/tests/test_test.py' to 777 ..."
NOTICE clients.sftp.uploadfile(3) - [27/May/2020:15:04:48 +0000] "'/var/www/engine/bin/NETWORK/tests/test_test.py' matches with mode pattern '/**/*.py'"
INFO clients.sftp.uploadfile(1) - [27/May/2020:15:04:50 +0000] "Setting mode for '/var/www/engine/bin/NETWORK/tests/test_test.py' to 777 ..."
NOTICE clients.sftp.uploadfile(3) - [27/May/2020:15:09:47 +0000] "'/var/www/engine/bin/NETWORK/tests/test_test.py' matches with mode pattern '/**/*.py'"
INFO clients.sftp.uploadfile(1) - [27/May/2020:15:09:49 +0000] "Setting mode for '/var/www/engine/bin/NETWORK/tests/test_test.py' to 777 ..."
NOTICE clients.sftp.uploadfile(3) - [27/May/2020:15:20:06 +0000] "'/var/www/engine/bin/NETWORK/tests/test_net_test.py' matches with mode pattern '/**/*.py'"
INFO clients.sftp.uploadfile(1) - [27/May/2020:15:20:08 +0000] "Setting mode for '/var/www/engine/bin/NETWORK/tests/test_net_test.py' to 777 ..."
NOTICE clients.sftp.uploadfile(3) - [27/May/2020:15:21:48 +0000] "'/var/www/engine/bin/NETWORK/tests/test_net_test.py' matches with mode pattern '/**/*.py'"
INFO clients.sftp.uploadfile(1) - [27/May/2020:15:21:51 +0000] "Setting mode for '/var/www/engine/bin/NETWORK/tests/test_net_test.py' to 777 ..."
NOTICE clients.sftp.uploadfile(3) - [27/May/2020:15:29:09 +0000] "'/var/www/engine/bin/NETWORK/tests/test_net_test.py' matches with mode pattern '/**/*.py'"
INFO clients.sftp.uploadfile(1) - [27/May/2020:15:29:12 +0000] "Setting mode for '/var/www/engine/bin/NETWORK/tests/test_net_test.py' to 777 ..."
NOTICE clients.sftp.uploadfile(3) - [27/May/2020:15:30:48 +0000] "'/var/www/engine/bin/NETWORK/tests/test_net_test.py' matches with mode pattern '/**/*.py'"
INFO clients.sftp.uploadfile(1) - [27/May/2020:15:30:50 +0000] "Setting mode for '/var/www/engine/bin/NETWORK/tests/test_net_test.py' to 777 ..."
NOTICE clients.sftp.uploadfile(3) - [27/May/2020:15:41:50 +0000] "'/var/www/engine/bin/NETWORK/tests/test_net_test.py' matches with mode pattern '/**/*.py'"
INFO clients.sftp.uploadfile(1) - [27/May/2020:15:41:52 +0000] "Setting mode for '/var/www/engine/bin/NETWORK/tests/test_net_test.py' to 777 ..."
NOTICE clients.sftp.uploadfile(3) - [27/May/2020:15:43:04 +0000] "'/var/www/engine/bin/NETWORK/tests/test_net_test.py' matches with mode pattern '/**/*.py'"
INFO clients.sftp.uploadfile(1) - [27/May/2020:15:43:06 +0000] "Setting mode for '/var/www/engine/bin/NETWORK/tests/test_net_test.py' to 777 ..."
NOTICE clients.sftp.uploadfile(3) - [27/May/2020:15:44:28 +0000] "'/var/www/engine/bin/NETWORK/tests/test_net_test.py' matches with mode pattern '/**/*.py'"
INFO clients.sftp.uploadfile(1) - [27/May/2020:15:44:30 +0000] "Setting mode for '/var/www/engine/bin/NETWORK/tests/test_net_test.py' to 777 ..."
NOTICE clients.sftp.uploadfile(3) - [27/May/2020:15:44:56 +0000] "'/var/www/engine/bin/NETWORK/tests/test_net_test.py' matches with mode pattern '/**/*.py'"
INFO clients.sftp.uploadfile(1) - [27/May/2020:15:44:59 +0000] "Setting mode for '/var/www/engine/bin/NETWORK/tests/test_net_test.py' to 777 ..."
NOTICE clients.sftp.uploadfile(3) - [27/May/2020:15:49:02 +0000] "'/var/www/engine/bin/NETWORK/tests/test_net_test.py' matches with mode pattern '/**/*.py'"
INFO clients.sftp.uploadfile(1) - [27/May/2020:15:49:04 +0000] "Setting mode for '/var/www/engine/bin/NETWORK/tests/test_net_test.py' to 777 ..."
NOTICE clients.sftp.uploadfile(3) - [27/May/2020:15:49:57 +0000] "'/var/www/engine/bin/NETWORK/tests/test_net_test.py' matches with mode pattern '/**/*.py'"
INFO clients.sftp.uploadfile(1) - [27/May/2020:15:49:59 +0000] "Setting mode for '/var/www/engine/bin/NETWORK/tests/test_net_test.py' to 777 ..."
NOTICE clients.sftp.uploadfile(3) - [27/May/2020:15:51:22 +0000] "'/var/www/engine/bin/NETWORK/tests/test_net_test.py' matches with mode pattern '/**/*.py'"
INFO clients.sftp.uploadfile(1) - [27/May/2020:15:51:24 +0000] "Setting mode for '/var/www/engine/bin/NETWORK/tests/test_net_test.py' to 777 ..."
NOTICE clients.sftp.uploadfile(3) - [27/May/2020:15:51:53 +0000] "'/var/www/engine/bin/NETWORK/tests/test_net_test.py' matches with mode pattern '/**/*.py'"
INFO clients.sftp.uploadfile(1) - [27/May/2020:15:51:54 +0000] "Setting mode for '/var/www/engine/bin/NETWORK/tests/test_net_test.py' to 777 ..."
NOTICE clients.sftp.uploadfile(3) - [27/May/2020:15:54:08 +0000] "'/var/www/engine/bin/NETWORK/tests/test_net_test.py' matches with mode pattern '/**/*.py'"
INFO clients.sftp.uploadfile(1) - [27/May/2020:15:54:10 +0000] "Setting mode for '/var/www/engine/bin/NETWORK/tests/test_net_test.py' to 777 ..."
NOTICE clients.sftp.uploadfile(3) - [27/May/2020:15:54:50 +0000] "'/var/www/engine/bin/NETWORK/tests/test_net_test.py' matches with mode pattern '/**/*.py'"
INFO clients.sftp.uploadfile(1) - [27/May/2020:15:54:52 +0000] "Setting mode for '/var/www/engine/bin/NETWORK/tests/test_net_test.py' to 777 ..."
NOTICE clients.sftp.uploadfile(3) - [27/May/2020:15:55:07 +0000] "'/var/www/engine/bin/NETWORK/tests/test_net_test.py' matches with mode pattern '/**/*.py'"
INFO clients.sftp.uploadfile(1) - [27/May/2020:15:55:09 +0000] "Setting mode for '/var/www/engine/bin/NETWORK/tests/test_net_test.py' to 777 ..."
NOTICE clients.sftp.uploadfile(3) - [27/May/2020:15:56:11 +0000] "'/var/www/engine/bin/NETWORK/tests/test_net_test.py' matches with mode pattern '/**/*.py'"
INFO clients.sftp.uploadfile(1) - [27/May/2020:15:56:12 +0000] "Setting mode for '/var/www/engine/bin/NETWORK/tests/test_net_test.py' to 777 ..."
NOTICE clients.sftp.uploadfile(3) - [27/May/2020:15:58:05 +0000] "'/var/www/engine/bin/NETWORK/tests/test_net_test.py' matches with mode pattern '/**/*.py'"
INFO clients.sftp.uploadfile(1) - [27/May/2020:15:58:07 +0000] "Setting mode for '/var/www/engine/bin/NETWORK/tests/test_net_test.py' to 777 ..."
NOTICE clients.sftp.uploadfile(3) - [27/May/2020:15:58:56 +0000] "'/var/www/engine/bin/NETWORK/tests/test_net_test.py' matches with mode pattern '/**/*.py'"
INFO clients.sftp.uploadfile(1) - [27/May/2020:15:58:58 +0000] "Setting mode for '/var/www/engine/bin/NETWORK/tests/test_net_test.py' to 777 ..."
NOTICE clients.sftp.uploadfile(3) - [27/May/2020:16:00:56 +0000] "'/var/www/engine/bin/NETWORK/tests/test_net_test.py' matches with mode pattern '/**/*.py'"
INFO clients.sftp.uploadfile(1) - [27/May/2020:16:00:58 +0000] "Setting mode for '/var/www/engine/bin/NETWORK/tests/test_net_test.py' to 777 ..."
NOTICE clients.sftp.uploadfile(3) - [27/May/2020:16:06:23 +0000] "'/var/www/engine/bin/NETWORK/tests/test_net_test.py' matches with mode pattern '/**/*.py'"
INFO clients.sftp.uploadfile(1) - [27/May/2020:16:06:25 +0000] "Setting mode for '/var/www/engine/bin/NETWORK/tests/test_net_test.py' to 777 ..."
NOTICE clients.sftp.uploadfile(3) - [27/May/2020:16:06:44 +0000] "'/var/www/engine/bin/NETWORK/tests/test_net_test.py' matches with mode pattern '/**/*.py'"
INFO clients.sftp.uploadfile(1) - [27/May/2020:16:06:49 +0000] "Setting mode for '/var/www/engine/bin/NETWORK/tests/test_net_test.py' to 777 ..."
NOTICE clients.sftp.uploadfile(3) - [27/May/2020:16:11:53 +0000] "'/var/www/engine/bin/NETWORK/tests/test_net_test.py' matches with mode pattern '/**/*.py'"
INFO clients.sftp.uploadfile(1) - [27/May/2020:16:11:55 +0000] "Setting mode for '/var/www/engine/bin/NETWORK/tests/test_net_test.py' to 777 ..."
NOTICE clients.sftp.uploadfile(3) - [27/May/2020:16:12:31 +0000] "'/var/www/engine/bin/NETWORK/tests/test_net_test.py' matches with mode pattern '/**/*.py'"
INFO clients.sftp.uploadfile(1) - [27/May/2020:16:12:33 +0000] "Setting mode for '/var/www/engine/bin/NETWORK/tests/test_net_test.py' to 777 ..."
NOTICE clients.sftp.uploadfile(3) - [27/May/2020:16:12:48 +0000] "'/var/www/engine/bin/NETWORK/tests/test_net_test.py' matches with mode pattern '/**/*.py'"
INFO clients.sftp.uploadfile(1) - [27/May/2020:16:12:50 +0000] "Setting mode for '/var/www/engine/bin/NETWORK/tests/test_net_test.py' to 777 ..."
NOTICE clients.sftp.uploadfile(3) - [27/May/2020:16:13:06 +0000] "'/var/www/engine/bin/NETWORK/tests/test_net_test.py' matches with mode pattern '/**/*.py'"
INFO clients.sftp.uploadfile(1) - [27/May/2020:16:13:08 +0000] "Setting mode for '/var/www/engine/bin/NETWORK/tests/test_net_test.py' to 777 ..."
NOTICE clients.sftp.uploadfile(3) - [27/May/2020:16:18:28 +0000] "'/var/www/engine/bin/NETWORK/tests/test_test.py' matches with mode pattern '/**/*.py'"
INFO clients.sftp.uploadfile(1) - [27/May/2020:16:18:30 +0000] "Setting mode for '/var/www/engine/bin/NETWORK/tests/test_test.py' to 777 ..."
NOTICE clients.sftp.uploadfile(3) - [27/May/2020:16:19:40 +0000] "'/var/www/engine/bin/NETWORK/tests/test_test.py' matches with mode pattern '/**/*.py'"
INFO clients.sftp.uploadfile(1) - [27/May/2020:16:19:41 +0000] "Setting mode for '/var/www/engine/bin/NETWORK/tests/test_test.py' to 777 ..."
NOTICE clients.sftp.uploadfile(3) - [27/May/2020:16:20:01 +0000] "'/var/www/engine/bin/NETWORK/tests/test_test.py' matches with mode pattern '/**/*.py'"
INFO clients.sftp.uploadfile(1) - [27/May/2020:16:20:03 +0000] "Setting mode for '/var/www/engine/bin/NETWORK/tests/test_test.py' to 777 ..."
NOTICE clients.sftp.uploadfile(3) - [27/May/2020:16:20:49 +0000] "'/var/www/engine/bin/NETWORK/tests/test_test.py' matches with mode pattern '/**/*.py'"
INFO clients.sftp.uploadfile(1) - [27/May/2020:16:20:51 +0000] "Setting mode for '/var/www/engine/bin/NETWORK/tests/test_test.py' to 777 ..."
NOTICE clients.sftp.uploadfile(3) - [27/May/2020:16:25:04 +0000] "'/var/www/engine/bin/NETWORK/tests/test_test.py' matches with mode pattern '/**/*.py'"
INFO clients.sftp.uploadfile(1) - [27/May/2020:16:25:06 +0000] "Setting mode for '/var/www/engine/bin/NETWORK/tests/test_test.py' to 777 ..."
NOTICE clients.sftp.uploadfile(3) - [27/May/2020:16:26:41 +0000] "'/var/www/engine/bin/NETWORK/tests/test_test.py' matches with mode pattern '/**/*.py'"
INFO clients.sftp.uploadfile(1) - [27/May/2020:16:26:43 +0000] "Setting mode for '/var/www/engine/bin/NETWORK/tests/test_test.py' to 777 ..."
NOTICE clients.sftp.uploadfile(3) - [27/May/2020:16:27:11 +0000] "'/var/www/engine/bin/NETWORK/tests/test_test.py' matches with mode pattern '/**/*.py'"
INFO clients.sftp.uploadfile(1) - [27/May/2020:16:27:12 +0000] "Setting mode for '/var/www/engine/bin/NETWORK/tests/test_test.py' to 777 ..."
NOTICE clients.sftp.uploadfile(3) - [27/May/2020:16:27:56 +0000] "'/var/www/engine/bin/NETWORK/tests/test_test.py' matches with mode pattern '/**/*.py'"
INFO clients.sftp.uploadfile(1) - [27/May/2020:16:27:58 +0000] "Setting mode for '/var/www/engine/bin/NETWORK/tests/test_test.py' to 777 ..."
NOTICE clients.sftp.uploadfile(3) - [27/May/2020:16:28:29 +0000] "'/var/www/engine/bin/NETWORK/tests/test_test.py' matches with mode pattern '/**/*.py'"
INFO clients.sftp.uploadfile(1) - [27/May/2020:16:28:32 +0000] "Setting mode for '/var/www/engine/bin/NETWORK/tests/test_test.py' to 777 ..."
NOTICE clients.sftp.uploadfile(3) - [27/May/2020:16:31:29 +0000] "'/var/www/engine/bin/NETWORK/tests/test_test.py' matches with mode pattern '/**/*.py'"
INFO clients.sftp.uploadfile(1) - [27/May/2020:16:31:31 +0000] "Setting mode for '/var/www/engine/bin/NETWORK/tests/test_test.py' to 777 ..."
NOTICE clients.sftp.uploadfile(3) - [27/May/2020:16:34:09 +0000] "'/var/www/engine/bin/NETWORK/tests/test_test.py' matches with mode pattern '/**/*.py'"
INFO clients.sftp.uploadfile(1) - [27/May/2020:16:34:10 +0000] "Setting mode for '/var/www/engine/bin/NETWORK/tests/test_test.py' to 777 ..."
NOTICE clients.sftp.uploadfile(3) - [27/May/2020:16:34:45 +0000] "'/var/www/engine/bin/NETWORK/tests/test_test.py' matches with mode pattern '/**/*.py'"
INFO clients.sftp.uploadfile(1) - [27/May/2020:16:34:47 +0000] "Setting mode for '/var/www/engine/bin/NETWORK/tests/test_test.py' to 777 ..."
NOTICE clients.sftp.uploadfile(3) - [27/May/2020:16:36:54 +0000] "'/var/www/engine/bin/NETWORK/tests/test_test.py' matches with mode pattern '/**/*.py'"
INFO clients.sftp.uploadfile(1) - [27/May/2020:16:36:56 +0000] "Setting mode for '/var/www/engine/bin/NETWORK/tests/test_test.py' to 777 ..."
NOTICE clients.sftp.uploadfile(3) - [27/May/2020:16:37:59 +0000] "'/var/www/engine/bin/NETWORK/tests/test_test.py' matches with mode pattern '/**/*.py'"
INFO clients.sftp.uploadfile(1) - [27/May/2020:16:38:01 +0000] "Setting mode for '/var/www/engine/bin/NETWORK/tests/test_test.py' to 777 ..."
NOTICE clients.sftp.uploadfile(3) - [27/May/2020:16:38:19 +0000] "'/var/www/engine/bin/NETWORK/tests/test_test.py' matches with mode pattern '/**/*.py'"
INFO clients.sftp.uploadfile(1) - [27/May/2020:16:38:21 +0000] "Setting mode for '/var/www/engine/bin/NETWORK/tests/test_test.py' to 777 ..."
NOTICE clients.sftp.uploadfile(3) - [27/May/2020:17:05:43 +0000] "'/var/www/engine/bin/NETWORK/tests/test_net_test.py' matches with mode pattern '/**/*.py'"
INFO clients.sftp.uploadfile(1) - [27/May/2020:17:05:43 +0000] "Setting mode for '/var/www/engine/bin/NETWORK/tests/test_net_test.py' to 777 ..."
NOTICE clients.sftp.uploadfile(3) - [27/May/2020:17:07:10 +0000] "'/var/www/engine/bin/NETWORK/tests/test_net_test.py' matches with mode pattern '/**/*.py'"
INFO clients.sftp.uploadfile(1) - [27/May/2020:17:07:10 +0000] "Setting mode for '/var/www/engine/bin/NETWORK/tests/test_net_test.py' to 777 ..."
NOTICE clients.sftp.uploadfile(3) - [27/May/2020:17:09:43 +0000] "'/var/www/engine/bin/NETWORK/tests/test_net_test.py' matches with mode pattern '/**/*.py'"
INFO clients.sftp.uploadfile(1) - [27/May/2020:17:09:43 +0000] "Setting mode for '/var/www/engine/bin/NETWORK/tests/test_net_test.py' to 777 ..."
NOTICE clients.sftp.uploadfile(3) - [27/May/2020:17:13:01 +0000] "'/var/www/engine/bin/NETWORK/tests/test_net_test.py' matches with mode pattern '/**/*.py'"
INFO clients.sftp.uploadfile(1) - [27/May/2020:17:13:02 +0000] "Setting mode for '/var/www/engine/bin/NETWORK/tests/test_net_test.py' to 777 ..."
NOTICE clients.sftp.uploadfile(3) - [27/May/2020:17:22:45 +0000] "'/var/www/engine/bin/NETWORK/tests/test_net_test.py' matches with mode pattern '/**/*.py'"
INFO clients.sftp.uploadfile(1) - [27/May/2020:17:22:45 +0000] "Setting mode for '/var/www/engine/bin/NETWORK/tests/test_net_test.py' to 777 ..."
NOTICE clients.sftp.uploadfile(3) - [27/May/2020:18:02:55 +0000] "'/var/www/engine/bin/NETWORK/tests/test_test.py' matches with mode pattern '/**/*.py'"
INFO clients.sftp.uploadfile(1) - [27/May/2020:18:02:55 +0000] "Setting mode for '/var/www/engine/bin/NETWORK/tests/test_test.py' to 777 ..."
NOTICE clients.sftp.uploadfile(3) - [27/May/2020:18:04:12 +0000] "'/var/www/engine/bin/NETWORK/tests/test_test.py' matches with mode pattern '/**/*.py'"
INFO clients.sftp.uploadfile(1) - [27/May/2020:18:04:12 +0000] "Setting mode for '/var/www/engine/bin/NETWORK/tests/test_test.py' to 777 ..."
NOTICE clients.sftp.uploadfile(3) - [27/May/2020:18:18:14 +0000] "'/var/www/engine/bin/NETWORK/controllers/phys.py' matches with mode pattern '/**/*.py'"
INFO clients.sftp.uploadfile(1) - [27/May/2020:18:18:15 +0000] "Setting mode for '/var/www/engine/bin/NETWORK/controllers/phys.py' to 777 ..."
NOTICE clients.sftp.uploadfile(3) - [27/May/2020:18:18:22 +0000] "'/var/www/engine/bin/NETWORK/controllers/phys.py' matches with mode pattern '/**/*.py'"
INFO clients.sftp.uploadfile(1) - [27/May/2020:18:18:22 +0000] "Setting mode for '/var/www/engine/bin/NETWORK/controllers/phys.py' to 777 ..."
NOTICE clients.sftp.uploadfile(3) - [27/May/2020:18:21:21 +0000] "'/var/www/engine/bin/NETWORK/tests/test_params.py' matches with mode pattern '/**/*.py'"
INFO clients.sftp.uploadfile(1) - [27/May/2020:18:21:21 +0000] "Setting mode for '/var/www/engine/bin/NETWORK/tests/test_params.py' to 777 ..."
NOTICE clients.sftp.uploadfile(3) - [27/May/2020:18:21:50 +0000] "'/var/www/engine/bin/NETWORK/tests/test_net.py' matches with mode pattern '/**/*.py'"
INFO clients.sftp.uploadfile(1) - [27/May/2020:18:21:50 +0000] "Setting mode for '/var/www/engine/bin/NETWORK/tests/test_net.py' to 777 ..."
NOTICE clients.sftp.uploadfile(3) - [27/May/2020:18:23:05 +0000] "'/var/www/engine/bin/NETWORK/tests/test_net.py' matches with mode pattern '/**/*.py'"
INFO clients.sftp.uploadfile(1) - [27/May/2020:18:23:05 +0000] "Setting mode for '/var/www/engine/bin/NETWORK/tests/test_net.py' to 777 ..."
NOTICE clients.sftp.uploadfile(3) - [27/May/2020:18:23:54 +0000] "'/var/www/engine/bin/NETWORK/tests/test_params.py' matches with mode pattern '/**/*.py'"
INFO clients.sftp.uploadfile(1) - [27/May/2020:18:23:55 +0000] "Setting mode for '/var/www/engine/bin/NETWORK/tests/test_params.py' to 777 ..."
NOTICE clients.sftp.uploadfile(3) - [27/May/2020:18:24:33 +0000] "'/var/www/engine/bin/NETWORK/tests/test_params.py' matches with mode pattern '/**/*.py'"
INFO clients.sftp.uploadfile(1) - [27/May/2020:18:24:34 +0000] "Setting mode for '/var/www/engine/bin/NETWORK/tests/test_params.py' to 777 ..."
NOTICE clients.sftp.uploadfile(3) - [27/May/2020:18:25:36 +0000] "'/var/www/engine/bin/NETWORK/tests/test_net.py' matches with mode pattern '/**/*.py'"
INFO clients.sftp.uploadfile(1) - [27/May/2020:18:25:36 +0000] "Setting mode for '/var/www/engine/bin/NETWORK/tests/test_net.py' to 777 ..."
NOTICE clients.sftp.uploadfile(3) - [27/May/2020:18:25:47 +0000] "'/var/www/engine/bin/NETWORK/tests/test_params.py' matches with mode pattern '/**/*.py'"
INFO clients.sftp.uploadfile(1) - [27/May/2020:18:25:47 +0000] "Setting mode for '/var/www/engine/bin/NETWORK/tests/test_params.py' to 777 ..."
NOTICE clients.sftp.uploadfile(3) - [27/May/2020:18:26:13 +0000] "'/var/www/engine/bin/NETWORK/tests/test_net.py' matches with mode pattern '/**/*.py'"
INFO clients.sftp.uploadfile(1) - [27/May/2020:18:26:13 +0000] "Setting mode for '/var/www/engine/bin/NETWORK/tests/test_net.py' to 777 ..."
NOTICE clients.sftp.uploadfile(3) - [27/May/2020:18:26:37 +0000] "'/var/www/engine/bin/NETWORK/tests/test_net.py' matches with mode pattern '/**/*.py'"
INFO clients.sftp.uploadfile(1) - [27/May/2020:18:26:37 +0000] "Setting mode for '/var/www/engine/bin/NETWORK/tests/test_net.py' to 777 ..."
NOTICE clients.sftp.uploadfile(3) - [27/May/2020:18:39:35 +0000] "'/var/www/engine/bin/NETWORK/tests/test_test.py' matches with mode pattern '/**/*.py'"
INFO clients.sftp.uploadfile(1) - [27/May/2020:18:39:35 +0000] "Setting mode for '/var/www/engine/bin/NETWORK/tests/test_test.py' to 777 ..."
NOTICE clients.sftp.uploadfile(3) - [27/May/2020:18:40:19 +0000] "'/var/www/engine/bin/NETWORK/tests/test_test.py' matches with mode pattern '/**/*.py'"
INFO clients.sftp.uploadfile(1) - [27/May/2020:18:40:19 +0000] "Setting mode for '/var/www/engine/bin/NETWORK/tests/test_test.py' to 777 ..."
NOTICE clients.sftp.uploadfile(3) - [27/May/2020:18:43:03 +0000] "'/var/www/engine/bin/NETWORK/tests/test_net.py' matches with mode pattern '/**/*.py'"
INFO clients.sftp.uploadfile(1) - [27/May/2020:18:43:03 +0000] "Setting mode for '/var/www/engine/bin/NETWORK/tests/test_net.py' to 777 ..."
NOTICE clients.sftp.uploadfile(3) - [27/May/2020:18:43:35 +0000] "'/var/www/engine/bin/NETWORK/tests/test_net.py' matches with mode pattern '/**/*.py'"
INFO clients.sftp.uploadfile(1) - [27/May/2020:18:43:36 +0000] "Setting mode for '/var/www/engine/bin/NETWORK/tests/test_net.py' to 777 ..."
NOTICE clients.sftp.uploadfile(3) - [27/May/2020:18:43:54 +0000] "'/var/www/engine/bin/NETWORK/tests/test_net.py' matches with mode pattern '/**/*.py'"
INFO clients.sftp.uploadfile(1) - [27/May/2020:18:43:54 +0000] "Setting mode for '/var/www/engine/bin/NETWORK/tests/test_net.py' to 777 ..."
NOTICE clients.sftp.uploadfile(3) - [27/May/2020:22:06:36 +0000] "'/var/www/engine/bin/NETWORK/controllers/phys.py' matches with mode pattern '/**/*.py'"
INFO clients.sftp.uploadfile(1) - [27/May/2020:22:06:36 +0000] "Setting mode for '/var/www/engine/bin/NETWORK/controllers/phys.py' to 777 ..."
NOTICE clients.sftp.uploadfile(3) - [27/May/2020:22:06:44 +0000] "'/var/www/engine/bin/NETWORK/controllers/phys.py' matches with mode pattern '/**/*.py'"
INFO clients.sftp.uploadfile(1) - [27/May/2020:22:06:44 +0000] "Setting mode for '/var/www/engine/bin/NETWORK/controllers/phys.py' to 777 ..."
