INFO extension.deploy.reloaded.loadplugins - [07/Jun/2020:08:24:04 +0000] "Loaded 19 plugins:
- app
- azureblob
- batch
- compiler
- dropbox
- each
- ftp
- list
- local
- mail
- map
- prompt
- s3bucket
- script
- sftp
- slack
- switch
- test
- zip
"
INFO extension.deploy.reloaded.loadplugins - [07/Jun/2020:20:16:32 +0000] "Loaded 19 plugins:
- app
- azureblob
- batch
- compiler
- dropbox
- each
- ftp
- list
- local
- mail
- map
- prompt
- s3bucket
- script
- sftp
- slack
- switch
- test
- zip
"
