User belongs to experiment group 'ShowPlayIcon - start'
User belongs to experiment group 'DebugAdapterFactory - experiment'
User belongs to experiment group 'PtvsdWheels37 - experiment'
User belongs to experiment group 'UseTerminalToGetActivatedEnvVars - control'
User belongs to experiment group 'LocalZMQKernel - control'
User belongs to experiment group 'NativeNotebook - control'
User belongs to experiment group 'CollectLSRequestTiming - control'
User belongs to experiment group 'CollectNodeLSRequestTiming - experiment'
User belongs to experiment group 'EnableIPyWidgets - experiment'
User belongs to experiment group 'RunByLine - control'
User belongs to experiment group 'CustomEditorSupport - control'
> conda --version
> pyenv root
> python3.7 ~/.vscode/extensions/ms-python.python-2020.5.86806/pythonFiles/pyvsc-run-isolated.py -c "import sys;print(sys.executable)"
> python3.6 ~/.vscode/extensions/ms-python.python-2020.5.86806/pythonFiles/pyvsc-run-isolated.py -c "import sys;print(sys.executable)"
> python3 ~/.vscode/extensions/ms-python.python-2020.5.86806/pythonFiles/pyvsc-run-isolated.py -c "import sys;print(sys.executable)"
> python2 ~/.vscode/extensions/ms-python.python-2020.5.86806/pythonFiles/pyvsc-run-isolated.py -c "import sys;print(sys.executable)"
> python ~/.vscode/extensions/ms-python.python-2020.5.86806/pythonFiles/pyvsc-run-isolated.py -c "import sys;print(sys.executable)"
> /usr/bin/python3 ~/.vscode/extensions/ms-python.python-2020.5.86806/pythonFiles/pyvsc-run-isolated.py -c "import sys;print(sys.executable)"
> conda info --json
> /usr/bin/python3 ~/.vscode/extensions/ms-python.python-2020.5.86806/pythonFiles/pyvsc-run-isolated.py -c "import jupyter"
> /usr/bin/python3 ~/.vscode/extensions/ms-python.python-2020.5.86806/pythonFiles/pyvsc-run-isolated.py -c "import jupyter"
> /usr/bin/python3 ~/.vscode/extensions/ms-python.python-2020.5.86806/pythonFiles/pyvsc-run-isolated.py -c "import notebook"
> /usr/bin/python3 ~/.vscode/extensions/ms-python.python-2020.5.86806/pythonFiles/pyvsc-run-isolated.py -c "import notebook"
Starting Jedi Python language engine.
Python interpreter path: /usr/bin/python3
> /usr/bin/python3 ~/.vscode/extensions/ms-python.python-2020.5.86806/pythonFiles/pyvsc-run-isolated.py -c "import sys;print(sys.executable)"
> /usr/bin/python3 ~/.vscode/extensions/ms-python.python-2020.5.86806/pythonFiles/pyvsc-run-isolated.py -c "import sys;print(sys.prefix)"
cwd: ~/Documents/aerodisk/engine2
> /usr/bin/python3 ~/.vscode/extensions/ms-python.python-2020.5.86806/pythonFiles/pyvsc-run-isolated.py -c "import sys;print(sys.prefix)"
cwd: ~/Documents/aerodisk/engine2
> /usr/bin/python3 ~/.vscode/extensions/ms-python.python-2020.5.86806/pythonFiles/pyvsc-run-isolated.py -c "import sys;print(sys.executable)"
cwd: ~/Documents/aerodisk/engine2
> /usr/bin/python3 ~/.vscode/extensions/ms-python.python-2020.5.86806/pythonFiles/pyvsc-run-isolated.py -c "import sys;print(sys.executable)"
cwd: ~/Documents/aerodisk/engine2
> /usr/bin/python3 ~/.vscode/extensions/ms-python.python-2020.5.86806/pythonFiles/pyvsc-run-isolated.py -c "from distutils.sysconfig import get_python_lib; print(get_python_lib())"
cwd: ~/Documents/aerodisk/engine2
> /usr/bin/python3 ~/.vscode/extensions/ms-python.python-2020.5.86806/pythonFiles/pyvsc-run-isolated.py -c "from distutils.sysconfig import get_python_lib; print(get_python_lib())"
cwd: ~/Documents/aerodisk/engine2
> /usr/bin/python3 ~/.vscode/extensions/ms-python.python-2020.5.86806/pythonFiles/pyvsc-run-isolated.py site --user-site
cwd: ~/Documents/aerodisk/engine2
> /usr/bin/python3 ~/.vscode/extensions/ms-python.python-2020.5.86806/pythonFiles/pyvsc-run-isolated.py site --user-site
cwd: ~/Documents/aerodisk/engine2
> /usr/bin/python3 ~/.vscode/extensions/ms-python.python-2020.5.86806/pythonFiles/pyvsc-run-isolated.py flake8 --format=%(row)d,%(col)d,%(code).1s,%(code)s:%(text)s ~/Documents/aerodisk/engine2/bin/NETWORK/controllers/phys.py
cwd: ~/Documents/aerodisk/engine2
> /usr/bin/python3 ~/.vscode/extensions/ms-python.python-2020.5.86806/pythonFiles/pyvsc-run-isolated.py flake8 --format=%(row)d,%(col)d,%(code).1s,%(code)s:%(text)s ~/Documents/aerodisk/engine2/bin/NETWORK/controllers/phys.py
cwd: ~/Documents/aerodisk/engine2
> conda --version
> /usr/bin/python3 ~/.vscode/extensions/ms-python.python-2020.5.86806/pythonFiles/pyvsc-run-isolated.py -c "import sys;print(sys.executable)"
> /usr/bin/python3 ~/.vscode/extensions/ms-python.python-2020.5.86806/pythonFiles/pyvsc-run-isolated.py ~/.vscode/extensions/ms-python.python-2020.5.86806/pythonFiles/completion.py
> /usr/bin/python3 ~/.vscode/extensions/ms-python.python-2020.5.86806/pythonFiles/pyvsc-run-isolated.py ~/.vscode/extensions/ms-python.python-2020.5.86806/pythonFiles/completion.py
##########Linting Output - flake8##########
10,80,E,E501:line too long (94 > 79 characters)
22,13,E,E722:do not use bare 'except'
49,80,E,E501:line too long (83 > 79 characters)
51,80,E,E501:line too long (101 > 79 characters)
53,80,E,E501:line too long (86 > 79 characters)
54,80,E,E501:line too long (121 > 79 characters)
57,80,E,E501:line too long (80 > 79 characters)
65,80,E,E501:line too long (162 > 79 characters)
66,80,E,E501:line too long (82 > 79 characters)
68,80,E,E501:line too long (189 > 79 characters)
69,80,E,E501:line too long (125 > 79 characters)
72,80,E,E501:line too long (112 > 79 characters)
75,5,E,E722:do not use bare 'except'
76,80,E,E501:line too long (113 > 79 characters)
102,80,E,E501:line too long (83 > 79 characters)
104,80,E,E501:line too long (82 > 79 characters)
105,80,E,E501:line too long (148 > 79 characters)
106,80,E,E501:line too long (89 > 79 characters)
109,5,E,E722:do not use bare 'except'
110,80,E,E501:line too long (103 > 79 characters)
115,53,W,W291:trailing whitespace
117,13,W,W291:trailing whitespace
121,80,E,E501:line too long (138 > 79 characters)
133,80,E,E501:line too long (83 > 79 characters)
148,80,E,E501:line too long (99 > 79 characters)
148,100,W,W291:trailing whitespace
149,80,E,E501:line too long (89 > 79 characters)
149,90,W,W291:trailing whitespace
162,80,E,E501:line too long (80 > 79 characters)
163,50,W,W291:trailing whitespace
171,31,W,W291:trailing whitespace
182,80,E,E501:line too long (268 > 79 characters)
189,80,E,E501:line too long (307 > 79 characters)
204,80,E,E501:line too long (88 > 79 characters)
214,19,W,W291:trailing whitespace
230,10,W,W291:trailing whitespace
234,1,E,E122:continuation line missing indentation or outdented
234,20,E,E999:SyntaxError: EOL while scanning string literal
> /usr/bin/python3 ~/.vscode/extensions/ms-python.python-2020.5.86806/pythonFiles/pyvsc-run-isolated.py -c "import sys;print(sys.executable)"
> /usr/bin/python3 ~/.vscode/extensions/ms-python.python-2020.5.86806/pythonFiles/pyvsc-run-isolated.py -c "import sys;print(sys.executable)"
> /usr/bin/python3 ~/.vscode/extensions/ms-python.python-2020.5.86806/pythonFiles/pyvsc-run-isolated.py -c "import sys;print(sys.executable)"
> /usr/bin/python3 ~/.vscode/extensions/ms-python.python-2020.5.86806/pythonFiles/pyvsc-run-isolated.py -c "import sys;print(sys.executable)"
> /usr/bin/python3 ~/.vscode/extensions/ms-python.python-2020.5.86806/pythonFiles/pyvsc-run-isolated.py -c "import sys;print(sys.executable)"
> /usr/bin/python3 ~/.vscode/extensions/ms-python.python-2020.5.86806/pythonFiles/pyvsc-run-isolated.py flake8 --format=%(row)d,%(col)d,%(code).1s,%(code)s:%(text)s ~/Documents/aerodisk/engine2/bin/NETWORK/controllers/phys.py
cwd: ~/Documents/aerodisk/engine2
> /usr/bin/python3 ~/.vscode/extensions/ms-python.python-2020.5.86806/pythonFiles/pyvsc-run-isolated.py flake8 --format=%(row)d,%(col)d,%(code).1s,%(code)s:%(text)s ~/Documents/aerodisk/engine2/bin/NETWORK/controllers/phys.py
cwd: ~/Documents/aerodisk/engine2
> /usr/bin/python3 ~/.vscode/extensions/ms-python.python-2020.5.86806/pythonFiles/pyvsc-run-isolated.py -c "import sys;print(sys.executable)"
##########Linting Output - flake8##########
10,1,F,F811:redefinition of unused 'AeroResponse' from line 8
10,1,F,F811:redefinition of unused 'writeLog' from line 8
10,1,F,F811:redefinition of unused 'python_logger' from line 8
10,80,E,E501:line too long (94 > 79 characters)
22,13,E,E722:do not use bare 'except'
49,80,E,E501:line too long (83 > 79 characters)
51,80,E,E501:line too long (101 > 79 characters)
53,80,E,E501:line too long (86 > 79 characters)
54,80,E,E501:line too long (121 > 79 characters)
57,80,E,E501:line too long (80 > 79 characters)
65,80,E,E501:line too long (162 > 79 characters)
66,80,E,E501:line too long (82 > 79 characters)
68,80,E,E501:line too long (189 > 79 characters)
68,85,F,F524:'...'.format(...) is missing argument(s) for placeholder(s): 4
69,80,E,E501:line too long (125 > 79 characters)
72,80,E,E501:line too long (112 > 79 characters)
75,5,E,E722:do not use bare 'except'
76,80,E,E501:line too long (113 > 79 characters)
102,80,E,E501:line too long (83 > 79 characters)
104,80,E,E501:line too long (82 > 79 characters)
105,80,E,E501:line too long (148 > 79 characters)
105,108,F,F821:undefined name 'NETWORK_UBUNTU_PATH'
106,80,E,E501:line too long (89 > 79 characters)
109,5,E,E722:do not use bare 'except'
110,80,E,E501:line too long (103 > 79 characters)
115,53,W,W291:trailing whitespace
117,13,W,W291:trailing whitespace
121,80,E,E501:line too long (138 > 79 characters)
133,80,E,E501:line too long (83 > 79 characters)
148,80,E,E501:line too long (99 > 79 characters)
148,100,W,W291:trailing whitespace
149,80,E,E501:line too long (89 > 79 characters)
149,90,W,W291:trailing whitespace
162,80,E,E501:line too long (80 > 79 characters)
163,50,W,W291:trailing whitespace
171,31,W,W291:trailing whitespace
182,80,E,E501:line too long (268 > 79 characters)
189,80,E,E501:line too long (307 > 79 characters)
204,80,E,E501:line too long (88 > 79 characters)
214,19,W,W291:trailing whitespace
230,10,W,W291:trailing whitespace
> /usr/bin/python3 ~/.vscode/extensions/ms-python.python-2020.5.86806/pythonFiles/pyvsc-run-isolated.py flake8 --format=%(row)d,%(col)d,%(code).1s,%(code)s:%(text)s ~/Documents/aerodisk/engine2/bin/NETWORK/controllers/phys.py
cwd: ~/Documents/aerodisk/engine2
> /usr/bin/python3 ~/.vscode/extensions/ms-python.python-2020.5.86806/pythonFiles/pyvsc-run-isolated.py flake8 --format=%(row)d,%(col)d,%(code).1s,%(code)s:%(text)s ~/Documents/aerodisk/engine2/bin/NETWORK/controllers/phys.py
cwd: ~/Documents/aerodisk/engine2
> /usr/bin/python3 ~/.vscode/extensions/ms-python.python-2020.5.86806/pythonFiles/pyvsc-run-isolated.py -c "import sys;print(sys.executable)"
##########Linting Output - flake8##########
10,1,F,F811:redefinition of unused 'AeroResponse' from line 8
10,1,F,F811:redefinition of unused 'writeLog' from line 8
10,1,F,F811:redefinition of unused 'python_logger' from line 8
10,80,E,E501:line too long (94 > 79 characters)
22,13,E,E722:do not use bare 'except'
49,80,E,E501:line too long (83 > 79 characters)
51,80,E,E501:line too long (101 > 79 characters)
53,80,E,E501:line too long (86 > 79 characters)
54,80,E,E501:line too long (121 > 79 characters)
57,80,E,E501:line too long (80 > 79 characters)
65,80,E,E501:line too long (162 > 79 characters)
66,80,E,E501:line too long (82 > 79 characters)
68,80,E,E501:line too long (189 > 79 characters)
68,85,F,F524:'...'.format(...) is missing argument(s) for placeholder(s): 4
69,80,E,E501:line too long (125 > 79 characters)
72,80,E,E501:line too long (112 > 79 characters)
75,5,E,E722:do not use bare 'except'
76,80,E,E501:line too long (113 > 79 characters)
102,80,E,E501:line too long (83 > 79 characters)
104,80,E,E501:line too long (82 > 79 characters)
105,80,E,E501:line too long (148 > 79 characters)
105,108,F,F821:undefined name 'NETWORK_UBUNTU_PATH'
106,80,E,E501:line too long (89 > 79 characters)
109,5,E,E722:do not use bare 'except'
110,80,E,E501:line too long (103 > 79 characters)
115,53,W,W291:trailing whitespace
117,13,W,W291:trailing whitespace
121,80,E,E501:line too long (138 > 79 characters)
133,80,E,E501:line too long (83 > 79 characters)
148,80,E,E501:line too long (99 > 79 characters)
148,100,W,W291:trailing whitespace
149,80,E,E501:line too long (89 > 79 characters)
149,90,W,W291:trailing whitespace
162,80,E,E501:line too long (80 > 79 characters)
163,50,W,W291:trailing whitespace
171,31,W,W291:trailing whitespace
182,80,E,E501:line too long (268 > 79 characters)
189,80,E,E501:line too long (307 > 79 characters)
204,80,E,E501:line too long (88 > 79 characters)
214,19,W,W291:trailing whitespace
230,10,W,W291:trailing whitespace
> /usr/bin/python3 ~/.vscode/extensions/ms-python.python-2020.5.86806/pythonFiles/pyvsc-run-isolated.py -c "import sys;print(sys.executable)"
> /usr/bin/python3 ~/.vscode/extensions/ms-python.python-2020.5.86806/pythonFiles/pyvsc-run-isolated.py -c "import sys;print(sys.executable)"
> /usr/bin/python3 ~/.vscode/extensions/ms-python.python-2020.5.86806/pythonFiles/pyvsc-run-isolated.py -c "import sys;print(sys.executable)"
> /usr/bin/python3 ~/.vscode/extensions/ms-python.python-2020.5.86806/pythonFiles/pyvsc-run-isolated.py -c "import sys;print(sys.executable)"
> /usr/bin/python3 ~/.vscode/extensions/ms-python.python-2020.5.86806/pythonFiles/pyvsc-run-isolated.py -c "import sys;print(sys.executable)"
> /usr/bin/python3 ~/.vscode/extensions/ms-python.python-2020.5.86806/pythonFiles/pyvsc-run-isolated.py -c "import sys;print(sys.executable)"
> /usr/bin/python3 ~/.vscode/extensions/ms-python.python-2020.5.86806/pythonFiles/pyvsc-run-isolated.py flake8 --format=%(row)d,%(col)d,%(code).1s,%(code)s:%(text)s ~/Documents/aerodisk/engine2/bin/NETWORK/controllers/phys.py
cwd: ~/Documents/aerodisk/engine2
> /usr/bin/python3 ~/.vscode/extensions/ms-python.python-2020.5.86806/pythonFiles/pyvsc-run-isolated.py flake8 --format=%(row)d,%(col)d,%(code).1s,%(code)s:%(text)s ~/Documents/aerodisk/engine2/bin/NETWORK/controllers/phys.py
cwd: ~/Documents/aerodisk/engine2
> /usr/bin/python3 ~/.vscode/extensions/ms-python.python-2020.5.86806/pythonFiles/pyvsc-run-isolated.py -c "import sys;print(sys.executable)"
##########Linting Output - flake8##########
10,1,F,F811:redefinition of unused 'AeroResponse' from line 8
10,1,F,F811:redefinition of unused 'writeLog' from line 8
10,1,F,F811:redefinition of unused 'python_logger' from line 8
10,80,E,E501:line too long (94 > 79 characters)
22,13,E,E722:do not use bare 'except'
49,80,E,E501:line too long (83 > 79 characters)
51,80,E,E501:line too long (101 > 79 characters)
53,80,E,E501:line too long (86 > 79 characters)
54,80,E,E501:line too long (121 > 79 characters)
57,80,E,E501:line too long (80 > 79 characters)
65,80,E,E501:line too long (162 > 79 characters)
66,80,E,E501:line too long (82 > 79 characters)
68,80,E,E501:line too long (189 > 79 characters)
68,85,F,F524:'...'.format(...) is missing argument(s) for placeholder(s): 4
69,80,E,E501:line too long (125 > 79 characters)
72,80,E,E501:line too long (112 > 79 characters)
75,5,E,E722:do not use bare 'except'
76,80,E,E501:line too long (113 > 79 characters)
102,80,E,E501:line too long (83 > 79 characters)
104,80,E,E501:line too long (82 > 79 characters)
105,80,E,E501:line too long (148 > 79 characters)
105,108,F,F821:undefined name 'NETWORK_UBUNTU_PATH'
106,80,E,E501:line too long (89 > 79 characters)
109,5,E,E722:do not use bare 'except'
110,80,E,E501:line too long (103 > 79 characters)
115,53,W,W291:trailing whitespace
117,13,W,W291:trailing whitespace
121,80,E,E501:line too long (138 > 79 characters)
133,80,E,E501:line too long (83 > 79 characters)
148,80,E,E501:line too long (99 > 79 characters)
148,100,W,W291:trailing whitespace
149,80,E,E501:line too long (89 > 79 characters)
149,90,W,W291:trailing whitespace
162,80,E,E501:line too long (80 > 79 characters)
163,50,W,W291:trailing whitespace
171,31,W,W291:trailing whitespace
182,80,E,E501:line too long (268 > 79 characters)
189,80,E,E501:line too long (307 > 79 characters)
204,80,E,E501:line too long (88 > 79 characters)
214,19,W,W291:trailing whitespace
230,10,W,W291:trailing whitespace
> /usr/bin/python3 ~/.vscode/extensions/ms-python.python-2020.5.86806/pythonFiles/pyvsc-run-isolated.py -c "import sys;print(sys.executable)"
> /usr/bin/python3 ~/.vscode/extensions/ms-python.python-2020.5.86806/pythonFiles/pyvsc-run-isolated.py -c "import sys;print(sys.executable)"
> /usr/bin/python3 ~/.vscode/extensions/ms-python.python-2020.5.86806/pythonFiles/pyvsc-run-isolated.py flake8 --format=%(row)d,%(col)d,%(code).1s,%(code)s:%(text)s ~/Documents/aerodisk/engine2/bin/NETWORK/controllers/phys.py
cwd: ~/Documents/aerodisk/engine2
> /usr/bin/python3 ~/.vscode/extensions/ms-python.python-2020.5.86806/pythonFiles/pyvsc-run-isolated.py flake8 --format=%(row)d,%(col)d,%(code).1s,%(code)s:%(text)s ~/Documents/aerodisk/engine2/bin/NETWORK/controllers/phys.py
cwd: ~/Documents/aerodisk/engine2
> /usr/bin/python3 ~/.vscode/extensions/ms-python.python-2020.5.86806/pythonFiles/pyvsc-run-isolated.py -c "import sys;print(sys.executable)"
##########Linting Output - flake8##########
10,1,F,F811:redefinition of unused 'AeroResponse' from line 8
10,1,F,F811:redefinition of unused 'writeLog' from line 8
10,1,F,F811:redefinition of unused 'python_logger' from line 8
10,80,E,E501:line too long (94 > 79 characters)
22,13,E,E722:do not use bare 'except'
49,80,E,E501:line too long (83 > 79 characters)
51,80,E,E501:line too long (101 > 79 characters)
53,80,E,E501:line too long (86 > 79 characters)
54,80,E,E501:line too long (121 > 79 characters)
57,80,E,E501:line too long (80 > 79 characters)
65,80,E,E501:line too long (162 > 79 characters)
66,80,E,E501:line too long (82 > 79 characters)
68,80,E,E501:line too long (189 > 79 characters)
68,85,F,F524:'...'.format(...) is missing argument(s) for placeholder(s): 4
69,80,E,E501:line too long (125 > 79 characters)
72,80,E,E501:line too long (112 > 79 characters)
75,5,E,E722:do not use bare 'except'
76,80,E,E501:line too long (113 > 79 characters)
102,80,E,E501:line too long (83 > 79 characters)
104,80,E,E501:line too long (82 > 79 characters)
105,80,E,E501:line too long (148 > 79 characters)
105,108,F,F821:undefined name 'NETWORK_UBUNTU_PATH'
106,80,E,E501:line too long (89 > 79 characters)
109,5,E,E722:do not use bare 'except'
110,80,E,E501:line too long (103 > 79 characters)
115,53,W,W291:trailing whitespace
117,13,W,W291:trailing whitespace
121,80,E,E501:line too long (138 > 79 characters)
133,80,E,E501:line too long (83 > 79 characters)
148,80,E,E501:line too long (99 > 79 characters)
148,100,W,W291:trailing whitespace
149,80,E,E501:line too long (89 > 79 characters)
149,90,W,W291:trailing whitespace
162,80,E,E501:line too long (80 > 79 characters)
163,50,W,W291:trailing whitespace
171,31,W,W291:trailing whitespace
182,80,E,E501:line too long (268 > 79 characters)
189,80,E,E501:line too long (307 > 79 characters)
204,80,E,E501:line too long (88 > 79 characters)
214,19,W,W291:trailing whitespace
230,10,W,W291:trailing whitespace
> /usr/bin/python3 ~/.vscode/extensions/ms-python.python-2020.5.86806/pythonFiles/pyvsc-run-isolated.py -c "import sys;print(sys.executable)"
> /usr/bin/python3 ~/.vscode/extensions/ms-python.python-2020.5.86806/pythonFiles/pyvsc-run-isolated.py -c "import sys;print(sys.executable)"
> /usr/bin/python3 ~/.vscode/extensions/ms-python.python-2020.5.86806/pythonFiles/pyvsc-run-isolated.py -c "import sys;print(sys.executable)"
> /usr/bin/python3 ~/.vscode/extensions/ms-python.python-2020.5.86806/pythonFiles/pyvsc-run-isolated.py flake8 --format=%(row)d,%(col)d,%(code).1s,%(code)s:%(text)s ~/Documents/aerodisk/engine2/bin/NETWORK/controllers/phys.py
cwd: ~/Documents/aerodisk/engine2
> /usr/bin/python3 ~/.vscode/extensions/ms-python.python-2020.5.86806/pythonFiles/pyvsc-run-isolated.py flake8 --format=%(row)d,%(col)d,%(code).1s,%(code)s:%(text)s ~/Documents/aerodisk/engine2/bin/NETWORK/controllers/phys.py
cwd: ~/Documents/aerodisk/engine2
> /usr/bin/python3 ~/.vscode/extensions/ms-python.python-2020.5.86806/pythonFiles/pyvsc-run-isolated.py -c "import sys;print(sys.executable)"
##########Linting Output - flake8##########
10,1,F,F811:redefinition of unused 'AeroResponse' from line 8
10,1,F,F811:redefinition of unused 'writeLog' from line 8
10,1,F,F811:redefinition of unused 'python_logger' from line 8
10,80,E,E501:line too long (94 > 79 characters)
22,13,E,E722:do not use bare 'except'
49,80,E,E501:line too long (83 > 79 characters)
51,80,E,E501:line too long (101 > 79 characters)
53,80,E,E501:line too long (86 > 79 characters)
54,80,E,E501:line too long (121 > 79 characters)
57,80,E,E501:line too long (80 > 79 characters)
65,80,E,E501:line too long (162 > 79 characters)
66,80,E,E501:line too long (82 > 79 characters)
68,80,E,E501:line too long (189 > 79 characters)
68,85,F,F524:'...'.format(...) is missing argument(s) for placeholder(s): 4
69,80,E,E501:line too long (125 > 79 characters)
72,80,E,E501:line too long (112 > 79 characters)
75,5,E,E722:do not use bare 'except'
76,80,E,E501:line too long (113 > 79 characters)
102,80,E,E501:line too long (83 > 79 characters)
104,80,E,E501:line too long (82 > 79 characters)
105,80,E,E501:line too long (148 > 79 characters)
105,108,F,F821:undefined name 'NETWORK_UBUNTU_PATH'
106,80,E,E501:line too long (89 > 79 characters)
109,5,E,E722:do not use bare 'except'
110,80,E,E501:line too long (103 > 79 characters)
115,53,W,W291:trailing whitespace
117,13,W,W291:trailing whitespace
121,80,E,E501:line too long (138 > 79 characters)
133,80,E,E501:line too long (83 > 79 characters)
148,80,E,E501:line too long (99 > 79 characters)
148,100,W,W291:trailing whitespace
149,80,E,E501:line too long (89 > 79 characters)
149,90,W,W291:trailing whitespace
162,80,E,E501:line too long (80 > 79 characters)
163,50,W,W291:trailing whitespace
171,31,W,W291:trailing whitespace
182,80,E,E501:line too long (268 > 79 characters)
189,80,E,E501:line too long (307 > 79 characters)
204,80,E,E501:line too long (88 > 79 characters)
214,19,W,W291:trailing whitespace
230,10,W,W291:trailing whitespace
> /usr/bin/python3 ~/.vscode/extensions/ms-python.python-2020.5.86806/pythonFiles/pyvsc-run-isolated.py flake8 --format=%(row)d,%(col)d,%(code).1s,%(code)s:%(text)s ~/Documents/aerodisk/engine2/bin/NETWORK/controllers/phys.py
cwd: ~/Documents/aerodisk/engine2
> /usr/bin/python3 ~/.vscode/extensions/ms-python.python-2020.5.86806/pythonFiles/pyvsc-run-isolated.py flake8 --format=%(row)d,%(col)d,%(code).1s,%(code)s:%(text)s ~/Documents/aerodisk/engine2/bin/NETWORK/controllers/phys.py
cwd: ~/Documents/aerodisk/engine2
> /usr/bin/python3 ~/.vscode/extensions/ms-python.python-2020.5.86806/pythonFiles/pyvsc-run-isolated.py -c "import sys;print(sys.executable)"
##########Linting Output - flake8##########
10,1,F,F811:redefinition of unused 'AeroResponse' from line 8
10,1,F,F811:redefinition of unused 'writeLog' from line 8
10,1,F,F811:redefinition of unused 'python_logger' from line 8
10,80,E,E501:line too long (94 > 79 characters)
22,13,E,E722:do not use bare 'except'
49,80,E,E501:line too long (83 > 79 characters)
51,80,E,E501:line too long (101 > 79 characters)
53,80,E,E501:line too long (86 > 79 characters)
54,80,E,E501:line too long (121 > 79 characters)
57,80,E,E501:line too long (80 > 79 characters)
65,80,E,E501:line too long (162 > 79 characters)
66,80,E,E501:line too long (82 > 79 characters)
68,80,E,E501:line too long (189 > 79 characters)
68,85,F,F524:'...'.format(...) is missing argument(s) for placeholder(s): 4
69,80,E,E501:line too long (125 > 79 characters)
72,80,E,E501:line too long (112 > 79 characters)
75,5,E,E722:do not use bare 'except'
76,80,E,E501:line too long (113 > 79 characters)
102,80,E,E501:line too long (83 > 79 characters)
104,80,E,E501:line too long (82 > 79 characters)
105,80,E,E501:line too long (148 > 79 characters)
105,108,F,F821:undefined name 'NETWORK_UBUNTU_PATH'
106,80,E,E501:line too long (89 > 79 characters)
109,5,E,E722:do not use bare 'except'
110,80,E,E501:line too long (103 > 79 characters)
115,53,W,W291:trailing whitespace
117,13,W,W291:trailing whitespace
121,80,E,E501:line too long (138 > 79 characters)
133,80,E,E501:line too long (83 > 79 characters)
148,80,E,E501:line too long (99 > 79 characters)
148,100,W,W291:trailing whitespace
149,80,E,E501:line too long (89 > 79 characters)
149,90,W,W291:trailing whitespace
162,80,E,E501:line too long (80 > 79 characters)
163,50,W,W291:trailing whitespace
171,31,W,W291:trailing whitespace
182,80,E,E501:line too long (268 > 79 characters)
189,80,E,E501:line too long (307 > 79 characters)
204,80,E,E501:line too long (88 > 79 characters)
214,19,W,W291:trailing whitespace
230,10,W,W291:trailing whitespace
> /usr/bin/python3 ~/.vscode/extensions/ms-python.python-2020.5.86806/pythonFiles/pyvsc-run-isolated.py flake8 --format=%(row)d,%(col)d,%(code).1s,%(code)s:%(text)s ~/Documents/aerodisk/engine2/bin/NETWORK/controllers/phys.py
cwd: ~/Documents/aerodisk/engine2
> /usr/bin/python3 ~/.vscode/extensions/ms-python.python-2020.5.86806/pythonFiles/pyvsc-run-isolated.py flake8 --format=%(row)d,%(col)d,%(code).1s,%(code)s:%(text)s ~/Documents/aerodisk/engine2/bin/NETWORK/controllers/phys.py
cwd: ~/Documents/aerodisk/engine2
> /usr/bin/python3 ~/.vscode/extensions/ms-python.python-2020.5.86806/pythonFiles/pyvsc-run-isolated.py -c "import sys;print(sys.executable)"
##########Linting Output - flake8##########
10,1,F,F811:redefinition of unused 'AeroResponse' from line 8
10,1,F,F811:redefinition of unused 'writeLog' from line 8
10,1,F,F811:redefinition of unused 'python_logger' from line 8
10,80,E,E501:line too long (94 > 79 characters)
22,13,E,E722:do not use bare 'except'
49,80,E,E501:line too long (83 > 79 characters)
51,80,E,E501:line too long (101 > 79 characters)
53,80,E,E501:line too long (86 > 79 characters)
54,80,E,E501:line too long (121 > 79 characters)
57,80,E,E501:line too long (80 > 79 characters)
65,80,E,E501:line too long (162 > 79 characters)
66,80,E,E501:line too long (82 > 79 characters)
68,80,E,E501:line too long (189 > 79 characters)
68,85,F,F524:'...'.format(...) is missing argument(s) for placeholder(s): 4
69,80,E,E501:line too long (125 > 79 characters)
72,80,E,E501:line too long (112 > 79 characters)
75,5,E,E722:do not use bare 'except'
76,80,E,E501:line too long (113 > 79 characters)
102,80,E,E501:line too long (83 > 79 characters)
104,80,E,E501:line too long (82 > 79 characters)
105,80,E,E501:line too long (148 > 79 characters)
105,108,F,F821:undefined name 'NETWORK_UBUNTU_PATH'
106,80,E,E501:line too long (89 > 79 characters)
109,5,E,E722:do not use bare 'except'
110,80,E,E501:line too long (103 > 79 characters)
115,53,W,W291:trailing whitespace
117,13,W,W291:trailing whitespace
121,80,E,E501:line too long (138 > 79 characters)
133,80,E,E501:line too long (83 > 79 characters)
148,80,E,E501:line too long (99 > 79 characters)
148,100,W,W291:trailing whitespace
149,80,E,E501:line too long (89 > 79 characters)
149,90,W,W291:trailing whitespace
162,80,E,E501:line too long (80 > 79 characters)
163,50,W,W291:trailing whitespace
171,31,W,W291:trailing whitespace
182,80,E,E501:line too long (268 > 79 characters)
189,80,E,E501:line too long (307 > 79 characters)
204,80,E,E501:line too long (88 > 79 characters)
214,19,W,W291:trailing whitespace
230,10,W,W291:trailing whitespace
> /usr/bin/python3 ~/.vscode/extensions/ms-python.python-2020.5.86806/pythonFiles/pyvsc-run-isolated.py -c "import sys;print(sys.executable)"
> /usr/bin/python3 ~/.vscode/extensions/ms-python.python-2020.5.86806/pythonFiles/pyvsc-run-isolated.py flake8 --format=%(row)d,%(col)d,%(code).1s,%(code)s:%(text)s ~/Documents/aerodisk/engine2/bin/NETWORK/controllers/phys.py
cwd: ~/Documents/aerodisk/engine2
> /usr/bin/python3 ~/.vscode/extensions/ms-python.python-2020.5.86806/pythonFiles/pyvsc-run-isolated.py flake8 --format=%(row)d,%(col)d,%(code).1s,%(code)s:%(text)s ~/Documents/aerodisk/engine2/bin/NETWORK/controllers/phys.py
cwd: ~/Documents/aerodisk/engine2
> /usr/bin/python3 ~/.vscode/extensions/ms-python.python-2020.5.86806/pythonFiles/pyvsc-run-isolated.py -c "import sys;print(sys.executable)"
##########Linting Output - flake8##########
10,1,F,F811:redefinition of unused 'AeroResponse' from line 8
10,1,F,F811:redefinition of unused 'writeLog' from line 8
10,1,F,F811:redefinition of unused 'python_logger' from line 8
10,80,E,E501:line too long (94 > 79 characters)
22,13,E,E722:do not use bare 'except'
49,80,E,E501:line too long (83 > 79 characters)
51,80,E,E501:line too long (101 > 79 characters)
53,80,E,E501:line too long (86 > 79 characters)
54,80,E,E501:line too long (121 > 79 characters)
57,80,E,E501:line too long (80 > 79 characters)
65,80,E,E501:line too long (162 > 79 characters)
66,80,E,E501:line too long (82 > 79 characters)
68,80,E,E501:line too long (189 > 79 characters)
68,85,F,F524:'...'.format(...) is missing argument(s) for placeholder(s): 4
69,80,E,E501:line too long (125 > 79 characters)
72,80,E,E501:line too long (112 > 79 characters)
75,5,E,E722:do not use bare 'except'
76,80,E,E501:line too long (113 > 79 characters)
102,80,E,E501:line too long (83 > 79 characters)
104,80,E,E501:line too long (82 > 79 characters)
105,80,E,E501:line too long (148 > 79 characters)
105,108,F,F821:undefined name 'NETWORK_UBUNTU_PATH'
106,80,E,E501:line too long (89 > 79 characters)
109,5,E,E722:do not use bare 'except'
110,80,E,E501:line too long (103 > 79 characters)
115,53,W,W291:trailing whitespace
117,13,W,W291:trailing whitespace
121,80,E,E501:line too long (138 > 79 characters)
133,80,E,E501:line too long (83 > 79 characters)
148,80,E,E501:line too long (99 > 79 characters)
148,100,W,W291:trailing whitespace
149,80,E,E501:line too long (89 > 79 characters)
149,90,W,W291:trailing whitespace
162,80,E,E501:line too long (80 > 79 characters)
163,50,W,W291:trailing whitespace
171,31,W,W291:trailing whitespace
182,80,E,E501:line too long (268 > 79 characters)
189,80,E,E501:line too long (307 > 79 characters)
204,80,E,E501:line too long (88 > 79 characters)
214,19,W,W291:trailing whitespace
230,10,W,W291:trailing whitespace
> /usr/bin/python3 ~/.vscode/extensions/ms-python.python-2020.5.86806/pythonFiles/pyvsc-run-isolated.py -c "import sys;print(sys.executable)"
