User belongs to experiment group 'ShowPlayIcon - start'
User belongs to experiment group 'DebugAdapterFactory - experiment'
User belongs to experiment group 'PtvsdWheels37 - experiment'
User belongs to experiment group 'UseTerminalToGetActivatedEnvVars - control'
User belongs to experiment group 'LocalZMQKernel - control'
User belongs to experiment group 'NativeNotebook - control'
User belongs to experiment group 'CollectLSRequestTiming - control'
User belongs to experiment group 'CollectNodeLSRequestTiming - experiment'
User belongs to experiment group 'EnableIPyWidgets - experiment'
User belongs to experiment group 'RunByLine - control'
User belongs to experiment group 'CustomEditorSupport - control'
> conda --version
> pyenv root
> python3.7 ~/.vscode/extensions/ms-python.python-2020.5.86806/pythonFiles/pyvsc-run-isolated.py -c "import sys;print(sys.executable)"
> python3.6 ~/.vscode/extensions/ms-python.python-2020.5.86806/pythonFiles/pyvsc-run-isolated.py -c "import sys;print(sys.executable)"
> python3 ~/.vscode/extensions/ms-python.python-2020.5.86806/pythonFiles/pyvsc-run-isolated.py -c "import sys;print(sys.executable)"
> python2 ~/.vscode/extensions/ms-python.python-2020.5.86806/pythonFiles/pyvsc-run-isolated.py -c "import sys;print(sys.executable)"
> python ~/.vscode/extensions/ms-python.python-2020.5.86806/pythonFiles/pyvsc-run-isolated.py -c "import sys;print(sys.executable)"
> /usr/bin/python3 ~/.vscode/extensions/ms-python.python-2020.5.86806/pythonFiles/pyvsc-run-isolated.py -c "import sys;print(sys.executable)"
> conda info --json
> /usr/bin/python3 ~/.vscode/extensions/ms-python.python-2020.5.86806/pythonFiles/pyvsc-run-isolated.py -c "import jupyter"
> /usr/bin/python3 ~/.vscode/extensions/ms-python.python-2020.5.86806/pythonFiles/pyvsc-run-isolated.py -c "import jupyter"
> /usr/bin/python3 ~/.vscode/extensions/ms-python.python-2020.5.86806/pythonFiles/pyvsc-run-isolated.py -c "import notebook"
> /usr/bin/python3 ~/.vscode/extensions/ms-python.python-2020.5.86806/pythonFiles/pyvsc-run-isolated.py -c "import notebook"
Starting Jedi Python language engine.
Python interpreter path: /usr/bin/python3
> /usr/bin/python3 ~/.vscode/extensions/ms-python.python-2020.5.86806/pythonFiles/pyvsc-run-isolated.py flake8 --format=%(row)d,%(col)d,%(code).1s,%(code)s:%(text)s ~/Documents/aerodisk/engine2/var/www/engine/bin/NETWORK/controllers/phys.py
cwd: ~/Documents/aerodisk/engine2
> /usr/bin/python3 ~/.vscode/extensions/ms-python.python-2020.5.86806/pythonFiles/pyvsc-run-isolated.py flake8 --format=%(row)d,%(col)d,%(code).1s,%(code)s:%(text)s ~/Documents/aerodisk/engine2/var/www/engine/bin/NETWORK/controllers/phys.py
cwd: ~/Documents/aerodisk/engine2
> /usr/bin/python3 ~/.vscode/extensions/ms-python.python-2020.5.86806/pythonFiles/pyvsc-run-isolated.py -c "import sys;print(sys.executable)"
> /usr/bin/python3 ~/.vscode/extensions/ms-python.python-2020.5.86806/pythonFiles/pyvsc-run-isolated.py -c "import sys;print(sys.prefix)"
cwd: ~/Documents/aerodisk/engine2
> /usr/bin/python3 ~/.vscode/extensions/ms-python.python-2020.5.86806/pythonFiles/pyvsc-run-isolated.py -c "import sys;print(sys.prefix)"
cwd: ~/Documents/aerodisk/engine2
> /usr/bin/python3 ~/.vscode/extensions/ms-python.python-2020.5.86806/pythonFiles/pyvsc-run-isolated.py -c "import sys;print(sys.executable)"
cwd: ~/Documents/aerodisk/engine2
> /usr/bin/python3 ~/.vscode/extensions/ms-python.python-2020.5.86806/pythonFiles/pyvsc-run-isolated.py -c "import sys;print(sys.executable)"
cwd: ~/Documents/aerodisk/engine2
> /usr/bin/python3 ~/.vscode/extensions/ms-python.python-2020.5.86806/pythonFiles/pyvsc-run-isolated.py -c "from distutils.sysconfig import get_python_lib; print(get_python_lib())"
cwd: ~/Documents/aerodisk/engine2
> /usr/bin/python3 ~/.vscode/extensions/ms-python.python-2020.5.86806/pythonFiles/pyvsc-run-isolated.py -c "from distutils.sysconfig import get_python_lib; print(get_python_lib())"
cwd: ~/Documents/aerodisk/engine2
> /usr/bin/python3 ~/.vscode/extensions/ms-python.python-2020.5.86806/pythonFiles/pyvsc-run-isolated.py site --user-site
cwd: ~/Documents/aerodisk/engine2
> /usr/bin/python3 ~/.vscode/extensions/ms-python.python-2020.5.86806/pythonFiles/pyvsc-run-isolated.py site --user-site
cwd: ~/Documents/aerodisk/engine2
##########Linting Output - flake8##########
10,1,F,F811:redefinition of unused 'AeroResponse' from line 8
10,1,F,F811:redefinition of unused 'writeLog' from line 8
10,1,F,F811:redefinition of unused 'python_logger' from line 8
10,80,E,E501:line too long (94 > 79 characters)
22,13,E,E722:do not use bare 'except'
49,80,E,E501:line too long (83 > 79 characters)
51,80,E,E501:line too long (101 > 79 characters)
53,80,E,E501:line too long (86 > 79 characters)
54,80,E,E501:line too long (121 > 79 characters)
57,80,E,E501:line too long (80 > 79 characters)
65,80,E,E501:line too long (162 > 79 characters)
66,80,E,E501:line too long (92 > 79 characters)
68,80,E,E501:line too long (189 > 79 characters)
68,85,F,F524:'...'.format(...) is missing argument(s) for placeholder(s): 4
69,80,E,E501:line too long (125 > 79 characters)
76,80,E,E501:line too long (112 > 79 characters)
79,5,E,E722:do not use bare 'except'
80,80,E,E501:line too long (113 > 79 characters)
106,80,E,E501:line too long (83 > 79 characters)
108,80,E,E501:line too long (82 > 79 characters)
109,80,E,E501:line too long (148 > 79 characters)
109,108,F,F821:undefined name 'NETWORK_UBUNTU_PATH'
110,80,E,E501:line too long (89 > 79 characters)
113,5,E,E722:do not use bare 'except'
114,80,E,E501:line too long (103 > 79 characters)
119,53,W,W291:trailing whitespace
121,13,W,W291:trailing whitespace
125,80,E,E501:line too long (138 > 79 characters)
137,80,E,E501:line too long (83 > 79 characters)
152,80,E,E501:line too long (99 > 79 characters)
152,100,W,W291:trailing whitespace
153,80,E,E501:line too long (89 > 79 characters)
153,90,W,W291:trailing whitespace
166,80,E,E501:line too long (80 > 79 characters)
167,50,W,W291:trailing whitespace
175,31,W,W291:trailing whitespace
186,80,E,E501:line too long (268 > 79 characters)
190,80,E,E501:line too long (307 > 79 characters)
205,80,E,E501:line too long (88 > 79 characters)
215,19,W,W291:trailing whitespace
242,51,W,W292:no newline at end of file
> conda --version
> /usr/bin/python3 ~/.vscode/extensions/ms-python.python-2020.5.86806/pythonFiles/pyvsc-run-isolated.py ~/.vscode/extensions/ms-python.python-2020.5.86806/pythonFiles/completion.py
> /usr/bin/python3 ~/.vscode/extensions/ms-python.python-2020.5.86806/pythonFiles/pyvsc-run-isolated.py ~/.vscode/extensions/ms-python.python-2020.5.86806/pythonFiles/completion.py
> /usr/bin/python3 ~/.vscode/extensions/ms-python.python-2020.5.86806/pythonFiles/pyvsc-run-isolated.py -c "import sys;print(sys.executable)"
> /usr/bin/python3 ~/.vscode/extensions/ms-python.python-2020.5.86806/pythonFiles/pyvsc-run-isolated.py flake8 --format=%(row)d,%(col)d,%(code).1s,%(code)s:%(text)s ~/Documents/aerodisk/engine2/var/www/engine/bin/NETWORK/controllers/bond.py
cwd: ~/Documents/aerodisk/engine2
> /usr/bin/python3 ~/.vscode/extensions/ms-python.python-2020.5.86806/pythonFiles/pyvsc-run-isolated.py flake8 --format=%(row)d,%(col)d,%(code).1s,%(code)s:%(text)s ~/Documents/aerodisk/engine2/var/www/engine/bin/NETWORK/controllers/bond.py
cwd: ~/Documents/aerodisk/engine2
> /usr/bin/python3 ~/.vscode/extensions/ms-python.python-2020.5.86806/pythonFiles/pyvsc-run-isolated.py -c "import sys;print(sys.executable)"
##########Linting Output - flake8##########
5,80,E,E501:line too long (89 > 79 characters)
32,1,W,W293:blank line contains whitespace
82,80,E,E501:line too long (90 > 79 characters)
94,80,E,E501:line too long (112 > 79 characters)
96,80,E,E501:line too long (107 > 79 characters)
99,80,E,E501:line too long (121 > 79 characters)
117,80,E,E501:line too long (101 > 79 characters)
121,51,E,E203:whitespace before ','
121,52,E,E231:missing whitespace after ','
122,80,E,E501:line too long (100 > 79 characters)
123,80,E,E501:line too long (104 > 79 characters)
124,80,E,E501:line too long (110 > 79 characters)
125,80,E,E501:line too long (106 > 79 characters)
126,80,E,E501:line too long (95 > 79 characters)
165,80,E,E501:line too long (100 > 79 characters)
169,1,W,W293:blank line contains whitespace
173,80,E,E501:line too long (86 > 79 characters)
176,80,E,E501:line too long (116 > 79 characters)
> /usr/bin/python3 ~/.vscode/extensions/ms-python.python-2020.5.86806/pythonFiles/pyvsc-run-isolated.py -c "import sys;print(sys.executable)"
> /usr/bin/python3 ~/.vscode/extensions/ms-python.python-2020.5.86806/pythonFiles/pyvsc-run-isolated.py -c "import sys;print(sys.executable)"
> /usr/bin/python3 ~/.vscode/extensions/ms-python.python-2020.5.86806/pythonFiles/pyvsc-run-isolated.py -c "import sys;print(sys.executable)"
> /usr/bin/python3 ~/.vscode/extensions/ms-python.python-2020.5.86806/pythonFiles/pyvsc-run-isolated.py -c "import sys;print(sys.executable)"
> /usr/bin/python3 ~/.vscode/extensions/ms-python.python-2020.5.86806/pythonFiles/pyvsc-run-isolated.py -c "import sys;print(sys.executable)"
> /usr/bin/python3 ~/.vscode/extensions/ms-python.python-2020.5.86806/pythonFiles/pyvsc-run-isolated.py -c "import sys;print(sys.executable)"
> /usr/bin/python3 ~/.vscode/extensions/ms-python.python-2020.5.86806/pythonFiles/pyvsc-run-isolated.py -c "import sys;print(sys.executable)"
> /usr/bin/python3 ~/.vscode/extensions/ms-python.python-2020.5.86806/pythonFiles/pyvsc-run-isolated.py -c "import sys;print(sys.executable)"
> /usr/bin/python3 ~/.vscode/extensions/ms-python.python-2020.5.86806/pythonFiles/pyvsc-run-isolated.py -c "import sys;print(sys.executable)"
> /usr/bin/python3 ~/.vscode/extensions/ms-python.python-2020.5.86806/pythonFiles/pyvsc-run-isolated.py -c "import sys;print(sys.executable)"
> /usr/bin/python3 ~/.vscode/extensions/ms-python.python-2020.5.86806/pythonFiles/pyvsc-run-isolated.py -c "import sys;print(sys.executable)"
> /usr/bin/python3 ~/.vscode/extensions/ms-python.python-2020.5.86806/pythonFiles/pyvsc-run-isolated.py -c "import sys;print(sys.executable)"
> /usr/bin/python3 ~/.vscode/extensions/ms-python.python-2020.5.86806/pythonFiles/pyvsc-run-isolated.py -c "import sys;print(sys.executable)"
> /usr/bin/python3 ~/.vscode/extensions/ms-python.python-2020.5.86806/pythonFiles/pyvsc-run-isolated.py -c "import sys;print(sys.executable)"
> /usr/bin/python3 ~/.vscode/extensions/ms-python.python-2020.5.86806/pythonFiles/pyvsc-run-isolated.py -c "import sys;print(sys.executable)"
> /usr/bin/python3 ~/.vscode/extensions/ms-python.python-2020.5.86806/pythonFiles/pyvsc-run-isolated.py -c "import sys;print(sys.executable)"
> /usr/bin/python3 ~/.vscode/extensions/ms-python.python-2020.5.86806/pythonFiles/pyvsc-run-isolated.py -c "import sys;print(sys.executable)"
> /usr/bin/python3 ~/.vscode/extensions/ms-python.python-2020.5.86806/pythonFiles/pyvsc-run-isolated.py -c "import sys;print(sys.executable)"
> /usr/bin/python3 ~/.vscode/extensions/ms-python.python-2020.5.86806/pythonFiles/pyvsc-run-isolated.py -c "import sys;print(sys.executable)"
> /usr/bin/python3 ~/.vscode/extensions/ms-python.python-2020.5.86806/pythonFiles/pyvsc-run-isolated.py -c "import sys;print(sys.executable)"
> /usr/bin/python3 ~/.vscode/extensions/ms-python.python-2020.5.86806/pythonFiles/pyvsc-run-isolated.py -c "import sys;print(sys.executable)"
> /usr/bin/python3 ~/.vscode/extensions/ms-python.python-2020.5.86806/pythonFiles/pyvsc-run-isolated.py -c "import sys;print(sys.executable)"
> /usr/bin/python3 ~/.vscode/extensions/ms-python.python-2020.5.86806/pythonFiles/pyvsc-run-isolated.py -c "import sys;print(sys.executable)"
> /usr/bin/python3 ~/.vscode/extensions/ms-python.python-2020.5.86806/pythonFiles/pyvsc-run-isolated.py -c "import sys;print(sys.executable)"
> /usr/bin/python3 ~/.vscode/extensions/ms-python.python-2020.5.86806/pythonFiles/pyvsc-run-isolated.py -c "import sys;print(sys.executable)"
> /usr/bin/python3 ~/.vscode/extensions/ms-python.python-2020.5.86806/pythonFiles/pyvsc-run-isolated.py -c "import sys;print(sys.executable)"
> /usr/bin/python3 ~/.vscode/extensions/ms-python.python-2020.5.86806/pythonFiles/pyvsc-run-isolated.py -c "import sys;print(sys.executable)"
> /usr/bin/python3 ~/.vscode/extensions/ms-python.python-2020.5.86806/pythonFiles/pyvsc-run-isolated.py -c "import sys;print(sys.executable)"
> /usr/bin/python3 ~/.vscode/extensions/ms-python.python-2020.5.86806/pythonFiles/pyvsc-run-isolated.py -c "import sys;print(sys.executable)"
> /usr/bin/python3 ~/.vscode/extensions/ms-python.python-2020.5.86806/pythonFiles/pyvsc-run-isolated.py -c "import sys;print(sys.executable)"
> /usr/bin/python3 ~/.vscode/extensions/ms-python.python-2020.5.86806/pythonFiles/pyvsc-run-isolated.py -c "import sys;print(sys.executable)"
> /usr/bin/python3 ~/.vscode/extensions/ms-python.python-2020.5.86806/pythonFiles/pyvsc-run-isolated.py -c "import sys;print(sys.executable)"
> /usr/bin/python3 ~/.vscode/extensions/ms-python.python-2020.5.86806/pythonFiles/pyvsc-run-isolated.py -c "import sys;print(sys.executable)"
> /usr/bin/python3 ~/.vscode/extensions/ms-python.python-2020.5.86806/pythonFiles/pyvsc-run-isolated.py flake8 --format=%(row)d,%(col)d,%(code).1s,%(code)s:%(text)s ~/Documents/aerodisk/engine2/var/www/engine/bin/NETWORK/controllers/bond.py
cwd: ~/Documents/aerodisk/engine2
> /usr/bin/python3 ~/.vscode/extensions/ms-python.python-2020.5.86806/pythonFiles/pyvsc-run-isolated.py flake8 --format=%(row)d,%(col)d,%(code).1s,%(code)s:%(text)s ~/Documents/aerodisk/engine2/var/www/engine/bin/NETWORK/controllers/bond.py
cwd: ~/Documents/aerodisk/engine2
> /usr/bin/python3 ~/.vscode/extensions/ms-python.python-2020.5.86806/pythonFiles/pyvsc-run-isolated.py -c "import sys;print(sys.executable)"
##########Linting Output - flake8##########
5,80,E,E501:line too long (89 > 79 characters)
32,1,W,W293:blank line contains whitespace
82,80,E,E501:line too long (90 > 79 characters)
96,80,E,E501:line too long (112 > 79 characters)
98,80,E,E501:line too long (107 > 79 characters)
101,80,E,E501:line too long (121 > 79 characters)
119,80,E,E501:line too long (101 > 79 characters)
123,51,E,E203:whitespace before ','
123,52,E,E231:missing whitespace after ','
124,80,E,E501:line too long (100 > 79 characters)
125,80,E,E501:line too long (104 > 79 characters)
126,80,E,E501:line too long (110 > 79 characters)
127,80,E,E501:line too long (106 > 79 characters)
128,80,E,E501:line too long (95 > 79 characters)
167,80,E,E501:line too long (100 > 79 characters)
171,1,W,W293:blank line contains whitespace
175,80,E,E501:line too long (86 > 79 characters)
178,80,E,E501:line too long (116 > 79 characters)
> /usr/bin/python3 ~/.vscode/extensions/ms-python.python-2020.5.86806/pythonFiles/pyvsc-run-isolated.py flake8 --format=%(row)d,%(col)d,%(code).1s,%(code)s:%(text)s ~/Documents/aerodisk/engine2/var/www/engine/bin/NETWORK/controllers/bond.py
cwd: ~/Documents/aerodisk/engine2
> /usr/bin/python3 ~/.vscode/extensions/ms-python.python-2020.5.86806/pythonFiles/pyvsc-run-isolated.py flake8 --format=%(row)d,%(col)d,%(code).1s,%(code)s:%(text)s ~/Documents/aerodisk/engine2/var/www/engine/bin/NETWORK/controllers/bond.py
cwd: ~/Documents/aerodisk/engine2
> /usr/bin/python3 ~/.vscode/extensions/ms-python.python-2020.5.86806/pythonFiles/pyvsc-run-isolated.py -c "import sys;print(sys.executable)"
##########Linting Output - flake8##########
5,80,E,E501:line too long (89 > 79 characters)
32,1,W,W293:blank line contains whitespace
82,80,E,E501:line too long (90 > 79 characters)
96,80,E,E501:line too long (112 > 79 characters)
98,80,E,E501:line too long (107 > 79 characters)
101,80,E,E501:line too long (121 > 79 characters)
119,80,E,E501:line too long (101 > 79 characters)
123,51,E,E203:whitespace before ','
123,52,E,E231:missing whitespace after ','
124,80,E,E501:line too long (100 > 79 characters)
125,80,E,E501:line too long (104 > 79 characters)
126,80,E,E501:line too long (110 > 79 characters)
127,80,E,E501:line too long (106 > 79 characters)
128,80,E,E501:line too long (95 > 79 characters)
167,80,E,E501:line too long (100 > 79 characters)
171,1,W,W293:blank line contains whitespace
175,80,E,E501:line too long (86 > 79 characters)
178,80,E,E501:line too long (116 > 79 characters)
> /usr/bin/python3 ~/.vscode/extensions/ms-python.python-2020.5.86806/pythonFiles/pyvsc-run-isolated.py -c "import sys;print(sys.executable)"
> /usr/bin/python3 ~/.vscode/extensions/ms-python.python-2020.5.86806/pythonFiles/pyvsc-run-isolated.py -c "import sys;print(sys.executable)"
> /usr/bin/python3 ~/.vscode/extensions/ms-python.python-2020.5.86806/pythonFiles/pyvsc-run-isolated.py flake8 --format=%(row)d,%(col)d,%(code).1s,%(code)s:%(text)s ~/Documents/aerodisk/engine2/var/www/engine/bin/NETWORK/change-network.py
cwd: ~/Documents/aerodisk/engine2
> /usr/bin/python3 ~/.vscode/extensions/ms-python.python-2020.5.86806/pythonFiles/pyvsc-run-isolated.py flake8 --format=%(row)d,%(col)d,%(code).1s,%(code)s:%(text)s ~/Documents/aerodisk/engine2/var/www/engine/bin/NETWORK/change-network.py
cwd: ~/Documents/aerodisk/engine2
##########Linting Output - flake8##########
28,80,E,E501:line too long (96 > 79 characters)
33,80,E,E501:line too long (116 > 79 characters)
36,80,E,E501:line too long (90 > 79 characters)
42,80,E,E501:line too long (159 > 79 characters)
44,80,E,E501:line too long (86 > 79 characters)
51,80,E,E501:line too long (82 > 79 characters)
58,80,E,E501:line too long (122 > 79 characters)
62,80,E,E501:line too long (110 > 79 characters)
66,80,E,E501:line too long (134 > 79 characters)
87,80,E,E501:line too long (124 > 79 characters)
89,5,E,E722:do not use bare 'except'
> /usr/bin/python3 ~/.vscode/extensions/ms-python.python-2020.5.86806/pythonFiles/pyvsc-run-isolated.py -c "import sys;print(sys.executable)"
> /usr/bin/python3 ~/.vscode/extensions/ms-python.python-2020.5.86806/pythonFiles/pyvsc-run-isolated.py -c "import sys;print(sys.executable)"
> /usr/bin/python3 ~/.vscode/extensions/ms-python.python-2020.5.86806/pythonFiles/pyvsc-run-isolated.py -c "import sys;print(sys.executable)"
> /usr/bin/python3 ~/.vscode/extensions/ms-python.python-2020.5.86806/pythonFiles/pyvsc-run-isolated.py -c "import sys;print(sys.executable)"
> /usr/bin/python3 ~/.vscode/extensions/ms-python.python-2020.5.86806/pythonFiles/pyvsc-run-isolated.py -c "import sys;print(sys.executable)"
> /usr/bin/python3 ~/.vscode/extensions/ms-python.python-2020.5.86806/pythonFiles/pyvsc-run-isolated.py -c "import sys;print(sys.executable)"
> /usr/bin/python3 ~/.vscode/extensions/ms-python.python-2020.5.86806/pythonFiles/pyvsc-run-isolated.py -c "import sys;print(sys.executable)"
> /usr/bin/python3 ~/.vscode/extensions/ms-python.python-2020.5.86806/pythonFiles/pyvsc-run-isolated.py -c "import sys;print(sys.executable)"
> /usr/bin/python3 ~/.vscode/extensions/ms-python.python-2020.5.86806/pythonFiles/pyvsc-run-isolated.py -c "import sys;print(sys.executable)"
> /usr/bin/python3 ~/.vscode/extensions/ms-python.python-2020.5.86806/pythonFiles/pyvsc-run-isolated.py -c "import sys;print(sys.executable)"
> /usr/bin/python3 ~/.vscode/extensions/ms-python.python-2020.5.86806/pythonFiles/pyvsc-run-isolated.py -c "import sys;print(sys.executable)"
> /usr/bin/python3 ~/.vscode/extensions/ms-python.python-2020.5.86806/pythonFiles/pyvsc-run-isolated.py -c "import sys;print(sys.executable)"
> /usr/bin/python3 ~/.vscode/extensions/ms-python.python-2020.5.86806/pythonFiles/pyvsc-run-isolated.py -c "import sys;print(sys.executable)"
> /usr/bin/python3 ~/.vscode/extensions/ms-python.python-2020.5.86806/pythonFiles/pyvsc-run-isolated.py -c "import sys;print(sys.executable)"
> /usr/bin/python3 ~/.vscode/extensions/ms-python.python-2020.5.86806/pythonFiles/pyvsc-run-isolated.py -c "import sys;print(sys.executable)"
> /usr/bin/python3 ~/.vscode/extensions/ms-python.python-2020.5.86806/pythonFiles/pyvsc-run-isolated.py flake8 --format=%(row)d,%(col)d,%(code).1s,%(code)s:%(text)s ~/Documents/aerodisk/engine2/var/www/engine/bin/NETWORK/controllers/phys.py
cwd: ~/Documents/aerodisk/engine2
> /usr/bin/python3 ~/.vscode/extensions/ms-python.python-2020.5.86806/pythonFiles/pyvsc-run-isolated.py flake8 --format=%(row)d,%(col)d,%(code).1s,%(code)s:%(text)s ~/Documents/aerodisk/engine2/var/www/engine/bin/NETWORK/controllers/phys.py
cwd: ~/Documents/aerodisk/engine2
> /usr/bin/python3 ~/.vscode/extensions/ms-python.python-2020.5.86806/pythonFiles/pyvsc-run-isolated.py -c "import sys;print(sys.executable)"
##########Linting Output - flake8##########
10,1,F,F811:redefinition of unused 'AeroResponse' from line 8
10,1,F,F811:redefinition of unused 'writeLog' from line 8
10,1,F,F811:redefinition of unused 'python_logger' from line 8
10,80,E,E501:line too long (94 > 79 characters)
22,13,E,E722:do not use bare 'except'
49,80,E,E501:line too long (83 > 79 characters)
51,80,E,E501:line too long (101 > 79 characters)
53,80,E,E501:line too long (86 > 79 characters)
54,80,E,E501:line too long (121 > 79 characters)
57,80,E,E501:line too long (84 > 79 characters)
65,80,E,E501:line too long (162 > 79 characters)
66,80,E,E501:line too long (92 > 79 characters)
68,80,E,E501:line too long (189 > 79 characters)
68,85,F,F524:'...'.format(...) is missing argument(s) for placeholder(s): 4
69,80,E,E501:line too long (125 > 79 characters)
76,80,E,E501:line too long (112 > 79 characters)
79,5,E,E722:do not use bare 'except'
80,80,E,E501:line too long (113 > 79 characters)
106,80,E,E501:line too long (83 > 79 characters)
108,80,E,E501:line too long (82 > 79 characters)
109,80,E,E501:line too long (148 > 79 characters)
109,108,F,F821:undefined name 'NETWORK_UBUNTU_PATH'
110,80,E,E501:line too long (89 > 79 characters)
113,5,E,E722:do not use bare 'except'
114,80,E,E501:line too long (103 > 79 characters)
119,53,W,W291:trailing whitespace
121,13,W,W291:trailing whitespace
125,80,E,E501:line too long (138 > 79 characters)
137,80,E,E501:line too long (83 > 79 characters)
152,80,E,E501:line too long (99 > 79 characters)
152,100,W,W291:trailing whitespace
153,80,E,E501:line too long (89 > 79 characters)
153,90,W,W291:trailing whitespace
166,80,E,E501:line too long (80 > 79 characters)
167,50,W,W291:trailing whitespace
175,31,W,W291:trailing whitespace
186,80,E,E501:line too long (268 > 79 characters)
190,80,E,E501:line too long (307 > 79 characters)
205,80,E,E501:line too long (88 > 79 characters)
215,19,W,W291:trailing whitespace
242,51,W,W292:no newline at end of file
> /usr/bin/python3 ~/.vscode/extensions/ms-python.python-2020.5.86806/pythonFiles/pyvsc-run-isolated.py -c "import sys;print(sys.executable)"
> /usr/bin/python3 ~/.vscode/extensions/ms-python.python-2020.5.86806/pythonFiles/pyvsc-run-isolated.py flake8 --format=%(row)d,%(col)d,%(code).1s,%(code)s:%(text)s ~/Documents/aerodisk/engine2/var/www/engine/bin/NETWORK/constants.py
cwd: ~/Documents/aerodisk/engine2
> /usr/bin/python3 ~/.vscode/extensions/ms-python.python-2020.5.86806/pythonFiles/pyvsc-run-isolated.py flake8 --format=%(row)d,%(col)d,%(code).1s,%(code)s:%(text)s ~/Documents/aerodisk/engine2/var/www/engine/bin/NETWORK/constants.py
cwd: ~/Documents/aerodisk/engine2
##########Linting Output - flake8##########
6,80,E,E501:line too long (92 > 79 characters)
19,2,W,W292:no newline at end of file
> /usr/bin/python3 ~/.vscode/extensions/ms-python.python-2020.5.86806/pythonFiles/pyvsc-run-isolated.py flake8 --format=%(row)d,%(col)d,%(code).1s,%(code)s:%(text)s ~/Documents/aerodisk/engine2/var/www/engine/bin/NETWORK/constants.py
cwd: ~/Documents/aerodisk/engine2
> /usr/bin/python3 ~/.vscode/extensions/ms-python.python-2020.5.86806/pythonFiles/pyvsc-run-isolated.py flake8 --format=%(row)d,%(col)d,%(code).1s,%(code)s:%(text)s ~/Documents/aerodisk/engine2/var/www/engine/bin/NETWORK/constants.py
cwd: ~/Documents/aerodisk/engine2
##########Linting Output - flake8##########
6,80,E,E501:line too long (92 > 79 characters)
25,4,W,W292:no newline at end of file
> /usr/bin/python3 ~/.vscode/extensions/ms-python.python-2020.5.86806/pythonFiles/pyvsc-run-isolated.py flake8 --format=%(row)d,%(col)d,%(code).1s,%(code)s:%(text)s ~/Documents/aerodisk/engine2/var/www/engine/bin/NETWORK/constants.py
cwd: ~/Documents/aerodisk/engine2
> /usr/bin/python3 ~/.vscode/extensions/ms-python.python-2020.5.86806/pythonFiles/pyvsc-run-isolated.py flake8 --format=%(row)d,%(col)d,%(code).1s,%(code)s:%(text)s ~/Documents/aerodisk/engine2/var/www/engine/bin/NETWORK/constants.py
cwd: ~/Documents/aerodisk/engine2
##########Linting Output - flake8##########
6,80,E,E501:line too long (92 > 79 characters)
26,4,W,W292:no newline at end of file
> /usr/bin/python3 ~/.vscode/extensions/ms-python.python-2020.5.86806/pythonFiles/pyvsc-run-isolated.py -c "import sys;print(sys.executable)"
> /usr/bin/python3 ~/.vscode/extensions/ms-python.python-2020.5.86806/pythonFiles/pyvsc-run-isolated.py -c "import sys;print(sys.executable)"
> /usr/bin/python3 ~/.vscode/extensions/ms-python.python-2020.5.86806/pythonFiles/pyvsc-run-isolated.py -c "import sys;print(sys.executable)"
> /usr/bin/python3 ~/.vscode/extensions/ms-python.python-2020.5.86806/pythonFiles/pyvsc-run-isolated.py -c "import sys;print(sys.executable)"
> /usr/bin/python3 ~/.vscode/extensions/ms-python.python-2020.5.86806/pythonFiles/pyvsc-run-isolated.py -c "import sys;print(sys.executable)"
> /usr/bin/python3 ~/.vscode/extensions/ms-python.python-2020.5.86806/pythonFiles/pyvsc-run-isolated.py -c "import sys;print(sys.executable)"
> /usr/bin/python3 ~/.vscode/extensions/ms-python.python-2020.5.86806/pythonFiles/pyvsc-run-isolated.py -c "import sys;print(sys.executable)"
> /usr/bin/python3 ~/.vscode/extensions/ms-python.python-2020.5.86806/pythonFiles/pyvsc-run-isolated.py -c "import sys;print(sys.executable)"
> /usr/bin/python3 ~/.vscode/extensions/ms-python.python-2020.5.86806/pythonFiles/pyvsc-run-isolated.py -c "import sys;print(sys.executable)"
> /usr/bin/python3 ~/.vscode/extensions/ms-python.python-2020.5.86806/pythonFiles/pyvsc-run-isolated.py -c "import sys;print(sys.executable)"
> /usr/bin/python3 ~/.vscode/extensions/ms-python.python-2020.5.86806/pythonFiles/pyvsc-run-isolated.py -c "import sys;print(sys.executable)"
> /usr/bin/python3 ~/.vscode/extensions/ms-python.python-2020.5.86806/pythonFiles/pyvsc-run-isolated.py -c "import sys;print(sys.executable)"
> /usr/bin/python3 ~/.vscode/extensions/ms-python.python-2020.5.86806/pythonFiles/pyvsc-run-isolated.py -c "import sys;print(sys.executable)"
> /usr/bin/python3 ~/.vscode/extensions/ms-python.python-2020.5.86806/pythonFiles/pyvsc-run-isolated.py -c "import sys;print(sys.executable)"
> /usr/bin/python3 ~/.vscode/extensions/ms-python.python-2020.5.86806/pythonFiles/pyvsc-run-isolated.py -c "import sys;print(sys.executable)"
> /usr/bin/python3 ~/.vscode/extensions/ms-python.python-2020.5.86806/pythonFiles/pyvsc-run-isolated.py -c "import sys;print(sys.executable)"
> /usr/bin/python3 ~/.vscode/extensions/ms-python.python-2020.5.86806/pythonFiles/pyvsc-run-isolated.py -c "import sys;print(sys.executable)"
> /usr/bin/python3 ~/.vscode/extensions/ms-python.python-2020.5.86806/pythonFiles/pyvsc-run-isolated.py -c "import sys;print(sys.executable)"
> /usr/bin/python3 ~/.vscode/extensions/ms-python.python-2020.5.86806/pythonFiles/pyvsc-run-isolated.py -c "import sys;print(sys.executable)"
> /usr/bin/python3 ~/.vscode/extensions/ms-python.python-2020.5.86806/pythonFiles/pyvsc-run-isolated.py -c "import sys;print(sys.executable)"
> /usr/bin/python3 ~/.vscode/extensions/ms-python.python-2020.5.86806/pythonFiles/pyvsc-run-isolated.py -c "import sys;print(sys.executable)"
> /usr/bin/python3 ~/.vscode/extensions/ms-python.python-2020.5.86806/pythonFiles/pyvsc-run-isolated.py -c "import sys;print(sys.executable)"
> /usr/bin/python3 ~/.vscode/extensions/ms-python.python-2020.5.86806/pythonFiles/pyvsc-run-isolated.py -c "import sys;print(sys.executable)"
> /usr/bin/python3 ~/.vscode/extensions/ms-python.python-2020.5.86806/pythonFiles/pyvsc-run-isolated.py -c "import sys;print(sys.executable)"
> /usr/bin/python3 ~/.vscode/extensions/ms-python.python-2020.5.86806/pythonFiles/pyvsc-run-isolated.py -c "import sys;print(sys.executable)"
> /usr/bin/python3 ~/.vscode/extensions/ms-python.python-2020.5.86806/pythonFiles/pyvsc-run-isolated.py -c "import sys;print(sys.executable)"
> /usr/bin/python3 ~/.vscode/extensions/ms-python.python-2020.5.86806/pythonFiles/pyvsc-run-isolated.py -c "import sys;print(sys.executable)"
> /usr/bin/python3 ~/.vscode/extensions/ms-python.python-2020.5.86806/pythonFiles/pyvsc-run-isolated.py -c "import sys;print(sys.executable)"
> /usr/bin/python3 ~/.vscode/extensions/ms-python.python-2020.5.86806/pythonFiles/pyvsc-run-isolated.py -c "import sys;print(sys.executable)"
> /usr/bin/python3 ~/.vscode/extensions/ms-python.python-2020.5.86806/pythonFiles/pyvsc-run-isolated.py -c "import sys;print(sys.executable)"
> /usr/bin/python3 ~/.vscode/extensions/ms-python.python-2020.5.86806/pythonFiles/pyvsc-run-isolated.py -c "import sys;print(sys.executable)"
> /usr/bin/python3 ~/.vscode/extensions/ms-python.python-2020.5.86806/pythonFiles/pyvsc-run-isolated.py -c "import sys;print(sys.executable)"
> /usr/bin/python3 ~/.vscode/extensions/ms-python.python-2020.5.86806/pythonFiles/pyvsc-run-isolated.py -c "import sys;print(sys.executable)"
> /usr/bin/python3 ~/.vscode/extensions/ms-python.python-2020.5.86806/pythonFiles/pyvsc-run-isolated.py -c "import sys;print(sys.executable)"
> /usr/bin/python3 ~/.vscode/extensions/ms-python.python-2020.5.86806/pythonFiles/pyvsc-run-isolated.py -c "import sys;print(sys.executable)"
> /usr/bin/python3 ~/.vscode/extensions/ms-python.python-2020.5.86806/pythonFiles/pyvsc-run-isolated.py -c "import sys;print(sys.executable)"
> /usr/bin/python3 ~/.vscode/extensions/ms-python.python-2020.5.86806/pythonFiles/pyvsc-run-isolated.py -c "import sys;print(sys.executable)"
> /usr/bin/python3 ~/.vscode/extensions/ms-python.python-2020.5.86806/pythonFiles/pyvsc-run-isolated.py -c "import sys;print(sys.executable)"
> /usr/bin/python3 ~/.vscode/extensions/ms-python.python-2020.5.86806/pythonFiles/pyvsc-run-isolated.py -c "import sys;print(sys.executable)"
> /usr/bin/python3 ~/.vscode/extensions/ms-python.python-2020.5.86806/pythonFiles/pyvsc-run-isolated.py -c "import sys;print(sys.executable)"
> /usr/bin/python3 ~/.vscode/extensions/ms-python.python-2020.5.86806/pythonFiles/pyvsc-run-isolated.py -c "import sys;print(sys.executable)"
> /usr/bin/python3 ~/.vscode/extensions/ms-python.python-2020.5.86806/pythonFiles/pyvsc-run-isolated.py -c "import sys;print(sys.executable)"
> /usr/bin/python3 ~/.vscode/extensions/ms-python.python-2020.5.86806/pythonFiles/pyvsc-run-isolated.py -c "import sys;print(sys.executable)"
> /usr/bin/python3 ~/.vscode/extensions/ms-python.python-2020.5.86806/pythonFiles/pyvsc-run-isolated.py -c "import sys;print(sys.executable)"
> /usr/bin/python3 ~/.vscode/extensions/ms-python.python-2020.5.86806/pythonFiles/pyvsc-run-isolated.py -c "import sys;print(sys.executable)"
> /usr/bin/python3 ~/.vscode/extensions/ms-python.python-2020.5.86806/pythonFiles/pyvsc-run-isolated.py -c "import sys;print(sys.executable)"
> /usr/bin/python3 ~/.vscode/extensions/ms-python.python-2020.5.86806/pythonFiles/pyvsc-run-isolated.py -c "import sys;print(sys.executable)"
> /usr/bin/python3 ~/.vscode/extensions/ms-python.python-2020.5.86806/pythonFiles/pyvsc-run-isolated.py -c "import sys;print(sys.executable)"
> /usr/bin/python3 ~/.vscode/extensions/ms-python.python-2020.5.86806/pythonFiles/pyvsc-run-isolated.py -c "import sys;print(sys.executable)"
> /usr/bin/python3 ~/.vscode/extensions/ms-python.python-2020.5.86806/pythonFiles/pyvsc-run-isolated.py -c "import sys;print(sys.executable)"
> /usr/bin/python3 ~/.vscode/extensions/ms-python.python-2020.5.86806/pythonFiles/pyvsc-run-isolated.py -c "import sys;print(sys.executable)"
> /usr/bin/python3 ~/.vscode/extensions/ms-python.python-2020.5.86806/pythonFiles/pyvsc-run-isolated.py -c "import sys;print(sys.executable)"
> /usr/bin/python3 ~/.vscode/extensions/ms-python.python-2020.5.86806/pythonFiles/pyvsc-run-isolated.py -c "import sys;print(sys.executable)"
> /usr/bin/python3 ~/.vscode/extensions/ms-python.python-2020.5.86806/pythonFiles/pyvsc-run-isolated.py -c "import sys;print(sys.executable)"
> /usr/bin/python3 ~/.vscode/extensions/ms-python.python-2020.5.86806/pythonFiles/pyvsc-run-isolated.py -c "import sys;print(sys.executable)"
> /usr/bin/python3 ~/.vscode/extensions/ms-python.python-2020.5.86806/pythonFiles/pyvsc-run-isolated.py -c "import sys;print(sys.executable)"
> /usr/bin/python3 ~/.vscode/extensions/ms-python.python-2020.5.86806/pythonFiles/pyvsc-run-isolated.py -c "import sys;print(sys.executable)"
> /usr/bin/python3 ~/.vscode/extensions/ms-python.python-2020.5.86806/pythonFiles/pyvsc-run-isolated.py -c "import sys;print(sys.executable)"
> /usr/bin/python3 ~/.vscode/extensions/ms-python.python-2020.5.86806/pythonFiles/pyvsc-run-isolated.py -c "import sys;print(sys.executable)"
> /usr/bin/python3 ~/.vscode/extensions/ms-python.python-2020.5.86806/pythonFiles/pyvsc-run-isolated.py -c "import sys;print(sys.executable)"
> /usr/bin/python3 ~/.vscode/extensions/ms-python.python-2020.5.86806/pythonFiles/pyvsc-run-isolated.py -c "import sys;print(sys.executable)"
> /usr/bin/python3 ~/.vscode/extensions/ms-python.python-2020.5.86806/pythonFiles/pyvsc-run-isolated.py -c "import sys;print(sys.executable)"
> /usr/bin/python3 ~/.vscode/extensions/ms-python.python-2020.5.86806/pythonFiles/pyvsc-run-isolated.py -c "import sys;print(sys.executable)"
> /usr/bin/python3 ~/.vscode/extensions/ms-python.python-2020.5.86806/pythonFiles/pyvsc-run-isolated.py -c "import sys;print(sys.executable)"
> /usr/bin/python3 ~/.vscode/extensions/ms-python.python-2020.5.86806/pythonFiles/pyvsc-run-isolated.py -c "import sys;print(sys.executable)"
> /usr/bin/python3 ~/.vscode/extensions/ms-python.python-2020.5.86806/pythonFiles/pyvsc-run-isolated.py -c "import sys;print(sys.executable)"
> /usr/bin/python3 ~/.vscode/extensions/ms-python.python-2020.5.86806/pythonFiles/pyvsc-run-isolated.py -c "import sys;print(sys.executable)"
> /usr/bin/python3 ~/.vscode/extensions/ms-python.python-2020.5.86806/pythonFiles/pyvsc-run-isolated.py -c "import sys;print(sys.executable)"
> /usr/bin/python3 ~/.vscode/extensions/ms-python.python-2020.5.86806/pythonFiles/pyvsc-run-isolated.py -c "import sys;print(sys.executable)"
> /usr/bin/python3 ~/.vscode/extensions/ms-python.python-2020.5.86806/pythonFiles/pyvsc-run-isolated.py -c "import sys;print(sys.executable)"
> /usr/bin/python3 ~/.vscode/extensions/ms-python.python-2020.5.86806/pythonFiles/pyvsc-run-isolated.py -c "import sys;print(sys.executable)"
> /usr/bin/python3 ~/.vscode/extensions/ms-python.python-2020.5.86806/pythonFiles/pyvsc-run-isolated.py -c "import sys;print(sys.executable)"
> /usr/bin/python3 ~/.vscode/extensions/ms-python.python-2020.5.86806/pythonFiles/pyvsc-run-isolated.py -c "import sys;print(sys.executable)"
> /usr/bin/python3 ~/.vscode/extensions/ms-python.python-2020.5.86806/pythonFiles/pyvsc-run-isolated.py -c "import sys;print(sys.executable)"
> /usr/bin/python3 ~/.vscode/extensions/ms-python.python-2020.5.86806/pythonFiles/pyvsc-run-isolated.py -c "import sys;print(sys.executable)"
> /usr/bin/python3 ~/.vscode/extensions/ms-python.python-2020.5.86806/pythonFiles/pyvsc-run-isolated.py -c "import sys;print(sys.executable)"
> /usr/bin/python3 ~/.vscode/extensions/ms-python.python-2020.5.86806/pythonFiles/pyvsc-run-isolated.py -c "import sys;print(sys.executable)"
> /usr/bin/python3 ~/.vscode/extensions/ms-python.python-2020.5.86806/pythonFiles/pyvsc-run-isolated.py -c "import sys;print(sys.executable)"
> /usr/bin/python3 ~/.vscode/extensions/ms-python.python-2020.5.86806/pythonFiles/pyvsc-run-isolated.py -c "import sys;print(sys.executable)"
> /usr/bin/python3 ~/.vscode/extensions/ms-python.python-2020.5.86806/pythonFiles/pyvsc-run-isolated.py -c "import sys;print(sys.executable)"
> /usr/bin/python3 ~/.vscode/extensions/ms-python.python-2020.5.86806/pythonFiles/pyvsc-run-isolated.py -c "import sys;print(sys.executable)"
> /usr/bin/python3 ~/.vscode/extensions/ms-python.python-2020.5.86806/pythonFiles/pyvsc-run-isolated.py -c "import sys;print(sys.executable)"
> /usr/bin/python3 ~/.vscode/extensions/ms-python.python-2020.5.86806/pythonFiles/pyvsc-run-isolated.py -c "import sys;print(sys.executable)"
> /usr/bin/python3 ~/.vscode/extensions/ms-python.python-2020.5.86806/pythonFiles/pyvsc-run-isolated.py -c "import sys;print(sys.executable)"
> /usr/bin/python3 ~/.vscode/extensions/ms-python.python-2020.5.86806/pythonFiles/pyvsc-run-isolated.py -c "import sys;print(sys.executable)"
> /usr/bin/python3 ~/.vscode/extensions/ms-python.python-2020.5.86806/pythonFiles/pyvsc-run-isolated.py -c "import sys;print(sys.executable)"
> /usr/bin/python3 ~/.vscode/extensions/ms-python.python-2020.5.86806/pythonFiles/pyvsc-run-isolated.py -c "import sys;print(sys.executable)"
> /usr/bin/python3 ~/.vscode/extensions/ms-python.python-2020.5.86806/pythonFiles/pyvsc-run-isolated.py -c "import sys;print(sys.executable)"
> /usr/bin/python3 ~/.vscode/extensions/ms-python.python-2020.5.86806/pythonFiles/pyvsc-run-isolated.py -c "import sys;print(sys.executable)"
> /usr/bin/python3 ~/.vscode/extensions/ms-python.python-2020.5.86806/pythonFiles/pyvsc-run-isolated.py -c "import sys;print(sys.executable)"
> /usr/bin/python3 ~/.vscode/extensions/ms-python.python-2020.5.86806/pythonFiles/pyvsc-run-isolated.py -c "import sys;print(sys.executable)"
> /usr/bin/python3 ~/.vscode/extensions/ms-python.python-2020.5.86806/pythonFiles/pyvsc-run-isolated.py -c "import sys;print(sys.executable)"
> /usr/bin/python3 ~/.vscode/extensions/ms-python.python-2020.5.86806/pythonFiles/pyvsc-run-isolated.py -c "import sys;print(sys.executable)"
> /usr/bin/python3 ~/.vscode/extensions/ms-python.python-2020.5.86806/pythonFiles/pyvsc-run-isolated.py -c "import sys;print(sys.executable)"
> /usr/bin/python3 ~/.vscode/extensions/ms-python.python-2020.5.86806/pythonFiles/pyvsc-run-isolated.py -c "import sys;print(sys.executable)"
> /usr/bin/python3 ~/.vscode/extensions/ms-python.python-2020.5.86806/pythonFiles/pyvsc-run-isolated.py -c "import sys;print(sys.executable)"
> /usr/bin/python3 ~/.vscode/extensions/ms-python.python-2020.5.86806/pythonFiles/pyvsc-run-isolated.py -c "import sys;print(sys.executable)"
> /usr/bin/python3 ~/.vscode/extensions/ms-python.python-2020.5.86806/pythonFiles/pyvsc-run-isolated.py -c "import sys;print(sys.executable)"
> /usr/bin/python3 ~/.vscode/extensions/ms-python.python-2020.5.86806/pythonFiles/pyvsc-run-isolated.py -c "import sys;print(sys.executable)"
> /usr/bin/python3 ~/.vscode/extensions/ms-python.python-2020.5.86806/pythonFiles/pyvsc-run-isolated.py -c "import sys;print(sys.executable)"
> /usr/bin/python3 ~/.vscode/extensions/ms-python.python-2020.5.86806/pythonFiles/pyvsc-run-isolated.py -c "import sys;print(sys.executable)"
> /usr/bin/python3 ~/.vscode/extensions/ms-python.python-2020.5.86806/pythonFiles/pyvsc-run-isolated.py -c "import sys;print(sys.executable)"
> /usr/bin/python3 ~/.vscode/extensions/ms-python.python-2020.5.86806/pythonFiles/pyvsc-run-isolated.py -c "import sys;print(sys.executable)"
> /usr/bin/python3 ~/.vscode/extensions/ms-python.python-2020.5.86806/pythonFiles/pyvsc-run-isolated.py -c "import sys;print(sys.executable)"
> /usr/bin/python3 ~/.vscode/extensions/ms-python.python-2020.5.86806/pythonFiles/pyvsc-run-isolated.py -c "import sys;print(sys.executable)"
> /usr/bin/python3 ~/.vscode/extensions/ms-python.python-2020.5.86806/pythonFiles/pyvsc-run-isolated.py -c "import sys;print(sys.executable)"
> /usr/bin/python3 ~/.vscode/extensions/ms-python.python-2020.5.86806/pythonFiles/pyvsc-run-isolated.py -c "import sys;print(sys.executable)"
> /usr/bin/python3 ~/.vscode/extensions/ms-python.python-2020.5.86806/pythonFiles/pyvsc-run-isolated.py -c "import sys;print(sys.executable)"
> /usr/bin/python3 ~/.vscode/extensions/ms-python.python-2020.5.86806/pythonFiles/pyvsc-run-isolated.py -c "import sys;print(sys.executable)"
> /usr/bin/python3 ~/.vscode/extensions/ms-python.python-2020.5.86806/pythonFiles/pyvsc-run-isolated.py -c "import sys;print(sys.executable)"
> /usr/bin/python3 ~/.vscode/extensions/ms-python.python-2020.5.86806/pythonFiles/pyvsc-run-isolated.py -c "import sys;print(sys.executable)"
> /usr/bin/python3 ~/.vscode/extensions/ms-python.python-2020.5.86806/pythonFiles/pyvsc-run-isolated.py -c "import sys;print(sys.executable)"
> /usr/bin/python3 ~/.vscode/extensions/ms-python.python-2020.5.86806/pythonFiles/pyvsc-run-isolated.py -c "import sys;print(sys.executable)"
> /usr/bin/python3 ~/.vscode/extensions/ms-python.python-2020.5.86806/pythonFiles/pyvsc-run-isolated.py -c "import sys;print(sys.executable)"
> /usr/bin/python3 ~/.vscode/extensions/ms-python.python-2020.5.86806/pythonFiles/pyvsc-run-isolated.py -c "import sys;print(sys.executable)"
> /usr/bin/python3 ~/.vscode/extensions/ms-python.python-2020.5.86806/pythonFiles/pyvsc-run-isolated.py -c "import sys;print(sys.executable)"
> /usr/bin/python3 ~/.vscode/extensions/ms-python.python-2020.5.86806/pythonFiles/pyvsc-run-isolated.py -c "import sys;print(sys.executable)"
> /usr/bin/python3 ~/.vscode/extensions/ms-python.python-2020.5.86806/pythonFiles/pyvsc-run-isolated.py -c "import sys;print(sys.executable)"
> /usr/bin/python3 ~/.vscode/extensions/ms-python.python-2020.5.86806/pythonFiles/pyvsc-run-isolated.py -c "import sys;print(sys.executable)"
> /usr/bin/python3 ~/.vscode/extensions/ms-python.python-2020.5.86806/pythonFiles/pyvsc-run-isolated.py -c "import sys;print(sys.executable)"
> /usr/bin/python3 ~/.vscode/extensions/ms-python.python-2020.5.86806/pythonFiles/pyvsc-run-isolated.py -c "import sys;print(sys.executable)"
> /usr/bin/python3 ~/.vscode/extensions/ms-python.python-2020.5.86806/pythonFiles/pyvsc-run-isolated.py -c "import sys;print(sys.executable)"
> /usr/bin/python3 ~/.vscode/extensions/ms-python.python-2020.5.86806/pythonFiles/pyvsc-run-isolated.py -c "import sys;print(sys.executable)"
> /usr/bin/python3 ~/.vscode/extensions/ms-python.python-2020.5.86806/pythonFiles/pyvsc-run-isolated.py -c "import sys;print(sys.executable)"
> /usr/bin/python3 ~/.vscode/extensions/ms-python.python-2020.5.86806/pythonFiles/pyvsc-run-isolated.py -c "import sys;print(sys.executable)"
> /usr/bin/python3 ~/.vscode/extensions/ms-python.python-2020.5.86806/pythonFiles/pyvsc-run-isolated.py -c "import sys;print(sys.executable)"
> /usr/bin/python3 ~/.vscode/extensions/ms-python.python-2020.5.86806/pythonFiles/pyvsc-run-isolated.py -c "import sys;print(sys.executable)"
> /usr/bin/python3 ~/.vscode/extensions/ms-python.python-2020.5.86806/pythonFiles/pyvsc-run-isolated.py -c "import sys;print(sys.executable)"
> /usr/bin/python3 ~/.vscode/extensions/ms-python.python-2020.5.86806/pythonFiles/pyvsc-run-isolated.py -c "import sys;print(sys.executable)"
> /usr/bin/python3 ~/.vscode/extensions/ms-python.python-2020.5.86806/pythonFiles/pyvsc-run-isolated.py -c "import sys;print(sys.executable)"
> /usr/bin/python3 ~/.vscode/extensions/ms-python.python-2020.5.86806/pythonFiles/pyvsc-run-isolated.py -c "import sys;print(sys.executable)"
> /usr/bin/python3 ~/.vscode/extensions/ms-python.python-2020.5.86806/pythonFiles/pyvsc-run-isolated.py -c "import sys;print(sys.executable)"
> /usr/bin/python3 ~/.vscode/extensions/ms-python.python-2020.5.86806/pythonFiles/pyvsc-run-isolated.py -c "import sys;print(sys.executable)"
> /usr/bin/python3 ~/.vscode/extensions/ms-python.python-2020.5.86806/pythonFiles/pyvsc-run-isolated.py -c "import sys;print(sys.executable)"
> /usr/bin/python3 ~/.vscode/extensions/ms-python.python-2020.5.86806/pythonFiles/pyvsc-run-isolated.py -c "import sys;print(sys.executable)"
> /usr/bin/python3 ~/.vscode/extensions/ms-python.python-2020.5.86806/pythonFiles/pyvsc-run-isolated.py -c "import sys;print(sys.executable)"
> /usr/bin/python3 ~/.vscode/extensions/ms-python.python-2020.5.86806/pythonFiles/pyvsc-run-isolated.py -c "import sys;print(sys.executable)"
> /usr/bin/python3 ~/.vscode/extensions/ms-python.python-2020.5.86806/pythonFiles/pyvsc-run-isolated.py -c "import sys;print(sys.executable)"
> /usr/bin/python3 ~/.vscode/extensions/ms-python.python-2020.5.86806/pythonFiles/pyvsc-run-isolated.py -c "import sys;print(sys.executable)"
> /usr/bin/python3 ~/.vscode/extensions/ms-python.python-2020.5.86806/pythonFiles/pyvsc-run-isolated.py -c "import sys;print(sys.executable)"
> /usr/bin/python3 ~/.vscode/extensions/ms-python.python-2020.5.86806/pythonFiles/pyvsc-run-isolated.py -c "import sys;print(sys.executable)"
> /usr/bin/python3 ~/.vscode/extensions/ms-python.python-2020.5.86806/pythonFiles/pyvsc-run-isolated.py -c "import sys;print(sys.executable)"
> /usr/bin/python3 ~/.vscode/extensions/ms-python.python-2020.5.86806/pythonFiles/pyvsc-run-isolated.py -c "import sys;print(sys.executable)"
> /usr/bin/python3 ~/.vscode/extensions/ms-python.python-2020.5.86806/pythonFiles/pyvsc-run-isolated.py -c "import sys;print(sys.executable)"
> /usr/bin/python3 ~/.vscode/extensions/ms-python.python-2020.5.86806/pythonFiles/pyvsc-run-isolated.py -c "import sys;print(sys.executable)"
> /usr/bin/python3 ~/.vscode/extensions/ms-python.python-2020.5.86806/pythonFiles/pyvsc-run-isolated.py -c "import sys;print(sys.executable)"
> /usr/bin/python3 ~/.vscode/extensions/ms-python.python-2020.5.86806/pythonFiles/pyvsc-run-isolated.py -c "import sys;print(sys.executable)"
> /usr/bin/python3 ~/.vscode/extensions/ms-python.python-2020.5.86806/pythonFiles/pyvsc-run-isolated.py -c "import sys;print(sys.executable)"
> /usr/bin/python3 ~/.vscode/extensions/ms-python.python-2020.5.86806/pythonFiles/pyvsc-run-isolated.py -c "import sys;print(sys.executable)"
> /usr/bin/python3 ~/.vscode/extensions/ms-python.python-2020.5.86806/pythonFiles/pyvsc-run-isolated.py -c "import sys;print(sys.executable)"
> /usr/bin/python3 ~/.vscode/extensions/ms-python.python-2020.5.86806/pythonFiles/pyvsc-run-isolated.py -c "import sys;print(sys.executable)"
> /usr/bin/python3 ~/.vscode/extensions/ms-python.python-2020.5.86806/pythonFiles/pyvsc-run-isolated.py -c "import sys;print(sys.executable)"
> /usr/bin/python3 ~/.vscode/extensions/ms-python.python-2020.5.86806/pythonFiles/pyvsc-run-isolated.py -c "import sys;print(sys.executable)"
> /usr/bin/python3 ~/.vscode/extensions/ms-python.python-2020.5.86806/pythonFiles/pyvsc-run-isolated.py -c "import sys;print(sys.executable)"
> /usr/bin/python3 ~/.vscode/extensions/ms-python.python-2020.5.86806/pythonFiles/pyvsc-run-isolated.py -c "import sys;print(sys.executable)"
> /usr/bin/python3 ~/.vscode/extensions/ms-python.python-2020.5.86806/pythonFiles/pyvsc-run-isolated.py -c "import sys;print(sys.executable)"
> /usr/bin/python3 ~/.vscode/extensions/ms-python.python-2020.5.86806/pythonFiles/pyvsc-run-isolated.py -c "import sys;print(sys.executable)"
> /usr/bin/python3 ~/.vscode/extensions/ms-python.python-2020.5.86806/pythonFiles/pyvsc-run-isolated.py -c "import sys;print(sys.executable)"
> /usr/bin/python3 ~/.vscode/extensions/ms-python.python-2020.5.86806/pythonFiles/pyvsc-run-isolated.py -c "import sys;print(sys.executable)"
> /usr/bin/python3 ~/.vscode/extensions/ms-python.python-2020.5.86806/pythonFiles/pyvsc-run-isolated.py -c "import sys;print(sys.executable)"
> /usr/bin/python3 ~/.vscode/extensions/ms-python.python-2020.5.86806/pythonFiles/pyvsc-run-isolated.py -c "import sys;print(sys.executable)"
> /usr/bin/python3 ~/.vscode/extensions/ms-python.python-2020.5.86806/pythonFiles/pyvsc-run-isolated.py -c "import sys;print(sys.executable)"
> /usr/bin/python3 ~/.vscode/extensions/ms-python.python-2020.5.86806/pythonFiles/pyvsc-run-isolated.py -c "import sys;print(sys.executable)"
> /usr/bin/python3 ~/.vscode/extensions/ms-python.python-2020.5.86806/pythonFiles/pyvsc-run-isolated.py flake8 --format=%(row)d,%(col)d,%(code).1s,%(code)s:%(text)s ~/Documents/aerodisk/engine2/var/www/engine/bin/NETWORK/controllers/phys.py
cwd: ~/Documents/aerodisk/engine2
> /usr/bin/python3 ~/.vscode/extensions/ms-python.python-2020.5.86806/pythonFiles/pyvsc-run-isolated.py flake8 --format=%(row)d,%(col)d,%(code).1s,%(code)s:%(text)s ~/Documents/aerodisk/engine2/var/www/engine/bin/NETWORK/controllers/phys.py
cwd: ~/Documents/aerodisk/engine2
> /usr/bin/python3 ~/.vscode/extensions/ms-python.python-2020.5.86806/pythonFiles/pyvsc-run-isolated.py -c "import sys;print(sys.executable)"
##########Linting Output - flake8##########
10,1,F,F811:redefinition of unused 'AeroResponse' from line 8
10,1,F,F811:redefinition of unused 'writeLog' from line 8
10,1,F,F811:redefinition of unused 'python_logger' from line 8
10,80,E,E501:line too long (94 > 79 characters)
22,13,E,E722:do not use bare 'except'
49,80,E,E501:line too long (83 > 79 characters)
51,80,E,E501:line too long (101 > 79 characters)
53,80,E,E501:line too long (86 > 79 characters)
54,80,E,E501:line too long (121 > 79 characters)
57,80,E,E501:line too long (84 > 79 characters)
65,80,E,E501:line too long (162 > 79 characters)
66,80,E,E501:line too long (92 > 79 characters)
68,80,E,E501:line too long (189 > 79 characters)
68,85,F,F524:'...'.format(...) is missing argument(s) for placeholder(s): 4
69,80,E,E501:line too long (125 > 79 characters)
78,31,F,F821:undefined name 'options'
80,80,E,E501:line too long (112 > 79 characters)
83,5,E,E722:do not use bare 'except'
84,80,E,E501:line too long (113 > 79 characters)
110,80,E,E501:line too long (83 > 79 characters)
112,80,E,E501:line too long (82 > 79 characters)
113,80,E,E501:line too long (148 > 79 characters)
113,108,F,F821:undefined name 'NETWORK_UBUNTU_PATH'
114,80,E,E501:line too long (89 > 79 characters)
117,5,E,E722:do not use bare 'except'
118,80,E,E501:line too long (103 > 79 characters)
123,53,W,W291:trailing whitespace
125,13,W,W291:trailing whitespace
129,80,E,E501:line too long (138 > 79 characters)
141,80,E,E501:line too long (83 > 79 characters)
156,80,E,E501:line too long (99 > 79 characters)
156,100,W,W291:trailing whitespace
157,80,E,E501:line too long (89 > 79 characters)
157,90,W,W291:trailing whitespace
170,80,E,E501:line too long (80 > 79 characters)
171,50,W,W291:trailing whitespace
179,31,W,W291:trailing whitespace
190,80,E,E501:line too long (268 > 79 characters)
194,80,E,E501:line too long (307 > 79 characters)
209,80,E,E501:line too long (88 > 79 characters)
219,19,W,W291:trailing whitespace
246,51,W,W292:no newline at end of file
> /usr/bin/python3 ~/.vscode/extensions/ms-python.python-2020.5.86806/pythonFiles/pyvsc-run-isolated.py -c "import sys;print(sys.executable)"
> /usr/bin/python3 ~/.vscode/extensions/ms-python.python-2020.5.86806/pythonFiles/pyvsc-run-isolated.py -c "import sys;print(sys.executable)"
> /usr/bin/python3 ~/.vscode/extensions/ms-python.python-2020.5.86806/pythonFiles/pyvsc-run-isolated.py -c "import sys;print(sys.executable)"
> /usr/bin/python3 ~/.vscode/extensions/ms-python.python-2020.5.86806/pythonFiles/pyvsc-run-isolated.py flake8 --format=%(row)d,%(col)d,%(code).1s,%(code)s:%(text)s ~/Documents/aerodisk/engine2/var/www/engine/bin/NETWORK/controllers/phys.py
cwd: ~/Documents/aerodisk/engine2
> /usr/bin/python3 ~/.vscode/extensions/ms-python.python-2020.5.86806/pythonFiles/pyvsc-run-isolated.py flake8 --format=%(row)d,%(col)d,%(code).1s,%(code)s:%(text)s ~/Documents/aerodisk/engine2/var/www/engine/bin/NETWORK/controllers/phys.py
cwd: ~/Documents/aerodisk/engine2
> /usr/bin/python3 ~/.vscode/extensions/ms-python.python-2020.5.86806/pythonFiles/pyvsc-run-isolated.py -c "import sys;print(sys.executable)"
##########Linting Output - flake8##########
10,1,F,F811:redefinition of unused 'AeroResponse' from line 8
10,1,F,F811:redefinition of unused 'writeLog' from line 8
10,1,F,F811:redefinition of unused 'python_logger' from line 8
10,80,E,E501:line too long (94 > 79 characters)
22,13,E,E722:do not use bare 'except'
49,80,E,E501:line too long (83 > 79 characters)
51,80,E,E501:line too long (101 > 79 characters)
53,80,E,E501:line too long (86 > 79 characters)
54,80,E,E501:line too long (121 > 79 characters)
57,80,E,E501:line too long (84 > 79 characters)
65,80,E,E501:line too long (162 > 79 characters)
66,80,E,E501:line too long (92 > 79 characters)
68,80,E,E501:line too long (189 > 79 characters)
68,85,F,F524:'...'.format(...) is missing argument(s) for placeholder(s): 4
69,80,E,E501:line too long (125 > 79 characters)
80,80,E,E501:line too long (112 > 79 characters)
83,5,E,E722:do not use bare 'except'
84,80,E,E501:line too long (113 > 79 characters)
110,80,E,E501:line too long (83 > 79 characters)
112,80,E,E501:line too long (82 > 79 characters)
113,80,E,E501:line too long (148 > 79 characters)
113,108,F,F821:undefined name 'NETWORK_UBUNTU_PATH'
114,80,E,E501:line too long (89 > 79 characters)
117,5,E,E722:do not use bare 'except'
118,80,E,E501:line too long (103 > 79 characters)
123,53,W,W291:trailing whitespace
125,13,W,W291:trailing whitespace
129,80,E,E501:line too long (138 > 79 characters)
141,80,E,E501:line too long (83 > 79 characters)
156,80,E,E501:line too long (99 > 79 characters)
156,100,W,W291:trailing whitespace
157,80,E,E501:line too long (89 > 79 characters)
157,90,W,W291:trailing whitespace
170,80,E,E501:line too long (80 > 79 characters)
171,50,W,W291:trailing whitespace
179,31,W,W291:trailing whitespace
190,80,E,E501:line too long (268 > 79 characters)
194,80,E,E501:line too long (307 > 79 characters)
209,80,E,E501:line too long (88 > 79 characters)
219,19,W,W291:trailing whitespace
246,51,W,W292:no newline at end of file
> /usr/bin/python3 ~/.vscode/extensions/ms-python.python-2020.5.86806/pythonFiles/pyvsc-run-isolated.py flake8 --format=%(row)d,%(col)d,%(code).1s,%(code)s:%(text)s ~/Documents/aerodisk/engine2/var/www/engine/bin/NETWORK/controllers/phys.py
cwd: ~/Documents/aerodisk/engine2
> /usr/bin/python3 ~/.vscode/extensions/ms-python.python-2020.5.86806/pythonFiles/pyvsc-run-isolated.py flake8 --format=%(row)d,%(col)d,%(code).1s,%(code)s:%(text)s ~/Documents/aerodisk/engine2/var/www/engine/bin/NETWORK/controllers/phys.py
cwd: ~/Documents/aerodisk/engine2
> /usr/bin/python3 ~/.vscode/extensions/ms-python.python-2020.5.86806/pythonFiles/pyvsc-run-isolated.py -c "import sys;print(sys.executable)"
##########Linting Output - flake8##########
10,1,F,F811:redefinition of unused 'AeroResponse' from line 8
10,1,F,F811:redefinition of unused 'writeLog' from line 8
10,1,F,F811:redefinition of unused 'python_logger' from line 8
10,80,E,E501:line too long (94 > 79 characters)
22,13,E,E722:do not use bare 'except'
49,80,E,E501:line too long (83 > 79 characters)
51,80,E,E501:line too long (101 > 79 characters)
53,80,E,E501:line too long (86 > 79 characters)
54,80,E,E501:line too long (121 > 79 characters)
57,80,E,E501:line too long (84 > 79 characters)
65,80,E,E501:line too long (162 > 79 characters)
66,80,E,E501:line too long (92 > 79 characters)
68,80,E,E501:line too long (189 > 79 characters)
68,85,F,F524:'...'.format(...) is missing argument(s) for placeholder(s): 4
69,80,E,E501:line too long (125 > 79 characters)
80,80,E,E501:line too long (112 > 79 characters)
83,5,E,E722:do not use bare 'except'
84,80,E,E501:line too long (113 > 79 characters)
110,80,E,E501:line too long (83 > 79 characters)
112,80,E,E501:line too long (82 > 79 characters)
113,80,E,E501:line too long (148 > 79 characters)
113,108,F,F821:undefined name 'NETWORK_UBUNTU_PATH'
114,80,E,E501:line too long (89 > 79 characters)
117,5,E,E722:do not use bare 'except'
118,80,E,E501:line too long (103 > 79 characters)
123,53,W,W291:trailing whitespace
125,13,W,W291:trailing whitespace
129,80,E,E501:line too long (138 > 79 characters)
141,80,E,E501:line too long (83 > 79 characters)
156,80,E,E501:line too long (99 > 79 characters)
156,100,W,W291:trailing whitespace
157,80,E,E501:line too long (89 > 79 characters)
157,90,W,W291:trailing whitespace
170,80,E,E501:line too long (80 > 79 characters)
171,50,W,W291:trailing whitespace
179,31,W,W291:trailing whitespace
190,80,E,E501:line too long (268 > 79 characters)
194,80,E,E501:line too long (307 > 79 characters)
209,80,E,E501:line too long (88 > 79 characters)
219,19,W,W291:trailing whitespace
246,51,W,W292:no newline at end of file
> /usr/bin/python3 ~/.vscode/extensions/ms-python.python-2020.5.86806/pythonFiles/pyvsc-run-isolated.py -c "import sys;print(sys.executable)"
> /usr/bin/python3 ~/.vscode/extensions/ms-python.python-2020.5.86806/pythonFiles/pyvsc-run-isolated.py -c "import sys;print(sys.executable)"
> /usr/bin/python3 ~/.vscode/extensions/ms-python.python-2020.5.86806/pythonFiles/pyvsc-run-isolated.py -c "import sys;print(sys.executable)"
> /usr/bin/python3 ~/.vscode/extensions/ms-python.python-2020.5.86806/pythonFiles/pyvsc-run-isolated.py -c "import sys;print(sys.executable)"
> /usr/bin/python3 ~/.vscode/extensions/ms-python.python-2020.5.86806/pythonFiles/pyvsc-run-isolated.py -c "import sys;print(sys.executable)"
> /usr/bin/python3 ~/.vscode/extensions/ms-python.python-2020.5.86806/pythonFiles/pyvsc-run-isolated.py -c "import sys;print(sys.executable)"
> /usr/bin/python3 ~/.vscode/extensions/ms-python.python-2020.5.86806/pythonFiles/pyvsc-run-isolated.py -c "import sys;print(sys.executable)"
> /usr/bin/python3 ~/.vscode/extensions/ms-python.python-2020.5.86806/pythonFiles/pyvsc-run-isolated.py -c "import sys;print(sys.executable)"
> /usr/bin/python3 ~/.vscode/extensions/ms-python.python-2020.5.86806/pythonFiles/pyvsc-run-isolated.py -c "import sys;print(sys.executable)"
> /usr/bin/python3 ~/.vscode/extensions/ms-python.python-2020.5.86806/pythonFiles/pyvsc-run-isolated.py -c "import sys;print(sys.executable)"
> /usr/bin/python3 ~/.vscode/extensions/ms-python.python-2020.5.86806/pythonFiles/pyvsc-run-isolated.py -c "import sys;print(sys.executable)"
> /usr/bin/python3 ~/.vscode/extensions/ms-python.python-2020.5.86806/pythonFiles/pyvsc-run-isolated.py -c "import sys;print(sys.executable)"
> /usr/bin/python3 ~/.vscode/extensions/ms-python.python-2020.5.86806/pythonFiles/pyvsc-run-isolated.py -c "import sys;print(sys.executable)"
> /usr/bin/python3 ~/.vscode/extensions/ms-python.python-2020.5.86806/pythonFiles/pyvsc-run-isolated.py -c "import sys;print(sys.executable)"
> /usr/bin/python3 ~/.vscode/extensions/ms-python.python-2020.5.86806/pythonFiles/pyvsc-run-isolated.py -c "import sys;print(sys.executable)"
> /usr/bin/python3 ~/.vscode/extensions/ms-python.python-2020.5.86806/pythonFiles/pyvsc-run-isolated.py -c "import sys;print(sys.executable)"
> /usr/bin/python3 ~/.vscode/extensions/ms-python.python-2020.5.86806/pythonFiles/pyvsc-run-isolated.py -c "import sys;print(sys.executable)"
> /usr/bin/python3 ~/.vscode/extensions/ms-python.python-2020.5.86806/pythonFiles/pyvsc-run-isolated.py -c "import sys;print(sys.executable)"
> /usr/bin/python3 ~/.vscode/extensions/ms-python.python-2020.5.86806/pythonFiles/pyvsc-run-isolated.py -c "import sys;print(sys.executable)"
> /usr/bin/python3 ~/.vscode/extensions/ms-python.python-2020.5.86806/pythonFiles/pyvsc-run-isolated.py -c "import sys;print(sys.executable)"
> /usr/bin/python3 ~/.vscode/extensions/ms-python.python-2020.5.86806/pythonFiles/pyvsc-run-isolated.py -c "import sys;print(sys.executable)"
> /usr/bin/python3 ~/.vscode/extensions/ms-python.python-2020.5.86806/pythonFiles/pyvsc-run-isolated.py -c "import sys;print(sys.executable)"
> /usr/bin/python3 ~/.vscode/extensions/ms-python.python-2020.5.86806/pythonFiles/pyvsc-run-isolated.py -c "import sys;print(sys.executable)"
> /usr/bin/python3 ~/.vscode/extensions/ms-python.python-2020.5.86806/pythonFiles/pyvsc-run-isolated.py -c "import sys;print(sys.executable)"
> /usr/bin/python3 ~/.vscode/extensions/ms-python.python-2020.5.86806/pythonFiles/pyvsc-run-isolated.py -c "import sys;print(sys.executable)"
> /usr/bin/python3 ~/.vscode/extensions/ms-python.python-2020.5.86806/pythonFiles/pyvsc-run-isolated.py -c "import sys;print(sys.executable)"
> /usr/bin/python3 ~/.vscode/extensions/ms-python.python-2020.5.86806/pythonFiles/pyvsc-run-isolated.py flake8 --format=%(row)d,%(col)d,%(code).1s,%(code)s:%(text)s ~/Documents/aerodisk/engine2/var/www/engine/bin/NETWORK/controllers/phys.py
cwd: ~/Documents/aerodisk/engine2
> /usr/bin/python3 ~/.vscode/extensions/ms-python.python-2020.5.86806/pythonFiles/pyvsc-run-isolated.py flake8 --format=%(row)d,%(col)d,%(code).1s,%(code)s:%(text)s ~/Documents/aerodisk/engine2/var/www/engine/bin/NETWORK/controllers/phys.py
cwd: ~/Documents/aerodisk/engine2
> /usr/bin/python3 ~/.vscode/extensions/ms-python.python-2020.5.86806/pythonFiles/pyvsc-run-isolated.py -c "import sys;print(sys.executable)"
##########Linting Output - flake8##########
10,1,F,F811:redefinition of unused 'AeroResponse' from line 8
10,1,F,F811:redefinition of unused 'writeLog' from line 8
10,1,F,F811:redefinition of unused 'python_logger' from line 8
10,80,E,E501:line too long (94 > 79 characters)
22,13,E,E722:do not use bare 'except'
49,80,E,E501:line too long (83 > 79 characters)
51,80,E,E501:line too long (101 > 79 characters)
53,80,E,E501:line too long (86 > 79 characters)
54,80,E,E501:line too long (121 > 79 characters)
57,80,E,E501:line too long (84 > 79 characters)
65,80,E,E501:line too long (162 > 79 characters)
66,80,E,E501:line too long (92 > 79 characters)
68,80,E,E501:line too long (189 > 79 characters)
68,85,F,F524:'...'.format(...) is missing argument(s) for placeholder(s): 4
69,80,E,E501:line too long (125 > 79 characters)
82,80,E,E501:line too long (112 > 79 characters)
85,5,E,E722:do not use bare 'except'
86,80,E,E501:line too long (113 > 79 characters)
112,80,E,E501:line too long (83 > 79 characters)
114,80,E,E501:line too long (82 > 79 characters)
115,80,E,E501:line too long (148 > 79 characters)
115,108,F,F821:undefined name 'NETWORK_UBUNTU_PATH'
116,80,E,E501:line too long (89 > 79 characters)
119,5,E,E722:do not use bare 'except'
120,80,E,E501:line too long (103 > 79 characters)
125,53,W,W291:trailing whitespace
127,13,W,W291:trailing whitespace
131,80,E,E501:line too long (138 > 79 characters)
143,80,E,E501:line too long (83 > 79 characters)
158,80,E,E501:line too long (99 > 79 characters)
158,100,W,W291:trailing whitespace
159,80,E,E501:line too long (89 > 79 characters)
159,90,W,W291:trailing whitespace
172,80,E,E501:line too long (80 > 79 characters)
173,50,W,W291:trailing whitespace
181,31,W,W291:trailing whitespace
192,80,E,E501:line too long (268 > 79 characters)
196,80,E,E501:line too long (307 > 79 characters)
211,80,E,E501:line too long (88 > 79 characters)
221,19,W,W291:trailing whitespace
248,51,W,W292:no newline at end of file
> /usr/bin/python3 ~/.vscode/extensions/ms-python.python-2020.5.86806/pythonFiles/pyvsc-run-isolated.py -c "import sys;print(sys.executable)"
> /usr/bin/python3 ~/.vscode/extensions/ms-python.python-2020.5.86806/pythonFiles/pyvsc-run-isolated.py -c "import sys;print(sys.executable)"
> /usr/bin/python3 ~/.vscode/extensions/ms-python.python-2020.5.86806/pythonFiles/pyvsc-run-isolated.py -c "import sys;print(sys.executable)"
> /usr/bin/python3 ~/.vscode/extensions/ms-python.python-2020.5.86806/pythonFiles/pyvsc-run-isolated.py -c "import sys;print(sys.executable)"
> /usr/bin/python3 ~/.vscode/extensions/ms-python.python-2020.5.86806/pythonFiles/pyvsc-run-isolated.py flake8 --format=%(row)d,%(col)d,%(code).1s,%(code)s:%(text)s ~/Documents/aerodisk/engine2/var/www/engine/bin/NETWORK/controllers/phys.py
cwd: ~/Documents/aerodisk/engine2
> /usr/bin/python3 ~/.vscode/extensions/ms-python.python-2020.5.86806/pythonFiles/pyvsc-run-isolated.py flake8 --format=%(row)d,%(col)d,%(code).1s,%(code)s:%(text)s ~/Documents/aerodisk/engine2/var/www/engine/bin/NETWORK/controllers/phys.py
cwd: ~/Documents/aerodisk/engine2
> /usr/bin/python3 ~/.vscode/extensions/ms-python.python-2020.5.86806/pythonFiles/pyvsc-run-isolated.py -c "import sys;print(sys.executable)"
##########Linting Output - flake8##########
10,1,F,F811:redefinition of unused 'AeroResponse' from line 8
10,1,F,F811:redefinition of unused 'writeLog' from line 8
10,1,F,F811:redefinition of unused 'python_logger' from line 8
10,80,E,E501:line too long (94 > 79 characters)
22,13,E,E722:do not use bare 'except'
49,80,E,E501:line too long (83 > 79 characters)
51,80,E,E501:line too long (101 > 79 characters)
53,80,E,E501:line too long (86 > 79 characters)
54,80,E,E501:line too long (121 > 79 characters)
57,80,E,E501:line too long (84 > 79 characters)
65,80,E,E501:line too long (162 > 79 characters)
66,80,E,E501:line too long (92 > 79 characters)
68,80,E,E501:line too long (189 > 79 characters)
68,85,F,F524:'...'.format(...) is missing argument(s) for placeholder(s): 4
69,80,E,E501:line too long (125 > 79 characters)
78,80,E,E501:line too long (112 > 79 characters)
81,5,E,E722:do not use bare 'except'
82,80,E,E501:line too long (113 > 79 characters)
108,80,E,E501:line too long (83 > 79 characters)
110,80,E,E501:line too long (82 > 79 characters)
111,80,E,E501:line too long (148 > 79 characters)
111,108,F,F821:undefined name 'NETWORK_UBUNTU_PATH'
112,80,E,E501:line too long (89 > 79 characters)
115,5,E,E722:do not use bare 'except'
116,80,E,E501:line too long (103 > 79 characters)
121,53,W,W291:trailing whitespace
123,13,W,W291:trailing whitespace
127,80,E,E501:line too long (138 > 79 characters)
139,80,E,E501:line too long (83 > 79 characters)
154,80,E,E501:line too long (99 > 79 characters)
154,100,W,W291:trailing whitespace
155,80,E,E501:line too long (89 > 79 characters)
155,90,W,W291:trailing whitespace
168,80,E,E501:line too long (80 > 79 characters)
169,50,W,W291:trailing whitespace
177,31,W,W291:trailing whitespace
188,80,E,E501:line too long (268 > 79 characters)
192,80,E,E501:line too long (307 > 79 characters)
207,80,E,E501:line too long (88 > 79 characters)
217,19,W,W291:trailing whitespace
244,51,W,W292:no newline at end of file
> /usr/bin/python3 ~/.vscode/extensions/ms-python.python-2020.5.86806/pythonFiles/pyvsc-run-isolated.py flake8 --format=%(row)d,%(col)d,%(code).1s,%(code)s:%(text)s ~/Documents/aerodisk/engine2/var/www/engine/bin/NETWORK/controllers/phys.py
cwd: ~/Documents/aerodisk/engine2
> /usr/bin/python3 ~/.vscode/extensions/ms-python.python-2020.5.86806/pythonFiles/pyvsc-run-isolated.py flake8 --format=%(row)d,%(col)d,%(code).1s,%(code)s:%(text)s ~/Documents/aerodisk/engine2/var/www/engine/bin/NETWORK/controllers/phys.py
cwd: ~/Documents/aerodisk/engine2
> /usr/bin/python3 ~/.vscode/extensions/ms-python.python-2020.5.86806/pythonFiles/pyvsc-run-isolated.py -c "import sys;print(sys.executable)"
##########Linting Output - flake8##########
10,1,F,F811:redefinition of unused 'AeroResponse' from line 8
10,1,F,F811:redefinition of unused 'writeLog' from line 8
10,1,F,F811:redefinition of unused 'python_logger' from line 8
10,80,E,E501:line too long (94 > 79 characters)
22,13,E,E722:do not use bare 'except'
49,80,E,E501:line too long (83 > 79 characters)
51,80,E,E501:line too long (101 > 79 characters)
53,80,E,E501:line too long (86 > 79 characters)
54,80,E,E501:line too long (121 > 79 characters)
57,80,E,E501:line too long (84 > 79 characters)
65,80,E,E501:line too long (162 > 79 characters)
66,80,E,E501:line too long (92 > 79 characters)
68,80,E,E501:line too long (189 > 79 characters)
68,85,F,F524:'...'.format(...) is missing argument(s) for placeholder(s): 4
69,80,E,E501:line too long (125 > 79 characters)
78,80,E,E501:line too long (112 > 79 characters)
81,5,E,E722:do not use bare 'except'
82,80,E,E501:line too long (113 > 79 characters)
108,80,E,E501:line too long (83 > 79 characters)
110,80,E,E501:line too long (82 > 79 characters)
111,80,E,E501:line too long (148 > 79 characters)
111,108,F,F821:undefined name 'NETWORK_UBUNTU_PATH'
112,80,E,E501:line too long (89 > 79 characters)
115,5,E,E722:do not use bare 'except'
116,80,E,E501:line too long (103 > 79 characters)
121,53,W,W291:trailing whitespace
123,13,W,W291:trailing whitespace
127,80,E,E501:line too long (138 > 79 characters)
139,80,E,E501:line too long (83 > 79 characters)
154,80,E,E501:line too long (99 > 79 characters)
154,100,W,W291:trailing whitespace
155,80,E,E501:line too long (89 > 79 characters)
155,90,W,W291:trailing whitespace
168,80,E,E501:line too long (80 > 79 characters)
169,50,W,W291:trailing whitespace
177,31,W,W291:trailing whitespace
188,80,E,E501:line too long (268 > 79 characters)
192,80,E,E501:line too long (307 > 79 characters)
207,80,E,E501:line too long (88 > 79 characters)
217,19,W,W291:trailing whitespace
244,51,W,W292:no newline at end of file
> /usr/bin/python3 ~/.vscode/extensions/ms-python.python-2020.5.86806/pythonFiles/pyvsc-run-isolated.py -c "import sys;print(sys.executable)"
> /usr/bin/python3 ~/.vscode/extensions/ms-python.python-2020.5.86806/pythonFiles/pyvsc-run-isolated.py -c "import sys;print(sys.executable)"
> /usr/bin/python3 ~/.vscode/extensions/ms-python.python-2020.5.86806/pythonFiles/pyvsc-run-isolated.py flake8 --format=%(row)d,%(col)d,%(code).1s,%(code)s:%(text)s ~/Documents/aerodisk/engine2/var/www/engine/bin/NETWORK/controllers/phys.py
cwd: ~/Documents/aerodisk/engine2
> /usr/bin/python3 ~/.vscode/extensions/ms-python.python-2020.5.86806/pythonFiles/pyvsc-run-isolated.py flake8 --format=%(row)d,%(col)d,%(code).1s,%(code)s:%(text)s ~/Documents/aerodisk/engine2/var/www/engine/bin/NETWORK/controllers/phys.py
cwd: ~/Documents/aerodisk/engine2
> /usr/bin/python3 ~/.vscode/extensions/ms-python.python-2020.5.86806/pythonFiles/pyvsc-run-isolated.py -c "import sys;print(sys.executable)"
##########Linting Output - flake8##########
10,1,F,F811:redefinition of unused 'AeroResponse' from line 8
10,1,F,F811:redefinition of unused 'writeLog' from line 8
10,1,F,F811:redefinition of unused 'python_logger' from line 8
10,80,E,E501:line too long (94 > 79 characters)
22,13,E,E722:do not use bare 'except'
49,80,E,E501:line too long (83 > 79 characters)
51,80,E,E501:line too long (101 > 79 characters)
53,80,E,E501:line too long (86 > 79 characters)
54,80,E,E501:line too long (121 > 79 characters)
57,80,E,E501:line too long (86 > 79 characters)
65,80,E,E501:line too long (162 > 79 characters)
66,80,E,E501:line too long (92 > 79 characters)
68,80,E,E501:line too long (189 > 79 characters)
68,85,F,F524:'...'.format(...) is missing argument(s) for placeholder(s): 4
69,80,E,E501:line too long (125 > 79 characters)
78,80,E,E501:line too long (112 > 79 characters)
81,5,E,E722:do not use bare 'except'
82,80,E,E501:line too long (113 > 79 characters)
108,80,E,E501:line too long (83 > 79 characters)
110,80,E,E501:line too long (82 > 79 characters)
111,80,E,E501:line too long (148 > 79 characters)
111,108,F,F821:undefined name 'NETWORK_UBUNTU_PATH'
112,80,E,E501:line too long (89 > 79 characters)
115,5,E,E722:do not use bare 'except'
116,80,E,E501:line too long (103 > 79 characters)
121,53,W,W291:trailing whitespace
123,13,W,W291:trailing whitespace
127,80,E,E501:line too long (138 > 79 characters)
139,80,E,E501:line too long (83 > 79 characters)
154,80,E,E501:line too long (99 > 79 characters)
154,100,W,W291:trailing whitespace
155,80,E,E501:line too long (89 > 79 characters)
155,90,W,W291:trailing whitespace
168,80,E,E501:line too long (80 > 79 characters)
169,50,W,W291:trailing whitespace
177,31,W,W291:trailing whitespace
188,80,E,E501:line too long (268 > 79 characters)
192,80,E,E501:line too long (307 > 79 characters)
207,80,E,E501:line too long (88 > 79 characters)
217,19,W,W291:trailing whitespace
244,51,W,W292:no newline at end of file
> /usr/bin/python3 ~/.vscode/extensions/ms-python.python-2020.5.86806/pythonFiles/pyvsc-run-isolated.py flake8 --format=%(row)d,%(col)d,%(code).1s,%(code)s:%(text)s ~/Documents/aerodisk/engine2/var/www/engine/bin/NETWORK/controllers/phys.py
cwd: ~/Documents/aerodisk/engine2
> /usr/bin/python3 ~/.vscode/extensions/ms-python.python-2020.5.86806/pythonFiles/pyvsc-run-isolated.py flake8 --format=%(row)d,%(col)d,%(code).1s,%(code)s:%(text)s ~/Documents/aerodisk/engine2/var/www/engine/bin/NETWORK/controllers/phys.py
cwd: ~/Documents/aerodisk/engine2
> /usr/bin/python3 ~/.vscode/extensions/ms-python.python-2020.5.86806/pythonFiles/pyvsc-run-isolated.py -c "import sys;print(sys.executable)"
##########Linting Output - flake8##########
10,1,F,F811:redefinition of unused 'AeroResponse' from line 8
10,1,F,F811:redefinition of unused 'writeLog' from line 8
10,1,F,F811:redefinition of unused 'python_logger' from line 8
10,80,E,E501:line too long (94 > 79 characters)
22,13,E,E722:do not use bare 'except'
49,80,E,E501:line too long (83 > 79 characters)
51,80,E,E501:line too long (101 > 79 characters)
53,80,E,E501:line too long (86 > 79 characters)
54,80,E,E501:line too long (121 > 79 characters)
57,80,E,E501:line too long (86 > 79 characters)
65,80,E,E501:line too long (162 > 79 characters)
66,80,E,E501:line too long (92 > 79 characters)
68,80,E,E501:line too long (189 > 79 characters)
68,85,F,F524:'...'.format(...) is missing argument(s) for placeholder(s): 4
69,80,E,E501:line too long (125 > 79 characters)
78,80,E,E501:line too long (112 > 79 characters)
81,5,E,E722:do not use bare 'except'
82,80,E,E501:line too long (113 > 79 characters)
108,80,E,E501:line too long (83 > 79 characters)
110,80,E,E501:line too long (82 > 79 characters)
111,80,E,E501:line too long (148 > 79 characters)
111,108,F,F821:undefined name 'NETWORK_UBUNTU_PATH'
112,80,E,E501:line too long (89 > 79 characters)
115,5,E,E722:do not use bare 'except'
116,80,E,E501:line too long (103 > 79 characters)
121,53,W,W291:trailing whitespace
123,13,W,W291:trailing whitespace
127,80,E,E501:line too long (138 > 79 characters)
139,80,E,E501:line too long (83 > 79 characters)
154,80,E,E501:line too long (99 > 79 characters)
154,100,W,W291:trailing whitespace
155,80,E,E501:line too long (89 > 79 characters)
155,90,W,W291:trailing whitespace
168,80,E,E501:line too long (80 > 79 characters)
169,50,W,W291:trailing whitespace
177,31,W,W291:trailing whitespace
188,80,E,E501:line too long (268 > 79 characters)
192,80,E,E501:line too long (307 > 79 characters)
207,80,E,E501:line too long (88 > 79 characters)
217,19,W,W291:trailing whitespace
244,51,W,W292:no newline at end of file
> /usr/bin/python3 ~/.vscode/extensions/ms-python.python-2020.5.86806/pythonFiles/pyvsc-run-isolated.py flake8 --format=%(row)d,%(col)d,%(code).1s,%(code)s:%(text)s ~/Documents/aerodisk/engine2/var/www/engine/bin/NETWORK/controllers/phys.py
cwd: ~/Documents/aerodisk/engine2
> /usr/bin/python3 ~/.vscode/extensions/ms-python.python-2020.5.86806/pythonFiles/pyvsc-run-isolated.py flake8 --format=%(row)d,%(col)d,%(code).1s,%(code)s:%(text)s ~/Documents/aerodisk/engine2/var/www/engine/bin/NETWORK/controllers/phys.py
cwd: ~/Documents/aerodisk/engine2
> /usr/bin/python3 ~/.vscode/extensions/ms-python.python-2020.5.86806/pythonFiles/pyvsc-run-isolated.py -c "import sys;print(sys.executable)"
##########Linting Output - flake8##########
10,1,F,F811:redefinition of unused 'AeroResponse' from line 8
10,1,F,F811:redefinition of unused 'writeLog' from line 8
10,1,F,F811:redefinition of unused 'python_logger' from line 8
10,80,E,E501:line too long (94 > 79 characters)
22,13,E,E722:do not use bare 'except'
49,80,E,E501:line too long (83 > 79 characters)
51,80,E,E501:line too long (101 > 79 characters)
53,80,E,E501:line too long (86 > 79 characters)
54,80,E,E501:line too long (121 > 79 characters)
57,80,E,E501:line too long (86 > 79 characters)
65,80,E,E501:line too long (162 > 79 characters)
66,80,E,E501:line too long (92 > 79 characters)
68,80,E,E501:line too long (189 > 79 characters)
68,85,F,F524:'...'.format(...) is missing argument(s) for placeholder(s): 4
69,80,E,E501:line too long (125 > 79 characters)
78,80,E,E501:line too long (112 > 79 characters)
81,5,E,E722:do not use bare 'except'
82,80,E,E501:line too long (113 > 79 characters)
108,80,E,E501:line too long (83 > 79 characters)
110,80,E,E501:line too long (82 > 79 characters)
111,80,E,E501:line too long (148 > 79 characters)
111,108,F,F821:undefined name 'NETWORK_UBUNTU_PATH'
112,80,E,E501:line too long (89 > 79 characters)
115,5,E,E722:do not use bare 'except'
116,80,E,E501:line too long (103 > 79 characters)
121,53,W,W291:trailing whitespace
123,13,W,W291:trailing whitespace
127,80,E,E501:line too long (138 > 79 characters)
139,80,E,E501:line too long (83 > 79 characters)
154,80,E,E501:line too long (99 > 79 characters)
154,100,W,W291:trailing whitespace
155,80,E,E501:line too long (89 > 79 characters)
155,90,W,W291:trailing whitespace
168,80,E,E501:line too long (80 > 79 characters)
169,50,W,W291:trailing whitespace
177,31,W,W291:trailing whitespace
188,80,E,E501:line too long (268 > 79 characters)
192,80,E,E501:line too long (307 > 79 characters)
207,80,E,E501:line too long (88 > 79 characters)
217,19,W,W291:trailing whitespace
244,51,W,W292:no newline at end of file
> /usr/bin/python3 ~/.vscode/extensions/ms-python.python-2020.5.86806/pythonFiles/pyvsc-run-isolated.py -c "import sys;print(sys.executable)"
> /usr/bin/python3 ~/.vscode/extensions/ms-python.python-2020.5.86806/pythonFiles/pyvsc-run-isolated.py -c "import sys;print(sys.executable)"
> /usr/bin/python3 ~/.vscode/extensions/ms-python.python-2020.5.86806/pythonFiles/pyvsc-run-isolated.py -c "import sys;print(sys.executable)"
> /usr/bin/python3 ~/.vscode/extensions/ms-python.python-2020.5.86806/pythonFiles/pyvsc-run-isolated.py flake8 --format=%(row)d,%(col)d,%(code).1s,%(code)s:%(text)s ~/Documents/aerodisk/engine2/var/www/engine/bin/NETWORK/controllers/phys.py
cwd: ~/Documents/aerodisk/engine2
> /usr/bin/python3 ~/.vscode/extensions/ms-python.python-2020.5.86806/pythonFiles/pyvsc-run-isolated.py flake8 --format=%(row)d,%(col)d,%(code).1s,%(code)s:%(text)s ~/Documents/aerodisk/engine2/var/www/engine/bin/NETWORK/controllers/phys.py
cwd: ~/Documents/aerodisk/engine2
> /usr/bin/python3 ~/.vscode/extensions/ms-python.python-2020.5.86806/pythonFiles/pyvsc-run-isolated.py -c "import sys;print(sys.executable)"
##########Linting Output - flake8##########
10,1,F,F811:redefinition of unused 'AeroResponse' from line 8
10,1,F,F811:redefinition of unused 'writeLog' from line 8
10,1,F,F811:redefinition of unused 'python_logger' from line 8
10,80,E,E501:line too long (94 > 79 characters)
22,13,E,E722:do not use bare 'except'
49,80,E,E501:line too long (83 > 79 characters)
51,80,E,E501:line too long (101 > 79 characters)
53,80,E,E501:line too long (86 > 79 characters)
54,80,E,E501:line too long (121 > 79 characters)
57,80,E,E501:line too long (86 > 79 characters)
65,80,E,E501:line too long (162 > 79 characters)
66,80,E,E501:line too long (92 > 79 characters)
68,80,E,E501:line too long (189 > 79 characters)
68,85,F,F524:'...'.format(...) is missing argument(s) for placeholder(s): 4
69,80,E,E501:line too long (125 > 79 characters)
78,80,E,E501:line too long (112 > 79 characters)
81,5,E,E722:do not use bare 'except'
82,80,E,E501:line too long (113 > 79 characters)
108,80,E,E501:line too long (83 > 79 characters)
110,80,E,E501:line too long (82 > 79 characters)
111,80,E,E501:line too long (148 > 79 characters)
111,108,F,F821:undefined name 'NETWORK_UBUNTU_PATH'
112,80,E,E501:line too long (89 > 79 characters)
115,5,E,E722:do not use bare 'except'
116,80,E,E501:line too long (103 > 79 characters)
121,53,W,W291:trailing whitespace
123,13,W,W291:trailing whitespace
127,80,E,E501:line too long (138 > 79 characters)
139,80,E,E501:line too long (83 > 79 characters)
154,80,E,E501:line too long (99 > 79 characters)
154,100,W,W291:trailing whitespace
155,80,E,E501:line too long (89 > 79 characters)
155,90,W,W291:trailing whitespace
168,80,E,E501:line too long (80 > 79 characters)
169,50,W,W291:trailing whitespace
177,31,W,W291:trailing whitespace
188,80,E,E501:line too long (268 > 79 characters)
192,80,E,E501:line too long (307 > 79 characters)
207,80,E,E501:line too long (88 > 79 characters)
217,19,W,W291:trailing whitespace
244,51,W,W292:no newline at end of file
> /usr/bin/python3 ~/.vscode/extensions/ms-python.python-2020.5.86806/pythonFiles/pyvsc-run-isolated.py -c "import sys;print(sys.executable)"
> /usr/bin/python3 ~/.vscode/extensions/ms-python.python-2020.5.86806/pythonFiles/pyvsc-run-isolated.py -c "import sys;print(sys.executable)"
> /usr/bin/python3 ~/.vscode/extensions/ms-python.python-2020.5.86806/pythonFiles/pyvsc-run-isolated.py -c "import sys;print(sys.executable)"
