/snap/code/34/usr/share/code/resources/app
[Google Translate]:

 успешно сконфигурирован!
[<============================>]:
successfully configured!

[Google Translate]:

 > /sys/class/net/
[<============================>]:
> /sys/class/net/

[Google Translate]:

sudo ifenslave 
[<============================>]:
sudo ifenslave

[Google Translate]:

w
[<============================>]:
w

[Google Translate]:

                HOST="
[<============================>]:
HOST="

[Google Translate]:

ifenslave 
[<============================>]:
ifenslave

