[2020-06-10 08:15:01.808] [sharedprocess] [info] main {"machineId":"dc9c503f2f4af77e2c73b14cbf0036a8eca2cfa80d5972ff0f03ba697e2a75be","windowId":2}
[2020-06-10 08:15:03.877] [sharedprocess] [info] Deleted from disk ms-python.python /home/matrix/.vscode/extensions/ms-python.python-2020.5.80290
[2020-06-10 08:15:41.945] [sharedprocess] [info] Starting to clean up unused language packs.
[2020-06-11 09:32:29.308] [sharedprocess] [info] Installing extension: eamodio.gitlens
[2020-06-11 09:32:29.311] [sharedprocess] [info] Installing extension: ms-python.python
[2020-06-11 09:32:29.312] [sharedprocess] [info] Installing extension: vangware.dark-plus-material
[2020-06-11 09:32:31.874] [sharedprocess] [info] Downloaded extension: vangware.dark-plus-material /tmp/f8dc56d7-b820-4f03-8feb-71a6b52bcbba
[2020-06-11 09:32:32.477] [sharedprocess] [info] Extracted extension to /home/matrix/.vscode/extensions/.vangware.dark-plus-material-2.2.9: vangware.dark-plus-material
[2020-06-11 09:32:32.478] [sharedprocess] [info] Renamed to /home/matrix/.vscode/extensions/vangware.dark-plus-material-2.2.9
[2020-06-11 09:32:32.486] [sharedprocess] [info] Installation completed. vangware.dark-plus-material
[2020-06-11 09:32:32.526] [sharedprocess] [info] Extensions installed successfully: vangware.dark-plus-material
[2020-06-11 09:32:33.441] [sharedprocess] [info] Downloaded extension: eamodio.gitlens /tmp/2ef60806-f0bd-4e07-bdda-ed509b2aa6a6
[2020-06-11 09:32:35.908] [sharedprocess] [info] Extracted extension to /home/matrix/.vscode/extensions/.eamodio.gitlens-10.2.2: eamodio.gitlens
[2020-06-11 09:32:35.910] [sharedprocess] [info] Renamed to /home/matrix/.vscode/extensions/eamodio.gitlens-10.2.2
[2020-06-11 09:32:35.950] [sharedprocess] [info] Installation completed. eamodio.gitlens
[2020-06-11 09:32:36.006] [sharedprocess] [info] Extensions installed successfully: eamodio.gitlens
[2020-06-11 09:33:51.463] [sharedprocess] [info] Downloaded extension: ms-python.python /tmp/8194fcb1-b42a-4f38-b982-9d750ad95b19
[2020-06-11 09:34:00.418] [sharedprocess] [info] Extracted extension to /home/matrix/.vscode/extensions/.ms-python.python-2020.5.86806: ms-python.python
[2020-06-11 09:34:00.419] [sharedprocess] [info] Renamed to /home/matrix/.vscode/extensions/ms-python.python-2020.5.86806
[2020-06-11 09:34:00.441] [sharedprocess] [info] Installation completed. ms-python.python
[2020-06-11 09:34:00.490] [sharedprocess] [info] Extensions installed successfully: ms-python.python
